#
# There is insufficient memory for the Java Runtime Environment to continue.
# Native memory allocation (mmap) failed to map 266338304 bytes for G1 virtual space
# Possible reasons:
#   The system is out of physical RAM or swap space
#   The process is running with CompressedOops enabled, and the Java Heap may be blocking the growth of the native heap
# Possible solutions:
#   Reduce memory load on the system
#   Increase physical memory or swap space
#   Check if swap backing store is full
#   Decrease Java heap size (-Xmx/-Xms)
#   Decrease number of Java threads
#   Decrease Java thread stack sizes (-Xss)
#   Set larger code cache with -XX:ReservedCodeCacheSize=
#   JVM is running with Zero Based Compressed Oops mode in which the Java heap is
#     placed in the first 32GB address space. The Java Heap base address is the
#     maximum limit for the native heap growth. Please use -XX:HeapBaseMinAddress
#     to set the Java Heap base and to place the Java Heap above 32GB virtual address.
# This output file may be truncated or incomplete.
#
#  Out of Memory Error (os_windows.cpp:3548), pid=10772, tid=12860
#
# JRE version:  (17.0.10+11) (build )
# Java VM: Java HotSpot(TM) 64-Bit Server VM (17.0.10+11-LTS-240, mixed mode, sharing, tiered, compressed oops, compressed class ptrs, g1 gc, windows-amd64)
# No core dump will be written. Minidumps are not enabled by default on client versions of Windows
#

---------------  S U M M A R Y ------------

Command Line: -Dfile.encoding=UTF-8 -Duser.country=KR -Duser.language=ko -Duser.variant com.acorn.pageSample.PageSampleApplication

Host: 11th Gen Intel(R) Core(TM) i7-1165G7 @ 2.80GHz, 8 cores, 15G,  Windows 10 , 64 bit Build 19041 (10.0.19041.4957)
Time: Sun Nov 10 09:48:31 2024  Windows 10 , 64 bit Build 19041 (10.0.19041.4957) elapsed time: 0.014889 seconds (0d 0h 0m 0s)

---------------  T H R E A D  ---------------

Current thread (0x0000022825e2cd10):  JavaThread "Unknown thread" [_thread_in_vm, id=12860, stack(0x000000766dd00000,0x000000766de00000)]

Stack: [0x000000766dd00000,0x000000766de00000]
Native frames: (J=compiled Java code, j=interpreted, Vv=VM code, C=native code)
V  [jvm.dll+0x677a5a]
V  [jvm.dll+0x7d8b2d]
V  [jvm.dll+0x7da48e]
V  [jvm.dll+0x7daaf3]
V  [jvm.dll+0x2455ff]
V  [jvm.dll+0x6749b9]
V  [jvm.dll+0x669382]
V  [jvm.dll+0x302e96]
V  [jvm.dll+0x30a416]
V  [jvm.dll+0x359cbe]
V  [jvm.dll+0x359eef]
V  [jvm.dll+0x2d9e88]
V  [jvm.dll+0x2dadf4]
V  [jvm.dll+0x7aa551]
V  [jvm.dll+0x367911]
V  [jvm.dll+0x789639]
V  [jvm.dll+0x3eb30f]
V  [jvm.dll+0x3ecd91]
C  [jli.dll+0x5297]
C  [ucrtbase.dll+0x21bb2]
C  [KERNEL32.DLL+0x17374]
C  [ntdll.dll+0x4cc91]


---------------  P R O C E S S  ---------------

Threads class SMR info:
_java_thread_list=0x00007ffc5a756a18, length=0, elements={
}

Java Threads: ( => current thread )

Other Threads:
  0x0000022825e95020 GCTaskThread "GC Thread#0" [stack: 0x000000766de00000,0x000000766df00000] [id=7768]
  0x0000022825ea6b50 ConcurrentGCThread "G1 Main Marker" [stack: 0x000000766df00000,0x000000766e000000] [id=1464]
  0x0000022825ea7c00 ConcurrentGCThread "G1 Conc#0" [stack: 0x000000766e000000,0x000000766e100000] [id=15968]

[error occurred during error reporting (printing all threads), id 0xc0000005, EXCEPTION_ACCESS_VIOLATION (0xc0000005) at pc=0x00007ffc59f8aae7]

VM state: not at safepoint (not fully initialized)

VM Mutex/Monitor currently owned by a thread:  ([mutex/lock_event])
[0x0000022825e27a30] Heap_lock - owner thread: 0x0000022825e2cd10

Heap address: 0x0000000703200000, size: 4046 MB, Compressed Oops mode: Zero based, Oop shift amount: 3

CDS archive(s) mapped at: [0x0000000000000000-0x0000000000000000-0x0000000000000000), size 0, SharedBaseAddress: 0x0000000800000000, ArchiveRelocationMode: 1.
Narrow klass base: 0x0000000000000000, Narrow klass shift: 0, Narrow klass range: 0x0

GC Precious Log:
<Empty>

Heap:
 garbage-first heap   total 0K, used 0K [0x0000000703200000, 0x0000000800000000)
  region size 2048K, 0 young (0K), 0 survivors (0K)

[error occurred during error reporting (printing heap information), id 0xc0000005, EXCEPTION_ACCESS_VIOLATION (0xc0000005) at pc=0x00007ffc5a371249]

GC Heap History (0 events):
No events

Deoptimization events (0 events):
No events

Classes unloaded (0 events):
No events

Classes redefined (0 events):
No events

Internal exceptions (0 events):
No events

VM Operations (0 events):
No events

Events (1 events):
Event: 0.009 Loaded shared library C:\Program Files\Java\jdk-17\bin\java.dll


Dynamic libraries:
0x00007ff62c570000 - 0x00007ff62c580000 	C:\Program Files\Java\jdk-17\bin\java.exe
0x00007ffcb8ab0000 - 0x00007ffcb8ca8000 	C:\Windows\SYSTEM32\ntdll.dll
0x00007ffc6efb0000 - 0x00007ffc6efca000 	C:\Program Files\Avast Software\Avast\aswhook.dll
0x00007ffcb89a0000 - 0x00007ffcb8a62000 	C:\Windows\System32\KERNEL32.DLL
0x00007ffcb6280000 - 0x00007ffcb657e000 	C:\Windows\System32\KERNELBASE.dll
0x00007ffcb6150000 - 0x00007ffcb6250000 	C:\Windows\System32\ucrtbase.dll
0x00007ffcae380000 - 0x00007ffcae39b000 	C:\Program Files\Java\jdk-17\bin\VCRUNTIME140.dll
0x00007ffcaeab0000 - 0x00007ffcaeac9000 	C:\Program Files\Java\jdk-17\bin\jli.dll
0x00007ffcb88c0000 - 0x00007ffcb8972000 	C:\Windows\System32\ADVAPI32.dll
0x00007ffcb7780000 - 0x00007ffcb781e000 	C:\Windows\System32\msvcrt.dll
0x00007ffcb8820000 - 0x00007ffcb88c0000 	C:\Windows\System32\sechost.dll
0x00007ffcb7830000 - 0x00007ffcb7953000 	C:\Windows\System32\RPCRT4.dll
0x00007ffcb65d0000 - 0x00007ffcb65f7000 	C:\Windows\System32\bcrypt.dll
0x00007ffcb8680000 - 0x00007ffcb881d000 	C:\Windows\System32\USER32.dll
0x00007ffcb6250000 - 0x00007ffcb6272000 	C:\Windows\System32\win32u.dll
0x00007ffcb70f0000 - 0x00007ffcb711b000 	C:\Windows\System32\GDI32.dll
0x00007ffc94280000 - 0x00007ffc9451a000 	C:\Windows\WinSxS\amd64_microsoft.windows.common-controls_6595b64144ccf1df_6.0.19041.4355_none_60b8b9eb71f62e16\COMCTL32.dll
0x00007ffcb69b0000 - 0x00007ffcb6ac7000 	C:\Windows\System32\gdi32full.dll
0x00007ffcb6740000 - 0x00007ffcb67dd000 	C:\Windows\System32\msvcp_win.dll
0x00007ffcacc50000 - 0x00007ffcacc5a000 	C:\Windows\SYSTEM32\VERSION.dll
0x00007ffcb7230000 - 0x00007ffcb725f000 	C:\Windows\System32\IMM32.DLL
0x00007ffcae250000 - 0x00007ffcae25c000 	C:\Program Files\Java\jdk-17\bin\vcruntime140_1.dll
0x00007ffc97000000 - 0x00007ffc9708e000 	C:\Program Files\Java\jdk-17\bin\msvcp140.dll
0x00007ffc59ca0000 - 0x00007ffc5a87f000 	C:\Program Files\Java\jdk-17\bin\server\jvm.dll
0x00007ffcb7080000 - 0x00007ffcb7088000 	C:\Windows\System32\PSAPI.DLL
0x00007ffcb3100000 - 0x00007ffcb3127000 	C:\Windows\SYSTEM32\WINMM.dll
0x00007ffca0d70000 - 0x00007ffca0d79000 	C:\Windows\SYSTEM32\WSOCK32.dll
0x00007ffcb8610000 - 0x00007ffcb867b000 	C:\Windows\System32\WS2_32.dll
0x00007ffcb4930000 - 0x00007ffcb4942000 	C:\Windows\SYSTEM32\kernel.appcore.dll
0x00007ffcadf50000 - 0x00007ffcadf5a000 	C:\Program Files\Java\jdk-17\bin\jimage.dll
0x00007ffcb3c80000 - 0x00007ffcb3e64000 	C:\Windows\SYSTEM32\DBGHELP.DLL
0x00007ffcb3080000 - 0x00007ffcb30b4000 	C:\Windows\SYSTEM32\dbgcore.DLL
0x00007ffcb6600000 - 0x00007ffcb6682000 	C:\Windows\System32\bcryptPrimitives.dll
0x00007ffca0da0000 - 0x00007ffca0dc5000 	C:\Program Files\Java\jdk-17\bin\java.dll

dbghelp: loaded successfully - version: 4.0.5 - missing functions: none
symbol engine: initialized successfully - sym options: 0x614 - pdb path: .;C:\Program Files\Java\jdk-17\bin;C:\Windows\SYSTEM32;C:\Program Files\Avast Software\Avast;C:\Windows\WinSxS\amd64_microsoft.windows.common-controls_6595b64144ccf1df_6.0.19041.4355_none_60b8b9eb71f62e16;C:\Program Files\Java\jdk-17\bin\server

VM Arguments:
jvm_args: -Dfile.encoding=UTF-8 -Duser.country=KR -Duser.language=ko -Duser.variant 
java_command: com.acorn.pageSample.PageSampleApplication
java_class_path (initial): C:\Users\jooyeon\Documents\2024_2_cloud\스프링부트\bootws2\pageSample\build\classes\java\main;C:\Users\jooyeon\Documents\2024_2_cloud\스프링부트\bootws2\pageSample\build\resources\main;C:\Users\jooyeon\.gradle\caches\modules-2\files-2.1\org.springframework.boot\spring-boot-devtools\3.3.5\359da61f9d19893ff76a324a39a2ac43dec2887f\spring-boot-devtools-3.3.5.jar;C:\Users\jooyeon\.gradle\caches\modules-2\files-2.1\org.springframework.boot\spring-boot-starter-thymeleaf\3.3.5\5fa47cb90c1ff87b9273fcf01b56bff77810077e\spring-boot-starter-thymeleaf-3.3.5.jar;C:\Users\jooyeon\.gradle\caches\modules-2\files-2.1\org.springframework.boot\spring-boot-starter-web\3.3.5\51cc6cd5fb15f4eecfadea4ac689ed290e65c2cc\spring-boot-starter-web-3.3.5.jar;C:\Users\jooyeon\.gradle\caches\modules-2\files-2.1\org.mybatis.spring.boot\mybatis-spring-boot-starter\3.0.3\19528356bf8bad2be5f8bf796dfc30bcc4996054\mybatis-spring-boot-starter-3.0.3.jar;C:\Users\jooyeon\.gradle\caches\modules-2\files-2.1\com.oracle.database.jdbc\ojdbc11\21.9.0.0\1aad2e20684ee075bb9ebdca2d83f028e4fd35fa\ojdbc11-21.9.0.0.jar;C:\Users\jooyeon\.gradle\caches\modules-2\files-2.1\org.springframework.boot\spring-boot-starter-json\3.3.5\a92dd0bc808c9de278bc62bc37db4e409027657a\spring-boot-starter-json-3.3.5.jar;C:\Users\jooyeon\.gradle\caches\modules-2\files-2.1\org.springframework.boot\spring-boot-starter-jdbc\3.3.5\64c2c63ff90dffcd6996b3cd11e5d7e9805884d2\spring-boot-starter-jdbc-3.3.5.jar;C:\Users\jooyeon\.gradle\caches\modules-2\files-2.1\org.springframework.boot\spring-boot-starter\3.3.5\16b7a9acf1918a8f763e871ada3794e9ffd4a980\spring-boot-starter-3.3.5.jar;C:\Users\jooyeon\.gradle\caches\modules-2\files-2.1\org.mybatis.spring.boot\mybatis-spring-boot-autoconfigure\3.0.3\b73a2effa4f60a2eeca98aa12ea3437faede0f73\mybatis-spring-boot-autoconfigure-3.0.3.jar;C:\Users\jooyeon\.gradle\caches\modules-2\files-2.1\org.springframework.boot\spring-boot-autoconfigure\3.3.5\1efbbd46eeef054986796200313f4bb0d53a7
Launcher Type: SUN_STANDARD

[Global flags]
     intx CICompilerCount                          = 4                                         {product} {ergonomic}
     uint ConcGCThreads                            = 2                                         {product} {ergonomic}
     uint G1ConcRefinementThreads                  = 8                                         {product} {ergonomic}
   size_t G1HeapRegionSize                         = 2097152                                   {product} {ergonomic}
    uintx GCDrainStackTargetSize                   = 64                                        {product} {ergonomic}
   size_t InitialHeapSize                          = 266338304                                 {product} {ergonomic}
   size_t MarkStackSize                            = 4194304                                   {product} {ergonomic}
   size_t MaxHeapSize                              = 4242538496                                {product} {ergonomic}
   size_t MinHeapDeltaBytes                        = 2097152                                   {product} {ergonomic}
   size_t MinHeapSize                              = 8388608                                   {product} {ergonomic}
    uintx NonNMethodCodeHeapSize                   = 5839372                                {pd product} {ergonomic}
    uintx NonProfiledCodeHeapSize                  = 122909434                              {pd product} {ergonomic}
    uintx ProfiledCodeHeapSize                     = 122909434                              {pd product} {ergonomic}
    uintx ReservedCodeCacheSize                    = 251658240                              {pd product} {ergonomic}
     bool SegmentedCodeCache                       = true                                      {product} {ergonomic}
   size_t SoftMaxHeapSize                          = 4242538496                             {manageable} {ergonomic}
     bool UseCompressedClassPointers               = true                           {product lp64_product} {ergonomic}
     bool UseCompressedOops                        = true                           {product lp64_product} {ergonomic}
     bool UseG1GC                                  = true                                      {product} {ergonomic}
     bool UseLargePagesIndividualAllocation        = false                                  {pd product} {ergonomic}

Logging:
Log output configuration:
 #0: stdout all=warning uptime,level,tags
 #1: stderr all=off uptime,level,tags

Environment Variables:
JAVA_HOME=C:\Program Files\Java\jdk-17
PATH=C:\Program Files\Java\jdk-17\bin;C:\Users\jooyeon\Documents\2024_수업준비\tools\apache-tomcat-9.0.86-windows-x64\bin;C:\oracle\WINDOWS.X64_193000_db_home\bin;C:\Windows\system32;C:\Windows;C:\Windows\System32\Wbem;C:\Windows\System32\WindowsPowerShell\v1.0\;C:\Windows\System32\OpenSSH\;C:\Program Files (x86)\Google\Cloud SDK\google-cloud-sdk\bin;C:\ProgramData\chocolatey\bin;C:\Program Files\nodejs\;C:\Program Files\Docker\Docker\resources\bin;C:\Program Files\Common Files\Oracle\Java\javapath;C:\Program Files\Git\cmd;C:\Users\jooyeon\AppData\Local\Microsoft\WindowsApps;C:\Users\jooyeon\AppData\Local\Programs\Microsoft VS Code\bin;C:\Users\jooyeon\cloudnative2023;C:\Users\jooyeon\AppData\Roaming\npm
USERNAME=jooyeon
OS=Windows_NT
PROCESSOR_IDENTIFIER=Intel64 Family 6 Model 140 Stepping 1, GenuineIntel



---------------  S Y S T E M  ---------------

OS:
 Windows 10 , 64 bit Build 19041 (10.0.19041.4957)
OS uptime: 1 days 14:39 hours
Hyper-V role detected

CPU: total 8 (initial active 8) (4 cores per cpu, 2 threads per core) family 6 model 140 stepping 1 microcode 0x8a, cx8, cmov, fxsr, ht, mmx, 3dnowpref, sse, sse2, sse3, ssse3, sse4.1, sse4.2, popcnt, lzcnt, tsc, tscinvbit, avx, avx2, aes, erms, clmul, bmi1, bmi2, adx, avx512f, avx512dq, avx512cd, avx512bw, avx512vl, sha, fma, vzeroupper, avx512_vpopcntdq, avx512_vpclmulqdq, avx512_vaes, avx512_vnni, clflush, clflushopt, clwb, avx512_vbmi2, avx512_vbmi, hv

Memory: 4k page, system-wide physical 16183M (3248M free)
TotalPageFile size 16183M (AvailPageFile size 77M)
current process WorkingSet (physical memory assigned to process): 11M, peak: 11M
current process commit charge ("private bytes"): 60M, peak: 314M

vm_info: Java HotSpot(TM) 64-Bit Server VM (17.0.10+11-LTS-240) for windows-amd64 JRE (17.0.10+11-LTS-240), built on Dec 19 2023 21:47:25 by "mach5one" with MS VC++ 17.1 (VS2022)

END.
