#
# There is insufficient memory for the Java Runtime Environment to continue.
# Native memory allocation (malloc) failed to allocate 1244160 bytes for Chunk::new
# Possible reasons:
#   The system is out of physical RAM or swap space
#   The process is running with CompressedOops enabled, and the Java Heap may be blocking the growth of the native heap
# Possible solutions:
#   Reduce memory load on the system
#   Increase physical memory or swap space
#   Check if swap backing store is full
#   Decrease Java heap size (-Xmx/-Xms)
#   Decrease number of Java threads
#   Decrease Java thread stack sizes (-Xss)
#   Set larger code cache with -XX:ReservedCodeCacheSize=
#   JVM is running with Zero Based Compressed Oops mode in which the Java heap is
#     placed in the first 32GB address space. The Java Heap base address is the
#     maximum limit for the native heap growth. Please use -XX:HeapBaseMinAddress
#     to set the Java Heap base and to place the Java Heap above 32GB virtual address.
# This output file may be truncated or incomplete.
#
#  Out of Memory Error (arena.cpp:189), pid=15180, tid=18204
#
# JRE version: Java(TM) SE Runtime Environment (17.0.10+11) (build 17.0.10+11-LTS-240)
# Java VM: Java HotSpot(TM) 64-Bit Server VM (17.0.10+11-LTS-240, mixed mode, sharing, tiered, compressed oops, compressed class ptrs, g1 gc, windows-amd64)
# No core dump will be written. Minidumps are not enabled by default on client versions of Windows
#

---------------  S U M M A R Y ------------

Command Line: -javaagent:C:\Program Files\JetBrains\IntelliJ IDEA Community Edition 2024.1.4\lib\idea_rt.jar=62666:C:\Program Files\JetBrains\IntelliJ IDEA Community Edition 2024.1.4\bin -Dfile.encoding=UTF-8 com.acorn.pageSample.PageSampleApplication

Host: 11th Gen Intel(R) Core(TM) i7-1165G7 @ 2.80GHz, 8 cores, 15G,  Windows 10 , 64 bit Build 19041 (10.0.19041.4957)
Time: Sun Nov 10 10:30:55 2024  Windows 10 , 64 bit Build 19041 (10.0.19041.4957) elapsed time: 1.406523 seconds (0d 0h 0m 1s)

---------------  T H R E A D  ---------------

Current thread (0x00000179aec6e6e0):  JavaThread "C2 CompilerThread2" daemon [_thread_in_native, id=18204, stack(0x000000523b700000,0x000000523b800000)]


Current CompileTask:
C2:   1406 2137       4       jdk.internal.org.objectweb.asm.Frame::execute (2305 bytes)

Stack: [0x000000523b700000,0x000000523b800000]
Native frames: (J=compiled Java code, j=interpreted, Vv=VM code, C=native code)
V  [jvm.dll+0x677a5a]
V  [jvm.dll+0x7d8b2d]
V  [jvm.dll+0x7da48e]
V  [jvm.dll+0x7daaf3]
V  [jvm.dll+0x2455ff]
V  [jvm.dll+0xaaafb]
V  [jvm.dll+0xab09c]
V  [jvm.dll+0x361bae]
V  [jvm.dll+0x1bb3ca]
V  [jvm.dll+0x217aa7]
V  [jvm.dll+0x216d81]
V  [jvm.dll+0x1a3410]
V  [jvm.dll+0x226aeb]
V  [jvm.dll+0x224cab]
V  [jvm.dll+0x78e45c]
V  [jvm.dll+0x78888a]
V  [jvm.dll+0x676935]
C  [ucrtbase.dll+0x21bb2]
C  [KERNEL32.DLL+0x17374]
C  [ntdll.dll+0x4cc91]


---------------  P R O C E S S  ---------------

Threads class SMR info:
_java_thread_list=0x00000179f494e460, length=17, elements={
0x000001798bc30420, 0x00000179ae8af620, 0x00000179ae8b0780, 0x00000179ae968620,
0x00000179ae968fe0, 0x00000179ae96b9b0, 0x00000179ae96cf20, 0x00000179ae973880,
0x00000179ae8c63c0, 0x00000179ae8c6dc0, 0x00000179aea6d320, 0x00000179aea98610,
0x00000179aec6e6e0, 0x00000179aecfa650, 0x00000179aecfab30, 0x00000179f47df080,
0x00000179f47df9e0
}

Java Threads: ( => current thread )
  0x000001798bc30420 JavaThread "main" [_thread_blocked, id=3476, stack(0x000000523a500000,0x000000523a600000)]
  0x00000179ae8af620 JavaThread "Reference Handler" daemon [_thread_blocked, id=14308, stack(0x000000523ac00000,0x000000523ad00000)]
  0x00000179ae8b0780 JavaThread "Finalizer" daemon [_thread_blocked, id=12932, stack(0x000000523ad00000,0x000000523ae00000)]
  0x00000179ae968620 JavaThread "Signal Dispatcher" daemon [_thread_blocked, id=3536, stack(0x000000523ae00000,0x000000523af00000)]
  0x00000179ae968fe0 JavaThread "Attach Listener" daemon [_thread_blocked, id=11088, stack(0x000000523af00000,0x000000523b000000)]
  0x00000179ae96b9b0 JavaThread "Service Thread" daemon [_thread_blocked, id=13928, stack(0x000000523b000000,0x000000523b100000)]
  0x00000179ae96cf20 JavaThread "Monitor Deflation Thread" daemon [_thread_blocked, id=15460, stack(0x000000523b100000,0x000000523b200000)]
  0x00000179ae973880 JavaThread "C2 CompilerThread0" daemon [_thread_in_native, id=7884, stack(0x000000523b200000,0x000000523b300000)]
  0x00000179ae8c63c0 JavaThread "C1 CompilerThread0" daemon [_thread_blocked, id=18300, stack(0x000000523b300000,0x000000523b400000)]
  0x00000179ae8c6dc0 JavaThread "Sweeper thread" daemon [_thread_blocked, id=4424, stack(0x000000523b400000,0x000000523b500000)]
  0x00000179aea6d320 JavaThread "Common-Cleaner" daemon [_thread_blocked, id=17100, stack(0x000000523b500000,0x000000523b600000)]
  0x00000179aea98610 JavaThread "C2 CompilerThread1" daemon [_thread_in_native, id=1928, stack(0x000000523b600000,0x000000523b700000)]
=>0x00000179aec6e6e0 JavaThread "C2 CompilerThread2" daemon [_thread_in_native, id=18204, stack(0x000000523b700000,0x000000523b800000)]
  0x00000179aecfa650 JavaThread "Monitor Ctrl-Break" daemon [_thread_in_native, id=12388, stack(0x000000523b800000,0x000000523b900000)]
  0x00000179aecfab30 JavaThread "Notification Thread" daemon [_thread_blocked, id=3132, stack(0x000000523b900000,0x000000523ba00000)]
  0x00000179f47df080 JavaThread "Thread-0" [_thread_blocked, id=884, stack(0x000000523bb00000,0x000000523bc00000)]
  0x00000179f47df9e0 JavaThread "restartedMain" [_thread_in_vm, id=2344, stack(0x000000523bc00000,0x000000523bd00000)]

Other Threads:
  0x00000179ae8a94d0 VMThread "VM Thread" [stack: 0x000000523ab00000,0x000000523ac00000] [id=9040]
  0x000001798bcb39d0 WatcherThread [stack: 0x000000523ba00000,0x000000523bb00000] [id=6012]
  0x000001798bc94930 GCTaskThread "GC Thread#0" [stack: 0x000000523a600000,0x000000523a700000] [id=8184]
  0x00000179f484ea20 GCTaskThread "GC Thread#1" [stack: 0x000000523bd00000,0x000000523be00000] [id=2624]
  0x00000179f484ece0 GCTaskThread "GC Thread#2" [stack: 0x000000523be00000,0x000000523bf00000] [id=16800]
  0x00000179f47aac80 GCTaskThread "GC Thread#3" [stack: 0x000000523bf00000,0x000000523c000000] [id=11472]
  0x00000179f4844570 GCTaskThread "GC Thread#4" [stack: 0x000000523c000000,0x000000523c100000] [id=11836]
  0x00000179f4844cb0 GCTaskThread "GC Thread#5" [stack: 0x000000523c100000,0x000000523c200000] [id=16628]
  0x00000179f46150c0 GCTaskThread "GC Thread#6" [stack: 0x000000523c300000,0x000000523c400000] [id=6748]
  0x00000179f515ac30 GCTaskThread "GC Thread#7" [stack: 0x000000523c400000,0x000000523c500000] [id=5776]
  0x000001798bca5d90 ConcurrentGCThread "G1 Main Marker" [stack: 0x000000523a700000,0x000000523a800000] [id=17272]
  0x000001798bca7e30 ConcurrentGCThread "G1 Conc#0" [stack: 0x000000523a800000,0x000000523a900000] [id=10692]
  0x000001798bcedba0 ConcurrentGCThread "G1 Refine#0" [stack: 0x000000523a900000,0x000000523aa00000] [id=8732]
  0x000001798bcee4d0 ConcurrentGCThread "G1 Service" [stack: 0x000000523aa00000,0x000000523ab00000] [id=13248]

Threads with active compile tasks:
C2 CompilerThread0     1434 2484       4       jdk.internal.jimage.ImageLocation::verify (218 bytes)
C2 CompilerThread1     1434 2287       4       jdk.internal.jimage.BasicImageReader::verifyLocation (39 bytes)
C2 CompilerThread2     1434 2137       4       jdk.internal.org.objectweb.asm.Frame::execute (2305 bytes)

VM state: not at safepoint (normal execution)

VM Mutex/Monitor currently owned by a thread: None

Heap address: 0x0000000703200000, size: 4046 MB, Compressed Oops mode: Zero based, Oop shift amount: 3

CDS archive(s) mapped at: [0x00000179af000000-0x00000179afbd0000-0x00000179afbd0000), size 12386304, SharedBaseAddress: 0x00000179af000000, ArchiveRelocationMode: 1.
Compressed class space mapped at: 0x00000179b0000000-0x00000179f0000000, reserved size: 1073741824
Narrow klass base: 0x00000179af000000, Narrow klass shift: 0, Narrow klass range: 0x100000000

GC Precious Log:
 CPUs: 8 total, 8 available
 Memory: 16183M
 Large Page Support: Disabled
 NUMA Support: Disabled
 Compressed Oops: Enabled (Zero based)
 Heap Region Size: 2M
 Heap Min Capacity: 8M
 Heap Initial Capacity: 254M
 Heap Max Capacity: 4046M
 Pre-touch: Disabled
 Parallel Workers: 8
 Concurrent Workers: 2
 Concurrent Refinement Workers: 8
 Periodic GC: Disabled

Heap:
 garbage-first heap   total 260096K, used 52256K [0x0000000703200000, 0x0000000800000000)
  region size 2048K, 26 young (53248K), 2 survivors (4096K)
 Metaspace       used 18555K, committed 18816K, reserved 1114112K
  class space    used 2278K, committed 2368K, reserved 1048576K

Heap Regions: E=young(eden), S=young(survivor), O=old, HS=humongous(starts), HC=humongous(continues), CS=collection set, F=free, OA=open archive, CA=closed archive, TAMS=top-at-mark-start (previous, next)
|   0|0x0000000703200000, 0x0000000703400000, 0x0000000703400000|100%| O|  |TAMS 0x0000000703200000, 0x0000000703200000| Untracked 
|   1|0x0000000703400000, 0x0000000703600000, 0x0000000703600000|100%| O|  |TAMS 0x0000000703400000, 0x0000000703400000| Untracked 
|   2|0x0000000703600000, 0x0000000703697a00, 0x0000000703800000| 29%| O|  |TAMS 0x0000000703600000, 0x0000000703600000| Untracked 
|   3|0x0000000703800000, 0x0000000703800000, 0x0000000703a00000|  0%| F|  |TAMS 0x0000000703800000, 0x0000000703800000| Untracked 
|   4|0x0000000703a00000, 0x0000000703a00000, 0x0000000703c00000|  0%| F|  |TAMS 0x0000000703a00000, 0x0000000703a00000| Untracked 
|   5|0x0000000703c00000, 0x0000000703c00000, 0x0000000703e00000|  0%| F|  |TAMS 0x0000000703c00000, 0x0000000703c00000| Untracked 
|   6|0x0000000703e00000, 0x0000000703e00000, 0x0000000704000000|  0%| F|  |TAMS 0x0000000703e00000, 0x0000000703e00000| Untracked 
|   7|0x0000000704000000, 0x0000000704000000, 0x0000000704200000|  0%| F|  |TAMS 0x0000000704000000, 0x0000000704000000| Untracked 
|   8|0x0000000704200000, 0x0000000704200000, 0x0000000704400000|  0%| F|  |TAMS 0x0000000704200000, 0x0000000704200000| Untracked 
|   9|0x0000000704400000, 0x0000000704400000, 0x0000000704600000|  0%| F|  |TAMS 0x0000000704400000, 0x0000000704400000| Untracked 
|  10|0x0000000704600000, 0x0000000704600000, 0x0000000704800000|  0%| F|  |TAMS 0x0000000704600000, 0x0000000704600000| Untracked 
|  11|0x0000000704800000, 0x0000000704800000, 0x0000000704a00000|  0%| F|  |TAMS 0x0000000704800000, 0x0000000704800000| Untracked 
|  12|0x0000000704a00000, 0x0000000704a00000, 0x0000000704c00000|  0%| F|  |TAMS 0x0000000704a00000, 0x0000000704a00000| Untracked 
|  13|0x0000000704c00000, 0x0000000704c00000, 0x0000000704e00000|  0%| F|  |TAMS 0x0000000704c00000, 0x0000000704c00000| Untracked 
|  14|0x0000000704e00000, 0x0000000704e00000, 0x0000000705000000|  0%| F|  |TAMS 0x0000000704e00000, 0x0000000704e00000| Untracked 
|  15|0x0000000705000000, 0x0000000705000000, 0x0000000705200000|  0%| F|  |TAMS 0x0000000705000000, 0x0000000705000000| Untracked 
|  16|0x0000000705200000, 0x0000000705200000, 0x0000000705400000|  0%| F|  |TAMS 0x0000000705200000, 0x0000000705200000| Untracked 
|  17|0x0000000705400000, 0x0000000705400000, 0x0000000705600000|  0%| F|  |TAMS 0x0000000705400000, 0x0000000705400000| Untracked 
|  18|0x0000000705600000, 0x0000000705600000, 0x0000000705800000|  0%| F|  |TAMS 0x0000000705600000, 0x0000000705600000| Untracked 
|  19|0x0000000705800000, 0x0000000705800000, 0x0000000705a00000|  0%| F|  |TAMS 0x0000000705800000, 0x0000000705800000| Untracked 
|  20|0x0000000705a00000, 0x0000000705a00000, 0x0000000705c00000|  0%| F|  |TAMS 0x0000000705a00000, 0x0000000705a00000| Untracked 
|  21|0x0000000705c00000, 0x0000000705c00000, 0x0000000705e00000|  0%| F|  |TAMS 0x0000000705c00000, 0x0000000705c00000| Untracked 
|  22|0x0000000705e00000, 0x0000000705e00000, 0x0000000706000000|  0%| F|  |TAMS 0x0000000705e00000, 0x0000000705e00000| Untracked 
|  23|0x0000000706000000, 0x0000000706000000, 0x0000000706200000|  0%| F|  |TAMS 0x0000000706000000, 0x0000000706000000| Untracked 
|  24|0x0000000706200000, 0x0000000706200000, 0x0000000706400000|  0%| F|  |TAMS 0x0000000706200000, 0x0000000706200000| Untracked 
|  25|0x0000000706400000, 0x0000000706400000, 0x0000000706600000|  0%| F|  |TAMS 0x0000000706400000, 0x0000000706400000| Untracked 
|  26|0x0000000706600000, 0x0000000706600000, 0x0000000706800000|  0%| F|  |TAMS 0x0000000706600000, 0x0000000706600000| Untracked 
|  27|0x0000000706800000, 0x0000000706800000, 0x0000000706a00000|  0%| F|  |TAMS 0x0000000706800000, 0x0000000706800000| Untracked 
|  28|0x0000000706a00000, 0x0000000706a00000, 0x0000000706c00000|  0%| F|  |TAMS 0x0000000706a00000, 0x0000000706a00000| Untracked 
|  29|0x0000000706c00000, 0x0000000706c00000, 0x0000000706e00000|  0%| F|  |TAMS 0x0000000706c00000, 0x0000000706c00000| Untracked 
|  30|0x0000000706e00000, 0x0000000706e00000, 0x0000000707000000|  0%| F|  |TAMS 0x0000000706e00000, 0x0000000706e00000| Untracked 
|  31|0x0000000707000000, 0x0000000707000000, 0x0000000707200000|  0%| F|  |TAMS 0x0000000707000000, 0x0000000707000000| Untracked 
|  32|0x0000000707200000, 0x0000000707200000, 0x0000000707400000|  0%| F|  |TAMS 0x0000000707200000, 0x0000000707200000| Untracked 
|  33|0x0000000707400000, 0x0000000707400000, 0x0000000707600000|  0%| F|  |TAMS 0x0000000707400000, 0x0000000707400000| Untracked 
|  34|0x0000000707600000, 0x0000000707600000, 0x0000000707800000|  0%| F|  |TAMS 0x0000000707600000, 0x0000000707600000| Untracked 
|  35|0x0000000707800000, 0x0000000707800000, 0x0000000707a00000|  0%| F|  |TAMS 0x0000000707800000, 0x0000000707800000| Untracked 
|  36|0x0000000707a00000, 0x0000000707a00000, 0x0000000707c00000|  0%| F|  |TAMS 0x0000000707a00000, 0x0000000707a00000| Untracked 
|  37|0x0000000707c00000, 0x0000000707c00000, 0x0000000707e00000|  0%| F|  |TAMS 0x0000000707c00000, 0x0000000707c00000| Untracked 
|  38|0x0000000707e00000, 0x0000000707e00000, 0x0000000708000000|  0%| F|  |TAMS 0x0000000707e00000, 0x0000000707e00000| Untracked 
|  39|0x0000000708000000, 0x0000000708000000, 0x0000000708200000|  0%| F|  |TAMS 0x0000000708000000, 0x0000000708000000| Untracked 
|  40|0x0000000708200000, 0x0000000708200000, 0x0000000708400000|  0%| F|  |TAMS 0x0000000708200000, 0x0000000708200000| Untracked 
|  41|0x0000000708400000, 0x0000000708400000, 0x0000000708600000|  0%| F|  |TAMS 0x0000000708400000, 0x0000000708400000| Untracked 
|  42|0x0000000708600000, 0x0000000708600000, 0x0000000708800000|  0%| F|  |TAMS 0x0000000708600000, 0x0000000708600000| Untracked 
|  43|0x0000000708800000, 0x0000000708800000, 0x0000000708a00000|  0%| F|  |TAMS 0x0000000708800000, 0x0000000708800000| Untracked 
|  44|0x0000000708a00000, 0x0000000708a00000, 0x0000000708c00000|  0%| F|  |TAMS 0x0000000708a00000, 0x0000000708a00000| Untracked 
|  45|0x0000000708c00000, 0x0000000708c00000, 0x0000000708e00000|  0%| F|  |TAMS 0x0000000708c00000, 0x0000000708c00000| Untracked 
|  46|0x0000000708e00000, 0x0000000708e00000, 0x0000000709000000|  0%| F|  |TAMS 0x0000000708e00000, 0x0000000708e00000| Untracked 
|  47|0x0000000709000000, 0x0000000709000000, 0x0000000709200000|  0%| F|  |TAMS 0x0000000709000000, 0x0000000709000000| Untracked 
|  48|0x0000000709200000, 0x0000000709200000, 0x0000000709400000|  0%| F|  |TAMS 0x0000000709200000, 0x0000000709200000| Untracked 
|  49|0x0000000709400000, 0x0000000709400000, 0x0000000709600000|  0%| F|  |TAMS 0x0000000709400000, 0x0000000709400000| Untracked 
|  50|0x0000000709600000, 0x0000000709600000, 0x0000000709800000|  0%| F|  |TAMS 0x0000000709600000, 0x0000000709600000| Untracked 
|  51|0x0000000709800000, 0x0000000709800000, 0x0000000709a00000|  0%| F|  |TAMS 0x0000000709800000, 0x0000000709800000| Untracked 
|  52|0x0000000709a00000, 0x0000000709a00000, 0x0000000709c00000|  0%| F|  |TAMS 0x0000000709a00000, 0x0000000709a00000| Untracked 
|  53|0x0000000709c00000, 0x0000000709c00000, 0x0000000709e00000|  0%| F|  |TAMS 0x0000000709c00000, 0x0000000709c00000| Untracked 
|  54|0x0000000709e00000, 0x0000000709e00000, 0x000000070a000000|  0%| F|  |TAMS 0x0000000709e00000, 0x0000000709e00000| Untracked 
|  55|0x000000070a000000, 0x000000070a000000, 0x000000070a200000|  0%| F|  |TAMS 0x000000070a000000, 0x000000070a000000| Untracked 
|  56|0x000000070a200000, 0x000000070a200000, 0x000000070a400000|  0%| F|  |TAMS 0x000000070a200000, 0x000000070a200000| Untracked 
|  57|0x000000070a400000, 0x000000070a400000, 0x000000070a600000|  0%| F|  |TAMS 0x000000070a400000, 0x000000070a400000| Untracked 
|  58|0x000000070a600000, 0x000000070a600000, 0x000000070a800000|  0%| F|  |TAMS 0x000000070a600000, 0x000000070a600000| Untracked 
|  59|0x000000070a800000, 0x000000070a800000, 0x000000070aa00000|  0%| F|  |TAMS 0x000000070a800000, 0x000000070a800000| Untracked 
|  60|0x000000070aa00000, 0x000000070aa00000, 0x000000070ac00000|  0%| F|  |TAMS 0x000000070aa00000, 0x000000070aa00000| Untracked 
|  61|0x000000070ac00000, 0x000000070ac00000, 0x000000070ae00000|  0%| F|  |TAMS 0x000000070ac00000, 0x000000070ac00000| Untracked 
|  62|0x000000070ae00000, 0x000000070ae00000, 0x000000070b000000|  0%| F|  |TAMS 0x000000070ae00000, 0x000000070ae00000| Untracked 
|  63|0x000000070b000000, 0x000000070b000000, 0x000000070b200000|  0%| F|  |TAMS 0x000000070b000000, 0x000000070b000000| Untracked 
|  64|0x000000070b200000, 0x000000070b200000, 0x000000070b400000|  0%| F|  |TAMS 0x000000070b200000, 0x000000070b200000| Untracked 
|  65|0x000000070b400000, 0x000000070b400000, 0x000000070b600000|  0%| F|  |TAMS 0x000000070b400000, 0x000000070b400000| Untracked 
|  66|0x000000070b600000, 0x000000070b600000, 0x000000070b800000|  0%| F|  |TAMS 0x000000070b600000, 0x000000070b600000| Untracked 
|  67|0x000000070b800000, 0x000000070b800000, 0x000000070ba00000|  0%| F|  |TAMS 0x000000070b800000, 0x000000070b800000| Untracked 
|  68|0x000000070ba00000, 0x000000070ba00000, 0x000000070bc00000|  0%| F|  |TAMS 0x000000070ba00000, 0x000000070ba00000| Untracked 
|  69|0x000000070bc00000, 0x000000070bc00000, 0x000000070be00000|  0%| F|  |TAMS 0x000000070bc00000, 0x000000070bc00000| Untracked 
|  70|0x000000070be00000, 0x000000070be00000, 0x000000070c000000|  0%| F|  |TAMS 0x000000070be00000, 0x000000070be00000| Untracked 
|  71|0x000000070c000000, 0x000000070c000000, 0x000000070c200000|  0%| F|  |TAMS 0x000000070c000000, 0x000000070c000000| Untracked 
|  72|0x000000070c200000, 0x000000070c200000, 0x000000070c400000|  0%| F|  |TAMS 0x000000070c200000, 0x000000070c200000| Untracked 
|  73|0x000000070c400000, 0x000000070c400000, 0x000000070c600000|  0%| F|  |TAMS 0x000000070c400000, 0x000000070c400000| Untracked 
|  74|0x000000070c600000, 0x000000070c600000, 0x000000070c800000|  0%| F|  |TAMS 0x000000070c600000, 0x000000070c600000| Untracked 
|  75|0x000000070c800000, 0x000000070c800000, 0x000000070ca00000|  0%| F|  |TAMS 0x000000070c800000, 0x000000070c800000| Untracked 
|  76|0x000000070ca00000, 0x000000070ca00000, 0x000000070cc00000|  0%| F|  |TAMS 0x000000070ca00000, 0x000000070ca00000| Untracked 
|  77|0x000000070cc00000, 0x000000070cc00000, 0x000000070ce00000|  0%| F|  |TAMS 0x000000070cc00000, 0x000000070cc00000| Untracked 
|  78|0x000000070ce00000, 0x000000070ce00000, 0x000000070d000000|  0%| F|  |TAMS 0x000000070ce00000, 0x000000070ce00000| Untracked 
|  79|0x000000070d000000, 0x000000070d000000, 0x000000070d200000|  0%| F|  |TAMS 0x000000070d000000, 0x000000070d000000| Untracked 
|  80|0x000000070d200000, 0x000000070d200000, 0x000000070d400000|  0%| F|  |TAMS 0x000000070d200000, 0x000000070d200000| Untracked 
|  81|0x000000070d400000, 0x000000070d400000, 0x000000070d600000|  0%| F|  |TAMS 0x000000070d400000, 0x000000070d400000| Untracked 
|  82|0x000000070d600000, 0x000000070d600000, 0x000000070d800000|  0%| F|  |TAMS 0x000000070d600000, 0x000000070d600000| Untracked 
|  83|0x000000070d800000, 0x000000070d800000, 0x000000070da00000|  0%| F|  |TAMS 0x000000070d800000, 0x000000070d800000| Untracked 
|  84|0x000000070da00000, 0x000000070da00000, 0x000000070dc00000|  0%| F|  |TAMS 0x000000070da00000, 0x000000070da00000| Untracked 
|  85|0x000000070dc00000, 0x000000070dc00000, 0x000000070de00000|  0%| F|  |TAMS 0x000000070dc00000, 0x000000070dc00000| Untracked 
|  86|0x000000070de00000, 0x000000070de00000, 0x000000070e000000|  0%| F|  |TAMS 0x000000070de00000, 0x000000070de00000| Untracked 
|  87|0x000000070e000000, 0x000000070e000000, 0x000000070e200000|  0%| F|  |TAMS 0x000000070e000000, 0x000000070e000000| Untracked 
|  88|0x000000070e200000, 0x000000070e200000, 0x000000070e400000|  0%| F|  |TAMS 0x000000070e200000, 0x000000070e200000| Untracked 
|  89|0x000000070e400000, 0x000000070e400000, 0x000000070e600000|  0%| F|  |TAMS 0x000000070e400000, 0x000000070e400000| Untracked 
|  90|0x000000070e600000, 0x000000070e600000, 0x000000070e800000|  0%| F|  |TAMS 0x000000070e600000, 0x000000070e600000| Untracked 
|  91|0x000000070e800000, 0x000000070e800000, 0x000000070ea00000|  0%| F|  |TAMS 0x000000070e800000, 0x000000070e800000| Untracked 
|  92|0x000000070ea00000, 0x000000070ea00000, 0x000000070ec00000|  0%| F|  |TAMS 0x000000070ea00000, 0x000000070ea00000| Untracked 
|  93|0x000000070ec00000, 0x000000070ec00000, 0x000000070ee00000|  0%| F|  |TAMS 0x000000070ec00000, 0x000000070ec00000| Untracked 
|  94|0x000000070ee00000, 0x000000070ee00000, 0x000000070f000000|  0%| F|  |TAMS 0x000000070ee00000, 0x000000070ee00000| Untracked 
|  95|0x000000070f000000, 0x000000070f000000, 0x000000070f200000|  0%| F|  |TAMS 0x000000070f000000, 0x000000070f000000| Untracked 
|  96|0x000000070f200000, 0x000000070f200000, 0x000000070f400000|  0%| F|  |TAMS 0x000000070f200000, 0x000000070f200000| Untracked 
|  97|0x000000070f400000, 0x000000070f400000, 0x000000070f600000|  0%| F|  |TAMS 0x000000070f400000, 0x000000070f400000| Untracked 
|  98|0x000000070f600000, 0x000000070f600000, 0x000000070f800000|  0%| F|  |TAMS 0x000000070f600000, 0x000000070f600000| Untracked 
|  99|0x000000070f800000, 0x000000070f800000, 0x000000070fa00000|  0%| F|  |TAMS 0x000000070f800000, 0x000000070f800000| Untracked 
| 100|0x000000070fa00000, 0x000000070fa00000, 0x000000070fc00000|  0%| F|  |TAMS 0x000000070fa00000, 0x000000070fa00000| Untracked 
| 101|0x000000070fc00000, 0x000000070fd032a8, 0x000000070fe00000| 50%| E|  |TAMS 0x000000070fc00000, 0x000000070fc00000| Complete 
| 102|0x000000070fe00000, 0x0000000710000000, 0x0000000710000000|100%| E|CS|TAMS 0x000000070fe00000, 0x000000070fe00000| Complete 
| 103|0x0000000710000000, 0x0000000710200000, 0x0000000710200000|100%| E|CS|TAMS 0x0000000710000000, 0x0000000710000000| Complete 
| 104|0x0000000710200000, 0x0000000710400000, 0x0000000710400000|100%| E|CS|TAMS 0x0000000710200000, 0x0000000710200000| Complete 
| 105|0x0000000710400000, 0x0000000710600000, 0x0000000710600000|100%| E|CS|TAMS 0x0000000710400000, 0x0000000710400000| Complete 
| 106|0x0000000710600000, 0x0000000710800000, 0x0000000710800000|100%| E|CS|TAMS 0x0000000710600000, 0x0000000710600000| Complete 
| 107|0x0000000710800000, 0x0000000710a00000, 0x0000000710a00000|100%| E|CS|TAMS 0x0000000710800000, 0x0000000710800000| Complete 
| 108|0x0000000710a00000, 0x0000000710c00000, 0x0000000710c00000|100%| E|CS|TAMS 0x0000000710a00000, 0x0000000710a00000| Complete 
| 109|0x0000000710c00000, 0x0000000710c708c0, 0x0000000710e00000| 21%| S|CS|TAMS 0x0000000710c00000, 0x0000000710c00000| Complete 
| 110|0x0000000710e00000, 0x0000000711000000, 0x0000000711000000|100%| S|CS|TAMS 0x0000000710e00000, 0x0000000710e00000| Complete 
| 111|0x0000000711000000, 0x0000000711200000, 0x0000000711200000|100%| E|CS|TAMS 0x0000000711000000, 0x0000000711000000| Complete 
| 112|0x0000000711200000, 0x0000000711400000, 0x0000000711400000|100%| E|CS|TAMS 0x0000000711200000, 0x0000000711200000| Complete 
| 113|0x0000000711400000, 0x0000000711600000, 0x0000000711600000|100%| E|CS|TAMS 0x0000000711400000, 0x0000000711400000| Complete 
| 114|0x0000000711600000, 0x0000000711800000, 0x0000000711800000|100%| E|CS|TAMS 0x0000000711600000, 0x0000000711600000| Complete 
| 115|0x0000000711800000, 0x0000000711a00000, 0x0000000711a00000|100%| E|CS|TAMS 0x0000000711800000, 0x0000000711800000| Complete 
| 116|0x0000000711a00000, 0x0000000711c00000, 0x0000000711c00000|100%| E|  |TAMS 0x0000000711a00000, 0x0000000711a00000| Complete 
| 117|0x0000000711c00000, 0x0000000711e00000, 0x0000000711e00000|100%| E|CS|TAMS 0x0000000711c00000, 0x0000000711c00000| Complete 
| 118|0x0000000711e00000, 0x0000000712000000, 0x0000000712000000|100%| E|CS|TAMS 0x0000000711e00000, 0x0000000711e00000| Complete 
| 119|0x0000000712000000, 0x0000000712200000, 0x0000000712200000|100%| E|CS|TAMS 0x0000000712000000, 0x0000000712000000| Complete 
| 120|0x0000000712200000, 0x0000000712400000, 0x0000000712400000|100%| E|CS|TAMS 0x0000000712200000, 0x0000000712200000| Complete 
| 121|0x0000000712400000, 0x0000000712600000, 0x0000000712600000|100%| E|CS|TAMS 0x0000000712400000, 0x0000000712400000| Complete 
| 122|0x0000000712600000, 0x0000000712800000, 0x0000000712800000|100%| E|CS|TAMS 0x0000000712600000, 0x0000000712600000| Complete 
| 123|0x0000000712800000, 0x0000000712a00000, 0x0000000712a00000|100%| E|CS|TAMS 0x0000000712800000, 0x0000000712800000| Complete 
| 124|0x0000000712a00000, 0x0000000712c00000, 0x0000000712c00000|100%| E|CS|TAMS 0x0000000712a00000, 0x0000000712a00000| Complete 
| 125|0x0000000712c00000, 0x0000000712e00000, 0x0000000712e00000|100%| E|CS|TAMS 0x0000000712c00000, 0x0000000712c00000| Complete 
| 126|0x0000000712e00000, 0x0000000713000000, 0x0000000713000000|100%| E|CS|TAMS 0x0000000712e00000, 0x0000000712e00000| Complete 

Card table byte_map: [0x00000179a2ff0000,0x00000179a37e0000] _byte_map_base: 0x000001799f7d7000

Marking Bits (Prev, Next): (CMBitMap*) 0x0000017989bfe790, (CMBitMap*) 0x0000017989bfe7d0
 Prev Bits: [0x00000179a3fd0000, 0x00000179a7f08000)
 Next Bits: [0x00000179a7f10000, 0x00000179abe48000)

Polling page: 0x0000017989d90000

Metaspace:

Usage:
  Non-class:     15.93 MB used.
      Class:      2.23 MB used.
       Both:     18.16 MB used.

Virtual space:
  Non-class space:       64.00 MB reserved,      16.06 MB ( 25%) committed,  1 nodes.
      Class space:        1.00 GB reserved,       2.31 MB ( <1%) committed,  1 nodes.
             Both:        1.06 GB reserved,      18.38 MB (  2%) committed. 

Chunk freelists:
   Non-Class:  15.19 MB
       Class:  13.69 MB
        Both:  28.88 MB

MaxMetaspaceSize: unlimited
CompressedClassSpaceSize: 1.00 GB
Initial GC threshold: 21.00 MB
Current GC threshold: 21.00 MB
CDS: on
MetaspaceReclaimPolicy: balanced
 - commit_granule_bytes: 65536.
 - commit_granule_words: 8192.
 - virtual_space_node_default_size: 8388608.
 - enlarge_chunks_in_place: 1.
 - new_chunks_are_fully_committed: 0.
 - uncommit_free_chunks: 1.
 - use_allocation_guard: 0.
 - handle_deallocations: 1.


Internal statistics:

num_allocs_failed_limit: 0.
num_arena_births: 230.
num_arena_deaths: 0.
num_vsnodes_births: 2.
num_vsnodes_deaths: 0.
num_space_committed: 294.
num_space_uncommitted: 0.
num_chunks_returned_to_freelist: 0.
num_chunks_taken_from_freelist: 851.
num_chunk_merges: 0.
num_chunk_splits: 588.
num_chunks_enlarged: 445.
num_inconsistent_stats: 0.

CodeHeap 'non-profiled nmethods': size=120000Kb used=1156Kb max_used=1156Kb free=118843Kb
 bounds [0x000001799afa0000, 0x000001799b210000, 0x00000179a24d0000]
CodeHeap 'profiled nmethods': size=120000Kb used=5414Kb max_used=5414Kb free=114585Kb
 bounds [0x00000179934d0000, 0x0000017993a20000, 0x000001799aa00000]
CodeHeap 'non-nmethods': size=5760Kb used=1219Kb max_used=1262Kb free=4541Kb
 bounds [0x000001799aa00000, 0x000001799ac70000, 0x000001799afa0000]
 total_blobs=3129 nmethods=2623 adapters=418
 compilation: enabled
              stopped_count=0, restarted_count=0
 full_count=0

Compilation events (20 events):
Event: 1.391 Thread 0x00000179ae8c63c0 nmethod 2572 0x00000179939e3310 code [0x00000179939e34c0, 0x00000179939e36c8]
Event: 1.391 Thread 0x00000179ae8c63c0 2573       3       org.springframework.core.type.filter.AssignableTypeFilter::matchClassName (12 bytes)
Event: 1.392 Thread 0x00000179ae8c63c0 nmethod 2573 0x00000179939e3790 code [0x00000179939e3940, 0x00000179939e3b98]
Event: 1.393 Thread 0x00000179ae8c63c0 2574       3       org.springframework.core.type.classreading.SimpleAnnotationMetadata::getAnnotationTypes (24 bytes)
Event: 1.393 Thread 0x00000179ae8c63c0 nmethod 2574 0x00000179939e3d10 code [0x00000179939e3f00, 0x00000179939e44b8]
Event: 1.393 Thread 0x00000179ae8c63c0 2575       3       java.util.ArrayDeque::pop (5 bytes)
Event: 1.393 Thread 0x00000179ae8c63c0 nmethod 2575 0x00000179939e4690 code [0x00000179939e4860, 0x00000179939e4c18]
Event: 1.393 Thread 0x00000179ae8c63c0 2576       3       java.util.stream.ReferencePipeline::flatMap (30 bytes)
Event: 1.393 Thread 0x00000179ae8c63c0 nmethod 2576 0x00000179939e4d90 code [0x00000179939e4f80, 0x00000179939e54b8]
Event: 1.393 Thread 0x00000179ae8c63c0 2578   !   3       org.springframework.context.annotation.ConfigurationClassParser$SourceClass::getAnnotations (173 bytes)
Event: 1.394 Thread 0x00000179ae8c63c0 nmethod 2578 0x00000179939e5710 code [0x00000179939e5a80, 0x00000179939e7118]
Event: 1.394 Thread 0x00000179ae8c63c0 2579       3       org.springframework.context.annotation.ConfigurationClassParser$SourceClass::getAnnotationAttributes (100 bytes)
Event: 1.395 Thread 0x00000179ae8c63c0 nmethod 2579 0x00000179939e7910 code [0x00000179939e7b60, 0x00000179939e8538]
Event: 1.395 Thread 0x00000179ae8c63c0 2577       3       java.util.stream.ReferencePipeline$7::<init> (20 bytes)
Event: 1.395 Thread 0x00000179ae8c63c0 nmethod 2577 0x00000179939e8890 code [0x00000179939e8a40, 0x00000179939e8d28]
Event: 1.395 Thread 0x00000179ae8c63c0 2580       3       org.springframework.core.annotation.AnnotationsScanner::hasPlainJavaAnnotationsOnly (26 bytes)
Event: 1.395 Thread 0x00000179ae8c63c0 nmethod 2580 0x00000179939e8e90 code [0x00000179939e9060, 0x00000179939e9398]
Event: 1.396 Thread 0x00000179ae8c63c0 2581       3       org.springframework.boot.autoconfigure.condition.ConditionMessage::andCondition (46 bytes)
Event: 1.398 Thread 0x00000179ae8c63c0 nmethod 2581 0x00000179939e9510 code [0x00000179939e9920, 0x00000179939ebbe8]
Event: 1.398 Thread 0x00000179ae8c63c0 2582       3       org.springframework.util.StringUtils::arrayToDelimitedString (75 bytes)

GC Heap History (4 events):
Event: 0.480 GC heap before
{Heap before GC invocations=0 (full 0):
 garbage-first heap   total 260096K, used 22528K [0x0000000703200000, 0x0000000800000000)
  region size 2048K, 11 young (22528K), 0 survivors (0K)
 Metaspace       used 5569K, committed 5760K, reserved 1114112K
  class space    used 640K, committed 704K, reserved 1048576K
}
Event: 0.482 GC heap after
{Heap after GC invocations=1 (full 0):
 garbage-first heap   total 260096K, used 4715K [0x0000000703200000, 0x0000000800000000)
  region size 2048K, 2 young (4096K), 2 survivors (4096K)
 Metaspace       used 5569K, committed 5760K, reserved 1114112K
  class space    used 640K, committed 704K, reserved 1048576K
}
Event: 0.877 GC heap before
{Heap before GC invocations=1 (full 0):
 garbage-first heap   total 260096K, used 33387K [0x0000000703200000, 0x0000000800000000)
  region size 2048K, 16 young (32768K), 2 survivors (4096K)
 Metaspace       used 11677K, committed 11904K, reserved 1114112K
  class space    used 1422K, committed 1536K, reserved 1048576K
}
Event: 0.880 GC heap after
{Heap after GC invocations=2 (full 0):
 garbage-first heap   total 260096K, used 7200K [0x0000000703200000, 0x0000000800000000)
  region size 2048K, 2 young (4096K), 2 survivors (4096K)
 Metaspace       used 11677K, committed 11904K, reserved 1114112K
  class space    used 1422K, committed 1536K, reserved 1048576K
}

Deoptimization events (20 events):
Event: 1.340 Thread 0x00000179f47df9e0 Uncommon trap: trap_request=0xffffffbe fr.pc=0x000001799b0b53cc relative=0x0000000000001bac
Event: 1.340 Thread 0x00000179f47df9e0 Uncommon trap: reason=profile_predicate action=maybe_recompile pc=0x000001799b0b53cc method=jdk.internal.jimage.ImageStringsReader.stringFromByteBufferMatches(Ljava/nio/ByteBuffer;ILjava/lang/String;I)I @ 19 c2
Event: 1.340 Thread 0x00000179f47df9e0 DEOPT PACKING pc=0x000001799b0b53cc sp=0x000000523bcfd260
Event: 1.340 Thread 0x00000179f47df9e0 DEOPT UNPACKING pc=0x000001799aa55ba3 sp=0x000000523bcfcfb8 mode 2
Event: 1.340 Thread 0x00000179f47df9e0 Uncommon trap: trap_request=0xffffffbe fr.pc=0x000001799b0b53cc relative=0x0000000000001bac
Event: 1.340 Thread 0x00000179f47df9e0 Uncommon trap: reason=profile_predicate action=maybe_recompile pc=0x000001799b0b53cc method=jdk.internal.jimage.ImageStringsReader.stringFromByteBufferMatches(Ljava/nio/ByteBuffer;ILjava/lang/String;I)I @ 19 c2
Event: 1.340 Thread 0x00000179f47df9e0 DEOPT PACKING pc=0x000001799b0b53cc sp=0x000000523bcfd260
Event: 1.340 Thread 0x00000179f47df9e0 DEOPT UNPACKING pc=0x000001799aa55ba3 sp=0x000000523bcfcfb8 mode 2
Event: 1.340 Thread 0x00000179f47df9e0 Uncommon trap: trap_request=0xffffffbe fr.pc=0x000001799b0b53cc relative=0x0000000000001bac
Event: 1.340 Thread 0x00000179f47df9e0 Uncommon trap: reason=profile_predicate action=maybe_recompile pc=0x000001799b0b53cc method=jdk.internal.jimage.ImageStringsReader.stringFromByteBufferMatches(Ljava/nio/ByteBuffer;ILjava/lang/String;I)I @ 19 c2
Event: 1.340 Thread 0x00000179f47df9e0 DEOPT PACKING pc=0x000001799b0b53cc sp=0x000000523bcfd260
Event: 1.340 Thread 0x00000179f47df9e0 DEOPT UNPACKING pc=0x000001799aa55ba3 sp=0x000000523bcfcfb8 mode 2
Event: 1.340 Thread 0x00000179f47df9e0 Uncommon trap: trap_request=0xffffffbe fr.pc=0x000001799b0b53cc relative=0x0000000000001bac
Event: 1.340 Thread 0x00000179f47df9e0 Uncommon trap: reason=profile_predicate action=maybe_recompile pc=0x000001799b0b53cc method=jdk.internal.jimage.ImageStringsReader.stringFromByteBufferMatches(Ljava/nio/ByteBuffer;ILjava/lang/String;I)I @ 19 c2
Event: 1.340 Thread 0x00000179f47df9e0 DEOPT PACKING pc=0x000001799b0b53cc sp=0x000000523bcfd260
Event: 1.340 Thread 0x00000179f47df9e0 DEOPT UNPACKING pc=0x000001799aa55ba3 sp=0x000000523bcfcfb8 mode 2
Event: 1.349 Thread 0x00000179f47df9e0 Uncommon trap: trap_request=0xffffffbe fr.pc=0x000001799b0ba130 relative=0x0000000000000490
Event: 1.349 Thread 0x00000179f47df9e0 Uncommon trap: reason=profile_predicate action=maybe_recompile pc=0x000001799b0ba130 method=jdk.internal.jimage.ImageStringsReader.stringFromByteBufferMatches(Ljava/nio/ByteBuffer;ILjava/lang/String;I)I @ 19 c2
Event: 1.349 Thread 0x00000179f47df9e0 DEOPT PACKING pc=0x000001799b0ba130 sp=0x000000523bcfd040
Event: 1.349 Thread 0x00000179f47df9e0 DEOPT UNPACKING pc=0x000001799aa55ba3 sp=0x000000523bcfcfb8 mode 2

Classes unloaded (0 events):
No events

Classes redefined (0 events):
No events

Internal exceptions (20 events):
Event: 0.671 Thread 0x00000179f47df9e0 Exception <a 'java/lang/NoSuchMethodError'{0x00000007125338e8}: 'void java.lang.invoke.DirectMethodHandle$Holder.invokeStaticInit(java.lang.Object, java.lang.Object, java.lang.Object)'> (0x00000007125338e8) 
thrown [s\open\src\hotspot\share\interpreter\linkResolver.cpp, line 759]
Event: 0.674 Thread 0x00000179f47df9e0 Exception <a 'java/lang/NoSuchMethodError'{0x0000000712554b60}: 'java.lang.Object java.lang.invoke.DirectMethodHandle$Holder.invokeVirtual(java.lang.Object, java.lang.Object, java.lang.Object)'> (0x0000000712554b60) 
thrown [s\open\src\hotspot\share\interpreter\linkResolver.cpp, line 759]
Event: 0.678 Thread 0x00000179f47df9e0 Exception <a 'java/lang/NoSuchMethodError'{0x0000000712577f70}: 'java.lang.Object java.lang.invoke.DirectMethodHandle$Holder.invokeStatic(java.lang.Object, java.lang.Object, long, java.lang.Object)'> (0x0000000712577f70) 
thrown [s\open\src\hotspot\share\interpreter\linkResolver.cpp, line 759]
Event: 0.679 Thread 0x00000179f47df9e0 Exception <a 'java/lang/NoSuchMethodError'{0x000000071257ba08}: 'java.lang.Object java.lang.invoke.DirectMethodHandle$Holder.invokeStaticInit(java.lang.Object, java.lang.Object, long, java.lang.Object)'> (0x000000071257ba08) 
thrown [s\open\src\hotspot\share\interpreter\linkResolver.cpp, line 759]
Event: 0.679 Thread 0x00000179f47df9e0 Exception <a 'java/lang/NoSuchMethodError'{0x0000000712582110}: 'java.lang.Object java.lang.invoke.DirectMethodHandle$Holder.newInvokeSpecial(java.lang.Object, java.lang.Object, long)'> (0x0000000712582110) 
thrown [s\open\src\hotspot\share\interpreter\linkResolver.cpp, line 759]
Event: 0.679 Thread 0x00000179f47df9e0 Exception <a 'java/lang/NoSuchMethodError'{0x0000000712585c80}: 'java.lang.Object java.lang.invoke.Invokers$Holder.linkToTargetMethod(java.lang.Object, long, java.lang.Object)'> (0x0000000712585c80) 
thrown [s\open\src\hotspot\share\interpreter\linkResolver.cpp, line 759]
Event: 0.693 Thread 0x00000179f47df9e0 Exception <a 'java/lang/NoSuchMethodError'{0x00000007125fbe60}: 'void java.lang.invoke.DirectMethodHandle$Holder.invokeVirtual(java.lang.Object, java.lang.Object, java.lang.Object, java.lang.Object)'> (0x00000007125fbe60) 
thrown [s\open\src\hotspot\share\interpreter\linkResolver.cpp, line 759]
Event: 0.726 Thread 0x00000179f47df9e0 Exception <a 'java/lang/NoSuchMethodError'{0x00000007123d5c68}: 'void java.lang.invoke.DirectMethodHandle$Holder.invokeSpecial(java.lang.Object, java.lang.Object, java.lang.Object)'> (0x00000007123d5c68) 
thrown [s\open\src\hotspot\share\interpreter\linkResolver.cpp, line 759]
Event: 0.752 Thread 0x00000179f4672930 Exception <a 'java/lang/NoClassDefFoundError'{0x00000007121150a0}: jakarta/validation/Validation> (0x00000007121150a0) 
thrown [s\open\src\hotspot\share\classfile\systemDictionary.cpp, line 245]
Event: 0.753 Thread 0x00000179f47df9e0 Exception <a 'java/lang/IncompatibleClassChangeError'{0x00000007120eece8}: Found class java.lang.Object, but interface was expected> (0x00000007120eece8) 
thrown [s\open\src\hotspot\share\interpreter\linkResolver.cpp, line 826]
Event: 0.988 Thread 0x00000179f47df9e0 Exception <a 'sun/nio/fs/WindowsException'{0x00000007125e0fb0}> (0x00000007125e0fb0) 
thrown [s\open\src\hotspot\share\prims\jni.cpp, line 516]
Event: 0.989 Thread 0x00000179f47df9e0 Exception <a 'java/lang/NoSuchMethodError'{0x00000007125e2f18}: 'int java.lang.invoke.DirectMethodHandle$Holder.invokeSpecial(java.lang.Object, java.lang.Object, java.lang.Object, java.lang.Object, java.lang.Object)'> (0x00000007125e2f18) 
thrown [s\open\src\hotspot\share\interpreter\linkResolver.cpp, line 759]
Event: 0.990 Thread 0x00000179f47df9e0 Exception <a 'java/lang/NoSuchMethodError'{0x00000007125ec410}: 'void java.lang.invoke.DirectMethodHandle$Holder.invokeVirtual(java.lang.Object, java.lang.Object)'> (0x00000007125ec410) 
thrown [s\open\src\hotspot\share\interpreter\linkResolver.cpp, line 759]
Event: 1.046 Thread 0x00000179f4672930 Exception <a 'java/lang/NoSuchMethodError'{0x0000000711d23950}: 'long java.lang.invoke.DirectMethodHandle$Holder.invokeSpecial(java.lang.Object, java.lang.Object)'> (0x0000000711d23950) 
thrown [s\open\src\hotspot\share\interpreter\linkResolver.cpp, line 759]
Event: 1.048 Thread 0x00000179f4672930 Exception <a 'java/lang/NoSuchMethodError'{0x0000000711d2e4f8}: 'long java.lang.invoke.DirectMethodHandle$Holder.invokeStatic(java.lang.Object, java.lang.Object)'> (0x0000000711d2e4f8) 
thrown [s\open\src\hotspot\share\interpreter\linkResolver.cpp, line 759]
Event: 1.048 Thread 0x00000179f4672930 Exception <a 'java/lang/NoSuchMethodError'{0x0000000711d31850}: 'long java.lang.invoke.DirectMethodHandle$Holder.invokeStaticInit(java.lang.Object, java.lang.Object)'> (0x0000000711d31850) 
thrown [s\open\src\hotspot\share\interpreter\linkResolver.cpp, line 759]
Event: 1.050 Thread 0x00000179f4672930 Exception <a 'java/lang/NoSuchMethodError'{0x0000000711d3f150}: 'long java.lang.invoke.DirectMethodHandle$Holder.invokeInterface(java.lang.Object, java.lang.Object)'> (0x0000000711d3f150) 
thrown [s\open\src\hotspot\share\interpreter\linkResolver.cpp, line 759]
Event: 1.050 Thread 0x00000179f4672930 Exception <a 'java/lang/IncompatibleClassChangeError'{0x0000000711d42438}: Found class java.lang.Object, but interface was expected> (0x0000000711d42438) 
thrown [s\open\src\hotspot\share\interpreter\linkResolver.cpp, line 826]
Event: 1.052 Thread 0x00000179f4672930 Exception <a 'java/lang/NoSuchMethodError'{0x0000000711d5e4b0}: 'java.lang.Object java.lang.invoke.DirectMethodHandle$Holder.invokeVirtual(java.lang.Object, java.lang.Object, java.lang.Object, java.lang.Object)'> (0x0000000711d5e4b0) 
thrown [s\open\src\hotspot\share\interpreter\linkResolver.cpp, line 759]
Event: 1.154 Thread 0x00000179f47df9e0 Exception <a 'java/lang/IncompatibleClassChangeError'{0x00000007115edea0}: Found class java.lang.Object, but interface was expected> (0x00000007115edea0) 
thrown [s\open\src\hotspot\share\interpreter\linkResolver.cpp, line 826]

VM Operations (20 events):
Event: 0.616 Executing VM operation: HandshakeAllThreads
Event: 0.616 Executing VM operation: HandshakeAllThreads done
Event: 0.723 Executing VM operation: HandshakeAllThreads
Event: 0.723 Executing VM operation: HandshakeAllThreads done
Event: 0.723 Executing VM operation: HandshakeAllThreads
Event: 0.723 Executing VM operation: HandshakeAllThreads done
Event: 0.865 Executing VM operation: ICBufferFull
Event: 0.865 Executing VM operation: ICBufferFull done
Event: 0.876 Executing VM operation: G1CollectForAllocation
Event: 0.880 Executing VM operation: G1CollectForAllocation done
Event: 0.934 Executing VM operation: HandshakeAllThreads
Event: 0.934 Executing VM operation: HandshakeAllThreads done
Event: 0.973 Executing VM operation: HandshakeAllThreads
Event: 0.973 Executing VM operation: HandshakeAllThreads done
Event: 1.090 Executing VM operation: HandshakeAllThreads
Event: 1.090 Executing VM operation: HandshakeAllThreads done
Event: 1.104 Executing VM operation: HandshakeAllThreads
Event: 1.104 Executing VM operation: HandshakeAllThreads done
Event: 1.167 Executing VM operation: ICBufferFull
Event: 1.168 Executing VM operation: ICBufferFull done

Events (20 events):
Event: 1.124 loading class javax/security/auth/Subject
Event: 1.124 loading class javax/security/auth/Subject done
Event: 1.124 loading class javax/security/auth/callback/CallbackHandler
Event: 1.124 loading class javax/security/auth/callback/CallbackHandler done
Event: 1.127 loading class com/sun/security/sasl/Provider
Event: 1.127 loading class com/sun/security/sasl/Provider done
Event: 1.127 loading class com/sun/security/sasl/Provider$1
Event: 1.127 loading class com/sun/security/sasl/Provider$1 done
Event: 1.128 loading class com/sun/security/sasl/Provider$ProviderService
Event: 1.128 loading class com/sun/security/sasl/Provider$ProviderService done
Event: 1.128 loading class sun/security/provider/certpath/ldap/JdkLDAP
Event: 1.128 loading class sun/security/provider/certpath/ldap/JdkLDAP done
Event: 1.128 loading class sun/security/provider/certpath/ldap/JdkLDAP$ProviderService
Event: 1.128 loading class sun/security/provider/certpath/ldap/JdkLDAP$ProviderService done
Event: 1.130 Thread 0x00000179f4672930 Thread exited: 0x00000179f4672930
Event: 1.146 Thread 0x00000179f4ec0fd0 Thread exited: 0x00000179f4ec0fd0
Event: 1.290 loading class java/beans/PropertyVetoException
Event: 1.290 loading class java/beans/PropertyVetoException done
Event: 1.298 loading class sun/security/util/ManifestEntryVerifier
Event: 1.298 loading class sun/security/util/ManifestEntryVerifier done


Dynamic libraries:
0x00007ff62c570000 - 0x00007ff62c580000 	C:\Program Files\Java\jdk-17\bin\java.exe
0x00007ffcb8ab0000 - 0x00007ffcb8ca8000 	C:\Windows\SYSTEM32\ntdll.dll
0x00007ffc6efb0000 - 0x00007ffc6efca000 	C:\Program Files\Avast Software\Avast\aswhook.dll
0x00007ffcb89a0000 - 0x00007ffcb8a62000 	C:\Windows\System32\KERNEL32.DLL
0x00007ffcb6280000 - 0x00007ffcb657e000 	C:\Windows\System32\KERNELBASE.dll
0x00007ffcb6150000 - 0x00007ffcb6250000 	C:\Windows\System32\ucrtbase.dll
0x00007ffcae380000 - 0x00007ffcae39b000 	C:\Program Files\Java\jdk-17\bin\VCRUNTIME140.dll
0x00007ffcaeab0000 - 0x00007ffcaeac9000 	C:\Program Files\Java\jdk-17\bin\jli.dll
0x00007ffcb88c0000 - 0x00007ffcb8972000 	C:\Windows\System32\ADVAPI32.dll
0x00007ffcb7780000 - 0x00007ffcb781e000 	C:\Windows\System32\msvcrt.dll
0x00007ffcb8820000 - 0x00007ffcb88c0000 	C:\Windows\System32\sechost.dll
0x00007ffcb7830000 - 0x00007ffcb7953000 	C:\Windows\System32\RPCRT4.dll
0x00007ffcb65d0000 - 0x00007ffcb65f7000 	C:\Windows\System32\bcrypt.dll
0x00007ffcb8680000 - 0x00007ffcb881d000 	C:\Windows\System32\USER32.dll
0x00007ffcb6250000 - 0x00007ffcb6272000 	C:\Windows\System32\win32u.dll
0x00007ffcb70f0000 - 0x00007ffcb711b000 	C:\Windows\System32\GDI32.dll
0x00007ffcb69b0000 - 0x00007ffcb6ac7000 	C:\Windows\System32\gdi32full.dll
0x00007ffcb6740000 - 0x00007ffcb67dd000 	C:\Windows\System32\msvcp_win.dll
0x00007ffc94280000 - 0x00007ffc9451a000 	C:\Windows\WinSxS\amd64_microsoft.windows.common-controls_6595b64144ccf1df_6.0.19041.4355_none_60b8b9eb71f62e16\COMCTL32.dll
0x00007ffcacc50000 - 0x00007ffcacc5a000 	C:\Windows\SYSTEM32\VERSION.dll
0x00007ffcb7230000 - 0x00007ffcb725f000 	C:\Windows\System32\IMM32.DLL
0x00007ffcae250000 - 0x00007ffcae25c000 	C:\Program Files\Java\jdk-17\bin\vcruntime140_1.dll
0x00007ffc97000000 - 0x00007ffc9708e000 	C:\Program Files\Java\jdk-17\bin\msvcp140.dll
0x00007ffc59ca0000 - 0x00007ffc5a87f000 	C:\Program Files\Java\jdk-17\bin\server\jvm.dll
0x00007ffcb7080000 - 0x00007ffcb7088000 	C:\Windows\System32\PSAPI.DLL
0x00007ffca0d70000 - 0x00007ffca0d79000 	C:\Windows\SYSTEM32\WSOCK32.dll
0x00007ffcb8610000 - 0x00007ffcb867b000 	C:\Windows\System32\WS2_32.dll
0x00007ffcb3100000 - 0x00007ffcb3127000 	C:\Windows\SYSTEM32\WINMM.dll
0x00007ffcb4930000 - 0x00007ffcb4942000 	C:\Windows\SYSTEM32\kernel.appcore.dll
0x00007ffcadf50000 - 0x00007ffcadf5a000 	C:\Program Files\Java\jdk-17\bin\jimage.dll
0x00007ffcb3c80000 - 0x00007ffcb3e64000 	C:\Windows\SYSTEM32\DBGHELP.DLL
0x00007ffcb3080000 - 0x00007ffcb30b4000 	C:\Windows\SYSTEM32\dbgcore.DLL
0x00007ffcb6600000 - 0x00007ffcb6682000 	C:\Windows\System32\bcryptPrimitives.dll
0x00007ffcadf40000 - 0x00007ffcadf4e000 	C:\Program Files\Java\jdk-17\bin\instrument.dll
0x00007ffca0da0000 - 0x00007ffca0dc5000 	C:\Program Files\Java\jdk-17\bin\java.dll
0x00007ffc6e800000 - 0x00007ffc6e8d7000 	C:\Program Files\Java\jdk-17\bin\jsvml.dll
0x00007ffcb7ea0000 - 0x00007ffcb860f000 	C:\Windows\System32\SHELL32.dll
0x00007ffcb4170000 - 0x00007ffcb4914000 	C:\Windows\SYSTEM32\windows.storage.dll
0x00007ffcb7b40000 - 0x00007ffcb7e93000 	C:\Windows\System32\combase.dll
0x00007ffcb5b80000 - 0x00007ffcb5bae000 	C:\Windows\SYSTEM32\Wldp.dll
0x00007ffcb6b30000 - 0x00007ffcb6bfd000 	C:\Windows\System32\OLEAUT32.dll
0x00007ffcb76d0000 - 0x00007ffcb777d000 	C:\Windows\System32\SHCORE.dll
0x00007ffcb71d0000 - 0x00007ffcb7225000 	C:\Windows\System32\shlwapi.dll
0x00007ffcb6080000 - 0x00007ffcb60a4000 	C:\Windows\SYSTEM32\profapi.dll
0x00007ffca04b0000 - 0x00007ffca04c8000 	C:\Program Files\Java\jdk-17\bin\zip.dll
0x00007ffca0490000 - 0x00007ffca04a9000 	C:\Program Files\Java\jdk-17\bin\net.dll
0x00007ffcb1f80000 - 0x00007ffcb208d000 	C:\Windows\SYSTEM32\WINHTTP.dll
0x00007ffcb58e0000 - 0x00007ffcb594a000 	C:\Windows\system32\mswsock.dll
0x00007ffca0150000 - 0x00007ffca0166000 	C:\Program Files\Java\jdk-17\bin\nio.dll
0x00007ffcb1470000 - 0x00007ffcb148a000 	C:\Program Files\JetBrains\IntelliJ IDEA Community Edition 2024.1.4\bin\breakgen64.dll
0x00007ffcacbd0000 - 0x00007ffcacbda000 	C:\Program Files\Java\jdk-17\bin\management.dll
0x00007ffca7760000 - 0x00007ffca776b000 	C:\Program Files\Java\jdk-17\bin\management_ext.dll
0x00007ffca2980000 - 0x00007ffca298e000 	C:\Program Files\Java\jdk-17\bin\sunmscapi.dll
0x00007ffcb67e0000 - 0x00007ffcb693c000 	C:\Windows\System32\CRYPT32.dll
0x00007ffcb5bf0000 - 0x00007ffcb5c17000 	C:\Windows\SYSTEM32\ncrypt.dll
0x00007ffcb5bb0000 - 0x00007ffcb5beb000 	C:\Windows\SYSTEM32\NTASN1.dll

dbghelp: loaded successfully - version: 4.0.5 - missing functions: none
symbol engine: initialized successfully - sym options: 0x614 - pdb path: .;C:\Program Files\Java\jdk-17\bin;C:\Windows\SYSTEM32;C:\Program Files\Avast Software\Avast;C:\Windows\WinSxS\amd64_microsoft.windows.common-controls_6595b64144ccf1df_6.0.19041.4355_none_60b8b9eb71f62e16;C:\Program Files\Java\jdk-17\bin\server;C:\Program Files\JetBrains\IntelliJ IDEA Community Edition 2024.1.4\bin

VM Arguments:
jvm_args: -javaagent:C:\Program Files\JetBrains\IntelliJ IDEA Community Edition 2024.1.4\lib\idea_rt.jar=62666:C:\Program Files\JetBrains\IntelliJ IDEA Community Edition 2024.1.4\bin -Dfile.encoding=UTF-8 
java_command: com.acorn.pageSample.PageSampleApplication
java_class_path (initial): C:\Users\jooyeon\Documents\2024_2_cloud\스프링부트\bootws2\pageSample\out\production\classes;C:\Users\jooyeon\Documents\2024_2_cloud\스프링부트\bootws2\pageSample\out\production\resources;C:\Users\jooyeon\.gradle\caches\modules-2\files-2.1\org.springframework.boot\spring-boot-starter-thymeleaf\3.3.5\5fa47cb90c1ff87b9273fcf01b56bff77810077e\spring-boot-starter-thymeleaf-3.3.5.jar;C:\Users\jooyeon\.gradle\caches\modules-2\files-2.1\org.springframework.boot\spring-boot-starter-web\3.3.5\51cc6cd5fb15f4eecfadea4ac689ed290e65c2cc\spring-boot-starter-web-3.3.5.jar;C:\Users\jooyeon\.gradle\caches\modules-2\files-2.1\org.mybatis.spring.boot\mybatis-spring-boot-starter\3.0.3\19528356bf8bad2be5f8bf796dfc30bcc4996054\mybatis-spring-boot-starter-3.0.3.jar;C:\Users\jooyeon\.gradle\caches\modules-2\files-2.1\org.springframework.boot\spring-boot-starter\3.3.5\16b7a9acf1918a8f763e871ada3794e9ffd4a980\spring-boot-starter-3.3.5.jar;C:\Users\jooyeon\.gradle\caches\modules-2\files-2.1\org.thymeleaf\thymeleaf-spring6\3.1.2.RELEASE\6030c7b4e260c41336f378e53da6e8531263f24b\thymeleaf-spring6-3.1.2.RELEASE.jar;C:\Users\jooyeon\.gradle\caches\modules-2\files-2.1\org.springframework.boot\spring-boot-starter-json\3.3.5\a92dd0bc808c9de278bc62bc37db4e409027657a\spring-boot-starter-json-3.3.5.jar;C:\Users\jooyeon\.gradle\caches\modules-2\files-2.1\org.springframework.boot\spring-boot-starter-tomcat\3.3.5\9fcf404e2efc06612af0c194e6d4f4162c6aac24\spring-boot-starter-tomcat-3.3.5.jar;C:\Users\jooyeon\.gradle\caches\modules-2\files-2.1\org.springframework\spring-webmvc\6.1.14\804478303aac6f91ea566efd4fef3dc06380528a\spring-webmvc-6.1.14.jar;C:\Users\jooyeon\.gradle\caches\modules-2\files-2.1\org.springframework\spring-web\6.1.14\b45eaad7df4f37ce224acdcb555a6a3dd5c246b2\spring-web-6.1.14.jar;C:\Users\jooyeon\.gradle\caches\modules-2\files-2.1\org.springframework.boot\spring-boot-starter-jdbc\3.3.5\64c2c63ff90dffcd6996b3cd11e5d7e9805884d2\spring-boot-starter-jdbc-3.3.5.jar;C
Launcher Type: SUN_STANDARD

[Global flags]
     intx CICompilerCount                          = 4                                         {product} {ergonomic}
     uint ConcGCThreads                            = 2                                         {product} {ergonomic}
     uint G1ConcRefinementThreads                  = 8                                         {product} {ergonomic}
   size_t G1HeapRegionSize                         = 2097152                                   {product} {ergonomic}
    uintx GCDrainStackTargetSize                   = 64                                        {product} {ergonomic}
   size_t InitialHeapSize                          = 266338304                                 {product} {ergonomic}
   size_t MarkStackSize                            = 4194304                                   {product} {ergonomic}
   size_t MaxHeapSize                              = 4242538496                                {product} {ergonomic}
   size_t MaxNewSize                               = 2543845376                                {product} {ergonomic}
   size_t MinHeapDeltaBytes                        = 2097152                                   {product} {ergonomic}
   size_t MinHeapSize                              = 8388608                                   {product} {ergonomic}
    uintx NonNMethodCodeHeapSize                   = 5839372                                {pd product} {ergonomic}
    uintx NonProfiledCodeHeapSize                  = 122909434                              {pd product} {ergonomic}
    uintx ProfiledCodeHeapSize                     = 122909434                              {pd product} {ergonomic}
    uintx ReservedCodeCacheSize                    = 251658240                              {pd product} {ergonomic}
     bool SegmentedCodeCache                       = true                                      {product} {ergonomic}
   size_t SoftMaxHeapSize                          = 4242538496                             {manageable} {ergonomic}
     bool UseCompressedClassPointers               = true                           {product lp64_product} {ergonomic}
     bool UseCompressedOops                        = true                           {product lp64_product} {ergonomic}
     bool UseG1GC                                  = true                                      {product} {ergonomic}
     bool UseLargePagesIndividualAllocation        = false                                  {pd product} {ergonomic}

Logging:
Log output configuration:
 #0: stdout all=warning uptime,level,tags
 #1: stderr all=off uptime,level,tags

Environment Variables:
JAVA_HOME=C:\Program Files\Java\jdk-17
PATH=C:\Program Files\Java\jdk-17\bin;C:\Users\jooyeon\Documents\2024_수업준비\tools\apache-tomcat-9.0.86-windows-x64\bin;C:\oracle\WINDOWS.X64_193000_db_home\bin;C:\Windows\system32;C:\Windows;C:\Windows\System32\Wbem;C:\Windows\System32\WindowsPowerShell\v1.0\;C:\Windows\System32\OpenSSH\;C:\Program Files (x86)\Google\Cloud SDK\google-cloud-sdk\bin;C:\ProgramData\chocolatey\bin;C:\Program Files\nodejs\;C:\Program Files\Docker\Docker\resources\bin;C:\Program Files\Common Files\Oracle\Java\javapath;C:\Program Files\Git\cmd;C:\Users\jooyeon\AppData\Local\Microsoft\WindowsApps;C:\Users\jooyeon\AppData\Local\Programs\Microsoft VS Code\bin;C:\Users\jooyeon\cloudnative2023;C:\Users\jooyeon\AppData\Roaming\npm
USERNAME=jooyeon
OS=Windows_NT
PROCESSOR_IDENTIFIER=Intel64 Family 6 Model 140 Stepping 1, GenuineIntel



---------------  S Y S T E M  ---------------

OS:
 Windows 10 , 64 bit Build 19041 (10.0.19041.4957)
OS uptime: 1 days 15:22 hours
Hyper-V role detected

CPU: total 8 (initial active 8) (4 cores per cpu, 2 threads per core) family 6 model 140 stepping 1 microcode 0x8a, cx8, cmov, fxsr, ht, mmx, 3dnowpref, sse, sse2, sse3, ssse3, sse4.1, sse4.2, popcnt, lzcnt, tsc, tscinvbit, avx, avx2, aes, erms, clmul, bmi1, bmi2, adx, avx512f, avx512dq, avx512cd, avx512bw, avx512vl, sha, fma, vzeroupper, avx512_vpopcntdq, avx512_vpclmulqdq, avx512_vaes, avx512_vnni, clflush, clflushopt, clwb, avx512_vbmi2, avx512_vbmi, hv

Memory: 4k page, system-wide physical 16183M (3908M free)
TotalPageFile size 16183M (AvailPageFile size 12M)
current process WorkingSet (physical memory assigned to process): 152M, peak: 158M
current process commit charge ("private bytes"): 401M, peak: 408M

vm_info: Java HotSpot(TM) 64-Bit Server VM (17.0.10+11-LTS-240) for windows-amd64 JRE (17.0.10+11-LTS-240), built on Dec 19 2023 21:47:25 by "mach5one" with MS VC++ 17.1 (VS2022)

END.
