#
# There is insufficient memory for the Java Runtime Environment to continue.
# Native memory allocation (malloc) failed to allocate 1416464 bytes for Chunk::new
# Possible reasons:
#   The system is out of physical RAM or swap space
#   The process is running with CompressedOops enabled, and the Java Heap may be blocking the growth of the native heap
# Possible solutions:
#   Reduce memory load on the system
#   Increase physical memory or swap space
#   Check if swap backing store is full
#   Decrease Java heap size (-Xmx/-Xms)
#   Decrease number of Java threads
#   Decrease Java thread stack sizes (-Xss)
#   Set larger code cache with -XX:ReservedCodeCacheSize=
#   JVM is running with Zero Based Compressed Oops mode in which the Java heap is
#     placed in the first 32GB address space. The Java Heap base address is the
#     maximum limit for the native heap growth. Please use -XX:HeapBaseMinAddress
#     to set the Java Heap base and to place the Java Heap above 32GB virtual address.
# This output file may be truncated or incomplete.
#
#  Out of Memory Error (arena.cpp:189), pid=17732, tid=7884
#
# JRE version: Java(TM) SE Runtime Environment (17.0.10+11) (build 17.0.10+11-LTS-240)
# Java VM: Java HotSpot(TM) 64-Bit Server VM (17.0.10+11-LTS-240, mixed mode, sharing, tiered, compressed oops, compressed class ptrs, g1 gc, windows-amd64)
# No core dump will be written. Minidumps are not enabled by default on client versions of Windows
#

---------------  S U M M A R Y ------------

Command Line: -Dfile.encoding=UTF-8 -Duser.country=KR -Duser.language=ko -Duser.variant com.acorn.cartBatis.CartBatisApplication

Host: 11th Gen Intel(R) Core(TM) i7-1165G7 @ 2.80GHz, 8 cores, 15G,  Windows 10 , 64 bit Build 19041 (10.0.19041.4957)
Time: Wed Nov 13 19:47:16 2024  Windows 10 , 64 bit Build 19041 (10.0.19041.4957) elapsed time: 1.260522 seconds (0d 0h 0m 1s)

---------------  T H R E A D  ---------------

Current thread (0x000001b70c00e640):  JavaThread "C2 CompilerThread0" daemon [_thread_in_native, id=7884, stack(0x00000051e1700000,0x00000051e1800000)]


Current CompileTask:
C2:   1260 2235       4       jdk.internal.module.SystemModuleFinders$SystemModuleReader::find (59 bytes)

Stack: [0x00000051e1700000,0x00000051e1800000]
Native frames: (J=compiled Java code, j=interpreted, Vv=VM code, C=native code)
V  [jvm.dll+0x677a5a]
V  [jvm.dll+0x7d8b2d]
V  [jvm.dll+0x7da48e]
V  [jvm.dll+0x7daaf3]
V  [jvm.dll+0x2455ff]
V  [jvm.dll+0xaaafb]
V  [jvm.dll+0xab09c]
V  [jvm.dll+0x361bae]
V  [jvm.dll+0x1bb3ca]
V  [jvm.dll+0x217aa7]
V  [jvm.dll+0x216d81]
V  [jvm.dll+0x1a3410]
V  [jvm.dll+0x226aeb]
V  [jvm.dll+0x224cab]
V  [jvm.dll+0x78e45c]
V  [jvm.dll+0x78888a]
V  [jvm.dll+0x676935]
C  [ucrtbase.dll+0x21bb2]
C  [KERNEL32.DLL+0x17374]
C  [ntdll.dll+0x4cc91]


---------------  P R O C E S S  ---------------

Threads class SMR info:
_java_thread_list=0x000001b70c9d57c0, length=16, elements={
0x000001b6a402b930, 0x000001b6c6cbf7c0, 0x000001b6c6cc0180, 0x000001b70c006700,
0x000001b70c0070c0, 0x000001b70c009a90, 0x000001b70c00a450, 0x000001b70c00e640,
0x000001b6c6cdd010, 0x000001b6c6cdda10, 0x000001b70c13d6d0, 0x000001b70c143c70,
0x000001b70c23c890, 0x000001b70cd20440, 0x000001b70ca6c000, 0x000001b70ce406f0
}

Java Threads: ( => current thread )
  0x000001b6a402b930 JavaThread "main" [_thread_blocked, id=17944, stack(0x00000051e0a00000,0x00000051e0b00000)]
  0x000001b6c6cbf7c0 JavaThread "Reference Handler" daemon [_thread_blocked, id=16088, stack(0x00000051e1100000,0x00000051e1200000)]
  0x000001b6c6cc0180 JavaThread "Finalizer" daemon [_thread_blocked, id=2252, stack(0x00000051e1200000,0x00000051e1300000)]
  0x000001b70c006700 JavaThread "Signal Dispatcher" daemon [_thread_blocked, id=4600, stack(0x00000051e1300000,0x00000051e1400000)]
  0x000001b70c0070c0 JavaThread "Attach Listener" daemon [_thread_blocked, id=7452, stack(0x00000051e1400000,0x00000051e1500000)]
  0x000001b70c009a90 JavaThread "Service Thread" daemon [_thread_blocked, id=10928, stack(0x00000051e1500000,0x00000051e1600000)]
  0x000001b70c00a450 JavaThread "Monitor Deflation Thread" daemon [_thread_blocked, id=15160, stack(0x00000051e1600000,0x00000051e1700000)]
=>0x000001b70c00e640 JavaThread "C2 CompilerThread0" daemon [_thread_in_native, id=7884, stack(0x00000051e1700000,0x00000051e1800000)]
  0x000001b6c6cdd010 JavaThread "C1 CompilerThread0" daemon [_thread_in_native, id=15888, stack(0x00000051e1800000,0x00000051e1900000)]
  0x000001b6c6cdda10 JavaThread "Sweeper thread" daemon [_thread_blocked, id=11924, stack(0x00000051e1900000,0x00000051e1a00000)]
  0x000001b70c13d6d0 JavaThread "Notification Thread" daemon [_thread_blocked, id=6952, stack(0x00000051e1a00000,0x00000051e1b00000)]
  0x000001b70c143c70 JavaThread "Common-Cleaner" daemon [_thread_blocked, id=14544, stack(0x00000051e1c00000,0x00000051e1d00000)]
  0x000001b70c23c890 JavaThread "C2 CompilerThread1" daemon [_thread_in_native, id=972, stack(0x00000051e1d00000,0x00000051e1e00000)]
  0x000001b70cd20440 JavaThread "Thread-0" [_thread_blocked, id=5644, stack(0x00000051e1e00000,0x00000051e1f00000)]
  0x000001b70ca6c000 JavaThread "restartedMain" [_thread_in_Java, id=17600, stack(0x00000051e1f00000,0x00000051e2000000)]
  0x000001b70ce406f0 JavaThread "C2 CompilerThread2" daemon [_thread_in_native, id=14092, stack(0x00000051e2600000,0x00000051e2700000)]

Other Threads:
  0x000001b6c6cb9550 VMThread "VM Thread" [stack: 0x00000051e1000000,0x00000051e1100000] [id=16396]
  0x000001b70c13e7e0 WatcherThread [stack: 0x00000051e1b00000,0x00000051e1c00000] [id=2992]
  0x000001b6a4097770 GCTaskThread "GC Thread#0" [stack: 0x00000051e0b00000,0x00000051e0c00000] [id=6276]
  0x000001b70c983450 GCTaskThread "GC Thread#1" [stack: 0x00000051e2000000,0x00000051e2100000] [id=13672]
  0x000001b70cc9ef40 GCTaskThread "GC Thread#2" [stack: 0x00000051e2100000,0x00000051e2200000] [id=14552]
  0x000001b70cbc5860 GCTaskThread "GC Thread#3" [stack: 0x00000051e2200000,0x00000051e2300000] [id=11092]
  0x000001b70ca81790 GCTaskThread "GC Thread#4" [stack: 0x00000051e2300000,0x00000051e2400000] [id=1240]
  0x000001b70cc2fdc0 GCTaskThread "GC Thread#5" [stack: 0x00000051e2400000,0x00000051e2500000] [id=7604]
  0x000001b70d54a3c0 GCTaskThread "GC Thread#6" [stack: 0x00000051e2700000,0x00000051e2800000] [id=5072]
  0x000001b70cd89290 GCTaskThread "GC Thread#7" [stack: 0x00000051e2800000,0x00000051e2900000] [id=2236]
  0x000001b6a40a8360 ConcurrentGCThread "G1 Main Marker" [stack: 0x00000051e0c00000,0x00000051e0d00000] [id=17876]
  0x000001b6a40a9410 ConcurrentGCThread "G1 Conc#0" [stack: 0x00000051e0d00000,0x00000051e0e00000] [id=5940]
  0x000001b6c6b744f0 ConcurrentGCThread "G1 Refine#0" [stack: 0x00000051e0e00000,0x00000051e0f00000] [id=14744]
  0x000001b6c6b74e20 ConcurrentGCThread "G1 Service" [stack: 0x00000051e0f00000,0x00000051e1000000] [id=16832]

Threads with active compile tasks:
C2 CompilerThread0     1279 2235       4       jdk.internal.module.SystemModuleFinders$SystemModuleReader::find (59 bytes)
C2 CompilerThread1     1279 2383       4       jdk.internal.jimage.ImageLocation::verify (218 bytes)
C2 CompilerThread2     1279 2290       4       jdk.internal.module.SystemModuleFinders$SystemModuleReader::containsImageLocation (42 bytes)

VM state: not at safepoint (normal execution)

VM Mutex/Monitor currently owned by a thread: None

Heap address: 0x0000000703200000, size: 4046 MB, Compressed Oops mode: Zero based, Oop shift amount: 3

CDS archive(s) mapped at: [0x000001b6c7000000-0x000001b6c7bd0000-0x000001b6c7bd0000), size 12386304, SharedBaseAddress: 0x000001b6c7000000, ArchiveRelocationMode: 1.
Compressed class space mapped at: 0x000001b6c8000000-0x000001b708000000, reserved size: 1073741824
Narrow klass base: 0x000001b6c7000000, Narrow klass shift: 0, Narrow klass range: 0x100000000

GC Precious Log:
 CPUs: 8 total, 8 available
 Memory: 16183M
 Large Page Support: Disabled
 NUMA Support: Disabled
 Compressed Oops: Enabled (Zero based)
 Heap Region Size: 2M
 Heap Min Capacity: 8M
 Heap Initial Capacity: 254M
 Heap Max Capacity: 4046M
 Pre-touch: Disabled
 Parallel Workers: 8
 Concurrent Workers: 2
 Concurrent Refinement Workers: 8
 Periodic GC: Disabled

Heap:
 garbage-first heap   total 260096K, used 51957K [0x0000000703200000, 0x0000000800000000)
  region size 2048K, 25 young (51200K), 2 survivors (4096K)
 Metaspace       used 18092K, committed 18368K, reserved 1114112K
  class space    used 2226K, committed 2368K, reserved 1048576K

Heap Regions: E=young(eden), S=young(survivor), O=old, HS=humongous(starts), HC=humongous(continues), CS=collection set, F=free, OA=open archive, CA=closed archive, TAMS=top-at-mark-start (previous, next)
|   0|0x0000000703200000, 0x0000000703400000, 0x0000000703400000|100%| O|  |TAMS 0x0000000703200000, 0x0000000703200000| Untracked 
|   1|0x0000000703400000, 0x0000000703600000, 0x0000000703600000|100%| O|  |TAMS 0x0000000703400000, 0x0000000703400000| Untracked 
|   2|0x0000000703600000, 0x0000000703694400, 0x0000000703800000| 28%| O|  |TAMS 0x0000000703600000, 0x0000000703600000| Untracked 
|   3|0x0000000703800000, 0x0000000703800000, 0x0000000703a00000|  0%| F|  |TAMS 0x0000000703800000, 0x0000000703800000| Untracked 
|   4|0x0000000703a00000, 0x0000000703a00000, 0x0000000703c00000|  0%| F|  |TAMS 0x0000000703a00000, 0x0000000703a00000| Untracked 
|   5|0x0000000703c00000, 0x0000000703c00000, 0x0000000703e00000|  0%| F|  |TAMS 0x0000000703c00000, 0x0000000703c00000| Untracked 
|   6|0x0000000703e00000, 0x0000000703e00000, 0x0000000704000000|  0%| F|  |TAMS 0x0000000703e00000, 0x0000000703e00000| Untracked 
|   7|0x0000000704000000, 0x0000000704000000, 0x0000000704200000|  0%| F|  |TAMS 0x0000000704000000, 0x0000000704000000| Untracked 
|   8|0x0000000704200000, 0x0000000704200000, 0x0000000704400000|  0%| F|  |TAMS 0x0000000704200000, 0x0000000704200000| Untracked 
|   9|0x0000000704400000, 0x0000000704400000, 0x0000000704600000|  0%| F|  |TAMS 0x0000000704400000, 0x0000000704400000| Untracked 
|  10|0x0000000704600000, 0x0000000704600000, 0x0000000704800000|  0%| F|  |TAMS 0x0000000704600000, 0x0000000704600000| Untracked 
|  11|0x0000000704800000, 0x0000000704800000, 0x0000000704a00000|  0%| F|  |TAMS 0x0000000704800000, 0x0000000704800000| Untracked 
|  12|0x0000000704a00000, 0x0000000704a00000, 0x0000000704c00000|  0%| F|  |TAMS 0x0000000704a00000, 0x0000000704a00000| Untracked 
|  13|0x0000000704c00000, 0x0000000704c00000, 0x0000000704e00000|  0%| F|  |TAMS 0x0000000704c00000, 0x0000000704c00000| Untracked 
|  14|0x0000000704e00000, 0x0000000704e00000, 0x0000000705000000|  0%| F|  |TAMS 0x0000000704e00000, 0x0000000704e00000| Untracked 
|  15|0x0000000705000000, 0x0000000705000000, 0x0000000705200000|  0%| F|  |TAMS 0x0000000705000000, 0x0000000705000000| Untracked 
|  16|0x0000000705200000, 0x0000000705200000, 0x0000000705400000|  0%| F|  |TAMS 0x0000000705200000, 0x0000000705200000| Untracked 
|  17|0x0000000705400000, 0x0000000705400000, 0x0000000705600000|  0%| F|  |TAMS 0x0000000705400000, 0x0000000705400000| Untracked 
|  18|0x0000000705600000, 0x0000000705600000, 0x0000000705800000|  0%| F|  |TAMS 0x0000000705600000, 0x0000000705600000| Untracked 
|  19|0x0000000705800000, 0x0000000705800000, 0x0000000705a00000|  0%| F|  |TAMS 0x0000000705800000, 0x0000000705800000| Untracked 
|  20|0x0000000705a00000, 0x0000000705a00000, 0x0000000705c00000|  0%| F|  |TAMS 0x0000000705a00000, 0x0000000705a00000| Untracked 
|  21|0x0000000705c00000, 0x0000000705c00000, 0x0000000705e00000|  0%| F|  |TAMS 0x0000000705c00000, 0x0000000705c00000| Untracked 
|  22|0x0000000705e00000, 0x0000000705e00000, 0x0000000706000000|  0%| F|  |TAMS 0x0000000705e00000, 0x0000000705e00000| Untracked 
|  23|0x0000000706000000, 0x0000000706000000, 0x0000000706200000|  0%| F|  |TAMS 0x0000000706000000, 0x0000000706000000| Untracked 
|  24|0x0000000706200000, 0x0000000706200000, 0x0000000706400000|  0%| F|  |TAMS 0x0000000706200000, 0x0000000706200000| Untracked 
|  25|0x0000000706400000, 0x0000000706400000, 0x0000000706600000|  0%| F|  |TAMS 0x0000000706400000, 0x0000000706400000| Untracked 
|  26|0x0000000706600000, 0x0000000706600000, 0x0000000706800000|  0%| F|  |TAMS 0x0000000706600000, 0x0000000706600000| Untracked 
|  27|0x0000000706800000, 0x0000000706800000, 0x0000000706a00000|  0%| F|  |TAMS 0x0000000706800000, 0x0000000706800000| Untracked 
|  28|0x0000000706a00000, 0x0000000706a00000, 0x0000000706c00000|  0%| F|  |TAMS 0x0000000706a00000, 0x0000000706a00000| Untracked 
|  29|0x0000000706c00000, 0x0000000706c00000, 0x0000000706e00000|  0%| F|  |TAMS 0x0000000706c00000, 0x0000000706c00000| Untracked 
|  30|0x0000000706e00000, 0x0000000706e00000, 0x0000000707000000|  0%| F|  |TAMS 0x0000000706e00000, 0x0000000706e00000| Untracked 
|  31|0x0000000707000000, 0x0000000707000000, 0x0000000707200000|  0%| F|  |TAMS 0x0000000707000000, 0x0000000707000000| Untracked 
|  32|0x0000000707200000, 0x0000000707200000, 0x0000000707400000|  0%| F|  |TAMS 0x0000000707200000, 0x0000000707200000| Untracked 
|  33|0x0000000707400000, 0x0000000707400000, 0x0000000707600000|  0%| F|  |TAMS 0x0000000707400000, 0x0000000707400000| Untracked 
|  34|0x0000000707600000, 0x0000000707600000, 0x0000000707800000|  0%| F|  |TAMS 0x0000000707600000, 0x0000000707600000| Untracked 
|  35|0x0000000707800000, 0x0000000707800000, 0x0000000707a00000|  0%| F|  |TAMS 0x0000000707800000, 0x0000000707800000| Untracked 
|  36|0x0000000707a00000, 0x0000000707a00000, 0x0000000707c00000|  0%| F|  |TAMS 0x0000000707a00000, 0x0000000707a00000| Untracked 
|  37|0x0000000707c00000, 0x0000000707c00000, 0x0000000707e00000|  0%| F|  |TAMS 0x0000000707c00000, 0x0000000707c00000| Untracked 
|  38|0x0000000707e00000, 0x0000000707e00000, 0x0000000708000000|  0%| F|  |TAMS 0x0000000707e00000, 0x0000000707e00000| Untracked 
|  39|0x0000000708000000, 0x0000000708000000, 0x0000000708200000|  0%| F|  |TAMS 0x0000000708000000, 0x0000000708000000| Untracked 
|  40|0x0000000708200000, 0x0000000708200000, 0x0000000708400000|  0%| F|  |TAMS 0x0000000708200000, 0x0000000708200000| Untracked 
|  41|0x0000000708400000, 0x0000000708400000, 0x0000000708600000|  0%| F|  |TAMS 0x0000000708400000, 0x0000000708400000| Untracked 
|  42|0x0000000708600000, 0x0000000708600000, 0x0000000708800000|  0%| F|  |TAMS 0x0000000708600000, 0x0000000708600000| Untracked 
|  43|0x0000000708800000, 0x0000000708800000, 0x0000000708a00000|  0%| F|  |TAMS 0x0000000708800000, 0x0000000708800000| Untracked 
|  44|0x0000000708a00000, 0x0000000708a00000, 0x0000000708c00000|  0%| F|  |TAMS 0x0000000708a00000, 0x0000000708a00000| Untracked 
|  45|0x0000000708c00000, 0x0000000708c00000, 0x0000000708e00000|  0%| F|  |TAMS 0x0000000708c00000, 0x0000000708c00000| Untracked 
|  46|0x0000000708e00000, 0x0000000708e00000, 0x0000000709000000|  0%| F|  |TAMS 0x0000000708e00000, 0x0000000708e00000| Untracked 
|  47|0x0000000709000000, 0x0000000709000000, 0x0000000709200000|  0%| F|  |TAMS 0x0000000709000000, 0x0000000709000000| Untracked 
|  48|0x0000000709200000, 0x0000000709200000, 0x0000000709400000|  0%| F|  |TAMS 0x0000000709200000, 0x0000000709200000| Untracked 
|  49|0x0000000709400000, 0x0000000709400000, 0x0000000709600000|  0%| F|  |TAMS 0x0000000709400000, 0x0000000709400000| Untracked 
|  50|0x0000000709600000, 0x0000000709600000, 0x0000000709800000|  0%| F|  |TAMS 0x0000000709600000, 0x0000000709600000| Untracked 
|  51|0x0000000709800000, 0x0000000709800000, 0x0000000709a00000|  0%| F|  |TAMS 0x0000000709800000, 0x0000000709800000| Untracked 
|  52|0x0000000709a00000, 0x0000000709a00000, 0x0000000709c00000|  0%| F|  |TAMS 0x0000000709a00000, 0x0000000709a00000| Untracked 
|  53|0x0000000709c00000, 0x0000000709c00000, 0x0000000709e00000|  0%| F|  |TAMS 0x0000000709c00000, 0x0000000709c00000| Untracked 
|  54|0x0000000709e00000, 0x0000000709e00000, 0x000000070a000000|  0%| F|  |TAMS 0x0000000709e00000, 0x0000000709e00000| Untracked 
|  55|0x000000070a000000, 0x000000070a000000, 0x000000070a200000|  0%| F|  |TAMS 0x000000070a000000, 0x000000070a000000| Untracked 
|  56|0x000000070a200000, 0x000000070a200000, 0x000000070a400000|  0%| F|  |TAMS 0x000000070a200000, 0x000000070a200000| Untracked 
|  57|0x000000070a400000, 0x000000070a400000, 0x000000070a600000|  0%| F|  |TAMS 0x000000070a400000, 0x000000070a400000| Untracked 
|  58|0x000000070a600000, 0x000000070a600000, 0x000000070a800000|  0%| F|  |TAMS 0x000000070a600000, 0x000000070a600000| Untracked 
|  59|0x000000070a800000, 0x000000070a800000, 0x000000070aa00000|  0%| F|  |TAMS 0x000000070a800000, 0x000000070a800000| Untracked 
|  60|0x000000070aa00000, 0x000000070aa00000, 0x000000070ac00000|  0%| F|  |TAMS 0x000000070aa00000, 0x000000070aa00000| Untracked 
|  61|0x000000070ac00000, 0x000000070ac00000, 0x000000070ae00000|  0%| F|  |TAMS 0x000000070ac00000, 0x000000070ac00000| Untracked 
|  62|0x000000070ae00000, 0x000000070ae00000, 0x000000070b000000|  0%| F|  |TAMS 0x000000070ae00000, 0x000000070ae00000| Untracked 
|  63|0x000000070b000000, 0x000000070b000000, 0x000000070b200000|  0%| F|  |TAMS 0x000000070b000000, 0x000000070b000000| Untracked 
|  64|0x000000070b200000, 0x000000070b200000, 0x000000070b400000|  0%| F|  |TAMS 0x000000070b200000, 0x000000070b200000| Untracked 
|  65|0x000000070b400000, 0x000000070b400000, 0x000000070b600000|  0%| F|  |TAMS 0x000000070b400000, 0x000000070b400000| Untracked 
|  66|0x000000070b600000, 0x000000070b600000, 0x000000070b800000|  0%| F|  |TAMS 0x000000070b600000, 0x000000070b600000| Untracked 
|  67|0x000000070b800000, 0x000000070b800000, 0x000000070ba00000|  0%| F|  |TAMS 0x000000070b800000, 0x000000070b800000| Untracked 
|  68|0x000000070ba00000, 0x000000070ba00000, 0x000000070bc00000|  0%| F|  |TAMS 0x000000070ba00000, 0x000000070ba00000| Untracked 
|  69|0x000000070bc00000, 0x000000070bc00000, 0x000000070be00000|  0%| F|  |TAMS 0x000000070bc00000, 0x000000070bc00000| Untracked 
|  70|0x000000070be00000, 0x000000070be00000, 0x000000070c000000|  0%| F|  |TAMS 0x000000070be00000, 0x000000070be00000| Untracked 
|  71|0x000000070c000000, 0x000000070c000000, 0x000000070c200000|  0%| F|  |TAMS 0x000000070c000000, 0x000000070c000000| Untracked 
|  72|0x000000070c200000, 0x000000070c200000, 0x000000070c400000|  0%| F|  |TAMS 0x000000070c200000, 0x000000070c200000| Untracked 
|  73|0x000000070c400000, 0x000000070c400000, 0x000000070c600000|  0%| F|  |TAMS 0x000000070c400000, 0x000000070c400000| Untracked 
|  74|0x000000070c600000, 0x000000070c600000, 0x000000070c800000|  0%| F|  |TAMS 0x000000070c600000, 0x000000070c600000| Untracked 
|  75|0x000000070c800000, 0x000000070c800000, 0x000000070ca00000|  0%| F|  |TAMS 0x000000070c800000, 0x000000070c800000| Untracked 
|  76|0x000000070ca00000, 0x000000070ca00000, 0x000000070cc00000|  0%| F|  |TAMS 0x000000070ca00000, 0x000000070ca00000| Untracked 
|  77|0x000000070cc00000, 0x000000070cc00000, 0x000000070ce00000|  0%| F|  |TAMS 0x000000070cc00000, 0x000000070cc00000| Untracked 
|  78|0x000000070ce00000, 0x000000070ce00000, 0x000000070d000000|  0%| F|  |TAMS 0x000000070ce00000, 0x000000070ce00000| Untracked 
|  79|0x000000070d000000, 0x000000070d000000, 0x000000070d200000|  0%| F|  |TAMS 0x000000070d000000, 0x000000070d000000| Untracked 
|  80|0x000000070d200000, 0x000000070d200000, 0x000000070d400000|  0%| F|  |TAMS 0x000000070d200000, 0x000000070d200000| Untracked 
|  81|0x000000070d400000, 0x000000070d400000, 0x000000070d600000|  0%| F|  |TAMS 0x000000070d400000, 0x000000070d400000| Untracked 
|  82|0x000000070d600000, 0x000000070d600000, 0x000000070d800000|  0%| F|  |TAMS 0x000000070d600000, 0x000000070d600000| Untracked 
|  83|0x000000070d800000, 0x000000070d800000, 0x000000070da00000|  0%| F|  |TAMS 0x000000070d800000, 0x000000070d800000| Untracked 
|  84|0x000000070da00000, 0x000000070da00000, 0x000000070dc00000|  0%| F|  |TAMS 0x000000070da00000, 0x000000070da00000| Untracked 
|  85|0x000000070dc00000, 0x000000070dc00000, 0x000000070de00000|  0%| F|  |TAMS 0x000000070dc00000, 0x000000070dc00000| Untracked 
|  86|0x000000070de00000, 0x000000070de00000, 0x000000070e000000|  0%| F|  |TAMS 0x000000070de00000, 0x000000070de00000| Untracked 
|  87|0x000000070e000000, 0x000000070e000000, 0x000000070e200000|  0%| F|  |TAMS 0x000000070e000000, 0x000000070e000000| Untracked 
|  88|0x000000070e200000, 0x000000070e200000, 0x000000070e400000|  0%| F|  |TAMS 0x000000070e200000, 0x000000070e200000| Untracked 
|  89|0x000000070e400000, 0x000000070e400000, 0x000000070e600000|  0%| F|  |TAMS 0x000000070e400000, 0x000000070e400000| Untracked 
|  90|0x000000070e600000, 0x000000070e600000, 0x000000070e800000|  0%| F|  |TAMS 0x000000070e600000, 0x000000070e600000| Untracked 
|  91|0x000000070e800000, 0x000000070e800000, 0x000000070ea00000|  0%| F|  |TAMS 0x000000070e800000, 0x000000070e800000| Untracked 
|  92|0x000000070ea00000, 0x000000070ea00000, 0x000000070ec00000|  0%| F|  |TAMS 0x000000070ea00000, 0x000000070ea00000| Untracked 
|  93|0x000000070ec00000, 0x000000070ec00000, 0x000000070ee00000|  0%| F|  |TAMS 0x000000070ec00000, 0x000000070ec00000| Untracked 
|  94|0x000000070ee00000, 0x000000070ee00000, 0x000000070f000000|  0%| F|  |TAMS 0x000000070ee00000, 0x000000070ee00000| Untracked 
|  95|0x000000070f000000, 0x000000070f000000, 0x000000070f200000|  0%| F|  |TAMS 0x000000070f000000, 0x000000070f000000| Untracked 
|  96|0x000000070f200000, 0x000000070f200000, 0x000000070f400000|  0%| F|  |TAMS 0x000000070f200000, 0x000000070f200000| Untracked 
|  97|0x000000070f400000, 0x000000070f400000, 0x000000070f600000|  0%| F|  |TAMS 0x000000070f400000, 0x000000070f400000| Untracked 
|  98|0x000000070f600000, 0x000000070f600000, 0x000000070f800000|  0%| F|  |TAMS 0x000000070f600000, 0x000000070f600000| Untracked 
|  99|0x000000070f800000, 0x000000070f800000, 0x000000070fa00000|  0%| F|  |TAMS 0x000000070f800000, 0x000000070f800000| Untracked 
| 100|0x000000070fa00000, 0x000000070fa00000, 0x000000070fc00000|  0%| F|  |TAMS 0x000000070fa00000, 0x000000070fa00000| Untracked 
| 101|0x000000070fc00000, 0x000000070fc00000, 0x000000070fe00000|  0%| F|  |TAMS 0x000000070fc00000, 0x000000070fc00000| Untracked 
| 102|0x000000070fe00000, 0x0000000710000000, 0x0000000710000000|100%| E|  |TAMS 0x000000070fe00000, 0x000000070fe00000| Complete 
| 103|0x0000000710000000, 0x0000000710200000, 0x0000000710200000|100%| E|CS|TAMS 0x0000000710000000, 0x0000000710000000| Complete 
| 104|0x0000000710200000, 0x0000000710400000, 0x0000000710400000|100%| E|CS|TAMS 0x0000000710200000, 0x0000000710200000| Complete 
| 105|0x0000000710400000, 0x0000000710600000, 0x0000000710600000|100%| E|CS|TAMS 0x0000000710400000, 0x0000000710400000| Complete 
| 106|0x0000000710600000, 0x0000000710800000, 0x0000000710800000|100%| E|CS|TAMS 0x0000000710600000, 0x0000000710600000| Complete 
| 107|0x0000000710800000, 0x0000000710a00000, 0x0000000710a00000|100%| E|CS|TAMS 0x0000000710800000, 0x0000000710800000| Complete 
| 108|0x0000000710a00000, 0x0000000710c00000, 0x0000000710c00000|100%| E|CS|TAMS 0x0000000710a00000, 0x0000000710a00000| Complete 
| 109|0x0000000710c00000, 0x0000000710e00000, 0x0000000710e00000|100%| E|CS|TAMS 0x0000000710c00000, 0x0000000710c00000| Complete 
| 110|0x0000000710e00000, 0x0000000710e29370, 0x0000000711000000|  8%| S|CS|TAMS 0x0000000710e00000, 0x0000000710e00000| Complete 
| 111|0x0000000711000000, 0x0000000711200000, 0x0000000711200000|100%| S|CS|TAMS 0x0000000711000000, 0x0000000711000000| Complete 
| 112|0x0000000711200000, 0x0000000711400000, 0x0000000711400000|100%| E|CS|TAMS 0x0000000711200000, 0x0000000711200000| Complete 
| 113|0x0000000711400000, 0x0000000711600000, 0x0000000711600000|100%| E|CS|TAMS 0x0000000711400000, 0x0000000711400000| Complete 
| 114|0x0000000711600000, 0x0000000711800000, 0x0000000711800000|100%| E|CS|TAMS 0x0000000711600000, 0x0000000711600000| Complete 
| 115|0x0000000711800000, 0x0000000711a00000, 0x0000000711a00000|100%| E|CS|TAMS 0x0000000711800000, 0x0000000711800000| Complete 
| 116|0x0000000711a00000, 0x0000000711c00000, 0x0000000711c00000|100%| E|CS|TAMS 0x0000000711a00000, 0x0000000711a00000| Complete 
| 117|0x0000000711c00000, 0x0000000711e00000, 0x0000000711e00000|100%| E|CS|TAMS 0x0000000711c00000, 0x0000000711c00000| Complete 
| 118|0x0000000711e00000, 0x0000000712000000, 0x0000000712000000|100%| E|CS|TAMS 0x0000000711e00000, 0x0000000711e00000| Complete 
| 119|0x0000000712000000, 0x0000000712200000, 0x0000000712200000|100%| E|CS|TAMS 0x0000000712000000, 0x0000000712000000| Complete 
| 120|0x0000000712200000, 0x0000000712400000, 0x0000000712400000|100%| E|CS|TAMS 0x0000000712200000, 0x0000000712200000| Complete 
| 121|0x0000000712400000, 0x0000000712600000, 0x0000000712600000|100%| E|CS|TAMS 0x0000000712400000, 0x0000000712400000| Complete 
| 122|0x0000000712600000, 0x0000000712800000, 0x0000000712800000|100%| E|CS|TAMS 0x0000000712600000, 0x0000000712600000| Complete 
| 123|0x0000000712800000, 0x0000000712a00000, 0x0000000712a00000|100%| E|CS|TAMS 0x0000000712800000, 0x0000000712800000| Complete 
| 124|0x0000000712a00000, 0x0000000712c00000, 0x0000000712c00000|100%| E|CS|TAMS 0x0000000712a00000, 0x0000000712a00000| Complete 
| 125|0x0000000712c00000, 0x0000000712e00000, 0x0000000712e00000|100%| E|CS|TAMS 0x0000000712c00000, 0x0000000712c00000| Complete 
| 126|0x0000000712e00000, 0x0000000713000000, 0x0000000713000000|100%| E|CS|TAMS 0x0000000712e00000, 0x0000000712e00000| Complete 

Card table byte_map: [0x000001b6bb3f0000,0x000001b6bbbe0000] _byte_map_base: 0x000001b6b7bd7000

Marking Bits (Prev, Next): (CMBitMap*) 0x000001b6a4097c90, (CMBitMap*) 0x000001b6a4097cd0
 Prev Bits: [0x000001b6bc3d0000, 0x000001b6c0308000)
 Next Bits: [0x000001b6c0310000, 0x000001b6c4248000)

Polling page: 0x000001b6a1f10000

Metaspace:

Usage:
  Non-class:     15.50 MB used.
      Class:      2.18 MB used.
       Both:     17.68 MB used.

Virtual space:
  Non-class space:       64.00 MB reserved,      15.69 MB ( 25%) committed,  1 nodes.
      Class space:        1.00 GB reserved,       2.31 MB ( <1%) committed,  1 nodes.
             Both:        1.06 GB reserved,      18.00 MB (  2%) committed. 

Chunk freelists:
   Non-Class:  15.73 MB
       Class:  13.70 MB
        Both:  29.44 MB

MaxMetaspaceSize: unlimited
CompressedClassSpaceSize: 1.00 GB
Initial GC threshold: 21.00 MB
Current GC threshold: 21.00 MB
CDS: on
MetaspaceReclaimPolicy: balanced
 - commit_granule_bytes: 65536.
 - commit_granule_words: 8192.
 - virtual_space_node_default_size: 8388608.
 - enlarge_chunks_in_place: 1.
 - new_chunks_are_fully_committed: 0.
 - uncommit_free_chunks: 1.
 - use_allocation_guard: 0.
 - handle_deallocations: 1.


Internal statistics:

num_allocs_failed_limit: 0.
num_arena_births: 230.
num_arena_deaths: 0.
num_vsnodes_births: 2.
num_vsnodes_deaths: 0.
num_space_committed: 288.
num_space_uncommitted: 0.
num_chunks_returned_to_freelist: 0.
num_chunks_taken_from_freelist: 826.
num_chunk_merges: 0.
num_chunk_splits: 566.
num_chunks_enlarged: 443.
num_inconsistent_stats: 0.

CodeHeap 'non-profiled nmethods': size=120000Kb used=1105Kb max_used=1105Kb free=118894Kb
 bounds [0x000001b6b33a0000, 0x000001b6b3610000, 0x000001b6ba8d0000]
CodeHeap 'profiled nmethods': size=120000Kb used=5331Kb max_used=5331Kb free=114668Kb
 bounds [0x000001b6ab8d0000, 0x000001b6abe10000, 0x000001b6b2e00000]
CodeHeap 'non-nmethods': size=5760Kb used=1217Kb max_used=1273Kb free=4542Kb
 bounds [0x000001b6b2e00000, 0x000001b6b3070000, 0x000001b6b33a0000]
 total_blobs=3094 nmethods=2592 adapters=414
 compilation: enabled
              stopped_count=0, restarted_count=0
 full_count=0

Compilation events (20 events):
Event: 1.245 Thread 0x000001b6c6cdd010 2527       3       org.springframework.core.annotation.MergedAnnotationsCollection::spliterator (6 bytes)
Event: 1.245 Thread 0x000001b6c6cdd010 nmethod 2527 0x000001b6abdca490 code [0x000001b6abdca640, 0x000001b6abdcaa38]
Event: 1.247 Thread 0x000001b6c6cdd010 2529       3       java.lang.Class::getConstructor0 (83 bytes)
Event: 1.247 Thread 0x000001b6c6cdd010 nmethod 2529 0x000001b6abdcab90 code [0x000001b6abdcae00, 0x000001b6abdcb898]
Event: 1.247 Thread 0x000001b6c6cdd010 2531   !   3       org.springframework.context.annotation.ConfigurationClassParser$SourceClass::getAnnotations (173 bytes)
Event: 1.248 Thread 0x000001b6c6cdd010 nmethod 2531 0x000001b6abdcbd90 code [0x000001b6abdcc100, 0x000001b6abdcd798]
Event: 1.248 Thread 0x000001b6c6cdd010 2534       3       org.springframework.core.annotation.MergedAnnotationsCollection::find (174 bytes)
Event: 1.248 Thread 0x000001b6c6cdd010 nmethod 2534 0x000001b6abdcdf90 code [0x000001b6abdce240, 0x000001b6abdcf178]
Event: 1.248 Thread 0x000001b6c6cdd010 2532       3       org.springframework.context.annotation.ConfigurationClassParser$SourceClass::getAnnotationAttributes (100 bytes)
Event: 1.249 Thread 0x000001b6c6cdd010 nmethod 2532 0x000001b6abdcf710 code [0x000001b6abdcf960, 0x000001b6abdd0338]
Event: 1.249 Thread 0x000001b6c6cdd010 2535   !   3       org.springframework.boot.autoconfigure.condition.ConditionEvaluationReport::get (68 bytes)
Event: 1.253 Thread 0x000001b6c6cdd010 nmethod 2535 0x000001b6abdd0690 code [0x000001b6abdd09c0, 0x000001b6abdd1f38]
Event: 1.253 Thread 0x000001b6c6cdd010 2533       3       org.springframework.core.annotation.MergedAnnotationsCollection::get (23 bytes)
Event: 1.253 Thread 0x000001b6c6cdd010 nmethod 2533 0x000001b6abdd2810 code [0x000001b6abdd29c0, 0x000001b6abdd2c28]
Event: 1.253 Thread 0x000001b6c6cdd010 2530       3       org.springframework.core.annotation.AnnotationAwareOrderComparator::findOrderFromAnnotation (69 bytes)
Event: 1.254 Thread 0x000001b6c6cdd010 nmethod 2530 0x000001b6abdd2d10 code [0x000001b6abdd2f40, 0x000001b6abdd3878]
Event: 1.254 Thread 0x000001b6c6cdd010 2538       3       org.springframework.util.MultiValueMapAdapter$$Lambda$38/0x000001b6c803db10::apply (5 bytes)
Event: 1.254 Thread 0x000001b6c6cdd010 nmethod 2538 0x000001b6abdd3b10 code [0x000001b6abdd3cc0, 0x000001b6abdd3ec8]
Event: 1.254 Thread 0x000001b6c6cdd010 2539       3       org.springframework.core.annotation.MergedAnnotation$Adapt::values (34 bytes)
Event: 1.255 Thread 0x000001b6c6cdd010 nmethod 2539 0x000001b6abdd3f90 code [0x000001b6abdd41a0, 0x000001b6abdd47b8]

GC Heap History (4 events):
Event: 0.438 GC heap before
{Heap before GC invocations=0 (full 0):
 garbage-first heap   total 260096K, used 22528K [0x0000000703200000, 0x0000000800000000)
  region size 2048K, 11 young (22528K), 0 survivors (0K)
 Metaspace       used 5445K, committed 5696K, reserved 1114112K
  class space    used 639K, committed 768K, reserved 1048576K
}
Event: 0.440 GC heap after
{Heap after GC invocations=1 (full 0):
 garbage-first heap   total 260096K, used 4684K [0x0000000703200000, 0x0000000800000000)
  region size 2048K, 2 young (4096K), 2 survivors (4096K)
 Metaspace       used 5445K, committed 5696K, reserved 1114112K
  class space    used 639K, committed 768K, reserved 1048576K
}
Event: 0.771 GC heap before
{Heap before GC invocations=1 (full 0):
 garbage-first heap   total 260096K, used 29260K [0x0000000703200000, 0x0000000800000000)
  region size 2048K, 15 young (30720K), 2 survivors (4096K)
 Metaspace       used 11143K, committed 11392K, reserved 1114112K
  class space    used 1366K, committed 1472K, reserved 1048576K
}
Event: 0.775 GC heap after
{Heap after GC invocations=2 (full 0):
 garbage-first heap   total 260096K, used 6901K [0x0000000703200000, 0x0000000800000000)
  region size 2048K, 2 young (4096K), 2 survivors (4096K)
 Metaspace       used 11143K, committed 11392K, reserved 1114112K
  class space    used 1366K, committed 1472K, reserved 1048576K
}

Deoptimization events (20 events):
Event: 1.139 Thread 0x000001b70ca6c000 Uncommon trap: trap_request=0xffffff45 fr.pc=0x000001b6b3430fcc relative=0x000000000000264c
Event: 1.139 Thread 0x000001b70ca6c000 Uncommon trap: reason=unstable_if action=reinterpret pc=0x000001b6b3430fcc method=org.springframework.boot.context.properties.source.ConfigurationPropertyName$ElementsParser.add(IILorg/springframework/boot/context/properties/source/ConfigurationPropertyNa
Event: 1.139 Thread 0x000001b70ca6c000 DEOPT PACKING pc=0x000001b6b3430fcc sp=0x00000051e1ffd4e0
Event: 1.139 Thread 0x000001b70ca6c000 DEOPT UNPACKING pc=0x000001b6b2e55ba3 sp=0x00000051e1ffd428 mode 2
Event: 1.172 Thread 0x000001b70ca6c000 Uncommon trap: trap_request=0xffffffbe fr.pc=0x000001b6b34aac5c relative=0x0000000000001a9c
Event: 1.172 Thread 0x000001b70ca6c000 Uncommon trap: reason=profile_predicate action=maybe_recompile pc=0x000001b6b34aac5c method=jdk.internal.jimage.ImageStringsReader.stringFromByteBufferMatches(Ljava/nio/ByteBuffer;ILjava/lang/String;I)I @ 19 c2
Event: 1.172 Thread 0x000001b70ca6c000 DEOPT PACKING pc=0x000001b6b34aac5c sp=0x00000051e1ffcc80
Event: 1.172 Thread 0x000001b70ca6c000 DEOPT UNPACKING pc=0x000001b6b2e55ba3 sp=0x00000051e1ffc9d8 mode 2
Event: 1.172 Thread 0x000001b70ca6c000 Uncommon trap: trap_request=0xffffffbe fr.pc=0x000001b6b34aac5c relative=0x0000000000001a9c
Event: 1.172 Thread 0x000001b70ca6c000 Uncommon trap: reason=profile_predicate action=maybe_recompile pc=0x000001b6b34aac5c method=jdk.internal.jimage.ImageStringsReader.stringFromByteBufferMatches(Ljava/nio/ByteBuffer;ILjava/lang/String;I)I @ 19 c2
Event: 1.172 Thread 0x000001b70ca6c000 DEOPT PACKING pc=0x000001b6b34aac5c sp=0x00000051e1ffcc80
Event: 1.172 Thread 0x000001b70ca6c000 DEOPT UNPACKING pc=0x000001b6b2e55ba3 sp=0x00000051e1ffc9d8 mode 2
Event: 1.172 Thread 0x000001b70ca6c000 Uncommon trap: trap_request=0xffffffbe fr.pc=0x000001b6b34aac5c relative=0x0000000000001a9c
Event: 1.172 Thread 0x000001b70ca6c000 Uncommon trap: reason=profile_predicate action=maybe_recompile pc=0x000001b6b34aac5c method=jdk.internal.jimage.ImageStringsReader.stringFromByteBufferMatches(Ljava/nio/ByteBuffer;ILjava/lang/String;I)I @ 19 c2
Event: 1.172 Thread 0x000001b70ca6c000 DEOPT PACKING pc=0x000001b6b34aac5c sp=0x00000051e1ffcc80
Event: 1.172 Thread 0x000001b70ca6c000 DEOPT UNPACKING pc=0x000001b6b2e55ba3 sp=0x00000051e1ffc9d8 mode 2
Event: 1.172 Thread 0x000001b70ca6c000 Uncommon trap: trap_request=0xffffffbe fr.pc=0x000001b6b34aac5c relative=0x0000000000001a9c
Event: 1.172 Thread 0x000001b70ca6c000 Uncommon trap: reason=profile_predicate action=maybe_recompile pc=0x000001b6b34aac5c method=jdk.internal.jimage.ImageStringsReader.stringFromByteBufferMatches(Ljava/nio/ByteBuffer;ILjava/lang/String;I)I @ 19 c2
Event: 1.172 Thread 0x000001b70ca6c000 DEOPT PACKING pc=0x000001b6b34aac5c sp=0x00000051e1ffcc80
Event: 1.172 Thread 0x000001b70ca6c000 DEOPT UNPACKING pc=0x000001b6b2e55ba3 sp=0x00000051e1ffc9d8 mode 2

Classes unloaded (0 events):
No events

Classes redefined (0 events):
No events

Internal exceptions (20 events):
Event: 0.602 Thread 0x000001b70ca6c000 Exception <a 'java/lang/NoSuchMethodError'{0x0000000712469cb8}: 'void java.lang.invoke.DirectMethodHandle$Holder.invokeStaticInit(java.lang.Object, java.lang.Object, java.lang.Object)'> (0x0000000712469cb8) 
thrown [s\open\src\hotspot\share\interpreter\linkResolver.cpp, line 759]
Event: 0.604 Thread 0x000001b70ca6c000 Exception <a 'java/lang/NoSuchMethodError'{0x000000071248aaf8}: 'java.lang.Object java.lang.invoke.DirectMethodHandle$Holder.invokeVirtual(java.lang.Object, java.lang.Object, java.lang.Object)'> (0x000000071248aaf8) 
thrown [s\open\src\hotspot\share\interpreter\linkResolver.cpp, line 759]
Event: 0.607 Thread 0x000001b70ca6c000 Exception <a 'java/lang/NoSuchMethodError'{0x00000007124ae070}: 'java.lang.Object java.lang.invoke.DirectMethodHandle$Holder.invokeStatic(java.lang.Object, java.lang.Object, long, java.lang.Object)'> (0x00000007124ae070) 
thrown [s\open\src\hotspot\share\interpreter\linkResolver.cpp, line 759]
Event: 0.607 Thread 0x000001b70ca6c000 Exception <a 'java/lang/NoSuchMethodError'{0x00000007124b1b08}: 'java.lang.Object java.lang.invoke.DirectMethodHandle$Holder.invokeStaticInit(java.lang.Object, java.lang.Object, long, java.lang.Object)'> (0x00000007124b1b08) 
thrown [s\open\src\hotspot\share\interpreter\linkResolver.cpp, line 759]
Event: 0.607 Thread 0x000001b70ca6c000 Exception <a 'java/lang/NoSuchMethodError'{0x00000007124b8250}: 'java.lang.Object java.lang.invoke.DirectMethodHandle$Holder.newInvokeSpecial(java.lang.Object, java.lang.Object, long)'> (0x00000007124b8250) 
thrown [s\open\src\hotspot\share\interpreter\linkResolver.cpp, line 759]
Event: 0.607 Thread 0x000001b70ca6c000 Exception <a 'java/lang/NoSuchMethodError'{0x00000007124bbdc0}: 'java.lang.Object java.lang.invoke.Invokers$Holder.linkToTargetMethod(java.lang.Object, long, java.lang.Object)'> (0x00000007124bbdc0) 
thrown [s\open\src\hotspot\share\interpreter\linkResolver.cpp, line 759]
Event: 0.616 Thread 0x000001b70ca6c000 Exception <a 'java/lang/NoSuchMethodError'{0x0000000712530a88}: 'void java.lang.invoke.DirectMethodHandle$Holder.invokeVirtual(java.lang.Object, java.lang.Object, java.lang.Object, java.lang.Object)'> (0x0000000712530a88) 
thrown [s\open\src\hotspot\share\interpreter\linkResolver.cpp, line 759]
Event: 0.644 Thread 0x000001b70ca6c000 Exception <a 'java/lang/NoSuchMethodError'{0x0000000712303590}: 'void java.lang.invoke.DirectMethodHandle$Holder.invokeSpecial(java.lang.Object, java.lang.Object, java.lang.Object)'> (0x0000000712303590) 
thrown [s\open\src\hotspot\share\interpreter\linkResolver.cpp, line 759]
Event: 0.665 Thread 0x000001b70ca6c000 Exception <a 'java/lang/IncompatibleClassChangeError'{0x000000071201b288}: Found class java.lang.Object, but interface was expected> (0x000000071201b288) 
thrown [s\open\src\hotspot\share\interpreter\linkResolver.cpp, line 826]
Event: 0.666 Thread 0x000001b70cfc8010 Exception <a 'java/lang/NoClassDefFoundError'{0x00000007120677a0}: jakarta/validation/Validation> (0x00000007120677a0) 
thrown [s\open\src\hotspot\share\classfile\systemDictionary.cpp, line 245]
Event: 0.895 Thread 0x000001b70ca6c000 Exception <a 'sun/nio/fs/WindowsException'{0x00000007120726f0}> (0x00000007120726f0) 
thrown [s\open\src\hotspot\share\prims\jni.cpp, line 516]
Event: 0.896 Thread 0x000001b70ca6c000 Exception <a 'java/lang/NoSuchMethodError'{0x0000000712074648}: 'int java.lang.invoke.DirectMethodHandle$Holder.invokeSpecial(java.lang.Object, java.lang.Object, java.lang.Object, java.lang.Object, java.lang.Object)'> (0x0000000712074648) 
thrown [s\open\src\hotspot\share\interpreter\linkResolver.cpp, line 759]
Event: 0.897 Thread 0x000001b70ca6c000 Exception <a 'java/lang/NoSuchMethodError'{0x000000071207db28}: 'void java.lang.invoke.DirectMethodHandle$Holder.invokeVirtual(java.lang.Object, java.lang.Object)'> (0x000000071207db28) 
thrown [s\open\src\hotspot\share\interpreter\linkResolver.cpp, line 759]
Event: 0.918 Thread 0x000001b70cfc8010 Exception <a 'java/lang/NoSuchMethodError'{0x0000000711c3d138}: 'long java.lang.invoke.DirectMethodHandle$Holder.invokeSpecial(java.lang.Object, java.lang.Object)'> (0x0000000711c3d138) 
thrown [s\open\src\hotspot\share\interpreter\linkResolver.cpp, line 759]
Event: 0.919 Thread 0x000001b70cfc8010 Exception <a 'java/lang/NoSuchMethodError'{0x0000000711c47ce0}: 'long java.lang.invoke.DirectMethodHandle$Holder.invokeStatic(java.lang.Object, java.lang.Object)'> (0x0000000711c47ce0) 
thrown [s\open\src\hotspot\share\interpreter\linkResolver.cpp, line 759]
Event: 0.919 Thread 0x000001b70cfc8010 Exception <a 'java/lang/NoSuchMethodError'{0x0000000711c4b038}: 'long java.lang.invoke.DirectMethodHandle$Holder.invokeStaticInit(java.lang.Object, java.lang.Object)'> (0x0000000711c4b038) 
thrown [s\open\src\hotspot\share\interpreter\linkResolver.cpp, line 759]
Event: 0.921 Thread 0x000001b70cfc8010 Exception <a 'java/lang/NoSuchMethodError'{0x0000000711c58938}: 'long java.lang.invoke.DirectMethodHandle$Holder.invokeInterface(java.lang.Object, java.lang.Object)'> (0x0000000711c58938) 
thrown [s\open\src\hotspot\share\interpreter\linkResolver.cpp, line 759]
Event: 0.921 Thread 0x000001b70cfc8010 Exception <a 'java/lang/IncompatibleClassChangeError'{0x0000000711c5bc20}: Found class java.lang.Object, but interface was expected> (0x0000000711c5bc20) 
thrown [s\open\src\hotspot\share\interpreter\linkResolver.cpp, line 826]
Event: 0.925 Thread 0x000001b70cfc8010 Exception <a 'java/lang/NoSuchMethodError'{0x0000000711c79560}: 'java.lang.Object java.lang.invoke.DirectMethodHandle$Holder.invokeVirtual(java.lang.Object, java.lang.Object, java.lang.Object, java.lang.Object)'> (0x0000000711c79560) 
thrown [s\open\src\hotspot\share\interpreter\linkResolver.cpp, line 759]
Event: 1.043 Thread 0x000001b70ca6c000 Exception <a 'java/lang/IncompatibleClassChangeError'{0x0000000711314d48}: Found class java.lang.Object, but interface was expected> (0x0000000711314d48) 
thrown [s\open\src\hotspot\share\interpreter\linkResolver.cpp, line 826]

VM Operations (20 events):
Event: 0.423 Executing VM operation: HandshakeAllThreads
Event: 0.423 Executing VM operation: HandshakeAllThreads done
Event: 0.437 Executing VM operation: G1CollectForAllocation
Event: 0.440 Executing VM operation: G1CollectForAllocation done
Event: 0.559 Executing VM operation: HandshakeAllThreads
Event: 0.559 Executing VM operation: HandshakeAllThreads done
Event: 0.642 Executing VM operation: HandshakeAllThreads
Event: 0.642 Executing VM operation: HandshakeAllThreads done
Event: 0.771 Executing VM operation: G1CollectForAllocation
Event: 0.775 Executing VM operation: G1CollectForAllocation done
Event: 0.844 Executing VM operation: HandshakeAllThreads
Event: 0.844 Executing VM operation: HandshakeAllThreads done
Event: 0.880 Executing VM operation: HandshakeAllThreads
Event: 0.880 Executing VM operation: HandshakeAllThreads done
Event: 0.961 Executing VM operation: HandshakeAllThreads
Event: 0.961 Executing VM operation: HandshakeAllThreads done
Event: 0.983 Executing VM operation: HandshakeAllThreads
Event: 0.983 Executing VM operation: HandshakeAllThreads done
Event: 1.056 Executing VM operation: ICBufferFull
Event: 1.056 Executing VM operation: ICBufferFull done

Events (20 events):
Event: 0.991 loading class sun/security/provider/certpath/ldap/JdkLDAP
Event: 0.991 loading class sun/security/provider/certpath/ldap/JdkLDAP done
Event: 0.992 loading class sun/security/provider/certpath/ldap/JdkLDAP$ProviderService
Event: 0.992 loading class sun/security/provider/certpath/ldap/JdkLDAP$ProviderService done
Event: 0.992 loading class com/sun/security/sasl/Provider
Event: 0.992 loading class com/sun/security/sasl/Provider done
Event: 0.992 loading class com/sun/security/sasl/Provider$1
Event: 0.992 loading class com/sun/security/sasl/Provider$1 done
Event: 0.992 loading class com/sun/security/sasl/Provider$ProviderService
Event: 0.992 loading class com/sun/security/sasl/Provider$ProviderService done
Event: 0.994 Thread 0x000001b70cfc8010 Thread exited: 0x000001b70cfc8010
Event: 0.996 loading class javax/naming/ldap/LdapContext
Event: 0.996 loading class javax/naming/directory/DirContext
Event: 0.996 loading class javax/naming/directory/DirContext done
Event: 0.996 loading class javax/naming/ldap/LdapContext done
Event: 1.036 Thread 0x000001b70dbf05a0 Thread exited: 0x000001b70dbf05a0
Event: 1.169 loading class java/beans/PropertyVetoException
Event: 1.169 loading class java/beans/PropertyVetoException done
Event: 1.178 loading class sun/security/util/ManifestEntryVerifier
Event: 1.178 loading class sun/security/util/ManifestEntryVerifier done


Dynamic libraries:
0x00007ff610270000 - 0x00007ff610280000 	C:\Program Files\Java\jdk-17\bin\java.exe
0x00007ffce35b0000 - 0x00007ffce37a8000 	C:\Windows\SYSTEM32\ntdll.dll
0x00007ffc9afe0000 - 0x00007ffc9affa000 	C:\Program Files\Avast Software\Avast\aswhook.dll
0x00007ffce2a90000 - 0x00007ffce2b52000 	C:\Windows\System32\KERNEL32.DLL
0x00007ffce0e80000 - 0x00007ffce117e000 	C:\Windows\System32\KERNELBASE.dll
0x00007ffce1180000 - 0x00007ffce1280000 	C:\Windows\System32\ucrtbase.dll
0x00007ffcbc8a0000 - 0x00007ffcbc8b9000 	C:\Program Files\Java\jdk-17\bin\jli.dll
0x00007ffcbae20000 - 0x00007ffcbae3b000 	C:\Program Files\Java\jdk-17\bin\VCRUNTIME140.dll
0x00007ffce32e0000 - 0x00007ffce3392000 	C:\Windows\System32\ADVAPI32.dll
0x00007ffce24e0000 - 0x00007ffce257e000 	C:\Windows\System32\msvcrt.dll
0x00007ffce15d0000 - 0x00007ffce1670000 	C:\Windows\System32\sechost.dll
0x00007ffce2580000 - 0x00007ffce26a3000 	C:\Windows\System32\RPCRT4.dll
0x00007ffce0c50000 - 0x00007ffce0c77000 	C:\Windows\System32\bcrypt.dll
0x00007ffce28f0000 - 0x00007ffce2a8d000 	C:\Windows\System32\USER32.dll
0x00007ffce14f0000 - 0x00007ffce1512000 	C:\Windows\System32\win32u.dll
0x00007ffce2760000 - 0x00007ffce278b000 	C:\Windows\System32\GDI32.dll
0x00007ffce0d60000 - 0x00007ffce0e77000 	C:\Windows\System32\gdi32full.dll
0x00007ffcbda10000 - 0x00007ffcbdcaa000 	C:\Windows\WinSxS\amd64_microsoft.windows.common-controls_6595b64144ccf1df_6.0.19041.4355_none_60b8b9eb71f62e16\COMCTL32.dll
0x00007ffce12f0000 - 0x00007ffce138d000 	C:\Windows\System32\msvcp_win.dll
0x00007ffcd4460000 - 0x00007ffcd446a000 	C:\Windows\SYSTEM32\VERSION.dll
0x00007ffce1b90000 - 0x00007ffce1bbf000 	C:\Windows\System32\IMM32.DLL
0x00007ffcdc320000 - 0x00007ffcdc32c000 	C:\Program Files\Java\jdk-17\bin\vcruntime140_1.dll
0x00007ffc84750000 - 0x00007ffc847de000 	C:\Program Files\Java\jdk-17\bin\msvcp140.dll
0x00007ffc64380000 - 0x00007ffc64f5f000 	C:\Program Files\Java\jdk-17\bin\server\jvm.dll
0x00007ffce2b60000 - 0x00007ffce2b68000 	C:\Windows\System32\PSAPI.DLL
0x00007ffccc780000 - 0x00007ffccc789000 	C:\Windows\SYSTEM32\WSOCK32.dll
0x00007ffce27f0000 - 0x00007ffce285b000 	C:\Windows\System32\WS2_32.dll
0x00007ffcde0b0000 - 0x00007ffcde0d7000 	C:\Windows\SYSTEM32\WINMM.dll
0x00007ffcdf430000 - 0x00007ffcdf442000 	C:\Windows\SYSTEM32\kernel.appcore.dll
0x00007ffcc0730000 - 0x00007ffcc073a000 	C:\Program Files\Java\jdk-17\bin\jimage.dll
0x00007ffcdf0c0000 - 0x00007ffcdf2a4000 	C:\Windows\SYSTEM32\DBGHELP.DLL
0x00007ffcdde20000 - 0x00007ffcdde54000 	C:\Windows\SYSTEM32\dbgcore.DLL
0x00007ffce0c80000 - 0x00007ffce0d02000 	C:\Windows\System32\bcryptPrimitives.dll
0x00007ffcba7b0000 - 0x00007ffcba7d5000 	C:\Program Files\Java\jdk-17\bin\java.dll
0x00007ffc820c0000 - 0x00007ffc82197000 	C:\Program Files\Java\jdk-17\bin\jsvml.dll
0x00007ffce2b70000 - 0x00007ffce32df000 	C:\Windows\System32\SHELL32.dll
0x00007ffcde910000 - 0x00007ffcdf0b4000 	C:\Windows\SYSTEM32\windows.storage.dll
0x00007ffce1cb0000 - 0x00007ffce2003000 	C:\Windows\System32\combase.dll
0x00007ffce0680000 - 0x00007ffce06ae000 	C:\Windows\SYSTEM32\Wldp.dll
0x00007ffce1a60000 - 0x00007ffce1b2d000 	C:\Windows\System32\OLEAUT32.dll
0x00007ffce26b0000 - 0x00007ffce275d000 	C:\Windows\System32\SHCORE.dll
0x00007ffce2010000 - 0x00007ffce2065000 	C:\Windows\System32\shlwapi.dll
0x00007ffce0b80000 - 0x00007ffce0ba4000 	C:\Windows\SYSTEM32\profapi.dll
0x00007ffca1f00000 - 0x00007ffca1f19000 	C:\Program Files\Java\jdk-17\bin\net.dll
0x00007ffcdcaa0000 - 0x00007ffcdcbad000 	C:\Windows\SYSTEM32\WINHTTP.dll
0x00007ffce03e0000 - 0x00007ffce044a000 	C:\Windows\system32\mswsock.dll
0x00007ffc9e950000 - 0x00007ffc9e966000 	C:\Program Files\Java\jdk-17\bin\nio.dll
0x00007ffcb98f0000 - 0x00007ffcb9908000 	C:\Program Files\Java\jdk-17\bin\zip.dll
0x00007ffcb9540000 - 0x00007ffcb954a000 	C:\Program Files\Java\jdk-17\bin\management.dll
0x00007ffcb43e0000 - 0x00007ffcb43eb000 	C:\Program Files\Java\jdk-17\bin\management_ext.dll
0x00007ffcb3c20000 - 0x00007ffcb3c2e000 	C:\Program Files\Java\jdk-17\bin\sunmscapi.dll
0x00007ffce1390000 - 0x00007ffce14ec000 	C:\Windows\System32\CRYPT32.dll
0x00007ffce06f0000 - 0x00007ffce0717000 	C:\Windows\SYSTEM32\ncrypt.dll
0x00007ffce06b0000 - 0x00007ffce06eb000 	C:\Windows\SYSTEM32\NTASN1.dll

dbghelp: loaded successfully - version: 4.0.5 - missing functions: none
symbol engine: initialized successfully - sym options: 0x614 - pdb path: .;C:\Program Files\Java\jdk-17\bin;C:\Windows\SYSTEM32;C:\Program Files\Avast Software\Avast;C:\Windows\WinSxS\amd64_microsoft.windows.common-controls_6595b64144ccf1df_6.0.19041.4355_none_60b8b9eb71f62e16;C:\Program Files\Java\jdk-17\bin\server

VM Arguments:
jvm_args: -Dfile.encoding=UTF-8 -Duser.country=KR -Duser.language=ko -Duser.variant 
java_command: com.acorn.cartBatis.CartBatisApplication
java_class_path (initial): C:\Users\jooyeon\Documents\2024_2_cloud\스프링부트\bootws2\cartBatis\build\classes\java\main;C:\Users\jooyeon\Documents\2024_2_cloud\스프링부트\bootws2\cartBatis\build\resources\main;C:\Users\jooyeon\.gradle\caches\modules-2\files-2.1\org.springframework.boot\spring-boot-devtools\3.3.5\359da61f9d19893ff76a324a39a2ac43dec2887f\spring-boot-devtools-3.3.5.jar;C:\Users\jooyeon\.gradle\caches\modules-2\files-2.1\org.springframework.boot\spring-boot-starter-thymeleaf\3.3.5\5fa47cb90c1ff87b9273fcf01b56bff77810077e\spring-boot-starter-thymeleaf-3.3.5.jar;C:\Users\jooyeon\.gradle\caches\modules-2\files-2.1\org.springframework.boot\spring-boot-starter-web\3.3.5\51cc6cd5fb15f4eecfadea4ac689ed290e65c2cc\spring-boot-starter-web-3.3.5.jar;C:\Users\jooyeon\.gradle\caches\modules-2\files-2.1\org.mybatis.spring.boot\mybatis-spring-boot-starter\3.0.3\19528356bf8bad2be5f8bf796dfc30bcc4996054\mybatis-spring-boot-starter-3.0.3.jar;C:\Users\jooyeon\.gradle\caches\modules-2\files-2.1\com.oracle.database.jdbc\ojdbc11\21.9.0.0\1aad2e20684ee075bb9ebdca2d83f028e4fd35fa\ojdbc11-21.9.0.0.jar;C:\Users\jooyeon\.gradle\caches\modules-2\files-2.1\org.springframework.boot\spring-boot-starter-json\3.3.5\a92dd0bc808c9de278bc62bc37db4e409027657a\spring-boot-starter-json-3.3.5.jar;C:\Users\jooyeon\.gradle\caches\modules-2\files-2.1\org.springframework.boot\spring-boot-starter-jdbc\3.3.5\64c2c63ff90dffcd6996b3cd11e5d7e9805884d2\spring-boot-starter-jdbc-3.3.5.jar;C:\Users\jooyeon\.gradle\caches\modules-2\files-2.1\org.springframework.boot\spring-boot-starter\3.3.5\16b7a9acf1918a8f763e871ada3794e9ffd4a980\spring-boot-starter-3.3.5.jar;C:\Users\jooyeon\.gradle\caches\modules-2\files-2.1\org.mybatis.spring.boot\mybatis-spring-boot-autoconfigure\3.0.3\b73a2effa4f60a2eeca98aa12ea3437faede0f73\mybatis-spring-boot-autoconfigure-3.0.3.jar;C:\Users\jooyeon\.gradle\caches\modules-2\files-2.1\org.springframework.boot\spring-boot-autoconfigure\3.3.5\1efbbd46eeef054986796200313f4bb0d53a726
Launcher Type: SUN_STANDARD

[Global flags]
     intx CICompilerCount                          = 4                                         {product} {ergonomic}
     uint ConcGCThreads                            = 2                                         {product} {ergonomic}
     uint G1ConcRefinementThreads                  = 8                                         {product} {ergonomic}
   size_t G1HeapRegionSize                         = 2097152                                   {product} {ergonomic}
    uintx GCDrainStackTargetSize                   = 64                                        {product} {ergonomic}
   size_t InitialHeapSize                          = 266338304                                 {product} {ergonomic}
   size_t MarkStackSize                            = 4194304                                   {product} {ergonomic}
   size_t MaxHeapSize                              = 4242538496                                {product} {ergonomic}
   size_t MaxNewSize                               = 2543845376                                {product} {ergonomic}
   size_t MinHeapDeltaBytes                        = 2097152                                   {product} {ergonomic}
   size_t MinHeapSize                              = 8388608                                   {product} {ergonomic}
    uintx NonNMethodCodeHeapSize                   = 5839372                                {pd product} {ergonomic}
    uintx NonProfiledCodeHeapSize                  = 122909434                              {pd product} {ergonomic}
    uintx ProfiledCodeHeapSize                     = 122909434                              {pd product} {ergonomic}
    uintx ReservedCodeCacheSize                    = 251658240                              {pd product} {ergonomic}
     bool SegmentedCodeCache                       = true                                      {product} {ergonomic}
   size_t SoftMaxHeapSize                          = 4242538496                             {manageable} {ergonomic}
     bool UseCompressedClassPointers               = true                           {product lp64_product} {ergonomic}
     bool UseCompressedOops                        = true                           {product lp64_product} {ergonomic}
     bool UseG1GC                                  = true                                      {product} {ergonomic}
     bool UseLargePagesIndividualAllocation        = false                                  {pd product} {ergonomic}

Logging:
Log output configuration:
 #0: stdout all=warning uptime,level,tags
 #1: stderr all=off uptime,level,tags

Environment Variables:
JAVA_HOME=C:\Program Files\Java\jdk-17
PATH=C:\Program Files\Java\jdk-17\bin;C:\Users\jooyeon\Documents\2024_수업준비\tools\apache-tomcat-9.0.86-windows-x64\bin;C:\oracle\WINDOWS.X64_193000_db_home\bin;C:\Windows\system32;C:\Windows;C:\Windows\System32\Wbem;C:\Windows\System32\WindowsPowerShell\v1.0\;C:\Windows\System32\OpenSSH\;C:\Program Files (x86)\Google\Cloud SDK\google-cloud-sdk\bin;C:\ProgramData\chocolatey\bin;C:\Program Files\nodejs\;C:\Program Files\Docker\Docker\resources\bin;C:\Program Files\Common Files\Oracle\Java\javapath;C:\Program Files\Git\cmd;C:\Users\jooyeon\AppData\Local\Microsoft\WindowsApps;C:\Users\jooyeon\AppData\Local\Programs\Microsoft VS Code\bin;C:\Users\jooyeon\cloudnative2023;C:\Users\jooyeon\AppData\Roaming\npm
USERNAME=jooyeon
OS=Windows_NT
PROCESSOR_IDENTIFIER=Intel64 Family 6 Model 140 Stepping 1, GenuineIntel



---------------  S Y S T E M  ---------------

OS:
 Windows 10 , 64 bit Build 19041 (10.0.19041.4957)
OS uptime: 1 days 21:55 hours
Hyper-V role detected

CPU: total 8 (initial active 8) (4 cores per cpu, 2 threads per core) family 6 model 140 stepping 1 microcode 0x8a, cx8, cmov, fxsr, ht, mmx, 3dnowpref, sse, sse2, sse3, ssse3, sse4.1, sse4.2, popcnt, lzcnt, tsc, tscinvbit, avx, avx2, aes, erms, clmul, bmi1, bmi2, adx, avx512f, avx512dq, avx512cd, avx512bw, avx512vl, sha, fma, vzeroupper, avx512_vpopcntdq, avx512_vpclmulqdq, avx512_vaes, avx512_vnni, clflush, clflushopt, clwb, avx512_vbmi2, avx512_vbmi, hv

Memory: 4k page, system-wide physical 16183M (3987M free)
TotalPageFile size 16183M (AvailPageFile size 5M)
current process WorkingSet (physical memory assigned to process): 154M, peak: 154M
current process commit charge ("private bytes"): 404M, peak: 405M

vm_info: Java HotSpot(TM) 64-Bit Server VM (17.0.10+11-LTS-240) for windows-amd64 JRE (17.0.10+11-LTS-240), built on Dec 19 2023 21:47:25 by "mach5one" with MS VC++ 17.1 (VS2022)

END.
