#
# There is insufficient memory for the Java Runtime Environment to continue.
# Native memory allocation (mmap) failed to map 104857600 bytes for G1 virtual space
# Possible reasons:
#   The system is out of physical RAM or swap space
#   The process is running with CompressedOops enabled, and the Java Heap may be blocking the growth of the native heap
# Possible solutions:
#   Reduce memory load on the system
#   Increase physical memory or swap space
#   Check if swap backing store is full
#   Decrease Java heap size (-Xmx/-Xms)
#   Decrease number of Java threads
#   Decrease Java thread stack sizes (-Xss)
#   Set larger code cache with -XX:ReservedCodeCacheSize=
#   JVM is running with Zero Based Compressed Oops mode in which the Java heap is
#     placed in the first 32GB address space. The Java Heap base address is the
#     maximum limit for the native heap growth. Please use -XX:HeapBaseMinAddress
#     to set the Java Heap base and to place the Java Heap above 32GB virtual address.
# This output file may be truncated or incomplete.
#
#  Out of Memory Error (os_windows.cpp:3548), pid=5596, tid=17836
#
# JRE version: Java(TM) SE Runtime Environment (17.0.10+11) (build 17.0.10+11-LTS-240)
# Java VM: Java HotSpot(TM) 64-Bit Server VM (17.0.10+11-LTS-240, mixed mode, sharing, tiered, compressed oops, compressed class ptrs, g1 gc, windows-amd64)
# No core dump will be written. Minidumps are not enabled by default on client versions of Windows
#

---------------  S U M M A R Y ------------

Command Line: -Dfile.encoding=UTF-8 -Duser.country=KR -Duser.language=ko -Duser.variant com.acorn.cartBatis.CartBatisApplication

Host: 11th Gen Intel(R) Core(TM) i7-1165G7 @ 2.80GHz, 8 cores, 15G,  Windows 10 , 64 bit Build 19041 (10.0.19041.4957)
Time: Wed Nov 13 19:47:02 2024  Windows 10 , 64 bit Build 19041 (10.0.19041.4957) elapsed time: 22.012496 seconds (0d 0h 0m 22s)

---------------  T H R E A D  ---------------

Current thread (0x000002bffe508940):  VMThread "VM Thread" [stack: 0x000000d4b8c00000,0x000000d4b8d00000] [id=17836]

Stack: [0x000000d4b8c00000,0x000000d4b8d00000]
Native frames: (J=compiled Java code, j=interpreted, Vv=VM code, C=native code)
V  [jvm.dll+0x677a5a]
V  [jvm.dll+0x7d8b2d]
V  [jvm.dll+0x7da48e]
V  [jvm.dll+0x7daaf3]
V  [jvm.dll+0x2455ff]
V  [jvm.dll+0x6749b9]
V  [jvm.dll+0x669382]
V  [jvm.dll+0x302e96]
V  [jvm.dll+0x30a416]
V  [jvm.dll+0x359cbe]
V  [jvm.dll+0x359eef]
V  [jvm.dll+0x2d9e88]
V  [jvm.dll+0x2d8295]
V  [jvm.dll+0x2d789c]
V  [jvm.dll+0x31b18b]
V  [jvm.dll+0x7df30b]
V  [jvm.dll+0x7e0044]
V  [jvm.dll+0x7e055d]
V  [jvm.dll+0x7e0934]
V  [jvm.dll+0x7e0a00]
V  [jvm.dll+0x78888a]
V  [jvm.dll+0x676935]
C  [ucrtbase.dll+0x21bb2]
C  [KERNEL32.DLL+0x17374]
C  [ntdll.dll+0x4cc91]

VM_Operation (0x000000d4ba9f8bb0): G1CollectForAllocation, mode: safepoint, requested by thread 0x000002bfd6d52b80


---------------  P R O C E S S  ---------------

Threads class SMR info:
_java_thread_list=0x000002bfd48cf360, length=36, elements={
0x000002bffe50cab0, 0x000002bffe50d380, 0x000002bffe52a560, 0x000002bffe52ae30,
0x000002bffe52d710, 0x000002bffe52dfe0, 0x000002bffe532190, 0x000002bffe53bb70,
0x000002bffe544c50, 0x000002bffe66dc10, 0x000002bffe66cce0, 0x000002bffe66eb40,
0x000002bffe66c2c0, 0x000002bffe66c7d0, 0x000002bffe66bdb0, 0x000002bfd6d53ab0,
0x000002bfd6d52b80, 0x000002bfd6d52670, 0x000002bfd6d50d20, 0x000002bfd6d53090,
0x000002bfd6d4df90, 0x000002bfd6d4da80, 0x000002bfd6d535a0, 0x000002bfd6d53fc0,
0x000002bfd6d4e4a0, 0x000002bfd6d4fdf0, 0x000002bfd6d50300, 0x000002bfd6d4d060,
0x000002bfd6d4e9b0, 0x000002bfd523ab50, 0x000002bfd6d4eec0, 0x000002bfd6d4f3d0,
0x000002bfd6d549e0, 0x000002bfd6d52160, 0x000002bfd6d50810, 0x000002bfd5238b70
}

Java Threads: ( => current thread )
  0x000002bffe50cab0 JavaThread "Reference Handler" daemon [_thread_blocked, id=7948, stack(0x000000d4b8d00000,0x000000d4b8e00000)]
  0x000002bffe50d380 JavaThread "Finalizer" daemon [_thread_blocked, id=5936, stack(0x000000d4b8e00000,0x000000d4b8f00000)]
  0x000002bffe52a560 JavaThread "Signal Dispatcher" daemon [_thread_blocked, id=11360, stack(0x000000d4b8f00000,0x000000d4b9000000)]
  0x000002bffe52ae30 JavaThread "Attach Listener" daemon [_thread_blocked, id=15376, stack(0x000000d4b9000000,0x000000d4b9100000)]
  0x000002bffe52d710 JavaThread "Service Thread" daemon [_thread_blocked, id=17368, stack(0x000000d4b9100000,0x000000d4b9200000)]
  0x000002bffe52dfe0 JavaThread "Monitor Deflation Thread" daemon [_thread_blocked, id=10572, stack(0x000000d4b9200000,0x000000d4b9300000)]
  0x000002bffe532190 JavaThread "C2 CompilerThread0" daemon [_thread_blocked, id=17364, stack(0x000000d4b9300000,0x000000d4b9400000)]
  0x000002bffe53bb70 JavaThread "C1 CompilerThread0" daemon [_thread_blocked, id=15292, stack(0x000000d4b9400000,0x000000d4b9500000)]
  0x000002bffe544c50 JavaThread "Sweeper thread" daemon [_thread_blocked, id=11560, stack(0x000000d4b9500000,0x000000d4b9600000)]
  0x000002bffe66dc10 JavaThread "Notification Thread" daemon [_thread_blocked, id=2812, stack(0x000000d4b9600000,0x000000d4b9700000)]
  0x000002bffe66cce0 JavaThread "Common-Cleaner" daemon [_thread_blocked, id=16448, stack(0x000000d4b9800000,0x000000d4b9900000)]
  0x000002bffe66eb40 JavaThread "Catalina-utility-1" [_thread_blocked, id=12372, stack(0x000000d4ba500000,0x000000d4ba600000)]
  0x000002bffe66c2c0 JavaThread "Catalina-utility-2" [_thread_blocked, id=7508, stack(0x000000d4ba600000,0x000000d4ba700000)]
  0x000002bffe66c7d0 JavaThread "container-0" [_thread_blocked, id=13992, stack(0x000000d4ba700000,0x000000d4ba800000)]
  0x000002bffe66bdb0 JavaThread "File Watcher" daemon [_thread_blocked, id=2772, stack(0x000000d4ba800000,0x000000d4ba900000)]
  0x000002bfd6d53ab0 JavaThread "Live Reload Server" daemon [_thread_in_native, id=12900, stack(0x000000d4baa00000,0x000000d4bab00000)]
  0x000002bfd6d52b80 JavaThread "http-nio-8080-exec-1" daemon [_thread_blocked, id=18220, stack(0x000000d4ba900000,0x000000d4baa00000)]
  0x000002bfd6d52670 JavaThread "http-nio-8080-exec-2" daemon [_thread_blocked, id=16292, stack(0x000000d4bab00000,0x000000d4bac00000)]
  0x000002bfd6d50d20 JavaThread "http-nio-8080-exec-3" daemon [_thread_blocked, id=13132, stack(0x000000d4bac00000,0x000000d4bad00000)]
  0x000002bfd6d53090 JavaThread "http-nio-8080-exec-4" daemon [_thread_blocked, id=17624, stack(0x000000d4bad00000,0x000000d4bae00000)]
  0x000002bfd6d4df90 JavaThread "http-nio-8080-exec-5" daemon [_thread_blocked, id=17000, stack(0x000000d4bae00000,0x000000d4baf00000)]
  0x000002bfd6d4da80 JavaThread "http-nio-8080-exec-6" daemon [_thread_blocked, id=3968, stack(0x000000d4baf00000,0x000000d4bb000000)]
  0x000002bfd6d535a0 JavaThread "http-nio-8080-exec-7" daemon [_thread_blocked, id=15368, stack(0x000000d4bb000000,0x000000d4bb100000)]
  0x000002bfd6d53fc0 JavaThread "http-nio-8080-exec-8" daemon [_thread_blocked, id=4544, stack(0x000000d4bb100000,0x000000d4bb200000)]
  0x000002bfd6d4e4a0 JavaThread "http-nio-8080-exec-9" daemon [_thread_blocked, id=15608, stack(0x000000d4bb200000,0x000000d4bb300000)]
  0x000002bfd6d4fdf0 JavaThread "http-nio-8080-exec-10" daemon [_thread_blocked, id=14076, stack(0x000000d4bb300000,0x000000d4bb400000)]
  0x000002bfd6d50300 JavaThread "http-nio-8080-Poller" daemon [_thread_in_native, id=11620, stack(0x000000d4bb400000,0x000000d4bb500000)]
  0x000002bfd6d4d060 JavaThread "http-nio-8080-Acceptor" daemon [_thread_in_native, id=11660, stack(0x000000d4bb500000,0x000000d4bb600000)]
  0x000002bfd6d4e9b0 JavaThread "DestroyJavaVM" [_thread_blocked, id=14976, stack(0x000000d4b8600000,0x000000d4b8700000)]
  0x000002bfd523ab50 JavaThread "C2 CompilerThread1" daemon [_thread_blocked, id=11336, stack(0x000000d4b9900000,0x000000d4b9a00000)]
  0x000002bfd6d4eec0 JavaThread "oracle.jdbc.driver.BlockSource.ThreadedCachingBlockSource.BlockReleaser" daemon [_thread_blocked, id=7692, stack(0x000000d4b9a00000,0x000000d4b9b00000)]
  0x000002bfd6d4f3d0 JavaThread "InterruptTimer" daemon [_thread_blocked, id=5104, stack(0x000000d4b9b00000,0x000000d4b9c00000)]
  0x000002bfd6d549e0 JavaThread "OJDBC-WORKER-THREAD-1" daemon [_thread_blocked, id=14464, stack(0x000000d4ba400000,0x000000d4ba500000)]
  0x000002bfd6d52160 JavaThread "HikariPool-1 housekeeper" daemon [_thread_blocked, id=17636, stack(0x000000d4bb600000,0x000000d4bb700000)]
  0x000002bfd6d50810 JavaThread "HikariPool-1 connection adder" daemon [_thread_blocked, id=5576, stack(0x000000d4bb700000,0x000000d4bb800000)]
  0x000002bfd5238b70 JavaThread "C2 CompilerThread2" daemon [_thread_in_native, id=10920, stack(0x000000d4bb800000,0x000000d4bb900000)]

Other Threads:
=>0x000002bffe508940 VMThread "VM Thread" [stack: 0x000000d4b8c00000,0x000000d4b8d00000] [id=17836]
  0x000002bffe671870 WatcherThread [stack: 0x000000d4b9700000,0x000000d4b9800000] [id=12896]
  0x000002bfea8c5630 GCTaskThread "GC Thread#0" [stack: 0x000000d4b8700000,0x000000d4b8800000] [id=1228]
  0x000002bfff0d6580 GCTaskThread "GC Thread#1" [stack: 0x000000d4b9c00000,0x000000d4b9d00000] [id=8768]
  0x000002bfff0d6840 GCTaskThread "GC Thread#2" [stack: 0x000000d4b9d00000,0x000000d4b9e00000] [id=3972]
  0x000002bfff0d6b00 GCTaskThread "GC Thread#3" [stack: 0x000000d4b9e00000,0x000000d4b9f00000] [id=4372]
  0x000002bffefce000 GCTaskThread "GC Thread#4" [stack: 0x000000d4b9f00000,0x000000d4ba000000] [id=3180]
  0x000002bffefce2c0 GCTaskThread "GC Thread#5" [stack: 0x000000d4ba000000,0x000000d4ba100000] [id=13276]
  0x000002bfd41776d0 GCTaskThread "GC Thread#6" [stack: 0x000000d4ba200000,0x000000d4ba300000] [id=8708]
  0x000002bfd45157d0 GCTaskThread "GC Thread#7" [stack: 0x000000d4ba300000,0x000000d4ba400000] [id=10988]
  0x000002bfea8d7070 ConcurrentGCThread "G1 Main Marker" [stack: 0x000000d4b8800000,0x000000d4b8900000] [id=13028]
  0x000002bfea8d8100 ConcurrentGCThread "G1 Conc#0" [stack: 0x000000d4b8900000,0x000000d4b8a00000] [id=8728]
  0x000002bfd4c86330 ConcurrentGCThread "G1 Conc#1" [stack: 0x000000d4ba100000,0x000000d4ba200000] [id=11420]
  0x000002bfea917b70 ConcurrentGCThread "G1 Refine#0" [stack: 0x000000d4b8a00000,0x000000d4b8b00000] [id=8148]
  0x000002bfea9183b0 ConcurrentGCThread "G1 Service" [stack: 0x000000d4b8b00000,0x000000d4b8c00000] [id=3916]

Threads with active compile tasks:
C2 CompilerThread0    22074 4973       4       java.lang.Class::annotationData (44 bytes)
C2 CompilerThread1    22074 4917       4       java.lang.Class::getMethodsRecursive (99 bytes)
C2 CompilerThread2    22074 4871       4       jdk.internal.org.objectweb.asm.Frame::execute (2305 bytes)

VM state: at safepoint (normal execution)

VM Mutex/Monitor currently owned by a thread:  ([mutex/lock_event])
[0x000002bfea853da0] Threads_lock - owner thread: 0x000002bffe508940
[0x000002bfea8542b0] Heap_lock - owner thread: 0x000002bfd6d52b80

Heap address: 0x0000000703200000, size: 4046 MB, Compressed Oops mode: Zero based, Oop shift amount: 3

CDS archive(s) mapped at: [0x000002bf8f000000-0x000002bf8fbd0000-0x000002bf8fbd0000), size 12386304, SharedBaseAddress: 0x000002bf8f000000, ArchiveRelocationMode: 1.
Compressed class space mapped at: 0x000002bf90000000-0x000002bfd0000000, reserved size: 1073741824
Narrow klass base: 0x000002bf8f000000, Narrow klass shift: 0, Narrow klass range: 0x100000000

GC Precious Log:
 CPUs: 8 total, 8 available
 Memory: 16183M
 Large Page Support: Disabled
 NUMA Support: Disabled
 Compressed Oops: Enabled (Zero based)
 Heap Region Size: 2M
 Heap Min Capacity: 8M
 Heap Initial Capacity: 254M
 Heap Max Capacity: 4046M
 Pre-touch: Disabled
 Parallel Workers: 8
 Concurrent Workers: 2
 Concurrent Refinement Workers: 8
 Periodic GC: Disabled

Heap:
 garbage-first heap   total 55296K, used 20524K [0x0000000703200000, 0x0000000800000000)
  region size 2048K, 1 young (2048K), 1 survivors (2048K)
 Metaspace       used 46126K, committed 46656K, reserved 1114112K
  class space    used 5769K, committed 6016K, reserved 1048576K

Heap Regions: E=young(eden), S=young(survivor), O=old, HS=humongous(starts), HC=humongous(continues), CS=collection set, F=free, OA=open archive, CA=closed archive, TAMS=top-at-mark-start (previous, next)
|   0|0x0000000703200000, 0x0000000703400000, 0x0000000703400000|100%| O|  |TAMS 0x0000000703400000, 0x0000000703200000| Untracked 
|   1|0x0000000703400000, 0x0000000703600000, 0x0000000703600000|100%| O|  |TAMS 0x0000000703600000, 0x0000000703400000| Untracked 
|   2|0x0000000703600000, 0x0000000703800000, 0x0000000703800000|100%| O|  |TAMS 0x0000000703600000, 0x0000000703600000| Untracked 
|   3|0x0000000703800000, 0x0000000703a00000, 0x0000000703a00000|100%| O|  |TAMS 0x0000000703a00000, 0x0000000703800000| Untracked 
|   4|0x0000000703a00000, 0x0000000703c00000, 0x0000000703c00000|100%| O|  |TAMS 0x0000000703c00000, 0x0000000703a00000| Untracked 
|   5|0x0000000703c00000, 0x0000000703e00000, 0x0000000703e00000|100%| O|  |TAMS 0x0000000703e00000, 0x0000000703c00000| Untracked 
|   6|0x0000000703e00000, 0x0000000704000000, 0x0000000704000000|100%| O|  |TAMS 0x0000000704000000, 0x0000000703e00000| Untracked 
|   7|0x0000000704000000, 0x0000000704000000, 0x0000000704200000|  0%| F|  |TAMS 0x0000000704000000, 0x0000000704000000| Untracked 
|   8|0x0000000704200000, 0x0000000704400000, 0x0000000704400000|100%| O|  |TAMS 0x0000000704200000, 0x0000000704200000| Untracked 
|   9|0x0000000704400000, 0x0000000704600000, 0x0000000704600000|100%| O|  |TAMS 0x0000000704400000, 0x0000000704400000| Untracked 
|  10|0x0000000704600000, 0x0000000704679e00, 0x0000000704800000| 23%| O|  |TAMS 0x0000000704600000, 0x0000000704600000| Untracked 
|  11|0x0000000704800000, 0x0000000704800000, 0x0000000704a00000|  0%| F|  |TAMS 0x0000000704800000, 0x0000000704800000| Untracked 
|  12|0x0000000704a00000, 0x0000000704a00000, 0x0000000704c00000|  0%| F|  |TAMS 0x0000000704a00000, 0x0000000704a00000| Untracked 
|  13|0x0000000704c00000, 0x0000000704c00000, 0x0000000704e00000|  0%| F|  |TAMS 0x0000000704c00000, 0x0000000704c00000| Untracked 
|  14|0x0000000704e00000, 0x0000000704e00000, 0x0000000705000000|  0%| F|  |TAMS 0x0000000704e00000, 0x0000000704e00000| Untracked 
|  15|0x0000000705000000, 0x0000000705191428, 0x0000000705200000| 78%| S|CS|TAMS 0x0000000705000000, 0x0000000705000000| Complete 
|  16|0x0000000705200000, 0x0000000705200000, 0x0000000705400000|  0%| F|  |TAMS 0x0000000705200000, 0x0000000705200000| Untracked 
|  17|0x0000000705400000, 0x0000000705400000, 0x0000000705600000|  0%| F|  |TAMS 0x0000000705400000, 0x0000000705400000| Untracked 
|  18|0x0000000705600000, 0x0000000705600000, 0x0000000705800000|  0%| F|  |TAMS 0x0000000705600000, 0x0000000705600000| Untracked 
|  19|0x0000000705800000, 0x0000000705800000, 0x0000000705a00000|  0%| F|  |TAMS 0x0000000705800000, 0x0000000705800000| Untracked 
|  20|0x0000000705a00000, 0x0000000705a00000, 0x0000000705c00000|  0%| F|  |TAMS 0x0000000705a00000, 0x0000000705a00000| Untracked 
|  21|0x0000000705c00000, 0x0000000705c00000, 0x0000000705e00000|  0%| F|  |TAMS 0x0000000705c00000, 0x0000000705c00000| Untracked 
|  87|0x000000070e000000, 0x000000070e000000, 0x000000070e200000|  0%| F|  |TAMS 0x000000070e000000, 0x000000070e000000| Untracked 
|  88|0x000000070e200000, 0x000000070e200000, 0x000000070e400000|  0%| F|  |TAMS 0x000000070e200000, 0x000000070e200000| Untracked 
|  89|0x000000070e400000, 0x000000070e400000, 0x000000070e600000|  0%| F|  |TAMS 0x000000070e400000, 0x000000070e400000| Untracked 
|  90|0x000000070e600000, 0x000000070e600000, 0x000000070e800000|  0%| F|  |TAMS 0x000000070e600000, 0x000000070e600000| Untracked 
| 126|0x0000000712e00000, 0x0000000712e00000, 0x0000000713000000|  0%| F|  |TAMS 0x0000000712e00000, 0x0000000712e00000| Untracked 

Card table byte_map: [0x000002bff2c20000,0x000002bff3410000] _byte_map_base: 0x000002bfef407000

Marking Bits (Prev, Next): (CMBitMap*) 0x000002bfea8c6a70, (CMBitMap*) 0x000002bfea8c6ab0
 Prev Bits: [0x000002bff3c00000, 0x000002bff7b38000)
 Next Bits: [0x000002bff7b40000, 0x000002bffba78000)

Polling page: 0x000002bfe8720000

Metaspace:

Usage:
  Non-class:     39.41 MB used.
      Class:      5.63 MB used.
       Both:     45.05 MB used.

Virtual space:
  Non-class space:       64.00 MB reserved,      39.69 MB ( 62%) committed,  1 nodes.
      Class space:        1.00 GB reserved,       5.88 MB ( <1%) committed,  1 nodes.
             Both:        1.06 GB reserved,      45.56 MB (  4%) committed. 

Chunk freelists:
   Non-Class:  8.34 MB
       Class:  10.16 MB
        Both:  18.51 MB

MaxMetaspaceSize: unlimited
CompressedClassSpaceSize: 1.00 GB
Initial GC threshold: 21.00 MB
Current GC threshold: 58.69 MB
CDS: on
MetaspaceReclaimPolicy: balanced
 - commit_granule_bytes: 65536.
 - commit_granule_words: 8192.
 - virtual_space_node_default_size: 8388608.
 - enlarge_chunks_in_place: 1.
 - new_chunks_are_fully_committed: 0.
 - uncommit_free_chunks: 1.
 - use_allocation_guard: 0.
 - handle_deallocations: 1.


Internal statistics:

num_allocs_failed_limit: 6.
num_arena_births: 680.
num_arena_deaths: 0.
num_vsnodes_births: 2.
num_vsnodes_deaths: 0.
num_space_committed: 729.
num_space_uncommitted: 0.
num_chunks_returned_to_freelist: 6.
num_chunks_taken_from_freelist: 2277.
num_chunk_merges: 3.
num_chunk_splits: 1556.
num_chunks_enlarged: 1159.
num_inconsistent_stats: 0.

CodeHeap 'non-profiled nmethods': size=120000Kb used=2533Kb max_used=3100Kb free=117466Kb
 bounds [0x000002bf87ad0000, 0x000002bf87de0000, 0x000002bf8f000000]
CodeHeap 'profiled nmethods': size=120000Kb used=8659Kb max_used=9932Kb free=111340Kb
 bounds [0x000002bf80000000, 0x000002bf809c0000, 0x000002bf87530000]
CodeHeap 'non-nmethods': size=5760Kb used=1325Kb max_used=1365Kb free=4434Kb
 bounds [0x000002bf87530000, 0x000002bf877a0000, 0x000002bf87ad0000]
 total_blobs=4858 nmethods=4215 adapters=555
 compilation: enabled
              stopped_count=0, restarted_count=0
 full_count=0

Compilation events (20 events):
Event: 21.997 Thread 0x000002bffe53bb70 4969       3       java.util.regex.Matcher::matches (10 bytes)
Event: 21.997 Thread 0x000002bffe53bb70 nmethod 4969 0x000002bf80327910 code [0x000002bf80327aa0, 0x000002bf80327be8]
Event: 21.997 Thread 0x000002bffe53bb70 4970       1       java.nio.ByteBuffer::base (5 bytes)
Event: 21.997 Thread 0x000002bffe53bb70 nmethod 4970 0x000002bf87c26690 code [0x000002bf87c26820, 0x000002bf87c268f8]
Event: 22.000 Thread 0x000002bffe53bb70 4971   !   2       java.lang.reflect.Executable::declaredAnnotations (85 bytes)
Event: 22.001 Thread 0x000002bffe53bb70 nmethod 4971 0x000002bf80736110 code [0x000002bf80736320, 0x000002bf80736768]
Event: 22.002 Thread 0x000002bffe53bb70 4975       3       oracle.jdbc.driver.DBConversion::CharBytesToString (8 bytes)
Event: 22.002 Thread 0x000002bffe53bb70 nmethod 4975 0x000002bf80385790 code [0x000002bf80385920, 0x000002bf80385a68]
Event: 22.002 Thread 0x000002bffe53bb70 4976       3       oracle.jdbc.driver.DBConversion::CharBytesToString (213 bytes)
Event: 22.003 Thread 0x000002bffe53bb70 nmethod 4976 0x000002bf80932c10 code [0x000002bf80932ec0, 0x000002bf80933c38]
Event: 22.003 Thread 0x000002bffe53bb70 4977   !   3       oracle.sql.CharacterSet::AL32UTF8ToString (27 bytes)
Event: 22.003 Thread 0x000002bffe53bb70 nmethod 4977 0x000002bf80735c10 code [0x000002bf80735dc0, 0x000002bf80735f98]
Event: 22.003 Thread 0x000002bffe53bb70 4978   !   3       oracle.sql.CharacterSet::AL32UTF8ToJavaChar (63 bytes)
Event: 22.004 Thread 0x000002bffe532190 nmethod 4940 0x000002bf87b04790 code [0x000002bf87b04980, 0x000002bf87b05658]
Event: 22.004 Thread 0x000002bffe53bb70 nmethod 4978 0x000002bf807b0110 code [0x000002bf807b0320, 0x000002bf807b0ab8]
Event: 22.004 Thread 0x000002bffe53bb70 4979  s    3       java.util.Properties::setProperty (7 bytes)
Event: 22.004 Thread 0x000002bffe53bb70 nmethod 4979 0x000002bf80177d10 code [0x000002bf80177ec0, 0x000002bf80178148]
Event: 22.004 Thread 0x000002bffe53bb70 4980       1       java.nio.DirectByteBuffer::base (2 bytes)
Event: 22.004 Thread 0x000002bffe53bb70 nmethod 4980 0x000002bf87c26390 code [0x000002bf87c26520, 0x000002bf87c265f8]
Event: 22.004 Thread 0x000002bffe532190 4973       4       java.lang.Class::annotationData (44 bytes)

GC Heap History (20 events):
Event: 0.443 GC heap after
{Heap after GC invocations=1 (full 0):
 garbage-first heap   total 260096K, used 4680K [0x0000000703200000, 0x0000000800000000)
  region size 2048K, 2 young (4096K), 2 survivors (4096K)
 Metaspace       used 5453K, committed 5696K, reserved 1114112K
  class space    used 639K, committed 768K, reserved 1048576K
}
Event: 0.756 GC heap before
{Heap before GC invocations=1 (full 0):
 garbage-first heap   total 260096K, used 29256K [0x0000000703200000, 0x0000000800000000)
  region size 2048K, 15 young (30720K), 2 survivors (4096K)
 Metaspace       used 11171K, committed 11392K, reserved 1114112K
  class space    used 1371K, committed 1472K, reserved 1048576K
}
Event: 0.759 GC heap after
{Heap after GC invocations=2 (full 0):
 garbage-first heap   total 260096K, used 6824K [0x0000000703200000, 0x0000000800000000)
  region size 2048K, 2 young (4096K), 2 survivors (4096K)
 Metaspace       used 11171K, committed 11392K, reserved 1114112K
  class space    used 1371K, committed 1472K, reserved 1048576K
}
Event: 1.613 GC heap before
{Heap before GC invocations=2 (full 0):
 garbage-first heap   total 260096K, used 74408K [0x0000000703200000, 0x0000000800000000)
  region size 2048K, 36 young (73728K), 2 survivors (4096K)
 Metaspace       used 21149K, committed 21504K, reserved 1114112K
  class space    used 2643K, committed 2816K, reserved 1048576K
}
Event: 1.617 GC heap after
{Heap after GC invocations=3 (full 0):
 garbage-first heap   total 260096K, used 11201K [0x0000000703200000, 0x0000000800000000)
  region size 2048K, 4 young (8192K), 4 survivors (8192K)
 Metaspace       used 21149K, committed 21504K, reserved 1114112K
  class space    used 2643K, committed 2816K, reserved 1048576K
}
Event: 2.034 GC heap before
{Heap before GC invocations=4 (full 0):
 garbage-first heap   total 55296K, used 35777K [0x0000000703200000, 0x0000000800000000)
  region size 2048K, 16 young (32768K), 4 survivors (8192K)
 Metaspace       used 25284K, committed 25664K, reserved 1114112K
  class space    used 3191K, committed 3392K, reserved 1048576K
}
Event: 2.044 GC heap after
{Heap after GC invocations=5 (full 0):
 garbage-first heap   total 55296K, used 13648K [0x0000000703200000, 0x0000000800000000)
  region size 2048K, 2 young (4096K), 2 survivors (4096K)
 Metaspace       used 25284K, committed 25664K, reserved 1114112K
  class space    used 3191K, committed 3392K, reserved 1048576K
}
Event: 2.074 GC heap before
{Heap before GC invocations=5 (full 0):
 garbage-first heap   total 55296K, used 15696K [0x0000000703200000, 0x0000000800000000)
  region size 2048K, 3 young (6144K), 2 survivors (4096K)
 Metaspace       used 25703K, committed 26112K, reserved 1114112K
  class space    used 3232K, committed 3456K, reserved 1048576K
}
Event: 2.076 GC heap after
{Heap after GC invocations=6 (full 0):
 garbage-first heap   total 55296K, used 14285K [0x0000000703200000, 0x0000000800000000)
  region size 2048K, 1 young (2048K), 1 survivors (2048K)
 Metaspace       used 25703K, committed 26112K, reserved 1114112K
  class space    used 3232K, committed 3456K, reserved 1048576K
}
Event: 2.432 GC heap before
{Heap before GC invocations=6 (full 0):
 garbage-first heap   total 55296K, used 34765K [0x0000000703200000, 0x0000000800000000)
  region size 2048K, 12 young (24576K), 1 survivors (2048K)
 Metaspace       used 31886K, committed 32320K, reserved 1114112K
  class space    used 4008K, committed 4224K, reserved 1048576K
}
Event: 2.434 GC heap after
{Heap after GC invocations=7 (full 0):
 garbage-first heap   total 55296K, used 15860K [0x0000000703200000, 0x0000000800000000)
  region size 2048K, 2 young (4096K), 2 survivors (4096K)
 Metaspace       used 31886K, committed 32320K, reserved 1114112K
  class space    used 4008K, committed 4224K, reserved 1048576K
}
Event: 2.738 GC heap before
{Heap before GC invocations=7 (full 0):
 garbage-first heap   total 55296K, used 38388K [0x0000000703200000, 0x0000000800000000)
  region size 2048K, 13 young (26624K), 2 survivors (4096K)
 Metaspace       used 34613K, committed 35008K, reserved 1114112K
  class space    used 4352K, committed 4544K, reserved 1048576K
}
Event: 2.741 GC heap after
{Heap after GC invocations=8 (full 0):
 garbage-first heap   total 55296K, used 17657K [0x0000000703200000, 0x0000000800000000)
  region size 2048K, 2 young (4096K), 2 survivors (4096K)
 Metaspace       used 34613K, committed 35008K, reserved 1114112K
  class space    used 4352K, committed 4544K, reserved 1048576K
}
Event: 2.855 GC heap before
{Heap before GC invocations=8 (full 0):
 garbage-first heap   total 55296K, used 23801K [0x0000000703200000, 0x0000000800000000)
  region size 2048K, 6 young (12288K), 2 survivors (4096K)
 Metaspace       used 35521K, committed 35968K, reserved 1114112K
  class space    used 4480K, committed 4736K, reserved 1048576K
}
Event: 2.858 GC heap after
{Heap after GC invocations=9 (full 0):
 garbage-first heap   total 55296K, used 18555K [0x0000000703200000, 0x0000000800000000)
  region size 2048K, 2 young (4096K), 2 survivors (4096K)
 Metaspace       used 35521K, committed 35968K, reserved 1114112K
  class space    used 4480K, committed 4736K, reserved 1048576K
}
Event: 21.348 GC heap before
{Heap before GC invocations=10 (full 0):
 garbage-first heap   total 55296K, used 36987K [0x0000000703200000, 0x0000000800000000)
  region size 2048K, 12 young (24576K), 2 survivors (4096K)
 Metaspace       used 40585K, committed 41024K, reserved 1114112K
  class space    used 5043K, committed 5248K, reserved 1048576K
}
Event: 21.353 GC heap after
{Heap after GC invocations=11 (full 0):
 garbage-first heap   total 55296K, used 19833K [0x0000000703200000, 0x0000000800000000)
  region size 2048K, 2 young (4096K), 2 survivors (4096K)
 Metaspace       used 40585K, committed 41024K, reserved 1114112K
  class space    used 5043K, committed 5248K, reserved 1048576K
}
Event: 21.408 GC heap before
{Heap before GC invocations=11 (full 0):
 garbage-first heap   total 55296K, used 19833K [0x0000000703200000, 0x0000000800000000)
  region size 2048K, 3 young (6144K), 2 survivors (4096K)
 Metaspace       used 41243K, committed 41728K, reserved 1114112K
  class space    used 5104K, committed 5312K, reserved 1048576K
}
Event: 21.411 GC heap after
{Heap after GC invocations=12 (full 0):
 garbage-first heap   total 55296K, used 19392K [0x0000000703200000, 0x0000000800000000)
  region size 2048K, 1 young (2048K), 1 survivors (2048K)
 Metaspace       used 41243K, committed 41728K, reserved 1114112K
  class space    used 5104K, committed 5312K, reserved 1048576K
}
Event: 22.006 GC heap before
{Heap before GC invocations=12 (full 0):
 garbage-first heap   total 55296K, used 39872K [0x0000000703200000, 0x0000000800000000)
  region size 2048K, 11 young (22528K), 1 survivors (2048K)
 Metaspace       used 46126K, committed 46656K, reserved 1114112K
  class space    used 5769K, committed 6016K, reserved 1048576K
}

Deoptimization events (20 events):
Event: 21.777 Thread 0x000002bfd6d50810 Uncommon trap: trap_request=0xffffff45 fr.pc=0x000002bf87bb3218 relative=0x0000000000002118
Event: 21.777 Thread 0x000002bfd6d50810 Uncommon trap: reason=unstable_if action=reinterpret pc=0x000002bf87bb3218 method=com.sun.crypto.provider.PBKDF2KeyImpl.deriveKey(Ljavax/crypto/Mac;[B[BII)[B @ 179 c2
Event: 21.777 Thread 0x000002bfd6d50810 DEOPT PACKING pc=0x000002bf87bb3218 sp=0x000000d4bb7fe270
Event: 21.777 Thread 0x000002bfd6d50810 DEOPT UNPACKING pc=0x000002bf87585ba3 sp=0x000000d4bb7fe270 mode 2
Event: 21.934 Thread 0x000002bfd6d52b80 Uncommon trap: trap_request=0xffffff45 fr.pc=0x000002bf87afc674 relative=0x0000000000000834
Event: 21.934 Thread 0x000002bfd6d52b80 Uncommon trap: reason=unstable_if action=reinterpret pc=0x000002bf87afc674 method=java.lang.AbstractStringBuilder.append(Ljava/lang/String;)Ljava/lang/AbstractStringBuilder; @ 1 c2
Event: 21.934 Thread 0x000002bfd6d52b80 DEOPT PACKING pc=0x000002bf87afc674 sp=0x000000d4ba9fac80
Event: 21.934 Thread 0x000002bfd6d52b80 DEOPT UNPACKING pc=0x000002bf87585ba3 sp=0x000000d4ba9fac10 mode 2
Event: 21.934 Thread 0x000002bfd6d52b80 Uncommon trap: trap_request=0xffffff45 fr.pc=0x000002bf87b02e64 relative=0x0000000000000824
Event: 21.934 Thread 0x000002bfd6d52b80 Uncommon trap: reason=unstable_if action=reinterpret pc=0x000002bf87b02e64 method=java.lang.AbstractStringBuilder.append(Ljava/lang/String;)Ljava/lang/AbstractStringBuilder; @ 1 c2
Event: 21.934 Thread 0x000002bfd6d52b80 DEOPT PACKING pc=0x000002bf87b02e64 sp=0x000000d4ba9fab30
Event: 21.934 Thread 0x000002bfd6d52b80 DEOPT UNPACKING pc=0x000002bf87585ba3 sp=0x000000d4ba9fab18 mode 2
Event: 21.971 Thread 0x000002bfd6d52b80 Uncommon trap: trap_request=0xffffffc6 fr.pc=0x000002bf87c23a54 relative=0x0000000000000654
Event: 21.971 Thread 0x000002bfd6d52b80 Uncommon trap: reason=bimorphic_or_optimized_type_check action=maybe_recompile pc=0x000002bf87c23a54 method=java.util.HashMap.putVal(ILjava/lang/Object;Ljava/lang/Object;ZZ)Ljava/lang/Object; @ 253 c2
Event: 21.971 Thread 0x000002bfd6d52b80 DEOPT PACKING pc=0x000002bf87c23a54 sp=0x000000d4ba9faf90
Event: 21.971 Thread 0x000002bfd6d52b80 DEOPT UNPACKING pc=0x000002bf87585ba3 sp=0x000000d4ba9faeb8 mode 2
Event: 21.988 Thread 0x000002bfd6d52b80 Uncommon trap: trap_request=0xffffffc6 fr.pc=0x000002bf87c23a54 relative=0x0000000000000654
Event: 21.988 Thread 0x000002bfd6d52b80 Uncommon trap: reason=bimorphic_or_optimized_type_check action=maybe_recompile pc=0x000002bf87c23a54 method=java.util.HashMap.putVal(ILjava/lang/Object;Ljava/lang/Object;ZZ)Ljava/lang/Object; @ 253 c2
Event: 21.988 Thread 0x000002bfd6d52b80 DEOPT PACKING pc=0x000002bf87c23a54 sp=0x000000d4ba9faf90
Event: 21.988 Thread 0x000002bfd6d52b80 DEOPT UNPACKING pc=0x000002bf87585ba3 sp=0x000000d4ba9faeb8 mode 2

Classes unloaded (0 events):
No events

Classes redefined (0 events):
No events

Internal exceptions (20 events):
Event: 2.479 Thread 0x000002bffe66d700 Exception <a 'java/lang/IncompatibleClassChangeError'{0x000000070e553190}: Found class java.lang.Object, but interface was expected> (0x000000070e553190) 
thrown [s\open\src\hotspot\share\interpreter\linkResolver.cpp, line 826]
Event: 2.662 Thread 0x000002bffe66d700 Exception <a 'sun/nio/fs/WindowsException'{0x00000007059f9d88}> (0x00000007059f9d88) 
thrown [s\open\src\hotspot\share\prims\jni.cpp, line 516]
Event: 2.690 Thread 0x000002bffe66d700 Exception <a 'java/lang/IncompatibleClassChangeError'{0x00000007054fdba0}: Found class java.lang.Object, but interface was expected> (0x00000007054fdba0) 
thrown [s\open\src\hotspot\share\interpreter\linkResolver.cpp, line 826]
Event: 2.715 Thread 0x000002bffe66d700 Exception <a 'java/lang/NoSuchMethodError'{0x0000000705269d50}: 'void java.lang.invoke.DirectMethodHandle$Holder.invokeVirtual(java.lang.Object, java.lang.Object, long)'> (0x0000000705269d50) 
thrown [s\open\src\hotspot\share\interpreter\linkResolver.cpp, line 759]
Event: 2.770 Thread 0x000002bffe66d700 Exception <a 'java/lang/NoSuchMethodError'{0x0000000712ff8788}: 'int java.lang.invoke.DirectMethodHandle$Holder.invokeStaticInit(java.lang.Object, java.lang.Object, java.lang.Object, java.lang.Object)'> (0x0000000712ff8788) 
thrown [s\open\src\hotspot\share\interpreter\linkResolver.cpp, line 759]
Event: 2.854 Thread 0x000002bffe66d700 Exception <a 'java/lang/IncompatibleClassChangeError'{0x000000070e39ad08}: Found class java.lang.Object, but interface was expected> (0x000000070e39ad08) 
thrown [s\open\src\hotspot\share\interpreter\linkResolver.cpp, line 826]
Event: 2.912 Thread 0x000002bffe66d700 Exception <a 'java/lang/NoSuchMethodError'{0x0000000712ff0d38}: 'java.lang.Object java.lang.invoke.DirectMethodHandle$Holder.newInvokeSpecial(java.lang.Object, java.lang.Object, int, java.lang.Object, java.lang.Object)'> (0x0000000712ff0d38) 
thrown [s\open\src\hotspot\share\interpreter\linkResolver.cpp, line 759]
Event: 20.893 Thread 0x000002bfd6d52b80 Exception <a 'java/lang/NoSuchMethodError'{0x000000070e3ef208}: 'java.lang.Object java.lang.invoke.DirectMethodHandle$Holder.invokeSpecial(java.lang.Object, java.lang.Object, java.lang.Object, java.lang.Object, java.lang.Object, long)'> (0x000000070e3ef208) 
thrown [s\open\src\hotspot\share\interpreter\linkResolver.cpp, line 759]
Event: 20.893 Thread 0x000002bfd6d52b80 Exception <a 'java/lang/NoSuchMethodError'{0x000000070e3f2c48}: 'java.lang.Object java.lang.invoke.Invokers$Holder.linkToTargetMethod(java.lang.Object, java.lang.Object, java.lang.Object, long, java.lang.Object)'> (0x000000070e3f2c48) 
thrown [s\open\src\hotspot\share\interpreter\linkResolver.cpp, line 759]
Event: 21.189 Thread 0x000002bfd6d52b80 Exception <a 'sun/nio/fs/WindowsException'{0x00000007052e5db0}> (0x00000007052e5db0) 
thrown [s\open\src\hotspot\share\prims\jni.cpp, line 516]
Event: 21.211 Thread 0x000002bfd6d52b80 Exception <a 'java/lang/NoClassDefFoundError'{0x000000070535c038}: oracle/dms/console/DMSConsole> (0x000000070535c038) 
thrown [s\open\src\hotspot\share\classfile\systemDictionary.cpp, line 245]
Event: 21.211 Thread 0x000002bfd6d52b80 Exception <a 'java/lang/reflect/InvocationTargetException'{0x000000070535cb00}> (0x000000070535cb00) 
thrown [s\open\src\hotspot\share\runtime\reflection.cpp, line 1121]
Event: 21.357 Thread 0x000002bfd6d52b80 Exception <a 'java/lang/NoSuchMethodError'{0x0000000712e3ae18}: 'java.lang.Object java.lang.invoke.DirectMethodHandle$Holder.invokeVirtual(java.lang.Object, java.lang.Object, int)'> (0x0000000712e3ae18) 
thrown [s\open\src\hotspot\share\interpreter\linkResolver.cpp, line 759]
Event: 21.579 Thread 0x000002bfd6d52b80 Exception <a 'java/lang/NoSuchMethodError'{0x000000070e493f28}: 'java.lang.Object java.lang.invoke.Invokers$Holder.linkToTargetMethod(java.lang.Object, int, java.lang.Object, java.lang.Object)'> (0x000000070e493f28) 
thrown [s\open\src\hotspot\share\interpreter\linkResolver.cpp, line 759]
Event: 21.744 Thread 0x000002bfd6d50810 Implicit null exception at 0x000002bf87bbd253 to 0x000002bf87bbde24
Event: 21.934 Thread 0x000002bfd6d52b80 Implicit null exception at 0x000002bf87afbe75 to 0x000002bf87afc65c
Event: 21.934 Thread 0x000002bfd6d52b80 Implicit null exception at 0x000002bf87b02672 to 0x000002bf87b02e4c
Event: 21.947 Thread 0x000002bfd6d52b80 Exception <a 'java/lang/NoSuchMethodError'{0x000000070554d0b0}: 'java.lang.Object java.lang.invoke.DirectMethodHandle$Holder.invokeStaticInit(java.lang.Object, java.lang.Object, java.lang.Object, java.lang.Object)'> (0x000000070554d0b0) 
thrown [s\open\src\hotspot\share\interpreter\linkResolver.cpp, line 759]
Event: 21.985 Thread 0x000002bfd6d52b80 Exception <a 'java/lang/NoSuchMethodError'{0x00000007052f51b8}: 'java.lang.Object java.lang.invoke.DirectMethodHandle$Holder.invokeSpecial(java.lang.Object, java.lang.Object, java.lang.Object, java.lang.Object, java.lang.Object, int)'> (0x00000007052f51b8) 
thrown [s\open\src\hotspot\share\interpreter\linkResolver.cpp, line 759]
Event: 21.985 Thread 0x000002bfd6d52b80 Exception <a 'java/lang/NoSuchMethodError'{0x00000007052f8f48}: 'java.lang.Object java.lang.invoke.Invokers$Holder.linkToTargetMethod(java.lang.Object, java.lang.Object, java.lang.Object, int, java.lang.Object)'> (0x00000007052f8f48) 
thrown [s\open\src\hotspot\share\interpreter\linkResolver.cpp, line 759]

VM Operations (20 events):
Event: 20.976 Executing VM operation: HandshakeAllThreads done
Event: 21.190 Executing VM operation: HandshakeAllThreads
Event: 21.190 Executing VM operation: HandshakeAllThreads done
Event: 21.195 Executing VM operation: HandshakeAllThreads
Event: 21.195 Executing VM operation: HandshakeAllThreads done
Event: 21.195 Executing VM operation: HandshakeAllThreads
Event: 21.195 Executing VM operation: HandshakeAllThreads done
Event: 21.212 Executing VM operation: HandshakeAllThreads
Event: 21.212 Executing VM operation: HandshakeAllThreads done
Event: 21.226 Executing VM operation: HandshakeAllThreads
Event: 21.226 Executing VM operation: HandshakeAllThreads done
Event: 21.347 Executing VM operation: G1CollectForAllocation
Event: 21.353 Executing VM operation: G1CollectForAllocation done
Event: 21.407 Executing VM operation: G1CollectForAllocation
Event: 21.411 Executing VM operation: G1CollectForAllocation done
Event: 21.991 Executing VM operation: HandshakeAllThreads
Event: 21.991 Executing VM operation: HandshakeAllThreads done
Event: 22.002 Executing VM operation: HandshakeAllThreads
Event: 22.002 Executing VM operation: HandshakeAllThreads done
Event: 22.005 Executing VM operation: G1CollectForAllocation

Events (20 events):
Event: 21.699 loading class java/io/ObjectStreamClass$2 done
Event: 21.699 loading class jdk/internal/reflect/UnsafeQualifiedStaticLongFieldAccessorImpl
Event: 21.699 loading class jdk/internal/reflect/UnsafeQualifiedStaticLongFieldAccessorImpl done
Event: 21.699 loading class java/io/ObjectStreamClass$FieldReflectorKey
Event: 21.699 loading class java/io/ObjectStreamClass$FieldReflectorKey done
Event: 21.699 loading class java/io/ObjectStreamClass$FieldReflector
Event: 21.700 loading class java/io/ObjectStreamClass$FieldReflector done
Event: 21.701 loading class java/io/ObjectStreamClass$ClassDataSlot
Event: 21.701 loading class java/io/ObjectStreamClass$ClassDataSlot done
Event: 21.701 loading class java/io/ObjectInputStream$FieldValues
Event: 21.701 loading class java/io/ObjectInputStream$GetField
Event: 21.701 loading class java/io/ObjectInputStream$GetField done
Event: 21.701 loading class java/io/ObjectInputStream$FieldValues done
Event: 21.701 loading class java/io/ObjectStreamClass$ExceptionInfo
Event: 21.701 loading class java/io/ObjectStreamClass$ExceptionInfo done
Event: 21.733 Thread 0x000002bfd5238b70 Thread added: 0x000002bfd5238b70
Event: 21.891 loading class java/util/concurrent/Flow$Publisher
Event: 21.891 loading class java/util/concurrent/Flow$Publisher done
Event: 21.943 loading class java/util/concurrent/ConcurrentLinkedQueue$Itr
Event: 21.944 loading class java/util/concurrent/ConcurrentLinkedQueue$Itr done


Dynamic libraries:
0x00007ff610270000 - 0x00007ff610280000 	C:\Program Files\Java\jdk-17\bin\java.exe
0x00007ffce35b0000 - 0x00007ffce37a8000 	C:\Windows\SYSTEM32\ntdll.dll
0x00007ffc9afe0000 - 0x00007ffc9affa000 	C:\Program Files\Avast Software\Avast\aswhook.dll
0x00007ffce2a90000 - 0x00007ffce2b52000 	C:\Windows\System32\KERNEL32.DLL
0x00007ffce0e80000 - 0x00007ffce117e000 	C:\Windows\System32\KERNELBASE.dll
0x00007ffce1180000 - 0x00007ffce1280000 	C:\Windows\System32\ucrtbase.dll
0x00007ffcbc8a0000 - 0x00007ffcbc8b9000 	C:\Program Files\Java\jdk-17\bin\jli.dll
0x00007ffce32e0000 - 0x00007ffce3392000 	C:\Windows\System32\ADVAPI32.dll
0x00007ffce24e0000 - 0x00007ffce257e000 	C:\Windows\System32\msvcrt.dll
0x00007ffce15d0000 - 0x00007ffce1670000 	C:\Windows\System32\sechost.dll
0x00007ffce2580000 - 0x00007ffce26a3000 	C:\Windows\System32\RPCRT4.dll
0x00007ffce0c50000 - 0x00007ffce0c77000 	C:\Windows\System32\bcrypt.dll
0x00007ffce28f0000 - 0x00007ffce2a8d000 	C:\Windows\System32\USER32.dll
0x00007ffce14f0000 - 0x00007ffce1512000 	C:\Windows\System32\win32u.dll
0x00007ffce2760000 - 0x00007ffce278b000 	C:\Windows\System32\GDI32.dll
0x00007ffce0d60000 - 0x00007ffce0e77000 	C:\Windows\System32\gdi32full.dll
0x00007ffce12f0000 - 0x00007ffce138d000 	C:\Windows\System32\msvcp_win.dll
0x00007ffcbda10000 - 0x00007ffcbdcaa000 	C:\Windows\WinSxS\amd64_microsoft.windows.common-controls_6595b64144ccf1df_6.0.19041.4355_none_60b8b9eb71f62e16\COMCTL32.dll
0x00007ffcbae20000 - 0x00007ffcbae3b000 	C:\Program Files\Java\jdk-17\bin\VCRUNTIME140.dll
0x00007ffcd4460000 - 0x00007ffcd446a000 	C:\Windows\SYSTEM32\VERSION.dll
0x00007ffce1b90000 - 0x00007ffce1bbf000 	C:\Windows\System32\IMM32.DLL
0x00007ffcdc320000 - 0x00007ffcdc32c000 	C:\Program Files\Java\jdk-17\bin\vcruntime140_1.dll
0x00007ffc84750000 - 0x00007ffc847de000 	C:\Program Files\Java\jdk-17\bin\msvcp140.dll
0x00007ffc64380000 - 0x00007ffc64f5f000 	C:\Program Files\Java\jdk-17\bin\server\jvm.dll
0x00007ffce2b60000 - 0x00007ffce2b68000 	C:\Windows\System32\PSAPI.DLL
0x00007ffcde0b0000 - 0x00007ffcde0d7000 	C:\Windows\SYSTEM32\WINMM.dll
0x00007ffccc780000 - 0x00007ffccc789000 	C:\Windows\SYSTEM32\WSOCK32.dll
0x00007ffce27f0000 - 0x00007ffce285b000 	C:\Windows\System32\WS2_32.dll
0x00007ffcdf430000 - 0x00007ffcdf442000 	C:\Windows\SYSTEM32\kernel.appcore.dll
0x00007ffcc0730000 - 0x00007ffcc073a000 	C:\Program Files\Java\jdk-17\bin\jimage.dll
0x00007ffcdf0c0000 - 0x00007ffcdf2a4000 	C:\Windows\SYSTEM32\DBGHELP.DLL
0x00007ffcdde20000 - 0x00007ffcdde54000 	C:\Windows\SYSTEM32\dbgcore.DLL
0x00007ffce0c80000 - 0x00007ffce0d02000 	C:\Windows\System32\bcryptPrimitives.dll
0x00007ffcba7b0000 - 0x00007ffcba7d5000 	C:\Program Files\Java\jdk-17\bin\java.dll
0x00007ffc820c0000 - 0x00007ffc82197000 	C:\Program Files\Java\jdk-17\bin\jsvml.dll
0x00007ffce2b70000 - 0x00007ffce32df000 	C:\Windows\System32\SHELL32.dll
0x00007ffcde910000 - 0x00007ffcdf0b4000 	C:\Windows\SYSTEM32\windows.storage.dll
0x00007ffce1cb0000 - 0x00007ffce2003000 	C:\Windows\System32\combase.dll
0x00007ffce0680000 - 0x00007ffce06ae000 	C:\Windows\SYSTEM32\Wldp.dll
0x00007ffce1a60000 - 0x00007ffce1b2d000 	C:\Windows\System32\OLEAUT32.dll
0x00007ffce26b0000 - 0x00007ffce275d000 	C:\Windows\System32\SHCORE.dll
0x00007ffce2010000 - 0x00007ffce2065000 	C:\Windows\System32\shlwapi.dll
0x00007ffce0b80000 - 0x00007ffce0ba4000 	C:\Windows\SYSTEM32\profapi.dll
0x00007ffca1f00000 - 0x00007ffca1f19000 	C:\Program Files\Java\jdk-17\bin\net.dll
0x00007ffcdcaa0000 - 0x00007ffcdcbad000 	C:\Windows\SYSTEM32\WINHTTP.dll
0x00007ffce03e0000 - 0x00007ffce044a000 	C:\Windows\system32\mswsock.dll
0x00007ffc9e950000 - 0x00007ffc9e966000 	C:\Program Files\Java\jdk-17\bin\nio.dll
0x00007ffcb98f0000 - 0x00007ffcb9908000 	C:\Program Files\Java\jdk-17\bin\zip.dll
0x00007ffcb9540000 - 0x00007ffcb954a000 	C:\Program Files\Java\jdk-17\bin\management.dll
0x00007ffcb43e0000 - 0x00007ffcb43eb000 	C:\Program Files\Java\jdk-17\bin\management_ext.dll
0x00007ffcb3c20000 - 0x00007ffcb3c2e000 	C:\Program Files\Java\jdk-17\bin\sunmscapi.dll
0x00007ffce1390000 - 0x00007ffce14ec000 	C:\Windows\System32\CRYPT32.dll
0x00007ffce06f0000 - 0x00007ffce0717000 	C:\Windows\SYSTEM32\ncrypt.dll
0x00007ffce06b0000 - 0x00007ffce06eb000 	C:\Windows\SYSTEM32\NTASN1.dll
0x00007ffce05d0000 - 0x00007ffce05e8000 	C:\Windows\SYSTEM32\CRYPTSP.dll
0x00007ffcdfc50000 - 0x00007ffcdfc84000 	C:\Windows\system32\rsaenh.dll
0x00007ffce0b00000 - 0x00007ffce0b2e000 	C:\Windows\SYSTEM32\USERENV.dll
0x00007ffce05f0000 - 0x00007ffce05fc000 	C:\Windows\SYSTEM32\CRYPTBASE.dll
0x00007ffce0050000 - 0x00007ffce008b000 	C:\Windows\SYSTEM32\IPHLPAPI.DLL
0x00007ffce28e0000 - 0x00007ffce28e8000 	C:\Windows\System32\NSI.dll
0x00007ffcd44a0000 - 0x00007ffcd44b7000 	C:\Windows\SYSTEM32\dhcpcsvc6.DLL
0x00007ffcd4b50000 - 0x00007ffcd4b6d000 	C:\Windows\SYSTEM32\dhcpcsvc.DLL
0x00007ffce00a0000 - 0x00007ffce016a000 	C:\Windows\SYSTEM32\DNSAPI.dll
0x00007ffcd8f20000 - 0x00007ffcd8f27000 	C:\Windows\system32\wshunix.dll
0x00007ffcd4470000 - 0x00007ffcd447a000 	C:\Windows\System32\rasadhlp.dll
0x00007ffcd2dd0000 - 0x00007ffcd2e50000 	C:\Windows\System32\fwpuclnt.dll
0x00007ffcbfcb0000 - 0x00007ffcbfcc7000 	C:\Windows\system32\napinsp.dll
0x00007ffcbfc90000 - 0x00007ffcbfcab000 	C:\Windows\system32\pnrpnsp.dll
0x00007ffcdd260000 - 0x00007ffcdd275000 	C:\Windows\system32\wshbth.dll
0x00007ffcdcbc0000 - 0x00007ffcdcbdd000 	C:\Windows\system32\NLAapi.dll
0x00007ffcbfc20000 - 0x00007ffcbfc32000 	C:\Windows\System32\winrnr.dll

dbghelp: loaded successfully - version: 4.0.5 - missing functions: none
symbol engine: initialized successfully - sym options: 0x614 - pdb path: .;C:\Program Files\Java\jdk-17\bin;C:\Windows\SYSTEM32;C:\Program Files\Avast Software\Avast;C:\Windows\WinSxS\amd64_microsoft.windows.common-controls_6595b64144ccf1df_6.0.19041.4355_none_60b8b9eb71f62e16;C:\Program Files\Java\jdk-17\bin\server

VM Arguments:
jvm_args: -Dfile.encoding=UTF-8 -Duser.country=KR -Duser.language=ko -Duser.variant 
java_command: com.acorn.cartBatis.CartBatisApplication
java_class_path (initial): C:\Users\jooyeon\Documents\2024_2_cloud\스프링부트\bootws2\cartBatis\build\classes\java\main;C:\Users\jooyeon\Documents\2024_2_cloud\스프링부트\bootws2\cartBatis\build\resources\main;C:\Users\jooyeon\.gradle\caches\modules-2\files-2.1\org.springframework.boot\spring-boot-devtools\3.3.5\359da61f9d19893ff76a324a39a2ac43dec2887f\spring-boot-devtools-3.3.5.jar;C:\Users\jooyeon\.gradle\caches\modules-2\files-2.1\org.springframework.boot\spring-boot-starter-thymeleaf\3.3.5\5fa47cb90c1ff87b9273fcf01b56bff77810077e\spring-boot-starter-thymeleaf-3.3.5.jar;C:\Users\jooyeon\.gradle\caches\modules-2\files-2.1\org.springframework.boot\spring-boot-starter-web\3.3.5\51cc6cd5fb15f4eecfadea4ac689ed290e65c2cc\spring-boot-starter-web-3.3.5.jar;C:\Users\jooyeon\.gradle\caches\modules-2\files-2.1\org.mybatis.spring.boot\mybatis-spring-boot-starter\3.0.3\19528356bf8bad2be5f8bf796dfc30bcc4996054\mybatis-spring-boot-starter-3.0.3.jar;C:\Users\jooyeon\.gradle\caches\modules-2\files-2.1\com.oracle.database.jdbc\ojdbc11\21.9.0.0\1aad2e20684ee075bb9ebdca2d83f028e4fd35fa\ojdbc11-21.9.0.0.jar;C:\Users\jooyeon\.gradle\caches\modules-2\files-2.1\org.springframework.boot\spring-boot-starter-json\3.3.5\a92dd0bc808c9de278bc62bc37db4e409027657a\spring-boot-starter-json-3.3.5.jar;C:\Users\jooyeon\.gradle\caches\modules-2\files-2.1\org.springframework.boot\spring-boot-starter-jdbc\3.3.5\64c2c63ff90dffcd6996b3cd11e5d7e9805884d2\spring-boot-starter-jdbc-3.3.5.jar;C:\Users\jooyeon\.gradle\caches\modules-2\files-2.1\org.springframework.boot\spring-boot-starter\3.3.5\16b7a9acf1918a8f763e871ada3794e9ffd4a980\spring-boot-starter-3.3.5.jar;C:\Users\jooyeon\.gradle\caches\modules-2\files-2.1\org.mybatis.spring.boot\mybatis-spring-boot-autoconfigure\3.0.3\b73a2effa4f60a2eeca98aa12ea3437faede0f73\mybatis-spring-boot-autoconfigure-3.0.3.jar;C:\Users\jooyeon\.gradle\caches\modules-2\files-2.1\org.springframework.boot\spring-boot-autoconfigure\3.3.5\1efbbd46eeef054986796200313f4bb0d53a726
Launcher Type: SUN_STANDARD

[Global flags]
     intx CICompilerCount                          = 4                                         {product} {ergonomic}
     uint ConcGCThreads                            = 2                                         {product} {ergonomic}
     uint G1ConcRefinementThreads                  = 8                                         {product} {ergonomic}
   size_t G1HeapRegionSize                         = 2097152                                   {product} {ergonomic}
    uintx GCDrainStackTargetSize                   = 64                                        {product} {ergonomic}
   size_t InitialHeapSize                          = 266338304                                 {product} {ergonomic}
   size_t MarkStackSize                            = 4194304                                   {product} {ergonomic}
   size_t MaxHeapSize                              = 4242538496                                {product} {ergonomic}
   size_t MaxNewSize                               = 2543845376                                {product} {ergonomic}
   size_t MinHeapDeltaBytes                        = 2097152                                   {product} {ergonomic}
   size_t MinHeapSize                              = 8388608                                   {product} {ergonomic}
    uintx NonNMethodCodeHeapSize                   = 5839372                                {pd product} {ergonomic}
    uintx NonProfiledCodeHeapSize                  = 122909434                              {pd product} {ergonomic}
    uintx ProfiledCodeHeapSize                     = 122909434                              {pd product} {ergonomic}
    uintx ReservedCodeCacheSize                    = 251658240                              {pd product} {ergonomic}
     bool SegmentedCodeCache                       = true                                      {product} {ergonomic}
   size_t SoftMaxHeapSize                          = 4242538496                             {manageable} {ergonomic}
     bool UseCompressedClassPointers               = true                           {product lp64_product} {ergonomic}
     bool UseCompressedOops                        = true                           {product lp64_product} {ergonomic}
     bool UseG1GC                                  = true                                      {product} {ergonomic}
     bool UseLargePagesIndividualAllocation        = false                                  {pd product} {ergonomic}

Logging:
Log output configuration:
 #0: stdout all=warning uptime,level,tags
 #1: stderr all=off uptime,level,tags

Environment Variables:
JAVA_HOME=C:\Program Files\Java\jdk-17
PATH=C:\Program Files\Java\jdk-17\bin;C:\Users\jooyeon\Documents\2024_수업준비\tools\apache-tomcat-9.0.86-windows-x64\bin;C:\oracle\WINDOWS.X64_193000_db_home\bin;C:\Windows\system32;C:\Windows;C:\Windows\System32\Wbem;C:\Windows\System32\WindowsPowerShell\v1.0\;C:\Windows\System32\OpenSSH\;C:\Program Files (x86)\Google\Cloud SDK\google-cloud-sdk\bin;C:\ProgramData\chocolatey\bin;C:\Program Files\nodejs\;C:\Program Files\Docker\Docker\resources\bin;C:\Program Files\Common Files\Oracle\Java\javapath;C:\Program Files\Git\cmd;C:\Users\jooyeon\AppData\Local\Microsoft\WindowsApps;C:\Users\jooyeon\AppData\Local\Programs\Microsoft VS Code\bin;C:\Users\jooyeon\cloudnative2023;C:\Users\jooyeon\AppData\Roaming\npm
USERNAME=jooyeon
OS=Windows_NT
PROCESSOR_IDENTIFIER=Intel64 Family 6 Model 140 Stepping 1, GenuineIntel



---------------  S Y S T E M  ---------------

OS:
 Windows 10 , 64 bit Build 19041 (10.0.19041.4957)
OS uptime: 1 days 21:55 hours
Hyper-V role detected

CPU: total 8 (initial active 8) (4 cores per cpu, 2 threads per core) family 6 model 140 stepping 1 microcode 0x8a, cx8, cmov, fxsr, ht, mmx, 3dnowpref, sse, sse2, sse3, ssse3, sse4.1, sse4.2, popcnt, lzcnt, tsc, tscinvbit, avx, avx2, aes, erms, clmul, bmi1, bmi2, adx, avx512f, avx512dq, avx512cd, avx512bw, avx512vl, sha, fma, vzeroupper, avx512_vpopcntdq, avx512_vpclmulqdq, avx512_vaes, avx512_vnni, clflush, clflushopt, clwb, avx512_vbmi2, avx512_vbmi, hv

Memory: 4k page, system-wide physical 16183M (3839M free)
TotalPageFile size 16183M (AvailPageFile size 9M)
current process WorkingSet (physical memory assigned to process): 212M, peak: 219M
current process commit charge ("private bytes"): 251M, peak: 414M

vm_info: Java HotSpot(TM) 64-Bit Server VM (17.0.10+11-LTS-240) for windows-amd64 JRE (17.0.10+11-LTS-240), built on Dec 19 2023 21:47:25 by "mach5one" with MS VC++ 17.1 (VS2022)

END.
