#
# There is insufficient memory for the Java Runtime Environment to continue.
# Native memory allocation (malloc) failed to allocate 1783776 bytes for Chunk::new
# Possible reasons:
#   The system is out of physical RAM or swap space
#   The process is running with CompressedOops enabled, and the Java Heap may be blocking the growth of the native heap
# Possible solutions:
#   Reduce memory load on the system
#   Increase physical memory or swap space
#   Check if swap backing store is full
#   Decrease Java heap size (-Xmx/-Xms)
#   Decrease number of Java threads
#   Decrease Java thread stack sizes (-Xss)
#   Set larger code cache with -XX:ReservedCodeCacheSize=
#   JVM is running with Zero Based Compressed Oops mode in which the Java heap is
#     placed in the first 32GB address space. The Java Heap base address is the
#     maximum limit for the native heap growth. Please use -XX:HeapBaseMinAddress
#     to set the Java Heap base and to place the Java Heap above 32GB virtual address.
# This output file may be truncated or incomplete.
#
#  Out of Memory Error (arena.cpp:189), pid=7568, tid=12396
#
# JRE version: Java(TM) SE Runtime Environment (17.0.10+11) (build 17.0.10+11-LTS-240)
# Java VM: Java HotSpot(TM) 64-Bit Server VM (17.0.10+11-LTS-240, mixed mode, sharing, tiered, compressed oops, compressed class ptrs, g1 gc, windows-amd64)
# No core dump will be written. Minidumps are not enabled by default on client versions of Windows
#

---------------  S U M M A R Y ------------

Command Line: -Dfile.encoding=UTF-8 -Duser.country=KR -Duser.language=ko -Duser.variant com.example.thyeleafLayout.ThyeleafLayoutApplication

Host: 11th Gen Intel(R) Core(TM) i7-1165G7 @ 2.80GHz, 8 cores, 15G,  Windows 10 , 64 bit Build 19041 (10.0.19041.4957)
Time: Sat Nov  9 01:22:07 2024  Windows 10 , 64 bit Build 19041 (10.0.19041.4957) elapsed time: 2.336655 seconds (0d 0h 0m 2s)

---------------  T H R E A D  ---------------

Current thread (0x0000025b60098020):  JavaThread "C2 CompilerThread2" daemon [_thread_in_native, id=12396, stack(0x0000008c7b300000,0x0000008c7b400000)]


Current CompileTask:
C2:   2337 2242   !   4       jdk.internal.loader.BuiltinClassLoader::loadClassOrNull (143 bytes)

Stack: [0x0000008c7b300000,0x0000008c7b400000]
Native frames: (J=compiled Java code, j=interpreted, Vv=VM code, C=native code)
V  [jvm.dll+0x677a5a]
V  [jvm.dll+0x7d8b2d]
V  [jvm.dll+0x7da48e]
V  [jvm.dll+0x7daaf3]
V  [jvm.dll+0x2455ff]
V  [jvm.dll+0xaaafb]
V  [jvm.dll+0xab09c]
V  [jvm.dll+0x361bae]
V  [jvm.dll+0x32c211]
V  [jvm.dll+0x32b6aa]
V  [jvm.dll+0x21794f]
V  [jvm.dll+0x216d81]
V  [jvm.dll+0x1a3410]
V  [jvm.dll+0x226aeb]
V  [jvm.dll+0x224cab]
V  [jvm.dll+0x78e45c]
V  [jvm.dll+0x78888a]
V  [jvm.dll+0x676935]
C  [ucrtbase.dll+0x21bb2]
C  [KERNEL32.DLL+0x17374]
C  [ntdll.dll+0x4cc91]


---------------  P R O C E S S  ---------------

Threads class SMR info:
_java_thread_list=0x0000025b6013f0f0, length=14, elements={
0x0000025b766fa530, 0x0000025b1938d960, 0x0000025b1938e430, 0x0000025b19454af0,
0x0000025b194573d0, 0x0000025b19459cb0, 0x0000025b1945b2c0, 0x0000025b1945e680,
0x0000025b19460050, 0x0000025b19462970, 0x0000025b19590190, 0x0000025b195996b0,
0x0000025b1963cda0, 0x0000025b60098020
}

Java Threads: ( => current thread )
  0x0000025b766fa530 JavaThread "main" [_thread_in_native, id=11072, stack(0x0000008c79700000,0x0000008c79800000)]
  0x0000025b1938d960 JavaThread "Reference Handler" daemon [_thread_blocked, id=6588, stack(0x0000008c79e00000,0x0000008c79f00000)]
  0x0000025b1938e430 JavaThread "Finalizer" daemon [_thread_blocked, id=12360, stack(0x0000008c79f00000,0x0000008c7a000000)]
  0x0000025b19454af0 JavaThread "Signal Dispatcher" daemon [_thread_blocked, id=16540, stack(0x0000008c7a000000,0x0000008c7a100000)]
  0x0000025b194573d0 JavaThread "Attach Listener" daemon [_thread_blocked, id=12668, stack(0x0000008c7a100000,0x0000008c7a200000)]
  0x0000025b19459cb0 JavaThread "Service Thread" daemon [_thread_blocked, id=17064, stack(0x0000008c7a200000,0x0000008c7a300000)]
  0x0000025b1945b2c0 JavaThread "Monitor Deflation Thread" daemon [_thread_blocked, id=13944, stack(0x0000008c7a300000,0x0000008c7a400000)]
  0x0000025b1945e680 JavaThread "C2 CompilerThread0" daemon [_thread_in_native, id=17380, stack(0x0000008c7a400000,0x0000008c7a500000)]
  0x0000025b19460050 JavaThread "C1 CompilerThread0" daemon [_thread_blocked, id=1436, stack(0x0000008c7a500000,0x0000008c7a600000)]
  0x0000025b19462970 JavaThread "Sweeper thread" daemon [_thread_blocked, id=15516, stack(0x0000008c7a600000,0x0000008c7a700000)]
  0x0000025b19590190 JavaThread "Notification Thread" daemon [_thread_blocked, id=17248, stack(0x0000008c7a700000,0x0000008c7a800000)]
  0x0000025b195996b0 JavaThread "Common-Cleaner" daemon [_thread_blocked, id=8436, stack(0x0000008c7a900000,0x0000008c7aa00000)]
  0x0000025b1963cda0 JavaThread "C2 CompilerThread1" daemon [_thread_in_native, id=6976, stack(0x0000008c7aa00000,0x0000008c7ab00000)]
=>0x0000025b60098020 JavaThread "C2 CompilerThread2" daemon [_thread_in_native, id=12396, stack(0x0000008c7b300000,0x0000008c7b400000)]

Other Threads:
  0x0000025b193896c0 VMThread "VM Thread" [stack: 0x0000008c79d00000,0x0000008c79e00000] [id=12592]
  0x0000025b7678d1b0 WatcherThread [stack: 0x0000008c7a800000,0x0000008c7a900000] [id=11688]
  0x0000025b76765fd0 GCTaskThread "GC Thread#0" [stack: 0x0000008c79800000,0x0000008c79900000] [id=17144]
  0x0000025b5f5f2540 GCTaskThread "GC Thread#1" [stack: 0x0000008c7ab00000,0x0000008c7ac00000] [id=16996]
  0x0000025b5f61c060 GCTaskThread "GC Thread#2" [stack: 0x0000008c7ac00000,0x0000008c7ad00000] [id=10448]
  0x0000025b5f61c320 GCTaskThread "GC Thread#3" [stack: 0x0000008c7ad00000,0x0000008c7ae00000] [id=13028]
  0x0000025b5f61c5e0 GCTaskThread "GC Thread#4" [stack: 0x0000008c7ae00000,0x0000008c7af00000] [id=18304]
  0x0000025b5f554280 GCTaskThread "GC Thread#5" [stack: 0x0000008c7af00000,0x0000008c7b000000] [id=9004]
  0x0000025b5fa80050 GCTaskThread "GC Thread#6" [stack: 0x0000008c7b100000,0x0000008c7b200000] [id=2224]
  0x0000025b5f817d10 GCTaskThread "GC Thread#7" [stack: 0x0000008c7b200000,0x0000008c7b300000] [id=11976]
  0x0000025b76778120 ConcurrentGCThread "G1 Main Marker" [stack: 0x0000008c79900000,0x0000008c79a00000] [id=13216]
  0x0000025b7677a1f0 ConcurrentGCThread "G1 Conc#0" [stack: 0x0000008c79a00000,0x0000008c79b00000] [id=16532]
  0x0000025b767bcdd0 ConcurrentGCThread "G1 Refine#0" [stack: 0x0000008c79b00000,0x0000008c79c00000] [id=11456]
  0x0000025b767bd710 ConcurrentGCThread "G1 Service" [stack: 0x0000008c79c00000,0x0000008c79d00000] [id=11768]

Threads with active compile tasks:
C2 CompilerThread0     2405 2353       4       jdk.internal.jimage.ImageLocation::verify (218 bytes)
C2 CompilerThread1     2406 2298       4       java.lang.invoke.MethodType::makeImpl (109 bytes)
C2 CompilerThread2     2406 2242   !   4       jdk.internal.loader.BuiltinClassLoader::loadClassOrNull (143 bytes)

VM state: not at safepoint (normal execution)

VM Mutex/Monitor currently owned by a thread: None

Heap address: 0x0000000703200000, size: 4046 MB, Compressed Oops mode: Zero based, Oop shift amount: 3

CDS archive(s) mapped at: [0x0000025b1a000000-0x0000025b1abd0000-0x0000025b1abd0000), size 12386304, SharedBaseAddress: 0x0000025b1a000000, ArchiveRelocationMode: 1.
Compressed class space mapped at: 0x0000025b1b000000-0x0000025b5b000000, reserved size: 1073741824
Narrow klass base: 0x0000025b1a000000, Narrow klass shift: 0, Narrow klass range: 0x100000000

GC Precious Log:
 CPUs: 8 total, 8 available
 Memory: 16183M
 Large Page Support: Disabled
 NUMA Support: Disabled
 Compressed Oops: Enabled (Zero based)
 Heap Region Size: 2M
 Heap Min Capacity: 8M
 Heap Initial Capacity: 254M
 Heap Max Capacity: 4046M
 Pre-touch: Disabled
 Parallel Workers: 8
 Concurrent Workers: 2
 Concurrent Refinement Workers: 8
 Periodic GC: Disabled

Heap:
 garbage-first heap   total 260096K, used 48280K [0x0000000703200000, 0x0000000800000000)
  region size 2048K, 23 young (47104K), 2 survivors (4096K)
 Metaspace       used 19453K, committed 19776K, reserved 1114112K
  class space    used 2385K, committed 2496K, reserved 1048576K

Heap Regions: E=young(eden), S=young(survivor), O=old, HS=humongous(starts), HC=humongous(continues), CS=collection set, F=free, OA=open archive, CA=closed archive, TAMS=top-at-mark-start (previous, next)
|   0|0x0000000703200000, 0x0000000703400000, 0x0000000703400000|100%| O|  |TAMS 0x0000000703200000, 0x0000000703200000| Untracked 
|   1|0x0000000703400000, 0x0000000703600000, 0x0000000703600000|100%| O|  |TAMS 0x0000000703400000, 0x0000000703400000| Untracked 
|   2|0x0000000703600000, 0x00000007036efa00, 0x0000000703800000| 46%| O|  |TAMS 0x0000000703600000, 0x0000000703600000| Untracked 
|   3|0x0000000703800000, 0x0000000703800000, 0x0000000703a00000|  0%| F|  |TAMS 0x0000000703800000, 0x0000000703800000| Untracked 
|   4|0x0000000703a00000, 0x0000000703a00000, 0x0000000703c00000|  0%| F|  |TAMS 0x0000000703a00000, 0x0000000703a00000| Untracked 
|   5|0x0000000703c00000, 0x0000000703c00000, 0x0000000703e00000|  0%| F|  |TAMS 0x0000000703c00000, 0x0000000703c00000| Untracked 
|   6|0x0000000703e00000, 0x0000000703e00000, 0x0000000704000000|  0%| F|  |TAMS 0x0000000703e00000, 0x0000000703e00000| Untracked 
|   7|0x0000000704000000, 0x0000000704000000, 0x0000000704200000|  0%| F|  |TAMS 0x0000000704000000, 0x0000000704000000| Untracked 
|   8|0x0000000704200000, 0x0000000704200000, 0x0000000704400000|  0%| F|  |TAMS 0x0000000704200000, 0x0000000704200000| Untracked 
|   9|0x0000000704400000, 0x0000000704400000, 0x0000000704600000|  0%| F|  |TAMS 0x0000000704400000, 0x0000000704400000| Untracked 
|  10|0x0000000704600000, 0x0000000704600000, 0x0000000704800000|  0%| F|  |TAMS 0x0000000704600000, 0x0000000704600000| Untracked 
|  11|0x0000000704800000, 0x0000000704800000, 0x0000000704a00000|  0%| F|  |TAMS 0x0000000704800000, 0x0000000704800000| Untracked 
|  12|0x0000000704a00000, 0x0000000704a00000, 0x0000000704c00000|  0%| F|  |TAMS 0x0000000704a00000, 0x0000000704a00000| Untracked 
|  13|0x0000000704c00000, 0x0000000704c00000, 0x0000000704e00000|  0%| F|  |TAMS 0x0000000704c00000, 0x0000000704c00000| Untracked 
|  14|0x0000000704e00000, 0x0000000704e00000, 0x0000000705000000|  0%| F|  |TAMS 0x0000000704e00000, 0x0000000704e00000| Untracked 
|  15|0x0000000705000000, 0x0000000705000000, 0x0000000705200000|  0%| F|  |TAMS 0x0000000705000000, 0x0000000705000000| Untracked 
|  16|0x0000000705200000, 0x0000000705200000, 0x0000000705400000|  0%| F|  |TAMS 0x0000000705200000, 0x0000000705200000| Untracked 
|  17|0x0000000705400000, 0x0000000705400000, 0x0000000705600000|  0%| F|  |TAMS 0x0000000705400000, 0x0000000705400000| Untracked 
|  18|0x0000000705600000, 0x0000000705600000, 0x0000000705800000|  0%| F|  |TAMS 0x0000000705600000, 0x0000000705600000| Untracked 
|  19|0x0000000705800000, 0x0000000705800000, 0x0000000705a00000|  0%| F|  |TAMS 0x0000000705800000, 0x0000000705800000| Untracked 
|  20|0x0000000705a00000, 0x0000000705a00000, 0x0000000705c00000|  0%| F|  |TAMS 0x0000000705a00000, 0x0000000705a00000| Untracked 
|  21|0x0000000705c00000, 0x0000000705c00000, 0x0000000705e00000|  0%| F|  |TAMS 0x0000000705c00000, 0x0000000705c00000| Untracked 
|  22|0x0000000705e00000, 0x0000000705e00000, 0x0000000706000000|  0%| F|  |TAMS 0x0000000705e00000, 0x0000000705e00000| Untracked 
|  23|0x0000000706000000, 0x0000000706000000, 0x0000000706200000|  0%| F|  |TAMS 0x0000000706000000, 0x0000000706000000| Untracked 
|  24|0x0000000706200000, 0x0000000706200000, 0x0000000706400000|  0%| F|  |TAMS 0x0000000706200000, 0x0000000706200000| Untracked 
|  25|0x0000000706400000, 0x0000000706400000, 0x0000000706600000|  0%| F|  |TAMS 0x0000000706400000, 0x0000000706400000| Untracked 
|  26|0x0000000706600000, 0x0000000706600000, 0x0000000706800000|  0%| F|  |TAMS 0x0000000706600000, 0x0000000706600000| Untracked 
|  27|0x0000000706800000, 0x0000000706800000, 0x0000000706a00000|  0%| F|  |TAMS 0x0000000706800000, 0x0000000706800000| Untracked 
|  28|0x0000000706a00000, 0x0000000706a00000, 0x0000000706c00000|  0%| F|  |TAMS 0x0000000706a00000, 0x0000000706a00000| Untracked 
|  29|0x0000000706c00000, 0x0000000706c00000, 0x0000000706e00000|  0%| F|  |TAMS 0x0000000706c00000, 0x0000000706c00000| Untracked 
|  30|0x0000000706e00000, 0x0000000706e00000, 0x0000000707000000|  0%| F|  |TAMS 0x0000000706e00000, 0x0000000706e00000| Untracked 
|  31|0x0000000707000000, 0x0000000707000000, 0x0000000707200000|  0%| F|  |TAMS 0x0000000707000000, 0x0000000707000000| Untracked 
|  32|0x0000000707200000, 0x0000000707200000, 0x0000000707400000|  0%| F|  |TAMS 0x0000000707200000, 0x0000000707200000| Untracked 
|  33|0x0000000707400000, 0x0000000707400000, 0x0000000707600000|  0%| F|  |TAMS 0x0000000707400000, 0x0000000707400000| Untracked 
|  34|0x0000000707600000, 0x0000000707600000, 0x0000000707800000|  0%| F|  |TAMS 0x0000000707600000, 0x0000000707600000| Untracked 
|  35|0x0000000707800000, 0x0000000707800000, 0x0000000707a00000|  0%| F|  |TAMS 0x0000000707800000, 0x0000000707800000| Untracked 
|  36|0x0000000707a00000, 0x0000000707a00000, 0x0000000707c00000|  0%| F|  |TAMS 0x0000000707a00000, 0x0000000707a00000| Untracked 
|  37|0x0000000707c00000, 0x0000000707c00000, 0x0000000707e00000|  0%| F|  |TAMS 0x0000000707c00000, 0x0000000707c00000| Untracked 
|  38|0x0000000707e00000, 0x0000000707e00000, 0x0000000708000000|  0%| F|  |TAMS 0x0000000707e00000, 0x0000000707e00000| Untracked 
|  39|0x0000000708000000, 0x0000000708000000, 0x0000000708200000|  0%| F|  |TAMS 0x0000000708000000, 0x0000000708000000| Untracked 
|  40|0x0000000708200000, 0x0000000708200000, 0x0000000708400000|  0%| F|  |TAMS 0x0000000708200000, 0x0000000708200000| Untracked 
|  41|0x0000000708400000, 0x0000000708400000, 0x0000000708600000|  0%| F|  |TAMS 0x0000000708400000, 0x0000000708400000| Untracked 
|  42|0x0000000708600000, 0x0000000708600000, 0x0000000708800000|  0%| F|  |TAMS 0x0000000708600000, 0x0000000708600000| Untracked 
|  43|0x0000000708800000, 0x0000000708800000, 0x0000000708a00000|  0%| F|  |TAMS 0x0000000708800000, 0x0000000708800000| Untracked 
|  44|0x0000000708a00000, 0x0000000708a00000, 0x0000000708c00000|  0%| F|  |TAMS 0x0000000708a00000, 0x0000000708a00000| Untracked 
|  45|0x0000000708c00000, 0x0000000708c00000, 0x0000000708e00000|  0%| F|  |TAMS 0x0000000708c00000, 0x0000000708c00000| Untracked 
|  46|0x0000000708e00000, 0x0000000708e00000, 0x0000000709000000|  0%| F|  |TAMS 0x0000000708e00000, 0x0000000708e00000| Untracked 
|  47|0x0000000709000000, 0x0000000709000000, 0x0000000709200000|  0%| F|  |TAMS 0x0000000709000000, 0x0000000709000000| Untracked 
|  48|0x0000000709200000, 0x0000000709200000, 0x0000000709400000|  0%| F|  |TAMS 0x0000000709200000, 0x0000000709200000| Untracked 
|  49|0x0000000709400000, 0x0000000709400000, 0x0000000709600000|  0%| F|  |TAMS 0x0000000709400000, 0x0000000709400000| Untracked 
|  50|0x0000000709600000, 0x0000000709600000, 0x0000000709800000|  0%| F|  |TAMS 0x0000000709600000, 0x0000000709600000| Untracked 
|  51|0x0000000709800000, 0x0000000709800000, 0x0000000709a00000|  0%| F|  |TAMS 0x0000000709800000, 0x0000000709800000| Untracked 
|  52|0x0000000709a00000, 0x0000000709a00000, 0x0000000709c00000|  0%| F|  |TAMS 0x0000000709a00000, 0x0000000709a00000| Untracked 
|  53|0x0000000709c00000, 0x0000000709c00000, 0x0000000709e00000|  0%| F|  |TAMS 0x0000000709c00000, 0x0000000709c00000| Untracked 
|  54|0x0000000709e00000, 0x0000000709e00000, 0x000000070a000000|  0%| F|  |TAMS 0x0000000709e00000, 0x0000000709e00000| Untracked 
|  55|0x000000070a000000, 0x000000070a000000, 0x000000070a200000|  0%| F|  |TAMS 0x000000070a000000, 0x000000070a000000| Untracked 
|  56|0x000000070a200000, 0x000000070a200000, 0x000000070a400000|  0%| F|  |TAMS 0x000000070a200000, 0x000000070a200000| Untracked 
|  57|0x000000070a400000, 0x000000070a400000, 0x000000070a600000|  0%| F|  |TAMS 0x000000070a400000, 0x000000070a400000| Untracked 
|  58|0x000000070a600000, 0x000000070a600000, 0x000000070a800000|  0%| F|  |TAMS 0x000000070a600000, 0x000000070a600000| Untracked 
|  59|0x000000070a800000, 0x000000070a800000, 0x000000070aa00000|  0%| F|  |TAMS 0x000000070a800000, 0x000000070a800000| Untracked 
|  60|0x000000070aa00000, 0x000000070aa00000, 0x000000070ac00000|  0%| F|  |TAMS 0x000000070aa00000, 0x000000070aa00000| Untracked 
|  61|0x000000070ac00000, 0x000000070ac00000, 0x000000070ae00000|  0%| F|  |TAMS 0x000000070ac00000, 0x000000070ac00000| Untracked 
|  62|0x000000070ae00000, 0x000000070ae00000, 0x000000070b000000|  0%| F|  |TAMS 0x000000070ae00000, 0x000000070ae00000| Untracked 
|  63|0x000000070b000000, 0x000000070b000000, 0x000000070b200000|  0%| F|  |TAMS 0x000000070b000000, 0x000000070b000000| Untracked 
|  64|0x000000070b200000, 0x000000070b200000, 0x000000070b400000|  0%| F|  |TAMS 0x000000070b200000, 0x000000070b200000| Untracked 
|  65|0x000000070b400000, 0x000000070b400000, 0x000000070b600000|  0%| F|  |TAMS 0x000000070b400000, 0x000000070b400000| Untracked 
|  66|0x000000070b600000, 0x000000070b600000, 0x000000070b800000|  0%| F|  |TAMS 0x000000070b600000, 0x000000070b600000| Untracked 
|  67|0x000000070b800000, 0x000000070b800000, 0x000000070ba00000|  0%| F|  |TAMS 0x000000070b800000, 0x000000070b800000| Untracked 
|  68|0x000000070ba00000, 0x000000070ba00000, 0x000000070bc00000|  0%| F|  |TAMS 0x000000070ba00000, 0x000000070ba00000| Untracked 
|  69|0x000000070bc00000, 0x000000070bc00000, 0x000000070be00000|  0%| F|  |TAMS 0x000000070bc00000, 0x000000070bc00000| Untracked 
|  70|0x000000070be00000, 0x000000070be00000, 0x000000070c000000|  0%| F|  |TAMS 0x000000070be00000, 0x000000070be00000| Untracked 
|  71|0x000000070c000000, 0x000000070c000000, 0x000000070c200000|  0%| F|  |TAMS 0x000000070c000000, 0x000000070c000000| Untracked 
|  72|0x000000070c200000, 0x000000070c200000, 0x000000070c400000|  0%| F|  |TAMS 0x000000070c200000, 0x000000070c200000| Untracked 
|  73|0x000000070c400000, 0x000000070c400000, 0x000000070c600000|  0%| F|  |TAMS 0x000000070c400000, 0x000000070c400000| Untracked 
|  74|0x000000070c600000, 0x000000070c600000, 0x000000070c800000|  0%| F|  |TAMS 0x000000070c600000, 0x000000070c600000| Untracked 
|  75|0x000000070c800000, 0x000000070c800000, 0x000000070ca00000|  0%| F|  |TAMS 0x000000070c800000, 0x000000070c800000| Untracked 
|  76|0x000000070ca00000, 0x000000070ca00000, 0x000000070cc00000|  0%| F|  |TAMS 0x000000070ca00000, 0x000000070ca00000| Untracked 
|  77|0x000000070cc00000, 0x000000070cc00000, 0x000000070ce00000|  0%| F|  |TAMS 0x000000070cc00000, 0x000000070cc00000| Untracked 
|  78|0x000000070ce00000, 0x000000070ce00000, 0x000000070d000000|  0%| F|  |TAMS 0x000000070ce00000, 0x000000070ce00000| Untracked 
|  79|0x000000070d000000, 0x000000070d000000, 0x000000070d200000|  0%| F|  |TAMS 0x000000070d000000, 0x000000070d000000| Untracked 
|  80|0x000000070d200000, 0x000000070d200000, 0x000000070d400000|  0%| F|  |TAMS 0x000000070d200000, 0x000000070d200000| Untracked 
|  81|0x000000070d400000, 0x000000070d400000, 0x000000070d600000|  0%| F|  |TAMS 0x000000070d400000, 0x000000070d400000| Untracked 
|  82|0x000000070d600000, 0x000000070d600000, 0x000000070d800000|  0%| F|  |TAMS 0x000000070d600000, 0x000000070d600000| Untracked 
|  83|0x000000070d800000, 0x000000070d800000, 0x000000070da00000|  0%| F|  |TAMS 0x000000070d800000, 0x000000070d800000| Untracked 
|  84|0x000000070da00000, 0x000000070da00000, 0x000000070dc00000|  0%| F|  |TAMS 0x000000070da00000, 0x000000070da00000| Untracked 
|  85|0x000000070dc00000, 0x000000070dc00000, 0x000000070de00000|  0%| F|  |TAMS 0x000000070dc00000, 0x000000070dc00000| Untracked 
|  86|0x000000070de00000, 0x000000070de00000, 0x000000070e000000|  0%| F|  |TAMS 0x000000070de00000, 0x000000070de00000| Untracked 
|  87|0x000000070e000000, 0x000000070e000000, 0x000000070e200000|  0%| F|  |TAMS 0x000000070e000000, 0x000000070e000000| Untracked 
|  88|0x000000070e200000, 0x000000070e200000, 0x000000070e400000|  0%| F|  |TAMS 0x000000070e200000, 0x000000070e200000| Untracked 
|  89|0x000000070e400000, 0x000000070e400000, 0x000000070e600000|  0%| F|  |TAMS 0x000000070e400000, 0x000000070e400000| Untracked 
|  90|0x000000070e600000, 0x000000070e600000, 0x000000070e800000|  0%| F|  |TAMS 0x000000070e600000, 0x000000070e600000| Untracked 
|  91|0x000000070e800000, 0x000000070e800000, 0x000000070ea00000|  0%| F|  |TAMS 0x000000070e800000, 0x000000070e800000| Untracked 
|  92|0x000000070ea00000, 0x000000070ea00000, 0x000000070ec00000|  0%| F|  |TAMS 0x000000070ea00000, 0x000000070ea00000| Untracked 
|  93|0x000000070ec00000, 0x000000070ec00000, 0x000000070ee00000|  0%| F|  |TAMS 0x000000070ec00000, 0x000000070ec00000| Untracked 
|  94|0x000000070ee00000, 0x000000070ee00000, 0x000000070f000000|  0%| F|  |TAMS 0x000000070ee00000, 0x000000070ee00000| Untracked 
|  95|0x000000070f000000, 0x000000070f000000, 0x000000070f200000|  0%| F|  |TAMS 0x000000070f000000, 0x000000070f000000| Untracked 
|  96|0x000000070f200000, 0x000000070f200000, 0x000000070f400000|  0%| F|  |TAMS 0x000000070f200000, 0x000000070f200000| Untracked 
|  97|0x000000070f400000, 0x000000070f400000, 0x000000070f600000|  0%| F|  |TAMS 0x000000070f400000, 0x000000070f400000| Untracked 
|  98|0x000000070f600000, 0x000000070f600000, 0x000000070f800000|  0%| F|  |TAMS 0x000000070f600000, 0x000000070f600000| Untracked 
|  99|0x000000070f800000, 0x000000070f800000, 0x000000070fa00000|  0%| F|  |TAMS 0x000000070f800000, 0x000000070f800000| Untracked 
| 100|0x000000070fa00000, 0x000000070fa00000, 0x000000070fc00000|  0%| F|  |TAMS 0x000000070fa00000, 0x000000070fa00000| Untracked 
| 101|0x000000070fc00000, 0x000000070fc00000, 0x000000070fe00000|  0%| F|  |TAMS 0x000000070fc00000, 0x000000070fc00000| Untracked 
| 102|0x000000070fe00000, 0x000000070fe00000, 0x0000000710000000|  0%| F|  |TAMS 0x000000070fe00000, 0x000000070fe00000| Untracked 
| 103|0x0000000710000000, 0x0000000710000000, 0x0000000710200000|  0%| F|  |TAMS 0x0000000710000000, 0x0000000710000000| Untracked 
| 104|0x0000000710200000, 0x0000000710400000, 0x0000000710400000|100%| E|  |TAMS 0x0000000710200000, 0x0000000710200000| Complete 
| 105|0x0000000710400000, 0x0000000710600000, 0x0000000710600000|100%| E|CS|TAMS 0x0000000710400000, 0x0000000710400000| Complete 
| 106|0x0000000710600000, 0x0000000710800000, 0x0000000710800000|100%| E|CS|TAMS 0x0000000710600000, 0x0000000710600000| Complete 
| 107|0x0000000710800000, 0x0000000710a00000, 0x0000000710a00000|100%| E|CS|TAMS 0x0000000710800000, 0x0000000710800000| Complete 
| 108|0x0000000710a00000, 0x0000000710c00000, 0x0000000710c00000|100%| E|CS|TAMS 0x0000000710a00000, 0x0000000710a00000| Complete 
| 109|0x0000000710c00000, 0x0000000710e00000, 0x0000000710e00000|100%| E|CS|TAMS 0x0000000710c00000, 0x0000000710c00000| Complete 
| 110|0x0000000710e00000, 0x0000000710e36980, 0x0000000711000000| 10%| S|CS|TAMS 0x0000000710e00000, 0x0000000710e00000| Complete 
| 111|0x0000000711000000, 0x0000000711200000, 0x0000000711200000|100%| S|CS|TAMS 0x0000000711000000, 0x0000000711000000| Complete 
| 112|0x0000000711200000, 0x0000000711400000, 0x0000000711400000|100%| E|CS|TAMS 0x0000000711200000, 0x0000000711200000| Complete 
| 113|0x0000000711400000, 0x0000000711600000, 0x0000000711600000|100%| E|CS|TAMS 0x0000000711400000, 0x0000000711400000| Complete 
| 114|0x0000000711600000, 0x0000000711800000, 0x0000000711800000|100%| E|CS|TAMS 0x0000000711600000, 0x0000000711600000| Complete 
| 115|0x0000000711800000, 0x0000000711a00000, 0x0000000711a00000|100%| E|CS|TAMS 0x0000000711800000, 0x0000000711800000| Complete 
| 116|0x0000000711a00000, 0x0000000711c00000, 0x0000000711c00000|100%| E|CS|TAMS 0x0000000711a00000, 0x0000000711a00000| Complete 
| 117|0x0000000711c00000, 0x0000000711e00000, 0x0000000711e00000|100%| E|CS|TAMS 0x0000000711c00000, 0x0000000711c00000| Complete 
| 118|0x0000000711e00000, 0x0000000712000000, 0x0000000712000000|100%| E|CS|TAMS 0x0000000711e00000, 0x0000000711e00000| Complete 
| 119|0x0000000712000000, 0x0000000712200000, 0x0000000712200000|100%| E|CS|TAMS 0x0000000712000000, 0x0000000712000000| Complete 
| 120|0x0000000712200000, 0x0000000712400000, 0x0000000712400000|100%| E|CS|TAMS 0x0000000712200000, 0x0000000712200000| Complete 
| 121|0x0000000712400000, 0x0000000712600000, 0x0000000712600000|100%| E|CS|TAMS 0x0000000712400000, 0x0000000712400000| Complete 
| 122|0x0000000712600000, 0x0000000712800000, 0x0000000712800000|100%| E|CS|TAMS 0x0000000712600000, 0x0000000712600000| Complete 
| 123|0x0000000712800000, 0x0000000712a00000, 0x0000000712a00000|100%| E|CS|TAMS 0x0000000712800000, 0x0000000712800000| Complete 
| 124|0x0000000712a00000, 0x0000000712c00000, 0x0000000712c00000|100%| E|CS|TAMS 0x0000000712a00000, 0x0000000712a00000| Complete 
| 125|0x0000000712c00000, 0x0000000712e00000, 0x0000000712e00000|100%| E|CS|TAMS 0x0000000712c00000, 0x0000000712c00000| Complete 
| 126|0x0000000712e00000, 0x0000000713000000, 0x0000000713000000|100%| E|CS|TAMS 0x0000000712e00000, 0x0000000712e00000| Complete 

Card table byte_map: [0x0000025b7eac0000,0x0000025b7f2b0000] _byte_map_base: 0x0000025b7b2a7000

Marking Bits (Prev, Next): (CMBitMap*) 0x0000025b76766500, (CMBitMap*) 0x0000025b76766540
 Prev Bits: [0x0000025b0f000000, 0x0000025b12f38000)
 Next Bits: [0x0000025b12f40000, 0x0000025b16e78000)

Polling page: 0x0000025b74630000

Metaspace:

Usage:
  Non-class:     16.73 MB used.
      Class:      2.34 MB used.
       Both:     19.07 MB used.

Virtual space:
  Non-class space:       64.00 MB reserved,      16.88 MB ( 26%) committed,  1 nodes.
      Class space:        1.00 GB reserved,       2.44 MB ( <1%) committed,  1 nodes.
             Both:        1.06 GB reserved,      19.31 MB (  2%) committed. 

Chunk freelists:
   Non-Class:  14.81 MB
       Class:  13.39 MB
        Both:  28.20 MB

MaxMetaspaceSize: unlimited
CompressedClassSpaceSize: 1.00 GB
Initial GC threshold: 21.00 MB
Current GC threshold: 21.00 MB
CDS: on
MetaspaceReclaimPolicy: balanced
 - commit_granule_bytes: 65536.
 - commit_granule_words: 8192.
 - virtual_space_node_default_size: 8388608.
 - enlarge_chunks_in_place: 1.
 - new_chunks_are_fully_committed: 0.
 - uncommit_free_chunks: 1.
 - use_allocation_guard: 0.
 - handle_deallocations: 1.


Internal statistics:

num_allocs_failed_limit: 0.
num_arena_births: 234.
num_arena_deaths: 0.
num_vsnodes_births: 2.
num_vsnodes_deaths: 0.
num_space_committed: 309.
num_space_uncommitted: 0.
num_chunks_returned_to_freelist: 0.
num_chunks_taken_from_freelist: 889.
num_chunk_merges: 0.
num_chunk_splits: 605.
num_chunks_enlarged: 474.
num_inconsistent_stats: 0.

CodeHeap 'non-profiled nmethods': size=120000Kb used=1055Kb max_used=1055Kb free=118944Kb
 bounds [0x0000025b07ad0000, 0x0000025b07d40000, 0x0000025b0f000000]
CodeHeap 'profiled nmethods': size=120000Kb used=4814Kb max_used=4814Kb free=115185Kb
 bounds [0x0000025b00000000, 0x0000025b004c0000, 0x0000025b07530000]
CodeHeap 'non-nmethods': size=5760Kb used=1213Kb max_used=1252Kb free=4546Kb
 bounds [0x0000025b07530000, 0x0000025b077a0000, 0x0000025b07ad0000]
 total_blobs=3003 nmethods=2499 adapters=416
 compilation: enabled
              stopped_count=0, restarted_count=0
 full_count=0

Compilation events (20 events):
Event: 2.311 Thread 0x0000025b19460050 nmethod 2419 0x0000025b00480d90 code [0x0000025b00480f60, 0x0000025b00481218]
Event: 2.316 Thread 0x0000025b19460050 2420       3       java.lang.Package::<init> (47 bytes)
Event: 2.317 Thread 0x0000025b19460050 nmethod 2420 0x0000025b00481310 code [0x0000025b00481500, 0x0000025b00481968]
Event: 2.317 Thread 0x0000025b19460050 2421       3       java.lang.Package$VersionInfo::getInstance (53 bytes)
Event: 2.318 Thread 0x0000025b19460050 nmethod 2421 0x0000025b00481b90 code [0x0000025b00481d40, 0x0000025b00482108]
Event: 2.325 Thread 0x0000025b19460050 2422       3       org.springframework.context.annotation.ConfigurationClassParser$SourceClass::hashCode (13 bytes)
Event: 2.326 Thread 0x0000025b19460050 nmethod 2422 0x0000025b00482210 code [0x0000025b004823c0, 0x0000025b004825d8]
Event: 2.326 Thread 0x0000025b19460050 2423       3       org.springframework.beans.factory.BeanFactoryUtils::isFactoryDereference (19 bytes)
Event: 2.326 Thread 0x0000025b19460050 nmethod 2423 0x0000025b00482710 code [0x0000025b004828c0, 0x0000025b00482ae8]
Event: 2.326 Thread 0x0000025b19460050 2425       3       org.springframework.util.ObjectUtils::containsElement (45 bytes)
Event: 2.327 Thread 0x0000025b19460050 nmethod 2425 0x0000025b00482c10 code [0x0000025b00482dc0, 0x0000025b004830a8]
Event: 2.327 Thread 0x0000025b19460050 2424       1       org.springframework.core.type.AnnotatedTypeMetadata::lambda$getMergedRepeatableAnnotationAttributes$1 (2 bytes)
Event: 2.327 Thread 0x0000025b19460050 nmethod 2424 0x0000025b07bd5f90 code [0x0000025b07bd6120, 0x0000025b07bd61d8]
Event: 2.327 Thread 0x0000025b19460050 2426   !   3       org.springframework.core.io.DefaultResourceLoader::getResource (140 bytes)
Event: 2.330 Thread 0x0000025b19460050 nmethod 2426 0x0000025b00483210 code [0x0000025b00483620, 0x0000025b004852a8]
Event: 2.330 Thread 0x0000025b19460050 2427       3       org.springframework.core.annotation.TypeMappedAnnotation::createIfPossible (58 bytes)
Event: 2.331 Thread 0x0000025b19460050 nmethod 2427 0x0000025b00485d90 code [0x0000025b00485f80, 0x0000025b00486608]
Event: 2.331 Thread 0x0000025b19460050 2428       3       java.util.Collections::singleton (9 bytes)
Event: 2.332 Thread 0x0000025b19460050 nmethod 2428 0x0000025b00486810 code [0x0000025b004869c0, 0x0000025b00486cd8]
Event: 2.332 Thread 0x0000025b19460050 2431   !   3       jdk.internal.reflect.UTF8::encode (191 bytes)

GC Heap History (4 events):
Event: 0.850 GC heap before
{Heap before GC invocations=0 (full 0):
 garbage-first heap   total 260096K, used 22528K [0x0000000703200000, 0x0000000800000000)
  region size 2048K, 11 young (22528K), 0 survivors (0K)
 Metaspace       used 5835K, committed 6016K, reserved 1114112K
  class space    used 697K, committed 768K, reserved 1048576K
}
Event: 0.854 GC heap after
{Heap after GC invocations=1 (full 0):
 garbage-first heap   total 260096K, used 5221K [0x0000000703200000, 0x0000000800000000)
  region size 2048K, 2 young (4096K), 2 survivors (4096K)
 Metaspace       used 5835K, committed 6016K, reserved 1114112K
  class space    used 697K, committed 768K, reserved 1048576K
}
Event: 1.302 GC heap before
{Heap before GC invocations=1 (full 0):
 garbage-first heap   total 260096K, used 31845K [0x0000000703200000, 0x0000000800000000)
  region size 2048K, 15 young (30720K), 2 survivors (4096K)
 Metaspace       used 11714K, committed 11904K, reserved 1114112K
  class space    used 1412K, committed 1472K, reserved 1048576K
}
Event: 1.307 GC heap after
{Heap after GC invocations=2 (full 0):
 garbage-first heap   total 260096K, used 7320K [0x0000000703200000, 0x0000000800000000)
  region size 2048K, 2 young (4096K), 2 survivors (4096K)
 Metaspace       used 11714K, committed 11904K, reserved 1114112K
  class space    used 1412K, committed 1472K, reserved 1048576K
}

Deoptimization events (20 events):
Event: 2.103 Thread 0x0000025b766fa530 DEOPT PACKING pc=0x0000025b07ba3250 sp=0x0000008c797fe570
Event: 2.103 Thread 0x0000025b766fa530 DEOPT UNPACKING pc=0x0000025b07585ba3 sp=0x0000008c797fe4e8 mode 2
Event: 2.155 Thread 0x0000025b766fa530 Uncommon trap: trap_request=0xffffffc6 fr.pc=0x0000025b07b9b2a8 relative=0x0000000000001a88
Event: 2.155 Thread 0x0000025b766fa530 Uncommon trap: reason=bimorphic_or_optimized_type_check action=maybe_recompile pc=0x0000025b07b9b2a8 method=java.util.HashMap.putVal(ILjava/lang/Object;Ljava/lang/Object;ZZ)Ljava/lang/Object; @ 91 c2
Event: 2.155 Thread 0x0000025b766fa530 DEOPT PACKING pc=0x0000025b07b9b2a8 sp=0x0000008c797fe670
Event: 2.155 Thread 0x0000025b766fa530 DEOPT UNPACKING pc=0x0000025b07585ba3 sp=0x0000008c797fe528 mode 2
Event: 2.186 Thread 0x0000025b766fa530 Uncommon trap: trap_request=0xffffffde fr.pc=0x0000025b07b9b2c8 relative=0x0000000000001aa8
Event: 2.186 Thread 0x0000025b766fa530 Uncommon trap: reason=class_check action=maybe_recompile pc=0x0000025b07b9b2c8 method=java.util.HashMap.putVal(ILjava/lang/Object;Ljava/lang/Object;ZZ)Ljava/lang/Object; @ 203 c2
Event: 2.186 Thread 0x0000025b766fa530 DEOPT PACKING pc=0x0000025b07b9b2c8 sp=0x0000008c797fe5a0
Event: 2.186 Thread 0x0000025b766fa530 DEOPT UNPACKING pc=0x0000025b07585ba3 sp=0x0000008c797fe468 mode 2
Event: 2.212 Thread 0x0000025b766fa530 Uncommon trap: trap_request=0xffffffc6 fr.pc=0x0000025b07ba1bbc relative=0x000000000000089c
Event: 2.212 Thread 0x0000025b766fa530 Uncommon trap: reason=bimorphic_or_optimized_type_check action=maybe_recompile pc=0x0000025b07ba1bbc method=java.util.HashMap.putVal(ILjava/lang/Object;Ljava/lang/Object;ZZ)Ljava/lang/Object; @ 203 c2
Event: 2.212 Thread 0x0000025b766fa530 DEOPT PACKING pc=0x0000025b07ba1bbc sp=0x0000008c797fe570
Event: 2.212 Thread 0x0000025b766fa530 DEOPT UNPACKING pc=0x0000025b07585ba3 sp=0x0000008c797fe480 mode 2
Event: 2.231 Thread 0x0000025b766fa530 Uncommon trap: trap_request=0xffffffc6 fr.pc=0x0000025b07ba1b9c relative=0x000000000000087c
Event: 2.231 Thread 0x0000025b766fa530 Uncommon trap: reason=bimorphic_or_optimized_type_check action=maybe_recompile pc=0x0000025b07ba1b9c method=java.util.HashMap.putVal(ILjava/lang/Object;Ljava/lang/Object;ZZ)Ljava/lang/Object; @ 91 c2
Event: 2.231 Thread 0x0000025b766fa530 DEOPT PACKING pc=0x0000025b07ba1b9c sp=0x0000008c797fe360
Event: 2.231 Thread 0x0000025b766fa530 DEOPT UNPACKING pc=0x0000025b07585ba3 sp=0x0000008c797fe270 mode 2
Event: 2.250 Thread 0x0000025b766fa530 DEOPT PACKING pc=0x0000025b00428a98 sp=0x0000008c797fdd60
Event: 2.250 Thread 0x0000025b766fa530 DEOPT UNPACKING pc=0x0000025b075866e3 sp=0x0000008c797fd268 mode 0

Classes unloaded (0 events):
No events

Classes redefined (0 events):
No events

Internal exceptions (20 events):
Event: 1.536 Thread 0x0000025b5f6a66b0 Exception <a 'java/lang/NoSuchMethodError'{0x0000000712017b08}: 'long java.lang.invoke.DirectMethodHandle$Holder.invokeSpecial(java.lang.Object, java.lang.Object)'> (0x0000000712017b08) 
thrown [s\open\src\hotspot\share\interpreter\linkResolver.cpp, line 759]
Event: 1.541 Thread 0x0000025b5f6a66b0 Exception <a 'java/lang/NoSuchMethodError'{0x0000000712022908}: 'long java.lang.invoke.DirectMethodHandle$Holder.invokeStatic(java.lang.Object, java.lang.Object)'> (0x0000000712022908) 
thrown [s\open\src\hotspot\share\interpreter\linkResolver.cpp, line 759]
Event: 1.541 Thread 0x0000025b5f6a66b0 Exception <a 'java/lang/NoSuchMethodError'{0x0000000712025c60}: 'long java.lang.invoke.DirectMethodHandle$Holder.invokeStaticInit(java.lang.Object, java.lang.Object)'> (0x0000000712025c60) 
thrown [s\open\src\hotspot\share\interpreter\linkResolver.cpp, line 759]
Event: 1.544 Thread 0x0000025b5f6a66b0 Exception <a 'java/lang/NoSuchMethodError'{0x0000000712033560}: 'long java.lang.invoke.DirectMethodHandle$Holder.invokeInterface(java.lang.Object, java.lang.Object)'> (0x0000000712033560) 
thrown [s\open\src\hotspot\share\interpreter\linkResolver.cpp, line 759]
Event: 1.544 Thread 0x0000025b5f6a66b0 Exception <a 'java/lang/IncompatibleClassChangeError'{0x0000000712036848}: Found class java.lang.Object, but interface was expected> (0x0000000712036848) 
thrown [s\open\src\hotspot\share\interpreter\linkResolver.cpp, line 826]
Event: 1.549 Thread 0x0000025b5f6a66b0 Exception <a 'java/lang/NoSuchMethodError'{0x0000000712053188}: 'java.lang.Object java.lang.invoke.DirectMethodHandle$Holder.invokeVirtual(java.lang.Object, java.lang.Object, java.lang.Object, java.lang.Object)'> (0x0000000712053188) 
thrown [s\open\src\hotspot\share\interpreter\linkResolver.cpp, line 759]
Event: 1.623 Thread 0x0000025b766fa530 Exception <a 'java/lang/ClassNotFoundException'{0x0000000711c62540}: groovy/lang/ExpandoMetaClassBeanInfo> (0x0000000711c62540) 
thrown [s\open\src\hotspot\share\classfile\systemDictionary.cpp, line 256]
Event: 1.624 Thread 0x0000025b766fa530 Exception <a 'java/lang/ClassNotFoundException'{0x0000000711c72b88}: groovy/lang/MetaClassImplBeanInfo> (0x0000000711c72b88) 
thrown [s\open\src\hotspot\share\classfile\systemDictionary.cpp, line 256]
Event: 1.624 Thread 0x0000025b766fa530 Exception <a 'java/lang/ClassNotFoundException'{0x0000000711c735e8}: java/lang/ObjectBeanInfo> (0x0000000711c735e8) 
thrown [s\open\src\hotspot\share\classfile\systemDictionary.cpp, line 256]
Event: 1.624 Thread 0x0000025b766fa530 Exception <a 'java/lang/ClassNotFoundException'{0x0000000711c74998}: java/lang/ObjectCustomizer> (0x0000000711c74998) 
thrown [s\open\src\hotspot\share\classfile\systemDictionary.cpp, line 256]
Event: 1.626 Thread 0x0000025b766fa530 Exception <a 'java/lang/IncompatibleClassChangeError'{0x0000000711c79590}: Found class java.lang.Object, but interface was expected> (0x0000000711c79590) 
thrown [s\open\src\hotspot\share\interpreter\linkResolver.cpp, line 826]
Event: 1.631 Thread 0x0000025b766fa530 Exception <a 'java/lang/ClassNotFoundException'{0x0000000711c99bf0}: groovy/lang/MetaClassImplCustomizer> (0x0000000711c99bf0) 
thrown [s\open\src\hotspot\share\classfile\systemDictionary.cpp, line 256]
Event: 1.636 Thread 0x0000025b766fa530 Exception <a 'java/lang/ClassNotFoundException'{0x0000000711cc8b08}: groovy/lang/ExpandoMetaClassCustomizer> (0x0000000711cc8b08) 
thrown [s\open\src\hotspot\share\classfile\systemDictionary.cpp, line 256]
Event: 1.665 Thread 0x0000025b766fa530 Exception <a 'java/lang/ClassNotFoundException'{0x0000000711a732a0}: org/springframework/beans/factory/groovy/GroovyBeanDefinitionReaderBeanInfo> (0x0000000711a732a0) 
thrown [s\open\src\hotspot\share\classfile\systemDictionary.cpp, line 256]
Event: 1.665 Thread 0x0000025b766fa530 Exception <a 'java/lang/ClassNotFoundException'{0x0000000711a782d8}: org/springframework/beans/factory/support/AbstractBeanDefinitionReaderBeanInfo> (0x0000000711a782d8) 
thrown [s\open\src\hotspot\share\classfile\systemDictionary.cpp, line 256]
Event: 1.666 Thread 0x0000025b766fa530 Exception <a 'java/lang/ClassNotFoundException'{0x0000000711a7d0d8}: org/springframework/beans/factory/support/AbstractBeanDefinitionReaderCustomizer> (0x0000000711a7d0d8) 
thrown [s\open\src\hotspot\share\classfile\systemDictionary.cpp, line 256]
Event: 1.669 Thread 0x0000025b766fa530 Exception <a 'java/lang/ClassNotFoundException'{0x0000000711a8f210}: org/springframework/beans/factory/groovy/GroovyBeanDefinitionReaderCustomizer> (0x0000000711a8f210) 
thrown [s\open\src\hotspot\share\classfile\systemDictionary.cpp, line 256]
Event: 1.878 Thread 0x0000025b766fa530 Exception <a 'sun/nio/fs/WindowsException'{0x00000007112384b0}> (0x00000007112384b0) 
thrown [s\open\src\hotspot\share\prims\jni.cpp, line 516]
Event: 1.879 Thread 0x0000025b766fa530 Exception <a 'java/lang/NoSuchMethodError'{0x000000071123a508}: 'int java.lang.invoke.DirectMethodHandle$Holder.invokeSpecial(java.lang.Object, java.lang.Object, java.lang.Object, java.lang.Object, java.lang.Object)'> (0x000000071123a508) 
thrown [s\open\src\hotspot\share\interpreter\linkResolver.cpp, line 759]
Event: 1.882 Thread 0x0000025b766fa530 Exception <a 'java/lang/NoSuchMethodError'{0x0000000711243b00}: 'void java.lang.invoke.DirectMethodHandle$Holder.invokeVirtual(java.lang.Object, java.lang.Object)'> (0x0000000711243b00) 
thrown [s\open\src\hotspot\share\interpreter\linkResolver.cpp, line 759]

VM Operations (20 events):
Event: 0.944 Executing VM operation: HandshakeAllThreads
Event: 0.944 Executing VM operation: HandshakeAllThreads done
Event: 1.081 Executing VM operation: HandshakeAllThreads
Event: 1.081 Executing VM operation: HandshakeAllThreads done
Event: 1.302 Executing VM operation: G1CollectForAllocation
Event: 1.307 Executing VM operation: G1CollectForAllocation done
Event: 1.312 Executing VM operation: HandshakeAllThreads
Event: 1.312 Executing VM operation: HandshakeAllThreads done
Event: 1.617 Executing VM operation: HandshakeAllThreads
Event: 1.618 Executing VM operation: HandshakeAllThreads done
Event: 1.640 Executing VM operation: HandshakeAllThreads
Event: 1.640 Executing VM operation: HandshakeAllThreads done
Event: 1.647 Executing VM operation: ICBufferFull
Event: 1.647 Executing VM operation: ICBufferFull done
Event: 1.787 Executing VM operation: HandshakeAllThreads
Event: 1.788 Executing VM operation: HandshakeAllThreads done
Event: 1.852 Executing VM operation: HandshakeAllThreads
Event: 1.852 Executing VM operation: HandshakeAllThreads done
Event: 2.301 Executing VM operation: ICBufferFull
Event: 2.302 Executing VM operation: ICBufferFull done

Events (20 events):
Event: 1.881 loading class java/nio/file/FileTreeWalker$Event
Event: 1.882 loading class java/nio/file/FileTreeWalker$Event done
Event: 1.882 loading class java/nio/file/FileTreeWalker$EventType
Event: 1.882 loading class java/nio/file/FileTreeWalker$EventType done
Event: 1.883 loading class sun/nio/fs/WindowsPath$WindowsPathWithAttributes
Event: 1.883 loading class sun/nio/fs/BasicFileAttributesHolder
Event: 1.883 loading class sun/nio/fs/BasicFileAttributesHolder done
Event: 1.884 loading class sun/nio/fs/WindowsPath$WindowsPathWithAttributes done
Event: 1.886 loading class java/util/regex/Pattern$LazyLoop
Event: 1.886 loading class java/util/regex/Pattern$Loop
Event: 1.886 loading class java/util/regex/Pattern$Loop done
Event: 1.886 loading class java/util/regex/Pattern$LazyLoop done
Event: 1.886 loading class java/util/regex/Pattern$Prolog
Event: 1.886 loading class java/util/regex/Pattern$Prolog done
Event: 1.992 Thread 0x0000025b5f957ec0 Thread added: 0x0000025b5f957ec0
Event: 2.021 loading class javax/naming/ldap/LdapContext
Event: 2.021 loading class javax/naming/directory/DirContext
Event: 2.021 loading class javax/naming/directory/DirContext done
Event: 2.021 loading class javax/naming/ldap/LdapContext done
Event: 2.043 Thread 0x0000025b5f957ec0 Thread exited: 0x0000025b5f957ec0


Dynamic libraries:
0x00007ff65d5e0000 - 0x00007ff65d5f0000 	C:\Program Files\Java\jdk-17\bin\java.exe
0x00007ffcb8ab0000 - 0x00007ffcb8ca8000 	C:\Windows\SYSTEM32\ntdll.dll
0x00007ffc6efb0000 - 0x00007ffc6efca000 	C:\Program Files\Avast Software\Avast\aswhook.dll
0x00007ffcb89a0000 - 0x00007ffcb8a62000 	C:\Windows\System32\KERNEL32.DLL
0x00007ffcb6280000 - 0x00007ffcb657e000 	C:\Windows\System32\KERNELBASE.dll
0x00007ffcb6150000 - 0x00007ffcb6250000 	C:\Windows\System32\ucrtbase.dll
0x00007ffc92bb0000 - 0x00007ffc92bc9000 	C:\Program Files\Java\jdk-17\bin\jli.dll
0x00007ffc92bd0000 - 0x00007ffc92beb000 	C:\Program Files\Java\jdk-17\bin\VCRUNTIME140.dll
0x00007ffcb88c0000 - 0x00007ffcb8972000 	C:\Windows\System32\ADVAPI32.dll
0x00007ffcb7780000 - 0x00007ffcb781e000 	C:\Windows\System32\msvcrt.dll
0x00007ffcb8820000 - 0x00007ffcb88c0000 	C:\Windows\System32\sechost.dll
0x00007ffcb7830000 - 0x00007ffcb7953000 	C:\Windows\System32\RPCRT4.dll
0x00007ffcb65d0000 - 0x00007ffcb65f7000 	C:\Windows\System32\bcrypt.dll
0x00007ffcb8680000 - 0x00007ffcb881d000 	C:\Windows\System32\USER32.dll
0x00007ffcb6250000 - 0x00007ffcb6272000 	C:\Windows\System32\win32u.dll
0x00007ffcb70f0000 - 0x00007ffcb711b000 	C:\Windows\System32\GDI32.dll
0x00007ffcb69b0000 - 0x00007ffcb6ac7000 	C:\Windows\System32\gdi32full.dll
0x00007ffc94280000 - 0x00007ffc9451a000 	C:\Windows\WinSxS\amd64_microsoft.windows.common-controls_6595b64144ccf1df_6.0.19041.4355_none_60b8b9eb71f62e16\COMCTL32.dll
0x00007ffcb6740000 - 0x00007ffcb67dd000 	C:\Windows\System32\msvcp_win.dll
0x00007ffcacc50000 - 0x00007ffcacc5a000 	C:\Windows\SYSTEM32\VERSION.dll
0x00007ffcb7230000 - 0x00007ffcb725f000 	C:\Windows\System32\IMM32.DLL
0x00007ffc92c20000 - 0x00007ffc92c2c000 	C:\Program Files\Java\jdk-17\bin\vcruntime140_1.dll
0x00007ffc90e10000 - 0x00007ffc90e9e000 	C:\Program Files\Java\jdk-17\bin\msvcp140.dll
0x00007ffc317a0000 - 0x00007ffc3237f000 	C:\Program Files\Java\jdk-17\bin\server\jvm.dll
0x00007ffcb7080000 - 0x00007ffcb7088000 	C:\Windows\System32\PSAPI.DLL
0x00007ffca0d70000 - 0x00007ffca0d79000 	C:\Windows\SYSTEM32\WSOCK32.dll
0x00007ffcb8610000 - 0x00007ffcb867b000 	C:\Windows\System32\WS2_32.dll
0x00007ffcb3100000 - 0x00007ffcb3127000 	C:\Windows\SYSTEM32\WINMM.dll
0x00007ffcb4930000 - 0x00007ffcb4942000 	C:\Windows\SYSTEM32\kernel.appcore.dll
0x00007ffc92ba0000 - 0x00007ffc92baa000 	C:\Program Files\Java\jdk-17\bin\jimage.dll
0x00007ffcb3c80000 - 0x00007ffcb3e64000 	C:\Windows\SYSTEM32\DBGHELP.DLL
0x00007ffcb3080000 - 0x00007ffcb30b4000 	C:\Windows\SYSTEM32\dbgcore.DLL
0x00007ffcb6600000 - 0x00007ffcb6682000 	C:\Windows\System32\bcryptPrimitives.dll
0x00007ffc928c0000 - 0x00007ffc928e5000 	C:\Program Files\Java\jdk-17\bin\java.dll
0x00007ffc41910000 - 0x00007ffc419e7000 	C:\Program Files\Java\jdk-17\bin\jsvml.dll
0x00007ffcb7ea0000 - 0x00007ffcb860f000 	C:\Windows\System32\SHELL32.dll
0x00007ffcb4170000 - 0x00007ffcb4914000 	C:\Windows\SYSTEM32\windows.storage.dll
0x00007ffcb7b40000 - 0x00007ffcb7e93000 	C:\Windows\System32\combase.dll
0x00007ffcb5b80000 - 0x00007ffcb5bae000 	C:\Windows\SYSTEM32\Wldp.dll
0x00007ffcb6b30000 - 0x00007ffcb6bfd000 	C:\Windows\System32\OLEAUT32.dll
0x00007ffcb76d0000 - 0x00007ffcb777d000 	C:\Windows\System32\SHCORE.dll
0x00007ffcb71d0000 - 0x00007ffcb7225000 	C:\Windows\System32\shlwapi.dll
0x00007ffcb6080000 - 0x00007ffcb60a4000 	C:\Windows\SYSTEM32\profapi.dll
0x00007ffc92c40000 - 0x00007ffc92c59000 	C:\Program Files\Java\jdk-17\bin\net.dll
0x00007ffcb1f80000 - 0x00007ffcb208d000 	C:\Windows\SYSTEM32\WINHTTP.dll
0x00007ffcb58e0000 - 0x00007ffcb594a000 	C:\Windows\system32\mswsock.dll
0x00007ffc8a600000 - 0x00007ffc8a616000 	C:\Program Files\Java\jdk-17\bin\nio.dll
0x00007ffc8a5e0000 - 0x00007ffc8a5f8000 	C:\Program Files\Java\jdk-17\bin\zip.dll
0x00007ffcadd50000 - 0x00007ffcadd5e000 	C:\Program Files\Java\jdk-17\bin\sunmscapi.dll
0x00007ffcb67e0000 - 0x00007ffcb693c000 	C:\Windows\System32\CRYPT32.dll
0x00007ffcb5bf0000 - 0x00007ffcb5c17000 	C:\Windows\SYSTEM32\ncrypt.dll
0x00007ffcb5bb0000 - 0x00007ffcb5beb000 	C:\Windows\SYSTEM32\NTASN1.dll

dbghelp: loaded successfully - version: 4.0.5 - missing functions: none
symbol engine: initialized successfully - sym options: 0x614 - pdb path: .;C:\Program Files\Java\jdk-17\bin;C:\Windows\SYSTEM32;C:\Program Files\Avast Software\Avast;C:\Windows\WinSxS\amd64_microsoft.windows.common-controls_6595b64144ccf1df_6.0.19041.4355_none_60b8b9eb71f62e16;C:\Program Files\Java\jdk-17\bin\server

VM Arguments:
jvm_args: -Dfile.encoding=UTF-8 -Duser.country=KR -Duser.language=ko -Duser.variant 
java_command: com.example.thyeleafLayout.ThyeleafLayoutApplication
java_class_path (initial): C:\Users\jooyeon\Documents\2024_2_cloud\스프링부트\bootws2\thyeleafLayout\build\classes\java\main;C:\Users\jooyeon\Documents\2024_2_cloud\스프링부트\bootws2\thyeleafLayout\build\resources\main;C:\Users\jooyeon\.gradle\caches\modules-2\files-2.1\org.springframework.boot\spring-boot-starter-thymeleaf\3.3.4\29c4b1acf955b350bf7d8fd201798d30647fb89e\spring-boot-starter-thymeleaf-3.3.4.jar;C:\Users\jooyeon\.gradle\caches\modules-2\files-2.1\org.springframework.boot\spring-boot-starter-web\3.3.4\b43a9fd107611337777b47dc7518e2aca59e58eb\spring-boot-starter-web-3.3.4.jar;C:\Users\jooyeon\.gradle\caches\modules-2\files-2.1\nz.net.ultraq.thymeleaf\thymeleaf-layout-dialect\3.0.0\901115ad80d4928d1d15f7dfa0bad99c1a006cc2\thymeleaf-layout-dialect-3.0.0.jar;C:\Users\jooyeon\.gradle\caches\modules-2\files-2.1\org.springframework.boot\spring-boot-starter-json\3.3.4\816ab4ccd364350e3d0b5c1d53c2e5302a49eae6\spring-boot-starter-json-3.3.4.jar;C:\Users\jooyeon\.gradle\caches\modules-2\files-2.1\org.springframework.boot\spring-boot-starter\3.3.4\f02312a6816fb439a55d2920b9af8f0f8abf5bac\spring-boot-starter-3.3.4.jar;C:\Users\jooyeon\.gradle\caches\modules-2\files-2.1\org.thymeleaf\thymeleaf-spring6\3.1.2.RELEASE\6030c7b4e260c41336f378e53da6e8531263f24b\thymeleaf-spring6-3.1.2.RELEASE.jar;C:\Users\jooyeon\.gradle\caches\modules-2\files-2.1\org.springframework.boot\spring-boot-starter-tomcat\3.3.4\7e552e904d54a0bd3f2ac8666e3344caa799a181\spring-boot-starter-tomcat-3.3.4.jar;C:\Users\jooyeon\.gradle\caches\modules-2\files-2.1\org.springframework\spring-webmvc\6.1.13\ca5f025b133c69026bfe01daa6132d0ac2e4a59f\spring-webmvc-6.1.13.jar;C:\Users\jooyeon\.gradle\caches\modules-2\files-2.1\org.springframework\spring-web\6.1.13\e4028dbbc4ae1fb4bfd3257c53302956d7687b66\spring-web-6.1.13.jar;C:\Users\jooyeon\.gradle\caches\modules-2\files-2.1\nz.net.ultraq.extensions\groovy-extensions\1.1.0\cb0ecf5713794f6a91b266e1c7f0df06c16ffbea\groovy-extensions-1.1.0.jar;C:\Users\jooyeon
Launcher Type: SUN_STANDARD

[Global flags]
     intx CICompilerCount                          = 4                                         {product} {ergonomic}
     uint ConcGCThreads                            = 2                                         {product} {ergonomic}
     uint G1ConcRefinementThreads                  = 8                                         {product} {ergonomic}
   size_t G1HeapRegionSize                         = 2097152                                   {product} {ergonomic}
    uintx GCDrainStackTargetSize                   = 64                                        {product} {ergonomic}
   size_t InitialHeapSize                          = 266338304                                 {product} {ergonomic}
   size_t MarkStackSize                            = 4194304                                   {product} {ergonomic}
   size_t MaxHeapSize                              = 4242538496                                {product} {ergonomic}
   size_t MaxNewSize                               = 2543845376                                {product} {ergonomic}
   size_t MinHeapDeltaBytes                        = 2097152                                   {product} {ergonomic}
   size_t MinHeapSize                              = 8388608                                   {product} {ergonomic}
    uintx NonNMethodCodeHeapSize                   = 5839372                                {pd product} {ergonomic}
    uintx NonProfiledCodeHeapSize                  = 122909434                              {pd product} {ergonomic}
    uintx ProfiledCodeHeapSize                     = 122909434                              {pd product} {ergonomic}
    uintx ReservedCodeCacheSize                    = 251658240                              {pd product} {ergonomic}
     bool SegmentedCodeCache                       = true                                      {product} {ergonomic}
   size_t SoftMaxHeapSize                          = 4242538496                             {manageable} {ergonomic}
     bool UseCompressedClassPointers               = true                           {product lp64_product} {ergonomic}
     bool UseCompressedOops                        = true                           {product lp64_product} {ergonomic}
     bool UseG1GC                                  = true                                      {product} {ergonomic}
     bool UseLargePagesIndividualAllocation        = false                                  {pd product} {ergonomic}

Logging:
Log output configuration:
 #0: stdout all=warning uptime,level,tags
 #1: stderr all=off uptime,level,tags

Environment Variables:
JAVA_HOME=C:\Program Files\Java\jdk-17
PATH=C:\Program Files\Java\jdk-17\bin;C:\Users\jooyeon\Documents\2024_수업준비\tools\apache-tomcat-9.0.86-windows-x64\bin;C:\oracle\WINDOWS.X64_193000_db_home\bin;C:\Windows\system32;C:\Windows;C:\Windows\System32\Wbem;C:\Windows\System32\WindowsPowerShell\v1.0\;C:\Windows\System32\OpenSSH\;C:\Program Files (x86)\Google\Cloud SDK\google-cloud-sdk\bin;C:\ProgramData\chocolatey\bin;C:\Program Files\nodejs\;C:\Program Files\Docker\Docker\resources\bin;C:\Program Files\Common Files\Oracle\Java\javapath;C:\Program Files\Git\cmd;C:\Users\jooyeon\AppData\Local\Microsoft\WindowsApps;C:\Users\jooyeon\AppData\Local\Programs\Microsoft VS Code\bin;C:\Users\jooyeon\cloudnative2023;C:\Users\jooyeon\AppData\Roaming\npm
USERNAME=jooyeon
OS=Windows_NT
PROCESSOR_IDENTIFIER=Intel64 Family 6 Model 140 Stepping 1, GenuineIntel



---------------  S Y S T E M  ---------------

OS:
 Windows 10 , 64 bit Build 19041 (10.0.19041.4957)
OS uptime: 0 days 6:13 hours
Hyper-V role detected

CPU: total 8 (initial active 8) (4 cores per cpu, 2 threads per core) family 6 model 140 stepping 1 microcode 0x8a, cx8, cmov, fxsr, ht, mmx, 3dnowpref, sse, sse2, sse3, ssse3, sse4.1, sse4.2, popcnt, lzcnt, tsc, tscinvbit, avx, avx2, aes, erms, clmul, bmi1, bmi2, adx, avx512f, avx512dq, avx512cd, avx512bw, avx512vl, sha, fma, vzeroupper, avx512_vpopcntdq, avx512_vpclmulqdq, avx512_vaes, avx512_vnni, clflush, clflushopt, clwb, avx512_vbmi2, avx512_vbmi, hv

Memory: 4k page, system-wide physical 16183M (4322M free)
TotalPageFile size 16183M (AvailPageFile size 5M)
current process WorkingSet (physical memory assigned to process): 151M, peak: 151M
current process commit charge ("private bytes"): 405M, peak: 406M

vm_info: Java HotSpot(TM) 64-Bit Server VM (17.0.10+11-LTS-240) for windows-amd64 JRE (17.0.10+11-LTS-240), built on Dec 19 2023 21:47:25 by "mach5one" with MS VC++ 17.1 (VS2022)

END.
