#
# There is insufficient memory for the Java Runtime Environment to continue.
# Native memory allocation (malloc) failed to allocate 32744 bytes for ChunkPool::allocate
# Possible reasons:
#   The system is out of physical RAM or swap space
#   The process is running with CompressedOops enabled, and the Java Heap may be blocking the growth of the native heap
# Possible solutions:
#   Reduce memory load on the system
#   Increase physical memory or swap space
#   Check if swap backing store is full
#   Decrease Java heap size (-Xmx/-Xms)
#   Decrease number of Java threads
#   Decrease Java thread stack sizes (-Xss)
#   Set larger code cache with -XX:ReservedCodeCacheSize=
#   JVM is running with Zero Based Compressed Oops mode in which the Java heap is
#     placed in the first 32GB address space. The Java Heap base address is the
#     maximum limit for the native heap growth. Please use -XX:HeapBaseMinAddress
#     to set the Java Heap base and to place the Java Heap above 32GB virtual address.
# This output file may be truncated or incomplete.
#
#  Out of Memory Error (arena.cpp:78), pid=6044, tid=16276
#
# JRE version: Java(TM) SE Runtime Environment (17.0.10+11) (build 17.0.10+11-LTS-240)
# Java VM: Java HotSpot(TM) 64-Bit Server VM (17.0.10+11-LTS-240, mixed mode, sharing, tiered, compressed oops, compressed class ptrs, g1 gc, windows-amd64)
# No core dump will be written. Minidumps are not enabled by default on client versions of Windows
#

---------------  S U M M A R Y ------------

Command Line: -Dfile.encoding=UTF-8 -Duser.country=KR -Duser.language=ko -Duser.variant com.example.thyeleafLayout.ThyeleafLayoutApplication

Host: 11th Gen Intel(R) Core(TM) i7-1165G7 @ 2.80GHz, 8 cores, 15G,  Windows 10 , 64 bit Build 19041 (10.0.19041.4957)
Time: Sat Nov  9 01:17:02 2024  Windows 10 , 64 bit Build 19041 (10.0.19041.4957) elapsed time: 18.278340 seconds (0d 0h 0m 18s)

---------------  T H R E A D  ---------------

Current thread (0x00000200b2b56f20):  JavaThread "C2 CompilerThread0" daemon [_thread_in_native, id=16276, stack(0x00000071eb100000,0x00000071eb200000)]


Current CompileTask:
C2:  18278 3946       4       jdk.internal.ref.PhantomCleanable::<init> (49 bytes)

Stack: [0x00000071eb100000,0x00000071eb200000]
Native frames: (J=compiled Java code, j=interpreted, Vv=VM code, C=native code)
V  [jvm.dll+0x677a5a]
V  [jvm.dll+0x7d8b2d]
V  [jvm.dll+0x7da48e]
V  [jvm.dll+0x7daaf3]
V  [jvm.dll+0x2455ff]
V  [jvm.dll+0xaad50]
V  [jvm.dll+0xab09c]
V  [jvm.dll+0x124af8]
V  [jvm.dll+0x123af2]
V  [jvm.dll+0x67cffe]
V  [jvm.dll+0x217d26]
V  [jvm.dll+0x216d81]
V  [jvm.dll+0x1a3410]
V  [jvm.dll+0x226aeb]
V  [jvm.dll+0x224cab]
V  [jvm.dll+0x78e45c]
V  [jvm.dll+0x78888a]
V  [jvm.dll+0x676935]
C  [ucrtbase.dll+0x21bb2]
C  [KERNEL32.DLL+0x17374]
C  [ntdll.dll+0x4cc91]


---------------  P R O C E S S  ---------------

Threads class SMR info:
_java_thread_list=0x00000200f9307020, length=27, elements={
0x00000200b2b317c0, 0x00000200b2b340a0, 0x00000200b2b50ef0, 0x00000200b2b517c0,
0x00000200b2b52090, 0x00000200b2b55e60, 0x00000200b2b56f20, 0x00000200b2b60900,
0x00000200b2b719d0, 0x00000200b2c90d30, 0x00000200b2c938c0, 0x00000200f980e830,
0x00000200f8b15050, 0x00000200f8b15560, 0x00000200f8b169a0, 0x00000200f8b16eb0,
0x00000200f8b15f80, 0x00000200f8b15a70, 0x00000200f8b17de0, 0x00000200f8b178d0,
0x00000200f8b182f0, 0x00000200f8b18800, 0x00000200f8b16490, 0x00000200fae37aa0,
0x00000200fae36660, 0x00000200fae34d10, 0x00000200fae37fb0
}

Java Threads: ( => current thread )
  0x00000200b2b317c0 JavaThread "Reference Handler" daemon [_thread_blocked, id=11756, stack(0x00000071eab00000,0x00000071eac00000)]
  0x00000200b2b340a0 JavaThread "Finalizer" daemon [_thread_blocked, id=11680, stack(0x00000071eac00000,0x00000071ead00000)]
  0x00000200b2b50ef0 JavaThread "Signal Dispatcher" daemon [_thread_blocked, id=10460, stack(0x00000071ead00000,0x00000071eae00000)]
  0x00000200b2b517c0 JavaThread "Attach Listener" daemon [_thread_blocked, id=12928, stack(0x00000071eae00000,0x00000071eaf00000)]
  0x00000200b2b52090 JavaThread "Service Thread" daemon [_thread_blocked, id=14408, stack(0x00000071eaf00000,0x00000071eb000000)]
  0x00000200b2b55e60 JavaThread "Monitor Deflation Thread" daemon [_thread_blocked, id=10696, stack(0x00000071eb000000,0x00000071eb100000)]
=>0x00000200b2b56f20 JavaThread "C2 CompilerThread0" daemon [_thread_in_native, id=16276, stack(0x00000071eb100000,0x00000071eb200000)]
  0x00000200b2b60900 JavaThread "C1 CompilerThread0" daemon [_thread_blocked, id=16660, stack(0x00000071eb200000,0x00000071eb300000)]
  0x00000200b2b719d0 JavaThread "Sweeper thread" daemon [_thread_blocked, id=17896, stack(0x00000071eb300000,0x00000071eb400000)]
  0x00000200b2c90d30 JavaThread "Notification Thread" daemon [_thread_blocked, id=15356, stack(0x00000071eb400000,0x00000071eb500000)]
  0x00000200b2c938c0 JavaThread "Common-Cleaner" daemon [_thread_blocked, id=16176, stack(0x00000071eb600000,0x00000071eb700000)]
  0x00000200f980e830 JavaThread "Catalina-utility-1" [_thread_blocked, id=4076, stack(0x00000071ec100000,0x00000071ec200000)]
  0x00000200f8b15050 JavaThread "Catalina-utility-2" [_thread_blocked, id=2364, stack(0x00000071ec200000,0x00000071ec300000)]
  0x00000200f8b15560 JavaThread "container-0" [_thread_blocked, id=18352, stack(0x00000071ec300000,0x00000071ec400000)]
  0x00000200f8b169a0 JavaThread "http-nio-8080-exec-1" daemon [_thread_in_vm, id=15248, stack(0x00000071ec400000,0x00000071ec500000)]
  0x00000200f8b16eb0 JavaThread "http-nio-8080-exec-2" daemon [_thread_blocked, id=1924, stack(0x00000071ec500000,0x00000071ec600000)]
  0x00000200f8b15f80 JavaThread "http-nio-8080-exec-3" daemon [_thread_blocked, id=12892, stack(0x00000071ec600000,0x00000071ec700000)]
  0x00000200f8b15a70 JavaThread "http-nio-8080-exec-4" daemon [_thread_blocked, id=7324, stack(0x00000071ec700000,0x00000071ec800000)]
  0x00000200f8b17de0 JavaThread "http-nio-8080-exec-5" daemon [_thread_blocked, id=15596, stack(0x00000071ec800000,0x00000071ec900000)]
  0x00000200f8b178d0 JavaThread "http-nio-8080-exec-6" daemon [_thread_blocked, id=3760, stack(0x00000071ec900000,0x00000071eca00000)]
  0x00000200f8b182f0 JavaThread "http-nio-8080-exec-7" daemon [_thread_blocked, id=15028, stack(0x00000071eca00000,0x00000071ecb00000)]
  0x00000200f8b18800 JavaThread "http-nio-8080-exec-8" daemon [_thread_blocked, id=4388, stack(0x00000071ecb00000,0x00000071ecc00000)]
  0x00000200f8b16490 JavaThread "http-nio-8080-exec-9" daemon [_thread_blocked, id=17868, stack(0x00000071ecc00000,0x00000071ecd00000)]
  0x00000200fae37aa0 JavaThread "http-nio-8080-exec-10" daemon [_thread_blocked, id=16436, stack(0x00000071ecd00000,0x00000071ece00000)]
  0x00000200fae36660 JavaThread "http-nio-8080-Poller" daemon [_thread_in_native, id=3136, stack(0x00000071ece00000,0x00000071ecf00000)]
  0x00000200fae34d10 JavaThread "http-nio-8080-Acceptor" daemon [_thread_in_native, id=12684, stack(0x00000071ecf00000,0x00000071ed000000)]
  0x00000200fae37fb0 JavaThread "DestroyJavaVM" [_thread_blocked, id=17904, stack(0x00000071ea400000,0x00000071ea500000)]

Other Threads:
  0x00000200b2b2b640 VMThread "VM Thread" [stack: 0x00000071eaa00000,0x00000071eab00000] [id=11912]
  0x00000200b2c91210 WatcherThread [stack: 0x00000071eb500000,0x00000071eb600000] [id=17800]
  0x000002008fee2ea0 GCTaskThread "GC Thread#0" [stack: 0x00000071ea500000,0x00000071ea600000] [id=10904]
  0x00000200f8691fd0 GCTaskThread "GC Thread#1" [stack: 0x00000071eb900000,0x00000071eba00000] [id=7396]
  0x00000200f8692290 GCTaskThread "GC Thread#2" [stack: 0x00000071eba00000,0x00000071ebb00000] [id=15544]
  0x00000200f85a9260 GCTaskThread "GC Thread#3" [stack: 0x00000071ebb00000,0x00000071ebc00000] [id=15928]
  0x00000200f85a9520 GCTaskThread "GC Thread#4" [stack: 0x00000071ebc00000,0x00000071ebd00000] [id=2936]
  0x00000200f85a97e0 GCTaskThread "GC Thread#5" [stack: 0x00000071ebd00000,0x00000071ebe00000] [id=6140]
  0x00000200f8e1fcc0 GCTaskThread "GC Thread#6" [stack: 0x00000071ebf00000,0x00000071ec000000] [id=5204]
  0x00000200f9571530 GCTaskThread "GC Thread#7" [stack: 0x00000071ec000000,0x00000071ec100000] [id=12452]
  0x000002008fef49b0 ConcurrentGCThread "G1 Main Marker" [stack: 0x00000071ea600000,0x00000071ea700000] [id=11864]
  0x000002008fef5970 ConcurrentGCThread "G1 Conc#0" [stack: 0x00000071ea700000,0x00000071ea800000] [id=18408]
  0x00000200f8b474d0 ConcurrentGCThread "G1 Conc#1" [stack: 0x00000071ebe00000,0x00000071ebf00000] [id=5772]
  0x00000200b26b6e50 ConcurrentGCThread "G1 Refine#0" [stack: 0x00000071ea800000,0x00000071ea900000] [id=8064]
  0x00000200b26b7530 ConcurrentGCThread "G1 Service" [stack: 0x00000071ea900000,0x00000071eaa00000] [id=18096]

Threads with active compile tasks:
C2 CompilerThread0    18304 3946       4       jdk.internal.ref.PhantomCleanable::<init> (49 bytes)

VM state: not at safepoint (normal execution)

VM Mutex/Monitor currently owned by a thread:  ([mutex/lock_event])
[0x000002008fe736b0] Metaspace_lock - owner thread: 0x00000200f8b169a0

Heap address: 0x0000000703200000, size: 4046 MB, Compressed Oops mode: Zero based, Oop shift amount: 3

CDS archive(s) mapped at: [0x00000200b3000000-0x00000200b3bd0000-0x00000200b3bd0000), size 12386304, SharedBaseAddress: 0x00000200b3000000, ArchiveRelocationMode: 1.
Compressed class space mapped at: 0x00000200b4000000-0x00000200f4000000, reserved size: 1073741824
Narrow klass base: 0x00000200b3000000, Narrow klass shift: 0, Narrow klass range: 0x100000000

GC Precious Log:
 CPUs: 8 total, 8 available
 Memory: 16183M
 Large Page Support: Disabled
 NUMA Support: Disabled
 Compressed Oops: Enabled (Zero based)
 Heap Region Size: 2M
 Heap Min Capacity: 8M
 Heap Initial Capacity: 254M
 Heap Max Capacity: 4046M
 Pre-touch: Disabled
 Parallel Workers: 8
 Concurrent Workers: 2
 Concurrent Refinement Workers: 8
 Periodic GC: Disabled

Heap:
 garbage-first heap   total 157696K, used 32226K [0x0000000703200000, 0x0000000800000000)
  region size 2048K, 11 young (22528K), 2 survivors (4096K)
 Metaspace       used 32096K, committed 32576K, reserved 1114112K
  class space    used 4008K, committed 4224K, reserved 1048576K

Heap Regions: E=young(eden), S=young(survivor), O=old, HS=humongous(starts), HC=humongous(continues), CS=collection set, F=free, OA=open archive, CA=closed archive, TAMS=top-at-mark-start (previous, next)
|   0|0x0000000703200000, 0x0000000703400000, 0x0000000703400000|100%| O|  |TAMS 0x0000000703400000, 0x0000000703200000| Untracked 
|   1|0x0000000703400000, 0x0000000703600000, 0x0000000703600000|100%| O|  |TAMS 0x0000000703600000, 0x0000000703400000| Untracked 
|   2|0x0000000703600000, 0x0000000703600000, 0x0000000703800000|  0%| F|  |TAMS 0x0000000703600000, 0x0000000703600000| Untracked 
|   3|0x0000000703800000, 0x0000000703a00000, 0x0000000703a00000|100%| O|  |TAMS 0x0000000703800000, 0x0000000703800000| Untracked 
|   4|0x0000000703a00000, 0x0000000703c00000, 0x0000000703c00000|100%| O|  |TAMS 0x0000000703a00000, 0x0000000703a00000| Untracked 
|   5|0x0000000703c00000, 0x0000000703e00000, 0x0000000703e00000|100%| O|  |TAMS 0x0000000703c00000, 0x0000000703c00000| Untracked 
|   6|0x0000000703e00000, 0x0000000704000000, 0x0000000704000000|100%| O|  |TAMS 0x0000000703e00000, 0x0000000703e00000| Untracked 
|   7|0x0000000704000000, 0x0000000704121200, 0x0000000704200000| 56%| O|  |TAMS 0x0000000704000000, 0x0000000704000000| Untracked 
|   8|0x0000000704200000, 0x0000000704200000, 0x0000000704400000|  0%| F|  |TAMS 0x0000000704200000, 0x0000000704200000| Untracked 
|   9|0x0000000704400000, 0x0000000704400000, 0x0000000704600000|  0%| F|  |TAMS 0x0000000704400000, 0x0000000704400000| Untracked 
|  10|0x0000000704600000, 0x0000000704600000, 0x0000000704800000|  0%| F|  |TAMS 0x0000000704600000, 0x0000000704600000| Untracked 
|  11|0x0000000704800000, 0x0000000704800000, 0x0000000704a00000|  0%| F|  |TAMS 0x0000000704800000, 0x0000000704800000| Untracked 
|  12|0x0000000704a00000, 0x0000000704a00000, 0x0000000704c00000|  0%| F|  |TAMS 0x0000000704a00000, 0x0000000704a00000| Untracked 
|  13|0x0000000704c00000, 0x0000000704c57680, 0x0000000704e00000| 17%| S|CS|TAMS 0x0000000704c00000, 0x0000000704c00000| Complete 
|  14|0x0000000704e00000, 0x0000000705000000, 0x0000000705000000|100%| S|CS|TAMS 0x0000000704e00000, 0x0000000704e00000| Complete 
|  15|0x0000000705000000, 0x0000000705000000, 0x0000000705200000|  0%| F|  |TAMS 0x0000000705000000, 0x0000000705000000| Untracked 
|  16|0x0000000705200000, 0x0000000705200000, 0x0000000705400000|  0%| F|  |TAMS 0x0000000705200000, 0x0000000705200000| Untracked 
|  17|0x0000000705400000, 0x0000000705400000, 0x0000000705600000|  0%| F|  |TAMS 0x0000000705400000, 0x0000000705400000| Untracked 
|  18|0x0000000705600000, 0x0000000705600000, 0x0000000705800000|  0%| F|  |TAMS 0x0000000705600000, 0x0000000705600000| Untracked 
|  19|0x0000000705800000, 0x0000000705800000, 0x0000000705a00000|  0%| F|  |TAMS 0x0000000705800000, 0x0000000705800000| Untracked 
|  20|0x0000000705a00000, 0x0000000705a00000, 0x0000000705c00000|  0%| F|  |TAMS 0x0000000705a00000, 0x0000000705a00000| Untracked 
|  21|0x0000000705c00000, 0x0000000705c00000, 0x0000000705e00000|  0%| F|  |TAMS 0x0000000705c00000, 0x0000000705c00000| Untracked 
|  22|0x0000000705e00000, 0x0000000705e00000, 0x0000000706000000|  0%| F|  |TAMS 0x0000000705e00000, 0x0000000705e00000| Untracked 
|  23|0x0000000706000000, 0x0000000706000000, 0x0000000706200000|  0%| F|  |TAMS 0x0000000706000000, 0x0000000706000000| Untracked 
|  24|0x0000000706200000, 0x0000000706200000, 0x0000000706400000|  0%| F|  |TAMS 0x0000000706200000, 0x0000000706200000| Untracked 
|  25|0x0000000706400000, 0x0000000706400000, 0x0000000706600000|  0%| F|  |TAMS 0x0000000706400000, 0x0000000706400000| Untracked 
|  26|0x0000000706600000, 0x0000000706600000, 0x0000000706800000|  0%| F|  |TAMS 0x0000000706600000, 0x0000000706600000| Untracked 
|  27|0x0000000706800000, 0x0000000706800000, 0x0000000706a00000|  0%| F|  |TAMS 0x0000000706800000, 0x0000000706800000| Untracked 
|  28|0x0000000706a00000, 0x0000000706a00000, 0x0000000706c00000|  0%| F|  |TAMS 0x0000000706a00000, 0x0000000706a00000| Untracked 
|  29|0x0000000706c00000, 0x0000000706c00000, 0x0000000706e00000|  0%| F|  |TAMS 0x0000000706c00000, 0x0000000706c00000| Untracked 
|  30|0x0000000706e00000, 0x0000000706e00000, 0x0000000707000000|  0%| F|  |TAMS 0x0000000706e00000, 0x0000000706e00000| Untracked 
|  31|0x0000000707000000, 0x0000000707000000, 0x0000000707200000|  0%| F|  |TAMS 0x0000000707000000, 0x0000000707000000| Untracked 
|  32|0x0000000707200000, 0x0000000707200000, 0x0000000707400000|  0%| F|  |TAMS 0x0000000707200000, 0x0000000707200000| Untracked 
|  33|0x0000000707400000, 0x0000000707400000, 0x0000000707600000|  0%| F|  |TAMS 0x0000000707400000, 0x0000000707400000| Untracked 
|  34|0x0000000707600000, 0x0000000707600000, 0x0000000707800000|  0%| F|  |TAMS 0x0000000707600000, 0x0000000707600000| Untracked 
|  35|0x0000000707800000, 0x0000000707800000, 0x0000000707a00000|  0%| F|  |TAMS 0x0000000707800000, 0x0000000707800000| Untracked 
|  36|0x0000000707a00000, 0x0000000707a00000, 0x0000000707c00000|  0%| F|  |TAMS 0x0000000707a00000, 0x0000000707a00000| Untracked 
|  37|0x0000000707c00000, 0x0000000707c00000, 0x0000000707e00000|  0%| F|  |TAMS 0x0000000707c00000, 0x0000000707c00000| Untracked 
|  38|0x0000000707e00000, 0x0000000707e00000, 0x0000000708000000|  0%| F|  |TAMS 0x0000000707e00000, 0x0000000707e00000| Untracked 
|  39|0x0000000708000000, 0x0000000708000000, 0x0000000708200000|  0%| F|  |TAMS 0x0000000708000000, 0x0000000708000000| Untracked 
|  40|0x0000000708200000, 0x0000000708200000, 0x0000000708400000|  0%| F|  |TAMS 0x0000000708200000, 0x0000000708200000| Untracked 
|  41|0x0000000708400000, 0x0000000708400000, 0x0000000708600000|  0%| F|  |TAMS 0x0000000708400000, 0x0000000708400000| Untracked 
|  42|0x0000000708600000, 0x0000000708600000, 0x0000000708800000|  0%| F|  |TAMS 0x0000000708600000, 0x0000000708600000| Untracked 
|  43|0x0000000708800000, 0x0000000708800000, 0x0000000708a00000|  0%| F|  |TAMS 0x0000000708800000, 0x0000000708800000| Untracked 
|  44|0x0000000708a00000, 0x0000000708a00000, 0x0000000708c00000|  0%| F|  |TAMS 0x0000000708a00000, 0x0000000708a00000| Untracked 
|  45|0x0000000708c00000, 0x0000000708c00000, 0x0000000708e00000|  0%| F|  |TAMS 0x0000000708c00000, 0x0000000708c00000| Untracked 
|  46|0x0000000708e00000, 0x0000000708e00000, 0x0000000709000000|  0%| F|  |TAMS 0x0000000708e00000, 0x0000000708e00000| Untracked 
|  47|0x0000000709000000, 0x0000000709000000, 0x0000000709200000|  0%| F|  |TAMS 0x0000000709000000, 0x0000000709000000| Untracked 
|  48|0x0000000709200000, 0x0000000709200000, 0x0000000709400000|  0%| F|  |TAMS 0x0000000709200000, 0x0000000709200000| Untracked 
|  49|0x0000000709400000, 0x0000000709400000, 0x0000000709600000|  0%| F|  |TAMS 0x0000000709400000, 0x0000000709400000| Untracked 
|  50|0x0000000709600000, 0x0000000709600000, 0x0000000709800000|  0%| F|  |TAMS 0x0000000709600000, 0x0000000709600000| Untracked 
|  51|0x0000000709800000, 0x0000000709800000, 0x0000000709a00000|  0%| F|  |TAMS 0x0000000709800000, 0x0000000709800000| Untracked 
|  52|0x0000000709a00000, 0x0000000709a00000, 0x0000000709c00000|  0%| F|  |TAMS 0x0000000709a00000, 0x0000000709a00000| Untracked 
|  53|0x0000000709c00000, 0x0000000709c00000, 0x0000000709e00000|  0%| F|  |TAMS 0x0000000709c00000, 0x0000000709c00000| Untracked 
|  54|0x0000000709e00000, 0x0000000709e00000, 0x000000070a000000|  0%| F|  |TAMS 0x0000000709e00000, 0x0000000709e00000| Untracked 
|  55|0x000000070a000000, 0x000000070a000000, 0x000000070a200000|  0%| F|  |TAMS 0x000000070a000000, 0x000000070a000000| Untracked 
|  56|0x000000070a200000, 0x000000070a200000, 0x000000070a400000|  0%| F|  |TAMS 0x000000070a200000, 0x000000070a200000| Untracked 
|  57|0x000000070a400000, 0x000000070a400000, 0x000000070a600000|  0%| F|  |TAMS 0x000000070a400000, 0x000000070a400000| Untracked 
|  58|0x000000070a600000, 0x000000070a600000, 0x000000070a800000|  0%| F|  |TAMS 0x000000070a600000, 0x000000070a600000| Untracked 
|  59|0x000000070a800000, 0x000000070a800000, 0x000000070aa00000|  0%| F|  |TAMS 0x000000070a800000, 0x000000070a800000| Untracked 
|  60|0x000000070aa00000, 0x000000070aa00000, 0x000000070ac00000|  0%| F|  |TAMS 0x000000070aa00000, 0x000000070aa00000| Untracked 
|  61|0x000000070ac00000, 0x000000070ac00000, 0x000000070ae00000|  0%| F|  |TAMS 0x000000070ac00000, 0x000000070ac00000| Untracked 
|  62|0x000000070ae00000, 0x000000070ae00000, 0x000000070b000000|  0%| F|  |TAMS 0x000000070ae00000, 0x000000070ae00000| Untracked 
|  63|0x000000070b000000, 0x000000070b000000, 0x000000070b200000|  0%| F|  |TAMS 0x000000070b000000, 0x000000070b000000| Untracked 
|  64|0x000000070b200000, 0x000000070b200000, 0x000000070b400000|  0%| F|  |TAMS 0x000000070b200000, 0x000000070b200000| Untracked 
|  65|0x000000070b400000, 0x000000070b400000, 0x000000070b600000|  0%| F|  |TAMS 0x000000070b400000, 0x000000070b400000| Untracked 
|  66|0x000000070b600000, 0x000000070b600000, 0x000000070b800000|  0%| F|  |TAMS 0x000000070b600000, 0x000000070b600000| Untracked 
|  67|0x000000070b800000, 0x000000070b800000, 0x000000070ba00000|  0%| F|  |TAMS 0x000000070b800000, 0x000000070b800000| Untracked 
|  68|0x000000070ba00000, 0x000000070bbd8c68, 0x000000070bc00000| 92%| E|  |TAMS 0x000000070ba00000, 0x000000070ba00000| Complete 
|  69|0x000000070bc00000, 0x000000070be00000, 0x000000070be00000|100%| E|CS|TAMS 0x000000070bc00000, 0x000000070bc00000| Complete 
|  70|0x000000070be00000, 0x000000070c000000, 0x000000070c000000|100%| E|CS|TAMS 0x000000070be00000, 0x000000070be00000| Complete 
|  71|0x000000070c000000, 0x000000070c200000, 0x000000070c200000|100%| E|CS|TAMS 0x000000070c000000, 0x000000070c000000| Complete 
|  94|0x000000070ee00000, 0x000000070f000000, 0x000000070f000000|100%| E|CS|TAMS 0x000000070ee00000, 0x000000070ee00000| Complete 
|  95|0x000000070f000000, 0x000000070f200000, 0x000000070f200000|100%| E|CS|TAMS 0x000000070f000000, 0x000000070f000000| Complete 
|  96|0x000000070f200000, 0x000000070f400000, 0x000000070f400000|100%| E|CS|TAMS 0x000000070f200000, 0x000000070f200000| Complete 
|  97|0x000000070f400000, 0x000000070f600000, 0x000000070f600000|100%| E|CS|TAMS 0x000000070f400000, 0x000000070f400000| Complete 
| 126|0x0000000712e00000, 0x0000000713000000, 0x0000000713000000|100%| E|CS|TAMS 0x0000000712e00000, 0x0000000712e00000| Complete 

Card table byte_map: [0x00000200a7240000,0x00000200a7a30000] _byte_map_base: 0x00000200a3a27000

Marking Bits (Prev, Next): (CMBitMap*) 0x000002008fee3310, (CMBitMap*) 0x000002008fee32d0
 Prev Bits: [0x00000200ac160000, 0x00000200b0098000)
 Next Bits: [0x00000200a8220000, 0x00000200ac158000)

Polling page: 0x000002008f640000

Metaspace:

Usage:
  Non-class:     27.43 MB used.
      Class:      3.91 MB used.
       Both:     31.34 MB used.

Virtual space:
  Non-class space:       64.00 MB reserved,      27.69 MB ( 43%) committed,  1 nodes.
      Class space:        1.00 GB reserved,       4.12 MB ( <1%) committed,  1 nodes.
             Both:        1.06 GB reserved,      31.81 MB (  3%) committed. 

Chunk freelists:
   Non-Class:  3.92 MB
       Class:  11.89 MB
        Both:  15.81 MB

MaxMetaspaceSize: unlimited
CompressedClassSpaceSize: 1.00 GB
Initial GC threshold: 21.00 MB
Current GC threshold: 35.25 MB
CDS: on
MetaspaceReclaimPolicy: balanced
 - commit_granule_bytes: 65536.
 - commit_granule_words: 8192.
 - virtual_space_node_default_size: 8388608.
 - enlarge_chunks_in_place: 1.
 - new_chunks_are_fully_committed: 0.
 - uncommit_free_chunks: 1.
 - use_allocation_guard: 0.
 - handle_deallocations: 1.


Internal statistics:

num_allocs_failed_limit: 3.
num_arena_births: 706.
num_arena_deaths: 0.
num_vsnodes_births: 2.
num_vsnodes_deaths: 0.
num_space_committed: 509.
num_space_uncommitted: 0.
num_chunks_returned_to_freelist: 3.
num_chunks_taken_from_freelist: 1918.
num_chunk_merges: 3.
num_chunk_splits: 1276.
num_chunks_enlarged: 891.
num_inconsistent_stats: 0.

CodeHeap 'non-profiled nmethods': size=120000Kb used=2363Kb max_used=2363Kb free=117637Kb
 bounds [0x000002009f1f0000, 0x000002009f460000, 0x00000200a6720000]
CodeHeap 'profiled nmethods': size=120000Kb used=8037Kb max_used=8037Kb free=111962Kb
 bounds [0x0000020097720000, 0x0000020097f00000, 0x000002009ec50000]
CodeHeap 'non-nmethods': size=5760Kb used=1615Kb max_used=1631Kb free=4144Kb
 bounds [0x000002009ec50000, 0x000002009eec0000, 0x000002009f1f0000]
 total_blobs=4610 nmethods=3958 adapters=562
 compilation: enabled
              stopped_count=0, restarted_count=0
 full_count=0

Compilation events (20 events):
Event: 5.121 Thread 0x00000200b2b60900 nmethod 3944 0x0000020097ef3690 code [0x0000020097ef3840, 0x0000020097ef3b18]
Event: 5.135 Thread 0x00000200b2d5c190 nmethod 3857 0x000002009f435490 code [0x000002009f435880, 0x000002009f438578]
Event: 5.137 Thread 0x00000200b2d5c190 3941       4       org.springframework.core.annotation.MergedAnnotations::from (11 bytes)
Event: 5.143 Thread 0x00000200b2b56f20 nmethod 3936 0x000002009f43a790 code [0x000002009f43a9c0, 0x000002009f43b660]
Event: 5.163 Thread 0x00000200b2e06510 nmethod 3937 0x000002009f43c010 code [0x000002009f43c220, 0x000002009f43cde0]
Event: 5.167 Thread 0x00000200b2d5c190 nmethod 3941 0x000002009f43d690 code [0x000002009f43d8a0, 0x000002009f43e0a0]
Event: 13.097 Thread 0x00000200b2b60900 3945       3       java.lang.Thread::interrupted (23 bytes)
Event: 13.097 Thread 0x00000200b2b60900 nmethod 3945 0x0000020097ef3c10 code [0x0000020097ef3dc0, 0x0000020097ef3f48]
Event: 18.269 Thread 0x00000200b2b56f20 3946       4       jdk.internal.ref.PhantomCleanable::<init> (49 bytes)
Event: 18.270 Thread 0x00000200b2b60900 3948       3       sun.net.www.protocol.file.Handler::createFileURLConnection (10 bytes)
Event: 18.271 Thread 0x00000200b2b60900 nmethod 3948 0x0000020097ef4010 code [0x0000020097ef41c0, 0x0000020097ef4368]
Event: 18.271 Thread 0x00000200b2b60900 3949       3       sun.net.www.protocol.file.FileURLConnection::<init> (38 bytes)
Event: 18.271 Thread 0x00000200b2b60900 nmethod 3949 0x0000020097ef4410 code [0x0000020097ef45e0, 0x0000020097ef49f8]
Event: 18.271 Thread 0x00000200b2b60900 3950       3       sun.net.www.URLConnection::<init> (22 bytes)
Event: 18.271 Thread 0x00000200b2b60900 nmethod 3950 0x0000020097ef4b90 code [0x0000020097ef4d60, 0x0000020097ef5078]
Event: 18.271 Thread 0x00000200b2b60900 3951       3       sun.net.www.MessageHeader::<init> (9 bytes)
Event: 18.271 Thread 0x00000200b2b60900 nmethod 3951 0x0000020097ef5190 code [0x0000020097ef5340, 0x0000020097ef54c8]
Event: 18.271 Thread 0x00000200b2b60900 3952       3       sun.net.www.MessageHeader::grow (92 bytes)
Event: 18.271 Thread 0x00000200b2b60900 nmethod 3952 0x0000020097ef5590 code [0x0000020097ef5760, 0x0000020097ef5d18]
Event: 18.276 Thread 0x00000200b2b60900 3953       3       java.lang.invoke.LambdaFormEditor$TransformKey::of (51 bytes)

GC Heap History (12 events):
Event: 0.723 GC heap before
{Heap before GC invocations=0 (full 0):
 garbage-first heap   total 260096K, used 22528K [0x0000000703200000, 0x0000000800000000)
  region size 2048K, 11 young (22528K), 0 survivors (0K)
 Metaspace       used 5809K, committed 5952K, reserved 1114112K
  class space    used 691K, committed 768K, reserved 1048576K
}
Event: 0.728 GC heap after
{Heap after GC invocations=1 (full 0):
 garbage-first heap   total 260096K, used 5014K [0x0000000703200000, 0x0000000800000000)
  region size 2048K, 2 young (4096K), 2 survivors (4096K)
 Metaspace       used 5809K, committed 5952K, reserved 1114112K
  class space    used 691K, committed 768K, reserved 1048576K
}
Event: 1.193 GC heap before
{Heap before GC invocations=1 (full 0):
 garbage-first heap   total 260096K, used 31638K [0x0000000703200000, 0x0000000800000000)
  region size 2048K, 15 young (30720K), 2 survivors (4096K)
 Metaspace       used 11662K, committed 11904K, reserved 1114112K
  class space    used 1400K, committed 1536K, reserved 1048576K
}
Event: 1.198 GC heap after
{Heap after GC invocations=2 (full 0):
 garbage-first heap   total 260096K, used 7384K [0x0000000703200000, 0x0000000800000000)
  region size 2048K, 2 young (4096K), 2 survivors (4096K)
 Metaspace       used 11662K, committed 11904K, reserved 1114112K
  class space    used 1400K, committed 1536K, reserved 1048576K
}
Event: 2.632 GC heap before
{Heap before GC invocations=2 (full 0):
 garbage-first heap   total 260096K, used 60632K [0x0000000703200000, 0x0000000800000000)
  region size 2048K, 29 young (59392K), 2 survivors (4096K)
 Metaspace       used 21248K, committed 21504K, reserved 1114112K
  class space    used 2561K, committed 2688K, reserved 1048576K
}
Event: 2.640 GC heap after
{Heap after GC invocations=3 (full 0):
 garbage-first heap   total 260096K, used 11787K [0x0000000703200000, 0x0000000800000000)
  region size 2048K, 4 young (8192K), 4 survivors (8192K)
 Metaspace       used 21248K, committed 21504K, reserved 1114112K
  class space    used 2561K, committed 2688K, reserved 1048576K
}
Event: 3.821 GC heap before
{Heap before GC invocations=4 (full 0):
 garbage-first heap   total 55296K, used 36363K [0x0000000703200000, 0x0000000800000000)
  region size 2048K, 16 young (32768K), 4 survivors (8192K)
 Metaspace       used 25308K, committed 25728K, reserved 1114112K
  class space    used 3151K, committed 3328K, reserved 1048576K
}
Event: 3.835 GC heap after
{Heap after GC invocations=5 (full 0):
 garbage-first heap   total 55296K, used 13803K [0x0000000703200000, 0x0000000800000000)
  region size 2048K, 2 young (4096K), 2 survivors (4096K)
 Metaspace       used 25308K, committed 25728K, reserved 1114112K
  class space    used 3151K, committed 3328K, reserved 1048576K
}
Event: 3.905 GC heap before
{Heap before GC invocations=5 (full 0):
 garbage-first heap   total 55296K, used 13803K [0x0000000703200000, 0x0000000800000000)
  region size 2048K, 3 young (6144K), 2 survivors (4096K)
 Metaspace       used 25750K, committed 26112K, reserved 1114112K
  class space    used 3187K, committed 3328K, reserved 1048576K
}
Event: 3.913 GC heap after
{Heap after GC invocations=6 (full 0):
 garbage-first heap   total 55296K, used 14005K [0x0000000703200000, 0x0000000800000000)
  region size 2048K, 1 young (2048K), 1 survivors (2048K)
 Metaspace       used 25750K, committed 26112K, reserved 1114112K
  class space    used 3187K, committed 3328K, reserved 1048576K
}
Event: 4.765 GC heap before
{Heap before GC invocations=6 (full 0):
 garbage-first heap   total 55296K, used 34485K [0x0000000703200000, 0x0000000800000000)
  region size 2048K, 12 young (24576K), 1 survivors (2048K)
 Metaspace       used 29732K, committed 30208K, reserved 1114112K
  class space    used 3702K, committed 3904K, reserved 1048576K
}
Event: 4.769 GC heap after
{Heap after GC invocations=7 (full 0):
 garbage-first heap   total 157696K, used 15842K [0x0000000703200000, 0x0000000800000000)
  region size 2048K, 2 young (4096K), 2 survivors (4096K)
 Metaspace       used 29732K, committed 30208K, reserved 1114112K
  class space    used 3702K, committed 3904K, reserved 1048576K
}

Deoptimization events (20 events):
Event: 4.956 Thread 0x000002008fe79e80 DEOPT PACKING pc=0x000002009f393d44 sp=0x00000071ea4fa830
Event: 4.956 Thread 0x000002008fe79e80 DEOPT UNPACKING pc=0x000002009eca5ba3 sp=0x00000071ea4fa7c0 mode 2
Event: 4.960 Thread 0x000002008fe79e80 Uncommon trap: trap_request=0xffffff45 fr.pc=0x000002009f392814 relative=0x0000000000000274
Event: 4.960 Thread 0x000002008fe79e80 Uncommon trap: reason=unstable_if action=reinterpret pc=0x000002009f392814 method=java.lang.invoke.MethodType.equals(Ljava/lang/Object;)Z @ 11 c2
Event: 4.960 Thread 0x000002008fe79e80 DEOPT PACKING pc=0x000002009f392814 sp=0x00000071ea4fa730
Event: 4.960 Thread 0x000002008fe79e80 DEOPT UNPACKING pc=0x000002009eca5ba3 sp=0x00000071ea4fa6f8 mode 2
Event: 4.963 Thread 0x000002008fe79e80 Uncommon trap: trap_request=0xffffffde fr.pc=0x000002009f393d44 relative=0x0000000000000044
Event: 4.963 Thread 0x000002008fe79e80 Uncommon trap: reason=class_check action=maybe_recompile pc=0x000002009f393d44 method=java.lang.invoke.DirectMethodHandle.internalMemberName(Ljava/lang/Object;)Ljava/lang/Object; @ 1 c2
Event: 4.963 Thread 0x000002008fe79e80 DEOPT PACKING pc=0x000002009f393d44 sp=0x00000071ea4fa820
Event: 4.963 Thread 0x000002008fe79e80 DEOPT UNPACKING pc=0x000002009eca5ba3 sp=0x00000071ea4fa7b0 mode 2
Event: 4.964 Thread 0x000002008fe79e80 Uncommon trap: trap_request=0xffffffde fr.pc=0x000002009f393d44 relative=0x0000000000000044
Event: 4.964 Thread 0x000002008fe79e80 Uncommon trap: reason=class_check action=maybe_recompile pc=0x000002009f393d44 method=java.lang.invoke.DirectMethodHandle.internalMemberName(Ljava/lang/Object;)Ljava/lang/Object; @ 1 c2
Event: 4.964 Thread 0x000002008fe79e80 DEOPT PACKING pc=0x000002009f393d44 sp=0x00000071ea4fa820
Event: 4.964 Thread 0x000002008fe79e80 DEOPT UNPACKING pc=0x000002009eca5ba3 sp=0x00000071ea4fa7b0 mode 2
Event: 5.035 Thread 0x000002008fe79e80 Uncommon trap: trap_request=0xffffff45 fr.pc=0x000002009f26e960 relative=0x0000000000000060
Event: 5.035 Thread 0x000002008fe79e80 Uncommon trap: reason=unstable_if action=reinterpret pc=0x000002009f26e960 method=org.springframework.util.ConcurrentReferenceHashMap$Segment.clear()V @ 7 c2
Event: 5.035 Thread 0x000002008fe79e80 DEOPT PACKING pc=0x000002009f26e960 sp=0x00000071ea4ff1c0
Event: 5.035 Thread 0x000002008fe79e80 DEOPT UNPACKING pc=0x000002009eca5ba3 sp=0x00000071ea4ff150 mode 2
Event: 5.096 Thread 0x000002008fe79e80 DEOPT PACKING pc=0x000002009792b923 sp=0x00000071ea4fd6a0
Event: 5.096 Thread 0x000002008fe79e80 DEOPT UNPACKING pc=0x000002009eca66e3 sp=0x00000071ea4fcb10 mode 0

Classes unloaded (0 events):
No events

Classes redefined (0 events):
No events

Internal exceptions (20 events):
Event: 4.881 Thread 0x000002008fe79e80 Exception <a 'java/lang/NoSuchMethodError'{0x000000070f50e0b8}: 'java.lang.Object java.lang.invoke.DelegatingMethodHandle$Holder.reinvoke_L(java.lang.Object, java.lang.Object, java.lang.Object, java.lang.Object, int, java.lang.Object, java.lang.Object, java.lang.Object, java.lang.Object, java.lang.Object)'> (0x000000070f50e0b8) 
thrown [s\open\src\hotspot\share\interpreter\linkResolver.cpp, line 759]
Event: 4.884 Thread 0x000002008fe79e80 Exception <a 'java/lang/NoSuchMethodError'{0x000000070f52c3e0}: 'java.lang.Object java.lang.invoke.DirectMethodHandle$Holder.invokeStatic(java.lang.Object, java.lang.Object, java.lang.Object, java.lang.Object, java.lang.Object, java.lang.Object, java.lang.Object, int)'> (0x000000070f52c3e0) 
thrown [s\open\src\hotspot\share\interpreter\linkResolver.cpp, line 759]
Event: 4.906 Thread 0x000002008fe79e80 Exception <a 'java/lang/ClassNotFoundException'{0x000000070f2097f8}: nz/net/ultraq/thymeleaf/layoutdialect/decorators/strategies/AppendingStrategyBeanInfo> (0x000000070f2097f8) 
thrown [s\open\src\hotspot\share\classfile\systemDictionary.cpp, line 256]
Event: 4.907 Thread 0x000002008fe79e80 Exception <a 'java/lang/ClassNotFoundException'{0x000000070f210068}: nz/net/ultraq/thymeleaf/layoutdialect/decorators/strategies/AppendingStrategyCustomizer> (0x000000070f210068) 
thrown [s\open\src\hotspot\share\classfile\systemDictionary.cpp, line 256]
Event: 4.918 Thread 0x000002008fe79e80 Exception <a 'java/lang/NoSuchMethodError'{0x000000070f2560c8}: 'int java.lang.invoke.DirectMethodHandle$Holder.invokeStatic(java.lang.Object)'> (0x000000070f2560c8) 
thrown [s\open\src\hotspot\share\interpreter\linkResolver.cpp, line 759]
Event: 4.918 Thread 0x000002008fe79e80 Exception <a 'java/lang/NoSuchMethodError'{0x000000070f25a180}: 'java.lang.Object java.lang.invoke.DirectMethodHandle$Holder.invokeStaticInit(java.lang.Object, java.lang.Object, java.lang.Object, java.lang.Object, java.lang.Object)'> (0x000000070f25a180) 
thrown [s\open\src\hotspot\share\interpreter\linkResolver.cpp, line 759]
Event: 4.919 Thread 0x000002008fe79e80 Exception <a 'java/lang/IncompatibleClassChangeError'{0x000000070f25e228}: Found class java.lang.Object, but interface was expected> (0x000000070f25e228) 
thrown [s\open\src\hotspot\share\interpreter\linkResolver.cpp, line 826]
Event: 4.919 Thread 0x000002008fe79e80 Exception <a 'java/lang/NoSuchMethodError'{0x000000070f25f3f0}: 'java.lang.Object java.lang.invoke.DirectMethodHandle$Holder.invokeInterface(java.lang.Object, java.lang.Object, java.lang.Object, java.lang.Object, java.lang.Object)'> (0x000000070f25f3f0) 
thrown [s\open\src\hotspot\share\interpreter\linkResolver.cpp, line 759]
Event: 4.919 Thread 0x000002008fe79e80 Exception <a 'java/lang/NoSuchMethodError'{0x000000070f263640}: 'java.lang.Object java.lang.invoke.DirectMethodHandle$Holder.invokeStaticInit(java.lang.Object, java.lang.Object, java.lang.Object, java.lang.Object)'> (0x000000070f263640) 
thrown [s\open\src\hotspot\share\interpreter\linkResolver.cpp, line 759]
Event: 4.925 Thread 0x000002008fe79e80 Exception <a 'java/lang/NoSuchMethodError'{0x000000070f28fca0}: 'java.lang.Object java.lang.invoke.DirectMethodHandle$Holder.invokeInterface(java.lang.Object, java.lang.Object, java.lang.Object, java.lang.Object)'> (0x000000070f28fca0) 
thrown [s\open\src\hotspot\share\interpreter\linkResolver.cpp, line 759]
Event: 4.926 Thread 0x000002008fe79e80 Exception <a 'java/lang/IncompatibleClassChangeError'{0x000000070f293fb0}: Found class java.lang.Object, but interface was expected> (0x000000070f293fb0) 
thrown [s\open\src\hotspot\share\interpreter\linkResolver.cpp, line 826]
Event: 4.926 Thread 0x000002008fe79e80 Exception <a 'java/lang/NoSuchMethodError'{0x000000070f295128}: 'java.lang.Object java.lang.invoke.DirectMethodHandle$Holder.invokeStatic(java.lang.Object, java.lang.Object, int, java.lang.Object)'> (0x000000070f295128) 
thrown [s\open\src\hotspot\share\interpreter\linkResolver.cpp, line 759]
Event: 4.939 Thread 0x000002008fe79e80 Exception <a 'java/lang/NoSuchMethodError'{0x000000070f2ed570}: 'java.lang.Object java.lang.invoke.Invokers$Holder.invokeExact_MT(java.lang.Object, java.lang.Object, java.lang.Object)'> (0x000000070f2ed570) 
thrown [s\open\src\hotspot\share\interpreter\linkResolver.cpp, line 759]
Event: 4.944 Thread 0x000002008fe79e80 Exception <a 'java/lang/ClassNotFoundException'{0x000000070f34a5c0}: nz/net/ultraq/thymeleaf/layoutdialect/LayoutDialectBeanInfo> (0x000000070f34a5c0) 
thrown [s\open\src\hotspot\share\classfile\systemDictionary.cpp, line 256]
Event: 4.945 Thread 0x000002008fe79e80 Exception <a 'java/lang/ClassNotFoundException'{0x000000070f350468}: org/thymeleaf/dialect/AbstractProcessorDialectBeanInfo> (0x000000070f350468) 
thrown [s\open\src\hotspot\share\classfile\systemDictionary.cpp, line 256]
Event: 4.946 Thread 0x000002008fe79e80 Exception <a 'java/lang/ClassNotFoundException'{0x000000070f3560e8}: org/thymeleaf/dialect/AbstractDialectBeanInfo> (0x000000070f3560e8) 
thrown [s\open\src\hotspot\share\classfile\systemDictionary.cpp, line 256]
Event: 4.947 Thread 0x000002008fe79e80 Exception <a 'java/lang/ClassNotFoundException'{0x000000070f35be10}: org/thymeleaf/dialect/AbstractDialectCustomizer> (0x000000070f35be10) 
thrown [s\open\src\hotspot\share\classfile\systemDictionary.cpp, line 256]
Event: 4.949 Thread 0x000002008fe79e80 Exception <a 'java/lang/ClassNotFoundException'{0x000000070f364248}: org/thymeleaf/dialect/AbstractProcessorDialectCustomizer> (0x000000070f364248) 
thrown [s\open\src\hotspot\share\classfile\systemDictionary.cpp, line 256]
Event: 4.951 Thread 0x000002008fe79e80 Exception <a 'java/lang/ClassNotFoundException'{0x000000070f36d848}: nz/net/ultraq/thymeleaf/layoutdialect/LayoutDialectCustomizer> (0x000000070f36d848) 
thrown [s\open\src\hotspot\share\classfile\systemDictionary.cpp, line 256]
Event: 5.038 Thread 0x000002008fe79e80 Exception <a 'java/lang/NoSuchMethodError'{0x000000070f1a7e10}: 'java.lang.Object java.lang.invoke.DirectMethodHandle$Holder.newInvokeSpecial(java.lang.Object, java.lang.Object, int, java.lang.Object, java.lang.Object)'> (0x000000070f1a7e10) 
thrown [s\open\src\hotspot\share\interpreter\linkResolver.cpp, line 759]

VM Operations (20 events):
Event: 4.261 Executing VM operation: HandshakeAllThreads
Event: 4.261 Executing VM operation: HandshakeAllThreads done
Event: 4.420 Executing VM operation: HandshakeAllThreads
Event: 4.420 Executing VM operation: HandshakeAllThreads done
Event: 4.460 Executing VM operation: HandshakeAllThreads
Event: 4.460 Executing VM operation: HandshakeAllThreads done
Event: 4.486 Executing VM operation: HandshakeAllThreads
Event: 4.486 Executing VM operation: HandshakeAllThreads done
Event: 4.559 Executing VM operation: HandshakeAllThreads
Event: 4.559 Executing VM operation: HandshakeAllThreads done
Event: 4.741 Executing VM operation: HandshakeAllThreads
Event: 4.741 Executing VM operation: HandshakeAllThreads done
Event: 4.764 Executing VM operation: G1CollectForAllocation
Event: 4.769 Executing VM operation: G1CollectForAllocation done
Event: 4.874 Executing VM operation: HandshakeAllThreads
Event: 4.874 Executing VM operation: HandshakeAllThreads done
Event: 5.884 Executing VM operation: Cleanup
Event: 5.884 Executing VM operation: Cleanup done
Event: 14.986 Executing VM operation: Cleanup
Event: 14.986 Executing VM operation: Cleanup done

Events (20 events):
Event: 18.251 loading class sun/nio/ch/ExtendedSocketOption
Event: 18.251 loading class sun/nio/ch/ExtendedSocketOption done
Event: 18.251 loading class sun/nio/ch/ExtendedSocketOption$1
Event: 18.251 loading class sun/nio/ch/ExtendedSocketOption$1 done
Event: 18.252 loading class sun/nio/ch/SocketOptionRegistry
Event: 18.252 loading class sun/nio/ch/SocketOptionRegistry done
Event: 18.252 loading class sun/nio/ch/SocketOptionRegistry$RegistryKey
Event: 18.252 loading class sun/nio/ch/SocketOptionRegistry$RegistryKey done
Event: 18.252 loading class sun/nio/ch/SocketOptionRegistry$LazyInitialization
Event: 18.252 loading class sun/nio/ch/SocketOptionRegistry$LazyInitialization done
Event: 18.252 loading class sun/nio/ch/OptionKey
Event: 18.252 loading class sun/nio/ch/OptionKey done
Event: 18.252 loading class sun/nio/ch/SelectionKeyImpl
Event: 18.252 loading class java/nio/channels/spi/AbstractSelectionKey
Event: 18.252 loading class java/nio/channels/SelectionKey
Event: 18.253 loading class java/nio/channels/SelectionKey done
Event: 18.253 loading class java/nio/channels/spi/AbstractSelectionKey done
Event: 18.253 loading class sun/nio/ch/SelectionKeyImpl done
Event: 18.253 loading class java/lang/invoke/ConstantBootstraps
Event: 18.253 loading class java/lang/invoke/ConstantBootstraps done


Dynamic libraries:
0x00007ff65d5e0000 - 0x00007ff65d5f0000 	C:\Program Files\Java\jdk-17\bin\java.exe
0x00007ffcb8ab0000 - 0x00007ffcb8ca8000 	C:\Windows\SYSTEM32\ntdll.dll
0x00007ffc6efb0000 - 0x00007ffc6efca000 	C:\Program Files\Avast Software\Avast\aswhook.dll
0x00007ffcb89a0000 - 0x00007ffcb8a62000 	C:\Windows\System32\KERNEL32.DLL
0x00007ffcb6280000 - 0x00007ffcb657e000 	C:\Windows\System32\KERNELBASE.dll
0x00007ffcb6150000 - 0x00007ffcb6250000 	C:\Windows\System32\ucrtbase.dll
0x00007ffc92bb0000 - 0x00007ffc92bc9000 	C:\Program Files\Java\jdk-17\bin\jli.dll
0x00007ffcb88c0000 - 0x00007ffcb8972000 	C:\Windows\System32\ADVAPI32.dll
0x00007ffcb7780000 - 0x00007ffcb781e000 	C:\Windows\System32\msvcrt.dll
0x00007ffc92bd0000 - 0x00007ffc92beb000 	C:\Program Files\Java\jdk-17\bin\VCRUNTIME140.dll
0x00007ffcb8820000 - 0x00007ffcb88c0000 	C:\Windows\System32\sechost.dll
0x00007ffcb7830000 - 0x00007ffcb7953000 	C:\Windows\System32\RPCRT4.dll
0x00007ffcb65d0000 - 0x00007ffcb65f7000 	C:\Windows\System32\bcrypt.dll
0x00007ffcb8680000 - 0x00007ffcb881d000 	C:\Windows\System32\USER32.dll
0x00007ffcb6250000 - 0x00007ffcb6272000 	C:\Windows\System32\win32u.dll
0x00007ffcb70f0000 - 0x00007ffcb711b000 	C:\Windows\System32\GDI32.dll
0x00007ffcb69b0000 - 0x00007ffcb6ac7000 	C:\Windows\System32\gdi32full.dll
0x00007ffcb6740000 - 0x00007ffcb67dd000 	C:\Windows\System32\msvcp_win.dll
0x00007ffc94280000 - 0x00007ffc9451a000 	C:\Windows\WinSxS\amd64_microsoft.windows.common-controls_6595b64144ccf1df_6.0.19041.4355_none_60b8b9eb71f62e16\COMCTL32.dll
0x00007ffcacc50000 - 0x00007ffcacc5a000 	C:\Windows\SYSTEM32\VERSION.dll
0x00007ffcb7230000 - 0x00007ffcb725f000 	C:\Windows\System32\IMM32.DLL
0x00007ffc92c20000 - 0x00007ffc92c2c000 	C:\Program Files\Java\jdk-17\bin\vcruntime140_1.dll
0x00007ffc90e10000 - 0x00007ffc90e9e000 	C:\Program Files\Java\jdk-17\bin\msvcp140.dll
0x00007ffc317a0000 - 0x00007ffc3237f000 	C:\Program Files\Java\jdk-17\bin\server\jvm.dll
0x00007ffcb7080000 - 0x00007ffcb7088000 	C:\Windows\System32\PSAPI.DLL
0x00007ffca0d70000 - 0x00007ffca0d79000 	C:\Windows\SYSTEM32\WSOCK32.dll
0x00007ffcb8610000 - 0x00007ffcb867b000 	C:\Windows\System32\WS2_32.dll
0x00007ffcb3100000 - 0x00007ffcb3127000 	C:\Windows\SYSTEM32\WINMM.dll
0x00007ffcb4930000 - 0x00007ffcb4942000 	C:\Windows\SYSTEM32\kernel.appcore.dll
0x00007ffc92ba0000 - 0x00007ffc92baa000 	C:\Program Files\Java\jdk-17\bin\jimage.dll
0x00007ffcb3c80000 - 0x00007ffcb3e64000 	C:\Windows\SYSTEM32\DBGHELP.DLL
0x00007ffcb3080000 - 0x00007ffcb30b4000 	C:\Windows\SYSTEM32\dbgcore.DLL
0x00007ffcb6600000 - 0x00007ffcb6682000 	C:\Windows\System32\bcryptPrimitives.dll
0x00007ffc928c0000 - 0x00007ffc928e5000 	C:\Program Files\Java\jdk-17\bin\java.dll
0x00007ffc41910000 - 0x00007ffc419e7000 	C:\Program Files\Java\jdk-17\bin\jsvml.dll
0x00007ffcb7ea0000 - 0x00007ffcb860f000 	C:\Windows\System32\SHELL32.dll
0x00007ffcb4170000 - 0x00007ffcb4914000 	C:\Windows\SYSTEM32\windows.storage.dll
0x00007ffcb7b40000 - 0x00007ffcb7e93000 	C:\Windows\System32\combase.dll
0x00007ffcb5b80000 - 0x00007ffcb5bae000 	C:\Windows\SYSTEM32\Wldp.dll
0x00007ffcb6b30000 - 0x00007ffcb6bfd000 	C:\Windows\System32\OLEAUT32.dll
0x00007ffcb76d0000 - 0x00007ffcb777d000 	C:\Windows\System32\SHCORE.dll
0x00007ffcb71d0000 - 0x00007ffcb7225000 	C:\Windows\System32\shlwapi.dll
0x00007ffcb6080000 - 0x00007ffcb60a4000 	C:\Windows\SYSTEM32\profapi.dll
0x00007ffc92c40000 - 0x00007ffc92c59000 	C:\Program Files\Java\jdk-17\bin\net.dll
0x00007ffcb1f80000 - 0x00007ffcb208d000 	C:\Windows\SYSTEM32\WINHTTP.dll
0x00007ffcb58e0000 - 0x00007ffcb594a000 	C:\Windows\system32\mswsock.dll
0x00007ffc8a600000 - 0x00007ffc8a616000 	C:\Program Files\Java\jdk-17\bin\nio.dll
0x00007ffc8a5e0000 - 0x00007ffc8a5f8000 	C:\Program Files\Java\jdk-17\bin\zip.dll
0x00007ffcadd50000 - 0x00007ffcadd5e000 	C:\Program Files\Java\jdk-17\bin\sunmscapi.dll
0x00007ffcb67e0000 - 0x00007ffcb693c000 	C:\Windows\System32\CRYPT32.dll
0x00007ffcb5bf0000 - 0x00007ffcb5c17000 	C:\Windows\SYSTEM32\ncrypt.dll
0x00007ffcb5bb0000 - 0x00007ffcb5beb000 	C:\Windows\SYSTEM32\NTASN1.dll
0x00007ffcb5ad0000 - 0x00007ffcb5ae8000 	C:\Windows\SYSTEM32\CRYPTSP.dll
0x00007ffcb5160000 - 0x00007ffcb5194000 	C:\Windows\system32\rsaenh.dll
0x00007ffcb6000000 - 0x00007ffcb602e000 	C:\Windows\SYSTEM32\USERENV.dll
0x00007ffcb5af0000 - 0x00007ffcb5afc000 	C:\Windows\SYSTEM32\CRYPTBASE.dll
0x00007ffcb5550000 - 0x00007ffcb558b000 	C:\Windows\SYSTEM32\IPHLPAPI.DLL
0x00007ffcb7820000 - 0x00007ffcb7828000 	C:\Windows\System32\NSI.dll
0x00007ffcad510000 - 0x00007ffcad527000 	C:\Windows\SYSTEM32\dhcpcsvc6.DLL
0x00007ffcadbf0000 - 0x00007ffcadc0d000 	C:\Windows\SYSTEM32\dhcpcsvc.DLL
0x00007ffcb55a0000 - 0x00007ffcb566a000 	C:\Windows\SYSTEM32\DNSAPI.dll
0x00007ffcadd70000 - 0x00007ffcadd7a000 	C:\Program Files\Java\jdk-17\bin\management.dll
0x00007ffcadd60000 - 0x00007ffcadd6b000 	C:\Program Files\Java\jdk-17\bin\management_ext.dll
0x00007ffcb1b20000 - 0x00007ffcb1b27000 	C:\Windows\system32\wshunix.dll

dbghelp: loaded successfully - version: 4.0.5 - missing functions: none
symbol engine: initialized successfully - sym options: 0x614 - pdb path: .;C:\Program Files\Java\jdk-17\bin;C:\Windows\SYSTEM32;C:\Program Files\Avast Software\Avast;C:\Windows\WinSxS\amd64_microsoft.windows.common-controls_6595b64144ccf1df_6.0.19041.4355_none_60b8b9eb71f62e16;C:\Program Files\Java\jdk-17\bin\server

VM Arguments:
jvm_args: -Dfile.encoding=UTF-8 -Duser.country=KR -Duser.language=ko -Duser.variant 
java_command: com.example.thyeleafLayout.ThyeleafLayoutApplication
java_class_path (initial): C:\Users\jooyeon\Documents\2024_2_cloud\스프링부트\bootws2\thyeleafLayout\build\classes\java\main;C:\Users\jooyeon\Documents\2024_2_cloud\스프링부트\bootws2\thyeleafLayout\build\resources\main;C:\Users\jooyeon\.gradle\caches\modules-2\files-2.1\org.springframework.boot\spring-boot-starter-thymeleaf\3.3.4\29c4b1acf955b350bf7d8fd201798d30647fb89e\spring-boot-starter-thymeleaf-3.3.4.jar;C:\Users\jooyeon\.gradle\caches\modules-2\files-2.1\org.springframework.boot\spring-boot-starter-web\3.3.4\b43a9fd107611337777b47dc7518e2aca59e58eb\spring-boot-starter-web-3.3.4.jar;C:\Users\jooyeon\.gradle\caches\modules-2\files-2.1\nz.net.ultraq.thymeleaf\thymeleaf-layout-dialect\3.3.0\275da01788302e514c0549a4db5fa6b29ef84ba6\thymeleaf-layout-dialect-3.3.0.jar;C:\Users\jooyeon\.gradle\caches\modules-2\files-2.1\org.springframework.boot\spring-boot-starter-json\3.3.4\816ab4ccd364350e3d0b5c1d53c2e5302a49eae6\spring-boot-starter-json-3.3.4.jar;C:\Users\jooyeon\.gradle\caches\modules-2\files-2.1\org.springframework.boot\spring-boot-starter\3.3.4\f02312a6816fb439a55d2920b9af8f0f8abf5bac\spring-boot-starter-3.3.4.jar;C:\Users\jooyeon\.gradle\caches\modules-2\files-2.1\org.thymeleaf\thymeleaf-spring6\3.1.2.RELEASE\6030c7b4e260c41336f378e53da6e8531263f24b\thymeleaf-spring6-3.1.2.RELEASE.jar;C:\Users\jooyeon\.gradle\caches\modules-2\files-2.1\org.springframework.boot\spring-boot-starter-tomcat\3.3.4\7e552e904d54a0bd3f2ac8666e3344caa799a181\spring-boot-starter-tomcat-3.3.4.jar;C:\Users\jooyeon\.gradle\caches\modules-2\files-2.1\org.springframework\spring-webmvc\6.1.13\ca5f025b133c69026bfe01daa6132d0ac2e4a59f\spring-webmvc-6.1.13.jar;C:\Users\jooyeon\.gradle\caches\modules-2\files-2.1\org.springframework\spring-web\6.1.13\e4028dbbc4ae1fb4bfd3257c53302956d7687b66\spring-web-6.1.13.jar;C:\Users\jooyeon\.gradle\caches\modules-2\files-2.1\nz.net.ultraq.groovy\groovy-extensions\2.1.0\c869dc033867e8861957ff3ff4e1ce0a00260e3a\groovy-extensions-2.1.0.jar;C:\Users\jooyeon\.gr
Launcher Type: SUN_STANDARD

[Global flags]
     intx CICompilerCount                          = 4                                         {product} {ergonomic}
     uint ConcGCThreads                            = 2                                         {product} {ergonomic}
     uint G1ConcRefinementThreads                  = 8                                         {product} {ergonomic}
   size_t G1HeapRegionSize                         = 2097152                                   {product} {ergonomic}
    uintx GCDrainStackTargetSize                   = 64                                        {product} {ergonomic}
   size_t InitialHeapSize                          = 266338304                                 {product} {ergonomic}
   size_t MarkStackSize                            = 4194304                                   {product} {ergonomic}
   size_t MaxHeapSize                              = 4242538496                                {product} {ergonomic}
   size_t MaxNewSize                               = 2543845376                                {product} {ergonomic}
   size_t MinHeapDeltaBytes                        = 2097152                                   {product} {ergonomic}
   size_t MinHeapSize                              = 8388608                                   {product} {ergonomic}
    uintx NonNMethodCodeHeapSize                   = 5839372                                {pd product} {ergonomic}
    uintx NonProfiledCodeHeapSize                  = 122909434                              {pd product} {ergonomic}
    uintx ProfiledCodeHeapSize                     = 122909434                              {pd product} {ergonomic}
    uintx ReservedCodeCacheSize                    = 251658240                              {pd product} {ergonomic}
     bool SegmentedCodeCache                       = true                                      {product} {ergonomic}
   size_t SoftMaxHeapSize                          = 4242538496                             {manageable} {ergonomic}
     bool UseCompressedClassPointers               = true                           {product lp64_product} {ergonomic}
     bool UseCompressedOops                        = true                           {product lp64_product} {ergonomic}
     bool UseG1GC                                  = true                                      {product} {ergonomic}
     bool UseLargePagesIndividualAllocation        = false                                  {pd product} {ergonomic}

Logging:
Log output configuration:
 #0: stdout all=warning uptime,level,tags
 #1: stderr all=off uptime,level,tags

Environment Variables:
JAVA_HOME=C:\Program Files\Java\jdk-17
PATH=C:\Program Files\Java\jdk-17\bin;C:\Users\jooyeon\Documents\2024_수업준비\tools\apache-tomcat-9.0.86-windows-x64\bin;C:\oracle\WINDOWS.X64_193000_db_home\bin;C:\Windows\system32;C:\Windows;C:\Windows\System32\Wbem;C:\Windows\System32\WindowsPowerShell\v1.0\;C:\Windows\System32\OpenSSH\;C:\Program Files (x86)\Google\Cloud SDK\google-cloud-sdk\bin;C:\ProgramData\chocolatey\bin;C:\Program Files\nodejs\;C:\Program Files\Docker\Docker\resources\bin;C:\Program Files\Common Files\Oracle\Java\javapath;C:\Program Files\Git\cmd;C:\Users\jooyeon\AppData\Local\Microsoft\WindowsApps;C:\Users\jooyeon\AppData\Local\Programs\Microsoft VS Code\bin;C:\Users\jooyeon\cloudnative2023;C:\Users\jooyeon\AppData\Roaming\npm
USERNAME=jooyeon
OS=Windows_NT
PROCESSOR_IDENTIFIER=Intel64 Family 6 Model 140 Stepping 1, GenuineIntel



---------------  S Y S T E M  ---------------

OS:
 Windows 10 , 64 bit Build 19041 (10.0.19041.4957)
OS uptime: 0 days 6:08 hours
Hyper-V role detected

CPU: total 8 (initial active 8) (4 cores per cpu, 2 threads per core) family 6 model 140 stepping 1 microcode 0x8a, cx8, cmov, fxsr, ht, mmx, 3dnowpref, sse, sse2, sse3, ssse3, sse4.1, sse4.2, popcnt, lzcnt, tsc, tscinvbit, avx, avx2, aes, erms, clmul, bmi1, bmi2, adx, avx512f, avx512dq, avx512cd, avx512bw, avx512vl, sha, fma, vzeroupper, avx512_vpopcntdq, avx512_vpclmulqdq, avx512_vaes, avx512_vnni, clflush, clflushopt, clwb, avx512_vbmi2, avx512_vbmi, hv

Memory: 4k page, system-wide physical 16183M (3776M free)
TotalPageFile size 16183M (AvailPageFile size 5M)
current process WorkingSet (physical memory assigned to process): 153M, peak: 183M
current process commit charge ("private bytes"): 305M, peak: 408M

vm_info: Java HotSpot(TM) 64-Bit Server VM (17.0.10+11-LTS-240) for windows-amd64 JRE (17.0.10+11-LTS-240), built on Dec 19 2023 21:47:25 by "mach5one" with MS VC++ 17.1 (VS2022)

END.
