#
# There is insufficient memory for the Java Runtime Environment to continue.
# Native memory allocation (malloc) failed to allocate 510768 bytes for Chunk::new
# Possible reasons:
#   The system is out of physical RAM or swap space
#   The process is running with CompressedOops enabled, and the Java Heap may be blocking the growth of the native heap
# Possible solutions:
#   Reduce memory load on the system
#   Increase physical memory or swap space
#   Check if swap backing store is full
#   Decrease Java heap size (-Xmx/-Xms)
#   Decrease number of Java threads
#   Decrease Java thread stack sizes (-Xss)
#   Set larger code cache with -XX:ReservedCodeCacheSize=
#   JVM is running with Zero Based Compressed Oops mode in which the Java heap is
#     placed in the first 32GB address space. The Java Heap base address is the
#     maximum limit for the native heap growth. Please use -XX:HeapBaseMinAddress
#     to set the Java Heap base and to place the Java Heap above 32GB virtual address.
# This output file may be truncated or incomplete.
#
#  Out of Memory Error (arena.cpp:189), pid=464, tid=14032
#
# JRE version: Java(TM) SE Runtime Environment (17.0.10+11) (build 17.0.10+11-LTS-240)
# Java VM: Java HotSpot(TM) 64-Bit Server VM (17.0.10+11-LTS-240, mixed mode, sharing, tiered, compressed oops, compressed class ptrs, g1 gc, windows-amd64)
# No core dump will be written. Minidumps are not enabled by default on client versions of Windows
#

---------------  S U M M A R Y ------------

Command Line: -javaagent:C:\Program Files\JetBrains\IntelliJ IDEA Community Edition 2024.1.4\lib\idea_rt.jar=62632:C:\Program Files\JetBrains\IntelliJ IDEA Community Edition 2024.1.4\bin -Dfile.encoding=UTF-8 com.acorn.hello.HelloApplication

Host: 11th Gen Intel(R) Core(TM) i7-1165G7 @ 2.80GHz, 8 cores, 15G,  Windows 10 , 64 bit Build 19041 (10.0.19041.4957)
Time: Mon Nov 11 18:19:40 2024  Windows 10 , 64 bit Build 19041 (10.0.19041.4957) elapsed time: 1.090363 seconds (0d 0h 0m 1s)

---------------  T H R E A D  ---------------

Current thread (0x0000023ed0303390):  JavaThread "C2 CompilerThread0" daemon [_thread_in_native, id=14032, stack(0x000000ac25f00000,0x000000ac26000000)]


Current CompileTask:
C2:   1090 1841       4       java.util.HashSet::add (20 bytes)

Stack: [0x000000ac25f00000,0x000000ac26000000]
Native frames: (J=compiled Java code, j=interpreted, Vv=VM code, C=native code)
V  [jvm.dll+0x677a5a]
V  [jvm.dll+0x7d8b2d]
V  [jvm.dll+0x7da48e]
V  [jvm.dll+0x7daaf3]
V  [jvm.dll+0x2455ff]
V  [jvm.dll+0xaaafb]
V  [jvm.dll+0xab09c]
V  [jvm.dll+0x361bae]
V  [jvm.dll+0x32c211]
V  [jvm.dll+0x32b6aa]
V  [jvm.dll+0x21794f]
V  [jvm.dll+0x216d81]
V  [jvm.dll+0x1a3410]
V  [jvm.dll+0x226aeb]
V  [jvm.dll+0x224cab]
V  [jvm.dll+0x78e45c]
V  [jvm.dll+0x78888a]
V  [jvm.dll+0x676935]
C  [ucrtbase.dll+0x21bb2]
C  [KERNEL32.DLL+0x17374]
C  [ntdll.dll+0x4cc91]


---------------  P R O C E S S  ---------------

Threads class SMR info:
_java_thread_list=0x0000023f161d90f0, length=18, elements={
0x0000023ead666850, 0x0000023ed02ec740, 0x0000023ed02ed300, 0x0000023ed03a34d0,
0x0000023ed03a46a0, 0x0000023ed03a97a0, 0x0000023ed03af300, 0x0000023ed0303390,
0x0000023ed030e260, 0x0000023ed03af810, 0x0000023ed03afd20, 0x0000023ed04e2460,
0x0000023ed03b0740, 0x0000023ed03adec0, 0x0000023ed03aedf0, 0x0000023ed03b1670,
0x0000023ed03b0230, 0x0000023f16550700
}

Java Threads: ( => current thread )
  0x0000023ead666850 JavaThread "main" [_thread_blocked, id=3096, stack(0x000000ac25200000,0x000000ac25300000)]
  0x0000023ed02ec740 JavaThread "Reference Handler" daemon [_thread_blocked, id=1632, stack(0x000000ac25900000,0x000000ac25a00000)]
  0x0000023ed02ed300 JavaThread "Finalizer" daemon [_thread_blocked, id=15144, stack(0x000000ac25a00000,0x000000ac25b00000)]
  0x0000023ed03a34d0 JavaThread "Signal Dispatcher" daemon [_thread_blocked, id=16052, stack(0x000000ac25b00000,0x000000ac25c00000)]
  0x0000023ed03a46a0 JavaThread "Attach Listener" daemon [_thread_blocked, id=14572, stack(0x000000ac25c00000,0x000000ac25d00000)]
  0x0000023ed03a97a0 JavaThread "Service Thread" daemon [_thread_blocked, id=5904, stack(0x000000ac25d00000,0x000000ac25e00000)]
  0x0000023ed03af300 JavaThread "Monitor Deflation Thread" daemon [_thread_blocked, id=11776, stack(0x000000ac25e00000,0x000000ac25f00000)]
=>0x0000023ed0303390 JavaThread "C2 CompilerThread0" daemon [_thread_in_native, id=14032, stack(0x000000ac25f00000,0x000000ac26000000)]
  0x0000023ed030e260 JavaThread "C1 CompilerThread0" daemon [_thread_blocked, id=4900, stack(0x000000ac26000000,0x000000ac26100000)]
  0x0000023ed03af810 JavaThread "Sweeper thread" daemon [_thread_blocked, id=12136, stack(0x000000ac26100000,0x000000ac26200000)]
  0x0000023ed03afd20 JavaThread "Common-Cleaner" daemon [_thread_blocked, id=13164, stack(0x000000ac26200000,0x000000ac26300000)]
  0x0000023ed04e2460 JavaThread "C2 CompilerThread1" daemon [_thread_in_native, id=10424, stack(0x000000ac26300000,0x000000ac26400000)]
  0x0000023ed03b0740 JavaThread "Monitor Ctrl-Break" daemon [_thread_in_native, id=13280, stack(0x000000ac26400000,0x000000ac26500000)]
  0x0000023ed03adec0 JavaThread "Notification Thread" daemon [_thread_blocked, id=3268, stack(0x000000ac26500000,0x000000ac26600000)]
  0x0000023ed03aedf0 JavaThread "Thread-0" [_thread_blocked, id=13852, stack(0x000000ac26700000,0x000000ac26800000)]
  0x0000023ed03b1670 JavaThread "restartedMain" [_thread_in_vm, id=14856, stack(0x000000ac26800000,0x000000ac26900000)]
  0x0000023ed03b0230 JavaThread "background-preinit" [_thread_in_vm, id=12156, stack(0x000000ac26e00000,0x000000ac26f00000)]
  0x0000023f16550700 JavaThread "C2 CompilerThread2" daemon [_thread_in_native, id=17376, stack(0x000000ac26f00000,0x000000ac27000000)]

Other Threads:
  0x0000023ed02e53c0 VMThread "VM Thread" [stack: 0x000000ac25800000,0x000000ac25900000] [id=1360]
  0x0000023ed07fcc80 WatcherThread [stack: 0x000000ac26600000,0x000000ac26700000] [id=9908]
  0x0000023ead6d0630 GCTaskThread "GC Thread#0" [stack: 0x000000ac25300000,0x000000ac25400000] [id=6712]
  0x0000023ed0e2e210 GCTaskThread "GC Thread#1" [stack: 0x000000ac26900000,0x000000ac26a00000] [id=6004]
  0x0000023ed0f26a90 GCTaskThread "GC Thread#2" [stack: 0x000000ac26a00000,0x000000ac26b00000] [id=7032]
  0x0000023ed0f26d50 GCTaskThread "GC Thread#3" [stack: 0x000000ac26b00000,0x000000ac26c00000] [id=14996]
  0x0000023ed0f27d20 GCTaskThread "GC Thread#4" [stack: 0x000000ac26c00000,0x000000ac26d00000] [id=4116]
  0x0000023ed0f31ef0 GCTaskThread "GC Thread#5" [stack: 0x000000ac26d00000,0x000000ac26e00000] [id=15816]
  0x0000023ed0f32cb0 GCTaskThread "GC Thread#6" [stack: 0x000000ac27000000,0x000000ac27100000] [id=6860]
  0x0000023ed0f32f70 GCTaskThread "GC Thread#7" [stack: 0x000000ac27100000,0x000000ac27200000] [id=15224]
  0x0000023ead6e3270 ConcurrentGCThread "G1 Main Marker" [stack: 0x000000ac25400000,0x000000ac25500000] [id=1424]
  0x0000023ead6e4420 ConcurrentGCThread "G1 Conc#0" [stack: 0x000000ac25500000,0x000000ac25600000] [id=15344]
  0x0000023ed01a0140 ConcurrentGCThread "G1 Refine#0" [stack: 0x000000ac25600000,0x000000ac25700000] [id=14580]
  0x0000023ed01a0b70 ConcurrentGCThread "G1 Service" [stack: 0x000000ac25700000,0x000000ac25800000] [id=7256]

Threads with active compile tasks:
C2 CompilerThread0     1133 1841       4       java.util.HashSet::add (20 bytes)
C1 CompilerThread0     1133 1954       3       java.lang.reflect.Proxy::isProxyClass (22 bytes)
C2 CompilerThread1     1133 1850   !   4       java.util.WeakHashMap::expungeStaleEntries (139 bytes)
C2 CompilerThread2     1133 1928 %     4       java.util.Properties$LineReader::readLine @ 293 (584 bytes)

VM state: not at safepoint (normal execution)

VM Mutex/Monitor currently owned by a thread: None

Heap address: 0x0000000703200000, size: 4046 MB, Compressed Oops mode: Zero based, Oop shift amount: 3

CDS archive(s) mapped at: [0x0000023ed1000000-0x0000023ed1bd0000-0x0000023ed1bd0000), size 12386304, SharedBaseAddress: 0x0000023ed1000000, ArchiveRelocationMode: 1.
Compressed class space mapped at: 0x0000023ed2000000-0x0000023f12000000, reserved size: 1073741824
Narrow klass base: 0x0000023ed1000000, Narrow klass shift: 0, Narrow klass range: 0x100000000

GC Precious Log:
 CPUs: 8 total, 8 available
 Memory: 16183M
 Large Page Support: Disabled
 NUMA Support: Disabled
 Compressed Oops: Enabled (Zero based)
 Heap Region Size: 2M
 Heap Min Capacity: 8M
 Heap Initial Capacity: 254M
 Heap Max Capacity: 4046M
 Pre-touch: Disabled
 Parallel Workers: 8
 Concurrent Workers: 2
 Concurrent Refinement Workers: 8
 Periodic GC: Disabled

Heap:
 garbage-first heap   total 260096K, used 23156K [0x0000000703200000, 0x0000000800000000)
  region size 2048K, 11 young (22528K), 2 survivors (4096K)
 Metaspace       used 16214K, committed 16448K, reserved 1114112K
  class space    used 2007K, committed 2112K, reserved 1048576K

Heap Regions: E=young(eden), S=young(survivor), O=old, HS=humongous(starts), HC=humongous(continues), CS=collection set, F=free, OA=open archive, CA=closed archive, TAMS=top-at-mark-start (previous, next)
|   0|0x0000000703200000, 0x0000000703400000, 0x0000000703400000|100%| O|  |TAMS 0x0000000703200000, 0x0000000703200000| Untracked 
|   1|0x0000000703400000, 0x0000000703600000, 0x0000000703600000|100%| O|  |TAMS 0x0000000703400000, 0x0000000703400000| Untracked 
|   2|0x0000000703600000, 0x000000070362aa00, 0x0000000703800000|  8%| O|  |TAMS 0x0000000703600000, 0x0000000703600000| Untracked 
|   3|0x0000000703800000, 0x0000000703800000, 0x0000000703a00000|  0%| F|  |TAMS 0x0000000703800000, 0x0000000703800000| Untracked 
|   4|0x0000000703a00000, 0x0000000703a00000, 0x0000000703c00000|  0%| F|  |TAMS 0x0000000703a00000, 0x0000000703a00000| Untracked 
|   5|0x0000000703c00000, 0x0000000703c00000, 0x0000000703e00000|  0%| F|  |TAMS 0x0000000703c00000, 0x0000000703c00000| Untracked 
|   6|0x0000000703e00000, 0x0000000703e00000, 0x0000000704000000|  0%| F|  |TAMS 0x0000000703e00000, 0x0000000703e00000| Untracked 
|   7|0x0000000704000000, 0x0000000704000000, 0x0000000704200000|  0%| F|  |TAMS 0x0000000704000000, 0x0000000704000000| Untracked 
|   8|0x0000000704200000, 0x0000000704200000, 0x0000000704400000|  0%| F|  |TAMS 0x0000000704200000, 0x0000000704200000| Untracked 
|   9|0x0000000704400000, 0x0000000704400000, 0x0000000704600000|  0%| F|  |TAMS 0x0000000704400000, 0x0000000704400000| Untracked 
|  10|0x0000000704600000, 0x0000000704600000, 0x0000000704800000|  0%| F|  |TAMS 0x0000000704600000, 0x0000000704600000| Untracked 
|  11|0x0000000704800000, 0x0000000704800000, 0x0000000704a00000|  0%| F|  |TAMS 0x0000000704800000, 0x0000000704800000| Untracked 
|  12|0x0000000704a00000, 0x0000000704a00000, 0x0000000704c00000|  0%| F|  |TAMS 0x0000000704a00000, 0x0000000704a00000| Untracked 
|  13|0x0000000704c00000, 0x0000000704c00000, 0x0000000704e00000|  0%| F|  |TAMS 0x0000000704c00000, 0x0000000704c00000| Untracked 
|  14|0x0000000704e00000, 0x0000000704e00000, 0x0000000705000000|  0%| F|  |TAMS 0x0000000704e00000, 0x0000000704e00000| Untracked 
|  15|0x0000000705000000, 0x0000000705000000, 0x0000000705200000|  0%| F|  |TAMS 0x0000000705000000, 0x0000000705000000| Untracked 
|  16|0x0000000705200000, 0x0000000705200000, 0x0000000705400000|  0%| F|  |TAMS 0x0000000705200000, 0x0000000705200000| Untracked 
|  17|0x0000000705400000, 0x0000000705400000, 0x0000000705600000|  0%| F|  |TAMS 0x0000000705400000, 0x0000000705400000| Untracked 
|  18|0x0000000705600000, 0x0000000705600000, 0x0000000705800000|  0%| F|  |TAMS 0x0000000705600000, 0x0000000705600000| Untracked 
|  19|0x0000000705800000, 0x0000000705800000, 0x0000000705a00000|  0%| F|  |TAMS 0x0000000705800000, 0x0000000705800000| Untracked 
|  20|0x0000000705a00000, 0x0000000705a00000, 0x0000000705c00000|  0%| F|  |TAMS 0x0000000705a00000, 0x0000000705a00000| Untracked 
|  21|0x0000000705c00000, 0x0000000705c00000, 0x0000000705e00000|  0%| F|  |TAMS 0x0000000705c00000, 0x0000000705c00000| Untracked 
|  22|0x0000000705e00000, 0x0000000705e00000, 0x0000000706000000|  0%| F|  |TAMS 0x0000000705e00000, 0x0000000705e00000| Untracked 
|  23|0x0000000706000000, 0x0000000706000000, 0x0000000706200000|  0%| F|  |TAMS 0x0000000706000000, 0x0000000706000000| Untracked 
|  24|0x0000000706200000, 0x0000000706200000, 0x0000000706400000|  0%| F|  |TAMS 0x0000000706200000, 0x0000000706200000| Untracked 
|  25|0x0000000706400000, 0x0000000706400000, 0x0000000706600000|  0%| F|  |TAMS 0x0000000706400000, 0x0000000706400000| Untracked 
|  26|0x0000000706600000, 0x0000000706600000, 0x0000000706800000|  0%| F|  |TAMS 0x0000000706600000, 0x0000000706600000| Untracked 
|  27|0x0000000706800000, 0x0000000706800000, 0x0000000706a00000|  0%| F|  |TAMS 0x0000000706800000, 0x0000000706800000| Untracked 
|  28|0x0000000706a00000, 0x0000000706a00000, 0x0000000706c00000|  0%| F|  |TAMS 0x0000000706a00000, 0x0000000706a00000| Untracked 
|  29|0x0000000706c00000, 0x0000000706c00000, 0x0000000706e00000|  0%| F|  |TAMS 0x0000000706c00000, 0x0000000706c00000| Untracked 
|  30|0x0000000706e00000, 0x0000000706e00000, 0x0000000707000000|  0%| F|  |TAMS 0x0000000706e00000, 0x0000000706e00000| Untracked 
|  31|0x0000000707000000, 0x0000000707000000, 0x0000000707200000|  0%| F|  |TAMS 0x0000000707000000, 0x0000000707000000| Untracked 
|  32|0x0000000707200000, 0x0000000707200000, 0x0000000707400000|  0%| F|  |TAMS 0x0000000707200000, 0x0000000707200000| Untracked 
|  33|0x0000000707400000, 0x0000000707400000, 0x0000000707600000|  0%| F|  |TAMS 0x0000000707400000, 0x0000000707400000| Untracked 
|  34|0x0000000707600000, 0x0000000707600000, 0x0000000707800000|  0%| F|  |TAMS 0x0000000707600000, 0x0000000707600000| Untracked 
|  35|0x0000000707800000, 0x0000000707800000, 0x0000000707a00000|  0%| F|  |TAMS 0x0000000707800000, 0x0000000707800000| Untracked 
|  36|0x0000000707a00000, 0x0000000707a00000, 0x0000000707c00000|  0%| F|  |TAMS 0x0000000707a00000, 0x0000000707a00000| Untracked 
|  37|0x0000000707c00000, 0x0000000707c00000, 0x0000000707e00000|  0%| F|  |TAMS 0x0000000707c00000, 0x0000000707c00000| Untracked 
|  38|0x0000000707e00000, 0x0000000707e00000, 0x0000000708000000|  0%| F|  |TAMS 0x0000000707e00000, 0x0000000707e00000| Untracked 
|  39|0x0000000708000000, 0x0000000708000000, 0x0000000708200000|  0%| F|  |TAMS 0x0000000708000000, 0x0000000708000000| Untracked 
|  40|0x0000000708200000, 0x0000000708200000, 0x0000000708400000|  0%| F|  |TAMS 0x0000000708200000, 0x0000000708200000| Untracked 
|  41|0x0000000708400000, 0x0000000708400000, 0x0000000708600000|  0%| F|  |TAMS 0x0000000708400000, 0x0000000708400000| Untracked 
|  42|0x0000000708600000, 0x0000000708600000, 0x0000000708800000|  0%| F|  |TAMS 0x0000000708600000, 0x0000000708600000| Untracked 
|  43|0x0000000708800000, 0x0000000708800000, 0x0000000708a00000|  0%| F|  |TAMS 0x0000000708800000, 0x0000000708800000| Untracked 
|  44|0x0000000708a00000, 0x0000000708a00000, 0x0000000708c00000|  0%| F|  |TAMS 0x0000000708a00000, 0x0000000708a00000| Untracked 
|  45|0x0000000708c00000, 0x0000000708c00000, 0x0000000708e00000|  0%| F|  |TAMS 0x0000000708c00000, 0x0000000708c00000| Untracked 
|  46|0x0000000708e00000, 0x0000000708e00000, 0x0000000709000000|  0%| F|  |TAMS 0x0000000708e00000, 0x0000000708e00000| Untracked 
|  47|0x0000000709000000, 0x0000000709000000, 0x0000000709200000|  0%| F|  |TAMS 0x0000000709000000, 0x0000000709000000| Untracked 
|  48|0x0000000709200000, 0x0000000709200000, 0x0000000709400000|  0%| F|  |TAMS 0x0000000709200000, 0x0000000709200000| Untracked 
|  49|0x0000000709400000, 0x0000000709400000, 0x0000000709600000|  0%| F|  |TAMS 0x0000000709400000, 0x0000000709400000| Untracked 
|  50|0x0000000709600000, 0x0000000709600000, 0x0000000709800000|  0%| F|  |TAMS 0x0000000709600000, 0x0000000709600000| Untracked 
|  51|0x0000000709800000, 0x0000000709800000, 0x0000000709a00000|  0%| F|  |TAMS 0x0000000709800000, 0x0000000709800000| Untracked 
|  52|0x0000000709a00000, 0x0000000709a00000, 0x0000000709c00000|  0%| F|  |TAMS 0x0000000709a00000, 0x0000000709a00000| Untracked 
|  53|0x0000000709c00000, 0x0000000709c00000, 0x0000000709e00000|  0%| F|  |TAMS 0x0000000709c00000, 0x0000000709c00000| Untracked 
|  54|0x0000000709e00000, 0x0000000709e00000, 0x000000070a000000|  0%| F|  |TAMS 0x0000000709e00000, 0x0000000709e00000| Untracked 
|  55|0x000000070a000000, 0x000000070a000000, 0x000000070a200000|  0%| F|  |TAMS 0x000000070a000000, 0x000000070a000000| Untracked 
|  56|0x000000070a200000, 0x000000070a200000, 0x000000070a400000|  0%| F|  |TAMS 0x000000070a200000, 0x000000070a200000| Untracked 
|  57|0x000000070a400000, 0x000000070a400000, 0x000000070a600000|  0%| F|  |TAMS 0x000000070a400000, 0x000000070a400000| Untracked 
|  58|0x000000070a600000, 0x000000070a600000, 0x000000070a800000|  0%| F|  |TAMS 0x000000070a600000, 0x000000070a600000| Untracked 
|  59|0x000000070a800000, 0x000000070a800000, 0x000000070aa00000|  0%| F|  |TAMS 0x000000070a800000, 0x000000070a800000| Untracked 
|  60|0x000000070aa00000, 0x000000070aa00000, 0x000000070ac00000|  0%| F|  |TAMS 0x000000070aa00000, 0x000000070aa00000| Untracked 
|  61|0x000000070ac00000, 0x000000070ac00000, 0x000000070ae00000|  0%| F|  |TAMS 0x000000070ac00000, 0x000000070ac00000| Untracked 
|  62|0x000000070ae00000, 0x000000070ae00000, 0x000000070b000000|  0%| F|  |TAMS 0x000000070ae00000, 0x000000070ae00000| Untracked 
|  63|0x000000070b000000, 0x000000070b000000, 0x000000070b200000|  0%| F|  |TAMS 0x000000070b000000, 0x000000070b000000| Untracked 
|  64|0x000000070b200000, 0x000000070b200000, 0x000000070b400000|  0%| F|  |TAMS 0x000000070b200000, 0x000000070b200000| Untracked 
|  65|0x000000070b400000, 0x000000070b400000, 0x000000070b600000|  0%| F|  |TAMS 0x000000070b400000, 0x000000070b400000| Untracked 
|  66|0x000000070b600000, 0x000000070b600000, 0x000000070b800000|  0%| F|  |TAMS 0x000000070b600000, 0x000000070b600000| Untracked 
|  67|0x000000070b800000, 0x000000070b800000, 0x000000070ba00000|  0%| F|  |TAMS 0x000000070b800000, 0x000000070b800000| Untracked 
|  68|0x000000070ba00000, 0x000000070ba00000, 0x000000070bc00000|  0%| F|  |TAMS 0x000000070ba00000, 0x000000070ba00000| Untracked 
|  69|0x000000070bc00000, 0x000000070bc00000, 0x000000070be00000|  0%| F|  |TAMS 0x000000070bc00000, 0x000000070bc00000| Untracked 
|  70|0x000000070be00000, 0x000000070be00000, 0x000000070c000000|  0%| F|  |TAMS 0x000000070be00000, 0x000000070be00000| Untracked 
|  71|0x000000070c000000, 0x000000070c000000, 0x000000070c200000|  0%| F|  |TAMS 0x000000070c000000, 0x000000070c000000| Untracked 
|  72|0x000000070c200000, 0x000000070c200000, 0x000000070c400000|  0%| F|  |TAMS 0x000000070c200000, 0x000000070c200000| Untracked 
|  73|0x000000070c400000, 0x000000070c400000, 0x000000070c600000|  0%| F|  |TAMS 0x000000070c400000, 0x000000070c400000| Untracked 
|  74|0x000000070c600000, 0x000000070c600000, 0x000000070c800000|  0%| F|  |TAMS 0x000000070c600000, 0x000000070c600000| Untracked 
|  75|0x000000070c800000, 0x000000070c800000, 0x000000070ca00000|  0%| F|  |TAMS 0x000000070c800000, 0x000000070c800000| Untracked 
|  76|0x000000070ca00000, 0x000000070ca00000, 0x000000070cc00000|  0%| F|  |TAMS 0x000000070ca00000, 0x000000070ca00000| Untracked 
|  77|0x000000070cc00000, 0x000000070cc00000, 0x000000070ce00000|  0%| F|  |TAMS 0x000000070cc00000, 0x000000070cc00000| Untracked 
|  78|0x000000070ce00000, 0x000000070ce00000, 0x000000070d000000|  0%| F|  |TAMS 0x000000070ce00000, 0x000000070ce00000| Untracked 
|  79|0x000000070d000000, 0x000000070d000000, 0x000000070d200000|  0%| F|  |TAMS 0x000000070d000000, 0x000000070d000000| Untracked 
|  80|0x000000070d200000, 0x000000070d200000, 0x000000070d400000|  0%| F|  |TAMS 0x000000070d200000, 0x000000070d200000| Untracked 
|  81|0x000000070d400000, 0x000000070d400000, 0x000000070d600000|  0%| F|  |TAMS 0x000000070d400000, 0x000000070d400000| Untracked 
|  82|0x000000070d600000, 0x000000070d600000, 0x000000070d800000|  0%| F|  |TAMS 0x000000070d600000, 0x000000070d600000| Untracked 
|  83|0x000000070d800000, 0x000000070d800000, 0x000000070da00000|  0%| F|  |TAMS 0x000000070d800000, 0x000000070d800000| Untracked 
|  84|0x000000070da00000, 0x000000070da00000, 0x000000070dc00000|  0%| F|  |TAMS 0x000000070da00000, 0x000000070da00000| Untracked 
|  85|0x000000070dc00000, 0x000000070dc00000, 0x000000070de00000|  0%| F|  |TAMS 0x000000070dc00000, 0x000000070dc00000| Untracked 
|  86|0x000000070de00000, 0x000000070de00000, 0x000000070e000000|  0%| F|  |TAMS 0x000000070de00000, 0x000000070de00000| Untracked 
|  87|0x000000070e000000, 0x000000070e000000, 0x000000070e200000|  0%| F|  |TAMS 0x000000070e000000, 0x000000070e000000| Untracked 
|  88|0x000000070e200000, 0x000000070e200000, 0x000000070e400000|  0%| F|  |TAMS 0x000000070e200000, 0x000000070e200000| Untracked 
|  89|0x000000070e400000, 0x000000070e400000, 0x000000070e600000|  0%| F|  |TAMS 0x000000070e400000, 0x000000070e400000| Untracked 
|  90|0x000000070e600000, 0x000000070e600000, 0x000000070e800000|  0%| F|  |TAMS 0x000000070e600000, 0x000000070e600000| Untracked 
|  91|0x000000070e800000, 0x000000070e800000, 0x000000070ea00000|  0%| F|  |TAMS 0x000000070e800000, 0x000000070e800000| Untracked 
|  92|0x000000070ea00000, 0x000000070ea00000, 0x000000070ec00000|  0%| F|  |TAMS 0x000000070ea00000, 0x000000070ea00000| Untracked 
|  93|0x000000070ec00000, 0x000000070ec00000, 0x000000070ee00000|  0%| F|  |TAMS 0x000000070ec00000, 0x000000070ec00000| Untracked 
|  94|0x000000070ee00000, 0x000000070ee00000, 0x000000070f000000|  0%| F|  |TAMS 0x000000070ee00000, 0x000000070ee00000| Untracked 
|  95|0x000000070f000000, 0x000000070f000000, 0x000000070f200000|  0%| F|  |TAMS 0x000000070f000000, 0x000000070f000000| Untracked 
|  96|0x000000070f200000, 0x000000070f200000, 0x000000070f400000|  0%| F|  |TAMS 0x000000070f200000, 0x000000070f200000| Untracked 
|  97|0x000000070f400000, 0x000000070f400000, 0x000000070f600000|  0%| F|  |TAMS 0x000000070f400000, 0x000000070f400000| Untracked 
|  98|0x000000070f600000, 0x000000070f600000, 0x000000070f800000|  0%| F|  |TAMS 0x000000070f600000, 0x000000070f600000| Untracked 
|  99|0x000000070f800000, 0x000000070f800000, 0x000000070fa00000|  0%| F|  |TAMS 0x000000070f800000, 0x000000070f800000| Untracked 
| 100|0x000000070fa00000, 0x000000070fa00000, 0x000000070fc00000|  0%| F|  |TAMS 0x000000070fa00000, 0x000000070fa00000| Untracked 
| 101|0x000000070fc00000, 0x000000070fc00000, 0x000000070fe00000|  0%| F|  |TAMS 0x000000070fc00000, 0x000000070fc00000| Untracked 
| 102|0x000000070fe00000, 0x000000070fe00000, 0x0000000710000000|  0%| F|  |TAMS 0x000000070fe00000, 0x000000070fe00000| Untracked 
| 103|0x0000000710000000, 0x0000000710000000, 0x0000000710200000|  0%| F|  |TAMS 0x0000000710000000, 0x0000000710000000| Untracked 
| 104|0x0000000710200000, 0x0000000710200000, 0x0000000710400000|  0%| F|  |TAMS 0x0000000710200000, 0x0000000710200000| Untracked 
| 105|0x0000000710400000, 0x0000000710400000, 0x0000000710600000|  0%| F|  |TAMS 0x0000000710400000, 0x0000000710400000| Untracked 
| 106|0x0000000710600000, 0x0000000710600000, 0x0000000710800000|  0%| F|  |TAMS 0x0000000710600000, 0x0000000710600000| Untracked 
| 107|0x0000000710800000, 0x0000000710800000, 0x0000000710a00000|  0%| F|  |TAMS 0x0000000710800000, 0x0000000710800000| Untracked 
| 108|0x0000000710a00000, 0x0000000710a727d0, 0x0000000710c00000| 22%| S|CS|TAMS 0x0000000710a00000, 0x0000000710a00000| Complete 
| 109|0x0000000710c00000, 0x0000000710e00000, 0x0000000710e00000|100%| S|CS|TAMS 0x0000000710c00000, 0x0000000710c00000| Complete 
| 110|0x0000000710e00000, 0x0000000710e00000, 0x0000000711000000|  0%| F|  |TAMS 0x0000000710e00000, 0x0000000710e00000| Untracked 
| 111|0x0000000711000000, 0x0000000711000000, 0x0000000711200000|  0%| F|  |TAMS 0x0000000711000000, 0x0000000711000000| Untracked 
| 112|0x0000000711200000, 0x0000000711200000, 0x0000000711400000|  0%| F|  |TAMS 0x0000000711200000, 0x0000000711200000| Untracked 
| 113|0x0000000711400000, 0x0000000711400000, 0x0000000711600000|  0%| F|  |TAMS 0x0000000711400000, 0x0000000711400000| Untracked 
| 114|0x0000000711600000, 0x0000000711600000, 0x0000000711800000|  0%| F|  |TAMS 0x0000000711600000, 0x0000000711600000| Untracked 
| 115|0x0000000711800000, 0x0000000711800000, 0x0000000711a00000|  0%| F|  |TAMS 0x0000000711800000, 0x0000000711800000| Untracked 
| 116|0x0000000711a00000, 0x0000000711a00000, 0x0000000711c00000|  0%| F|  |TAMS 0x0000000711a00000, 0x0000000711a00000| Untracked 
| 117|0x0000000711c00000, 0x0000000711c00000, 0x0000000711e00000|  0%| F|  |TAMS 0x0000000711c00000, 0x0000000711c00000| Untracked 
| 118|0x0000000711e00000, 0x0000000712000000, 0x0000000712000000|100%| E|  |TAMS 0x0000000711e00000, 0x0000000711e00000| Complete 
| 119|0x0000000712000000, 0x0000000712200000, 0x0000000712200000|100%| E|CS|TAMS 0x0000000712000000, 0x0000000712000000| Complete 
| 120|0x0000000712200000, 0x0000000712400000, 0x0000000712400000|100%| E|CS|TAMS 0x0000000712200000, 0x0000000712200000| Complete 
| 121|0x0000000712400000, 0x0000000712600000, 0x0000000712600000|100%| E|CS|TAMS 0x0000000712400000, 0x0000000712400000| Complete 
| 122|0x0000000712600000, 0x0000000712800000, 0x0000000712800000|100%| E|CS|TAMS 0x0000000712600000, 0x0000000712600000| Complete 
| 123|0x0000000712800000, 0x0000000712a00000, 0x0000000712a00000|100%| E|CS|TAMS 0x0000000712800000, 0x0000000712800000| Complete 
| 124|0x0000000712a00000, 0x0000000712c00000, 0x0000000712c00000|100%| E|CS|TAMS 0x0000000712a00000, 0x0000000712a00000| Complete 
| 125|0x0000000712c00000, 0x0000000712e00000, 0x0000000712e00000|100%| E|CS|TAMS 0x0000000712c00000, 0x0000000712c00000| Complete 
| 126|0x0000000712e00000, 0x0000000713000000, 0x0000000713000000|100%| E|CS|TAMS 0x0000000712e00000, 0x0000000712e00000| Complete 

Card table byte_map: [0x0000023ec4a30000,0x0000023ec5220000] _byte_map_base: 0x0000023ec1217000

Marking Bits (Prev, Next): (CMBitMap*) 0x0000023ead6d0c50, (CMBitMap*) 0x0000023ead6d0c90
 Prev Bits: [0x0000023ec5a10000, 0x0000023ec9948000)
 Next Bits: [0x0000023ec9950000, 0x0000023ecd888000)

Polling page: 0x0000023eab600000

Metaspace:

Usage:
  Non-class:     14.01 MB used.
      Class:      1.99 MB used.
       Both:     16.00 MB used.

Virtual space:
  Non-class space:       64.00 MB reserved,      14.19 MB ( 22%) committed,  1 nodes.
      Class space:        1.00 GB reserved,       2.12 MB ( <1%) committed,  1 nodes.
             Both:        1.06 GB reserved,      16.31 MB (  1%) committed. 

Chunk freelists:
   Non-Class:  1.36 MB
       Class:  13.91 MB
        Both:  15.27 MB

MaxMetaspaceSize: unlimited
CompressedClassSpaceSize: 1.00 GB
Initial GC threshold: 21.00 MB
Current GC threshold: 21.00 MB
CDS: on
MetaspaceReclaimPolicy: balanced
 - commit_granule_bytes: 65536.
 - commit_granule_words: 8192.
 - virtual_space_node_default_size: 8388608.
 - enlarge_chunks_in_place: 1.
 - new_chunks_are_fully_committed: 0.
 - uncommit_free_chunks: 1.
 - use_allocation_guard: 0.
 - handle_deallocations: 1.


Internal statistics:

num_allocs_failed_limit: 0.
num_arena_births: 204.
num_arena_deaths: 0.
num_vsnodes_births: 2.
num_vsnodes_deaths: 0.
num_space_committed: 261.
num_space_uncommitted: 0.
num_chunks_returned_to_freelist: 0.
num_chunks_taken_from_freelist: 704.
num_chunk_merges: 0.
num_chunk_splits: 500.
num_chunks_enlarged: 396.
num_inconsistent_stats: 0.

CodeHeap 'non-profiled nmethods': size=120000Kb used=797Kb max_used=797Kb free=119202Kb
 bounds [0x0000023ebc9e0000, 0x0000023ebcc50000, 0x0000023ec3f10000]
CodeHeap 'profiled nmethods': size=120000Kb used=3616Kb max_used=3616Kb free=116384Kb
 bounds [0x0000023eb4f10000, 0x0000023eb52a0000, 0x0000023ebc440000]
CodeHeap 'non-nmethods': size=5760Kb used=1214Kb max_used=1253Kb free=4545Kb
 bounds [0x0000023ebc440000, 0x0000023ebc6b0000, 0x0000023ebc9e0000]
 total_blobs=2470 nmethods=1967 adapters=415
 compilation: enabled
              stopped_count=0, restarted_count=0
 full_count=0

Compilation events (20 events):
Event: 1.060 Thread 0x0000023ed04e2460 1840       4       java.util.StringTokenizer::scanToken (179 bytes)
Event: 1.061 Thread 0x0000023ed0303390 1841       4       java.util.HashSet::add (20 bytes)
Event: 1.061 Thread 0x0000023ed030e260 nmethod 1839 0x0000023eb524d990 code [0x0000023eb524dde0, 0x0000023eb5250168]
Event: 1.062 Thread 0x0000023ed030e260 1844       3       java.lang.invoke.TypeConvertingMethodAdapter::<init> (8 bytes)
Event: 1.062 Thread 0x0000023ed030e260 nmethod 1844 0x0000023eb5250d10 code [0x0000023eb5250ea0, 0x0000023eb5250fe8]
Event: 1.062 Thread 0x0000023ed030e260 1845       3       jdk.internal.org.objectweb.asm.MethodVisitor::visitCode (15 bytes)
Event: 1.062 Thread 0x0000023ed030e260 nmethod 1845 0x0000023eb5251090 code [0x0000023eb5251240, 0x0000023eb5251448]
Event: 1.063 Thread 0x0000023ed030e260 1846       3       jdk.internal.loader.ClassLoaders::platformClassLoader (4 bytes)
Event: 1.063 Thread 0x0000023ed030e260 nmethod 1846 0x0000023eb5251510 code [0x0000023eb52516a0, 0x0000023eb5251798]
Event: 1.065 Thread 0x0000023ed030e260 1847   !   3       java.lang.invoke.InnerClassLambdaMetafactory::generateInnerClass (618 bytes)
Event: 1.068 Thread 0x0000023ed030e260 nmethod 1847 0x0000023eb5251810 code [0x0000023eb5251d20, 0x0000023eb5254748]
Event: 1.068 Thread 0x0000023ed030e260 1848       3       java.lang.invoke.InnerClassLambdaMetafactory::generateConstructor (154 bytes)
Event: 1.068 Thread 0x0000023ed04e2460 nmethod 1840 0x0000023ebca94590 code [0x0000023ebca94720, 0x0000023ebca94cf8]
Event: 1.068 Thread 0x0000023ed04e2460 1842       4       java.util.StringTokenizer::skipDelimiters (116 bytes)
Event: 1.069 Thread 0x0000023ed030e260 nmethod 1848 0x0000023eb5255710 code [0x0000023eb52559e0, 0x0000023eb52569c8]
Event: 1.069 Thread 0x0000023ed030e260 1849       3       java.lang.invoke.InnerClassLambdaMetafactory$ForwardingMethodGenerator::<init> (11 bytes)
Event: 1.069 Thread 0x0000023ed030e260 nmethod 1849 0x0000023eb5256f10 code [0x0000023eb52570c0, 0x0000023eb52572c8]
Event: 1.079 Thread 0x0000023ed030e260 1851       1       java.util.concurrent.ConcurrentHashMap$MapEntry::getKey (5 bytes)
Event: 1.079 Thread 0x0000023ed030e260 nmethod 1851 0x0000023ebca94f90 code [0x0000023ebca95120, 0x0000023ebca951f8]
Event: 1.079 Thread 0x0000023ed030e260 1853  s    3       java.util.Properties::put (10 bytes)

GC Heap History (4 events):
Event: 0.543 GC heap before
{Heap before GC invocations=0 (full 0):
 garbage-first heap   total 260096K, used 22528K [0x0000000703200000, 0x0000000800000000)
  region size 2048K, 11 young (22528K), 0 survivors (0K)
 Metaspace       used 5785K, committed 6016K, reserved 1114112K
  class space    used 675K, committed 768K, reserved 1048576K
}
Event: 0.546 GC heap after
{Heap after GC invocations=1 (full 0):
 garbage-first heap   total 260096K, used 4277K [0x0000000703200000, 0x0000000800000000)
  region size 2048K, 2 young (4096K), 2 survivors (4096K)
 Metaspace       used 5785K, committed 6016K, reserved 1114112K
  class space    used 675K, committed 768K, reserved 1048576K
}
Event: 0.958 GC heap before
{Heap before GC invocations=1 (full 0):
 garbage-first heap   total 260096K, used 34997K [0x0000000703200000, 0x0000000800000000)
  region size 2048K, 17 young (34816K), 2 survivors (4096K)
 Metaspace       used 12488K, committed 12800K, reserved 1114112K
  class space    used 1495K, committed 1664K, reserved 1048576K
}
Event: 0.961 GC heap after
{Heap after GC invocations=2 (full 0):
 garbage-first heap   total 260096K, used 6772K [0x0000000703200000, 0x0000000800000000)
  region size 2048K, 2 young (4096K), 2 survivors (4096K)
 Metaspace       used 12488K, committed 12800K, reserved 1114112K
  class space    used 1495K, committed 1664K, reserved 1048576K
}

Deoptimization events (20 events):
Event: 0.898 Thread 0x0000023ed03b1670 Uncommon trap: trap_request=0xffffffbe fr.pc=0x0000023ebca77bcc relative=0x0000000000002a0c
Event: 0.898 Thread 0x0000023ed03b1670 Uncommon trap: reason=profile_predicate action=maybe_recompile pc=0x0000023ebca77bcc method=sun.net.www.ParseUtil.firstEncodeIndex(Ljava/lang/String;)I @ 9 c2
Event: 0.898 Thread 0x0000023ed03b1670 DEOPT PACKING pc=0x0000023ebca77bcc sp=0x000000ac268fd440
Event: 0.898 Thread 0x0000023ed03b1670 DEOPT UNPACKING pc=0x0000023ebc495ba3 sp=0x000000ac268fd2f0 mode 2
Event: 0.907 Thread 0x0000023ed03b0230 Uncommon trap: trap_request=0xffffff45 fr.pc=0x0000023ebc9f32e8 relative=0x00000000000004a8
Event: 0.907 Thread 0x0000023ed03b0230 Uncommon trap: reason=unstable_if action=reinterpret pc=0x0000023ebc9f32e8 method=java.lang.AbstractStringBuilder.append(C)Ljava/lang/AbstractStringBuilder; @ 21 c2
Event: 0.907 Thread 0x0000023ed03b0230 DEOPT PACKING pc=0x0000023ebc9f32e8 sp=0x000000ac26efd900
Event: 0.907 Thread 0x0000023ed03b0230 DEOPT UNPACKING pc=0x0000023ebc495ba3 sp=0x000000ac26efd888 mode 2
Event: 0.936 Thread 0x0000023ed03b1670 Uncommon trap: trap_request=0xffffff45 fr.pc=0x0000023ebca4dd7c relative=0x00000000000002dc
Event: 0.936 Thread 0x0000023ed03b1670 Uncommon trap: reason=unstable_if action=reinterpret pc=0x0000023ebca4dd7c method=jdk.internal.org.objectweb.asm.SymbolTable.put(Ljdk/internal/org/objectweb/asm/SymbolTable$Entry;)Ljdk/internal/org/objectweb/asm/SymbolTable$Entry; @ 13 c2
Event: 0.936 Thread 0x0000023ed03b1670 DEOPT PACKING pc=0x0000023ebca4dd7c sp=0x000000ac268fce60
Event: 0.936 Thread 0x0000023ed03b1670 DEOPT UNPACKING pc=0x0000023ebc495ba3 sp=0x000000ac268fcde0 mode 2
Event: 0.993 Thread 0x0000023ed03b1670 Uncommon trap: trap_request=0xffffff45 fr.pc=0x0000023ebca50578 relative=0x0000000000000dd8
Event: 0.993 Thread 0x0000023ed03b1670 Uncommon trap: reason=unstable_if action=reinterpret pc=0x0000023ebca50578 method=java.util.concurrent.ConcurrentHashMap.putVal(Ljava/lang/Object;Ljava/lang/Object;Z)Ljava/lang/Object; @ 112 c2
Event: 0.993 Thread 0x0000023ed03b1670 DEOPT PACKING pc=0x0000023ebca50578 sp=0x000000ac268fdc20
Event: 0.993 Thread 0x0000023ed03b1670 DEOPT UNPACKING pc=0x0000023ebc495ba3 sp=0x000000ac268fdba0 mode 2
Event: 1.052 Thread 0x0000023ed03b1670 Uncommon trap: trap_request=0xffffffc6 fr.pc=0x0000023ebca51be4 relative=0x0000000000000484
Event: 1.052 Thread 0x0000023ed03b1670 Uncommon trap: reason=bimorphic_or_optimized_type_check action=maybe_recompile pc=0x0000023ebca51be4 method=java.util.HashMap.getNode(Ljava/lang/Object;)Ljava/util/HashMap$Node; @ 63 c2
Event: 1.052 Thread 0x0000023ed03b1670 DEOPT PACKING pc=0x0000023ebca51be4 sp=0x000000ac268fdbd0
Event: 1.052 Thread 0x0000023ed03b1670 DEOPT UNPACKING pc=0x0000023ebc495ba3 sp=0x000000ac268fdb48 mode 2

Classes unloaded (0 events):
No events

Classes redefined (0 events):
No events

Internal exceptions (20 events):
Event: 0.651 Thread 0x0000023ed03b1670 Exception <a 'java/lang/NoSuchMethodError'{0x0000000712be5728}: 'java.lang.Object java.lang.invoke.DirectMethodHandle$Holder.newInvokeSpecial(java.lang.Object, java.lang.Object, java.lang.Object, java.lang.Object, java.lang.Object, java.lang.Object, int)'> (0x0000000712be5728) 
thrown [s\open\src\hotspot\share\interpreter\linkResolver.cpp, line 759]
Event: 0.651 Thread 0x0000023ed03b1670 Exception <a 'java/lang/NoSuchMethodError'{0x0000000712bea768}: 'java.lang.Object java.lang.invoke.DirectMethodHandle$Holder.invokeSpecial(java.lang.Object, java.lang.Object, java.lang.Object, java.lang.Object, java.lang.Object, java.lang.Object, java.lang.Object, int)'> (0x0000000712bea768) 
thrown [s\open\src\hotspot\share\interpreter\linkResolver.cpp, line 759]
Event: 0.679 Thread 0x0000023ed03b1670 Exception <a 'java/lang/NoSuchMethodError'{0x000000071293f850}: 'int java.lang.invoke.DirectMethodHandle$Holder.invokeInterface(java.lang.Object, java.lang.Object)'> (0x000000071293f850) 
thrown [s\open\src\hotspot\share\interpreter\linkResolver.cpp, line 759]
Event: 0.682 Thread 0x0000023ed03b1670 Exception <a 'java/lang/NoSuchMethodError'{0x0000000712967558}: 'void java.lang.invoke.DirectMethodHandle$Holder.invokeSpecial(java.lang.Object, java.lang.Object, java.lang.Object, java.lang.Object, java.lang.Object)'> (0x0000000712967558) 
thrown [s\open\src\hotspot\share\interpreter\linkResolver.cpp, line 759]
Event: 0.704 Thread 0x0000023ed03b1670 Exception <a 'java/lang/NoSuchMethodError'{0x0000000712679ac8}: 'java.lang.Object java.lang.invoke.DirectMethodHandle$Holder.invokeSpecial(java.lang.Object, java.lang.Object, java.lang.Object, int, java.lang.Object)'> (0x0000000712679ac8) 
thrown [s\open\src\hotspot\share\interpreter\linkResolver.cpp, line 759]
Event: 0.705 Thread 0x0000023ed03b1670 Exception <a 'java/lang/NoSuchMethodError'{0x0000000712682128}: 'java.lang.Object java.lang.invoke.DirectMethodHandle$Holder.newInvokeSpecial(java.lang.Object, java.lang.Object, java.lang.Object, int, java.lang.Object)'> (0x0000000712682128) 
thrown [s\open\src\hotspot\share\interpreter\linkResolver.cpp, line 759]
Event: 0.705 Thread 0x0000023ed03b1670 Exception <a 'java/lang/NoSuchMethodError'{0x0000000712689af8}: 'java.lang.Object java.lang.invoke.Invokers$Holder.linkToTargetMethod(java.lang.Object, java.lang.Object, int, java.lang.Object, java.lang.Object)'> (0x0000000712689af8) 
thrown [s\open\src\hotspot\share\interpreter\linkResolver.cpp, line 759]
Event: 0.706 Thread 0x0000023ed03b1670 Exception <a 'java/lang/NoSuchMethodError'{0x0000000712699af8}: 'java.lang.Object java.lang.invoke.DirectMethodHandle$Holder.newInvokeSpecial(java.lang.Object, int, java.lang.Object)'> (0x0000000712699af8) 
thrown [s\open\src\hotspot\share\interpreter\linkResolver.cpp, line 759]
Event: 0.706 Thread 0x0000023ed03b1670 Exception <a 'java/lang/NoSuchMethodError'{0x000000071269e7d8}: 'int java.lang.invoke.DirectMethodHandle$Holder.invokeSpecialIFC(java.lang.Object, java.lang.Object, java.lang.Object, java.lang.Object)'> (0x000000071269e7d8) 
thrown [s\open\src\hotspot\share\interpreter\linkResolver.cpp, line 759]
Event: 0.724 Thread 0x0000023ed03b1670 Exception <a 'java/lang/NoSuchMethodError'{0x000000071277a310}: 'void java.lang.invoke.DirectMethodHandle$Holder.invokeInterface(java.lang.Object, java.lang.Object, java.lang.Object)'> (0x000000071277a310) 
thrown [s\open\src\hotspot\share\interpreter\linkResolver.cpp, line 759]
Event: 0.746 Thread 0x0000023ed03b1670 Exception <a 'java/lang/NoSuchMethodError'{0x0000000712451538}: 'void java.lang.invoke.DirectMethodHandle$Holder.invokeStaticInit(java.lang.Object, java.lang.Object, java.lang.Object)'> (0x0000000712451538) 
thrown [s\open\src\hotspot\share\interpreter\linkResolver.cpp, line 759]
Event: 0.749 Thread 0x0000023ed03b1670 Exception <a 'java/lang/NoSuchMethodError'{0x0000000712472d70}: 'java.lang.Object java.lang.invoke.DirectMethodHandle$Holder.invokeVirtual(java.lang.Object, java.lang.Object, java.lang.Object)'> (0x0000000712472d70) 
thrown [s\open\src\hotspot\share\interpreter\linkResolver.cpp, line 759]
Event: 0.752 Thread 0x0000023ed03b1670 Exception <a 'java/lang/NoSuchMethodError'{0x00000007124966f8}: 'java.lang.Object java.lang.invoke.DirectMethodHandle$Holder.invokeStatic(java.lang.Object, java.lang.Object, long, java.lang.Object)'> (0x00000007124966f8) 
thrown [s\open\src\hotspot\share\interpreter\linkResolver.cpp, line 759]
Event: 0.753 Thread 0x0000023ed03b1670 Exception <a 'java/lang/NoSuchMethodError'{0x000000071249a190}: 'java.lang.Object java.lang.invoke.DirectMethodHandle$Holder.invokeStaticInit(java.lang.Object, java.lang.Object, long, java.lang.Object)'> (0x000000071249a190) 
thrown [s\open\src\hotspot\share\interpreter\linkResolver.cpp, line 759]
Event: 0.753 Thread 0x0000023ed03b1670 Exception <a 'java/lang/NoSuchMethodError'{0x00000007124a0898}: 'java.lang.Object java.lang.invoke.DirectMethodHandle$Holder.newInvokeSpecial(java.lang.Object, java.lang.Object, long)'> (0x00000007124a0898) 
thrown [s\open\src\hotspot\share\interpreter\linkResolver.cpp, line 759]
Event: 0.753 Thread 0x0000023ed03b1670 Exception <a 'java/lang/NoSuchMethodError'{0x00000007124a4408}: 'java.lang.Object java.lang.invoke.Invokers$Holder.linkToTargetMethod(java.lang.Object, long, java.lang.Object)'> (0x00000007124a4408) 
thrown [s\open\src\hotspot\share\interpreter\linkResolver.cpp, line 759]
Event: 0.765 Thread 0x0000023ed03b1670 Exception <a 'java/lang/NoSuchMethodError'{0x0000000712519690}: 'void java.lang.invoke.DirectMethodHandle$Holder.invokeVirtual(java.lang.Object, java.lang.Object, java.lang.Object, java.lang.Object)'> (0x0000000712519690) 
thrown [s\open\src\hotspot\share\interpreter\linkResolver.cpp, line 759]
Event: 0.803 Thread 0x0000023ed03b1670 Exception <a 'java/lang/NoSuchMethodError'{0x00000007122f3120}: 'void java.lang.invoke.DirectMethodHandle$Holder.invokeSpecial(java.lang.Object, java.lang.Object, java.lang.Object)'> (0x00000007122f3120) 
thrown [s\open\src\hotspot\share\interpreter\linkResolver.cpp, line 759]
Event: 0.808 Thread 0x0000023ed03b1670 Exception <a 'java/lang/IncompatibleClassChangeError'{0x00000007123271d0}: Found class java.lang.Object, but interface was expected> (0x00000007123271d0) 
thrown [s\open\src\hotspot\share\interpreter\linkResolver.cpp, line 826]
Event: 0.808 Thread 0x0000023ed03b0230 Exception <a 'java/lang/NoClassDefFoundError'{0x00000007123819f8}: jakarta/validation/Validation> (0x00000007123819f8) 
thrown [s\open\src\hotspot\share\classfile\systemDictionary.cpp, line 245]

VM Operations (20 events):
Event: 0.423 Executing VM operation: HandshakeAllThreads
Event: 0.423 Executing VM operation: HandshakeAllThreads done
Event: 0.519 Executing VM operation: HandshakeAllThreads
Event: 0.520 Executing VM operation: HandshakeAllThreads done
Event: 0.542 Executing VM operation: G1CollectForAllocation
Event: 0.546 Executing VM operation: G1CollectForAllocation done
Event: 0.690 Executing VM operation: HandshakeAllThreads
Event: 0.690 Executing VM operation: HandshakeAllThreads done
Event: 0.800 Executing VM operation: HandshakeAllThreads
Event: 0.800 Executing VM operation: HandshakeAllThreads done
Event: 0.800 Executing VM operation: HandshakeAllThreads
Event: 0.800 Executing VM operation: HandshakeAllThreads done
Event: 0.874 Executing VM operation: ICBufferFull
Event: 0.874 Executing VM operation: ICBufferFull done
Event: 0.958 Executing VM operation: G1CollectForAllocation
Event: 0.961 Executing VM operation: G1CollectForAllocation done
Event: 1.002 Executing VM operation: HandshakeAllThreads
Event: 1.002 Executing VM operation: HandshakeAllThreads done
Event: 1.075 Executing VM operation: HandshakeAllThreads
Event: 1.075 Executing VM operation: HandshakeAllThreads done

Events (20 events):
Event: 1.061 loading class sun/util/locale/provider/BaseLocaleDataMetaInfo
Event: 1.061 loading class sun/util/locale/provider/BaseLocaleDataMetaInfo done
Event: 1.062 loading class sun/util/resources/cldr/TimeZoneNames
Event: 1.063 loading class sun/util/resources/TimeZoneNamesBundle
Event: 1.063 loading class sun/util/resources/OpenListResourceBundle
Event: 1.063 loading class sun/util/resources/OpenListResourceBundle done
Event: 1.063 loading class sun/util/resources/TimeZoneNamesBundle done
Event: 1.063 loading class sun/util/resources/cldr/TimeZoneNames done
Event: 1.063 loading class sun/util/resources/cldr/TimeZoneNames_en
Event: 1.063 loading class sun/util/resources/cldr/TimeZoneNames_en done
Event: 1.064 loading class sun/util/resources/cldr/TimeZoneNames_en_US
Event: 1.064 loading class sun/util/resources/cldr/TimeZoneNames_en_US done
Event: 1.065 loading class sun/util/cldr/CLDRBaseLocaleDataMetaInfo$TZCanonicalIDMapHolder
Event: 1.065 loading class sun/util/cldr/CLDRBaseLocaleDataMetaInfo$TZCanonicalIDMapHolder done
Event: 1.066 loading class sun/util/resources/TimeZoneNames
Event: 1.067 loading class sun/util/resources/TimeZoneNames done
Event: 1.067 loading class sun/util/resources/TimeZoneNames_en
Event: 1.067 loading class sun/util/resources/TimeZoneNames_en done
Event: 1.075 loading class java/lang/reflect/MalformedParametersException
Event: 1.075 loading class java/lang/reflect/MalformedParametersException done


Dynamic libraries:
0x00007ff735740000 - 0x00007ff735750000 	C:\Program Files\Java\jdk-17\bin\java.exe
0x00007fffc4d10000 - 0x00007fffc4f08000 	C:\Windows\SYSTEM32\ntdll.dll
0x00007fff7ba70000 - 0x00007fff7ba8a000 	C:\Program Files\Avast Software\Avast\aswhook.dll
0x00007fffc4670000 - 0x00007fffc4732000 	C:\Windows\System32\KERNEL32.DLL
0x00007fffc2980000 - 0x00007fffc2c7e000 	C:\Windows\System32\KERNELBASE.dll
0x00007fffc24e0000 - 0x00007fffc25e0000 	C:\Windows\System32\ucrtbase.dll
0x00007fffbbea0000 - 0x00007fffbbebb000 	C:\Program Files\Java\jdk-17\bin\VCRUNTIME140.dll
0x00007fffbbec0000 - 0x00007fffbbed9000 	C:\Program Files\Java\jdk-17\bin\jli.dll
0x00007fffc4b90000 - 0x00007fffc4c42000 	C:\Windows\System32\ADVAPI32.dll
0x00007fffc4a10000 - 0x00007fffc4aae000 	C:\Windows\System32\msvcrt.dll
0x00007fffc3290000 - 0x00007fffc3330000 	C:\Windows\System32\sechost.dll
0x00007fffc4420000 - 0x00007fffc4543000 	C:\Windows\System32\RPCRT4.dll
0x00007fffc24b0000 - 0x00007fffc24d7000 	C:\Windows\System32\bcrypt.dll
0x00007fffc2f80000 - 0x00007fffc311d000 	C:\Windows\System32\USER32.dll
0x00007fffc2700000 - 0x00007fffc2722000 	C:\Windows\System32\win32u.dll
0x00007fffc4ab0000 - 0x00007fffc4adb000 	C:\Windows\System32\GDI32.dll
0x00007fffc25e0000 - 0x00007fffc26f7000 	C:\Windows\System32\gdi32full.dll
0x00007fffc2890000 - 0x00007fffc292d000 	C:\Windows\System32\msvcp_win.dll
0x00007fffa2b70000 - 0x00007fffa2e0a000 	C:\Windows\WinSxS\amd64_microsoft.windows.common-controls_6595b64144ccf1df_6.0.19041.4355_none_60b8b9eb71f62e16\COMCTL32.dll
0x00007fffb4450000 - 0x00007fffb445a000 	C:\Windows\SYSTEM32\VERSION.dll
0x00007fffc3260000 - 0x00007fffc328f000 	C:\Windows\System32\IMM32.DLL
0x00007fffbb990000 - 0x00007fffbb99c000 	C:\Program Files\Java\jdk-17\bin\vcruntime140_1.dll
0x00007fff9ca90000 - 0x00007fff9cb1e000 	C:\Program Files\Java\jdk-17\bin\msvcp140.dll
0x00007fff53580000 - 0x00007fff5415f000 	C:\Program Files\Java\jdk-17\bin\server\jvm.dll
0x00007fffc47a0000 - 0x00007fffc47a8000 	C:\Windows\System32\PSAPI.DLL
0x00007fffadff0000 - 0x00007fffadff9000 	C:\Windows\SYSTEM32\WSOCK32.dll
0x00007fffbf720000 - 0x00007fffbf747000 	C:\Windows\SYSTEM32\WINMM.dll
0x00007fffc4600000 - 0x00007fffc466b000 	C:\Windows\System32\WS2_32.dll
0x00007fffc0b90000 - 0x00007fffc0ba2000 	C:\Windows\SYSTEM32\kernel.appcore.dll
0x00007fffbb980000 - 0x00007fffbb98a000 	C:\Program Files\Java\jdk-17\bin\jimage.dll
0x00007fffc0820000 - 0x00007fffc0a04000 	C:\Windows\SYSTEM32\DBGHELP.DLL
0x00007fffbf680000 - 0x00007fffbf6b4000 	C:\Windows\SYSTEM32\dbgcore.DLL
0x00007fffc23b0000 - 0x00007fffc2432000 	C:\Windows\System32\bcryptPrimitives.dll
0x00007fffb5ff0000 - 0x00007fffb5ffe000 	C:\Program Files\Java\jdk-17\bin\instrument.dll
0x00007fffbb950000 - 0x00007fffbb975000 	C:\Program Files\Java\jdk-17\bin\java.dll
0x00007fff9c9b0000 - 0x00007fff9ca87000 	C:\Program Files\Java\jdk-17\bin\jsvml.dll
0x00007fffc3cb0000 - 0x00007fffc441f000 	C:\Windows\System32\SHELL32.dll
0x00007fffbff50000 - 0x00007fffc06f4000 	C:\Windows\SYSTEM32\windows.storage.dll
0x00007fffc34e0000 - 0x00007fffc3833000 	C:\Windows\System32\combase.dll
0x00007fffc1de0000 - 0x00007fffc1e0e000 	C:\Windows\SYSTEM32\Wldp.dll
0x00007fffc4810000 - 0x00007fffc48dd000 	C:\Windows\System32\OLEAUT32.dll
0x00007fffc4550000 - 0x00007fffc45fd000 	C:\Windows\System32\SHCORE.dll
0x00007fffc48e0000 - 0x00007fffc4935000 	C:\Windows\System32\shlwapi.dll
0x00007fffc22e0000 - 0x00007fffc2304000 	C:\Windows\SYSTEM32\profapi.dll
0x00007fff9f780000 - 0x00007fff9f798000 	C:\Program Files\Java\jdk-17\bin\zip.dll
0x00007fffb3340000 - 0x00007fffb3359000 	C:\Program Files\Java\jdk-17\bin\net.dll
0x00007fffbe290000 - 0x00007fffbe39d000 	C:\Windows\SYSTEM32\WINHTTP.dll
0x00007fffc1b40000 - 0x00007fffc1baa000 	C:\Windows\system32\mswsock.dll
0x00007fffabd70000 - 0x00007fffabd86000 	C:\Program Files\Java\jdk-17\bin\nio.dll
0x00007fff9dff0000 - 0x00007fff9e00a000 	C:\Program Files\JetBrains\IntelliJ IDEA Community Edition 2024.1.4\bin\breakgen64.dll
0x00007fffb5fe0000 - 0x00007fffb5fea000 	C:\Program Files\Java\jdk-17\bin\management.dll
0x00007fffb3330000 - 0x00007fffb333b000 	C:\Program Files\Java\jdk-17\bin\management_ext.dll

dbghelp: loaded successfully - version: 4.0.5 - missing functions: none
symbol engine: initialized successfully - sym options: 0x614 - pdb path: .;C:\Program Files\Java\jdk-17\bin;C:\Windows\SYSTEM32;C:\Program Files\Avast Software\Avast;C:\Windows\WinSxS\amd64_microsoft.windows.common-controls_6595b64144ccf1df_6.0.19041.4355_none_60b8b9eb71f62e16;C:\Program Files\Java\jdk-17\bin\server;C:\Program Files\JetBrains\IntelliJ IDEA Community Edition 2024.1.4\bin

VM Arguments:
jvm_args: -javaagent:C:\Program Files\JetBrains\IntelliJ IDEA Community Edition 2024.1.4\lib\idea_rt.jar=62632:C:\Program Files\JetBrains\IntelliJ IDEA Community Edition 2024.1.4\bin -Dfile.encoding=UTF-8 
java_command: com.acorn.hello.HelloApplication
java_class_path (initial): C:\Users\jooyeon\Documents\2024_2_cloud\스프링부트\bootws2\hello\out\production\classes;C:\Users\jooyeon\Documents\2024_2_cloud\스프링부트\bootws2\hello\out\production\resources;C:\Users\jooyeon\.gradle\caches\modules-2\files-2.1\org.springframework.boot\spring-boot-starter-web\3.3.5\51cc6cd5fb15f4eecfadea4ac689ed290e65c2cc\spring-boot-starter-web-3.3.5.jar;C:\Users\jooyeon\.gradle\caches\modules-2\files-2.1\org.springframework.boot\spring-boot-starter-thymeleaf\3.3.5\5fa47cb90c1ff87b9273fcf01b56bff77810077e\spring-boot-starter-thymeleaf-3.3.5.jar;C:\Users\jooyeon\.gradle\caches\modules-2\files-2.1\org.springframework.boot\spring-boot-starter-json\3.3.5\a92dd0bc808c9de278bc62bc37db4e409027657a\spring-boot-starter-json-3.3.5.jar;C:\Users\jooyeon\.gradle\caches\modules-2\files-2.1\org.springframework.boot\spring-boot-starter\3.3.5\16b7a9acf1918a8f763e871ada3794e9ffd4a980\spring-boot-starter-3.3.5.jar;C:\Users\jooyeon\.gradle\caches\modules-2\files-2.1\org.springframework.boot\spring-boot-starter-tomcat\3.3.5\9fcf404e2efc06612af0c194e6d4f4162c6aac24\spring-boot-starter-tomcat-3.3.5.jar;C:\Users\jooyeon\.gradle\caches\modules-2\files-2.1\org.springframework\spring-webmvc\6.1.14\804478303aac6f91ea566efd4fef3dc06380528a\spring-webmvc-6.1.14.jar;C:\Users\jooyeon\.gradle\caches\modules-2\files-2.1\org.springframework\spring-web\6.1.14\b45eaad7df4f37ce224acdcb555a6a3dd5c246b2\spring-web-6.1.14.jar;C:\Users\jooyeon\.gradle\caches\modules-2\files-2.1\org.thymeleaf\thymeleaf-spring6\3.1.2.RELEASE\6030c7b4e260c41336f378e53da6e8531263f24b\thymeleaf-spring6-3.1.2.RELEASE.jar;C:\Users\jooyeon\.gradle\caches\modules-2\files-2.1\com.fasterxml.jackson.datatype\jackson-datatype-jsr310\2.17.2\267b85e9ba2892a37be6d80aa9ca1438a0d8c210\jackson-datatype-jsr310-2.17.2.jar;C:\Users\jooyeon\.gradle\caches\modules-2\files-2.1\com.fasterxml.jackson.module\jackson-module-parameter-names\2.17.2\d27b9f95ccce98984c1ba58d61c5a9c072b1ad95\jackson-module-parameter-names-2.1
Launcher Type: SUN_STANDARD

[Global flags]
     intx CICompilerCount                          = 4                                         {product} {ergonomic}
     uint ConcGCThreads                            = 2                                         {product} {ergonomic}
     uint G1ConcRefinementThreads                  = 8                                         {product} {ergonomic}
   size_t G1HeapRegionSize                         = 2097152                                   {product} {ergonomic}
    uintx GCDrainStackTargetSize                   = 64                                        {product} {ergonomic}
   size_t InitialHeapSize                          = 266338304                                 {product} {ergonomic}
   size_t MarkStackSize                            = 4194304                                   {product} {ergonomic}
   size_t MaxHeapSize                              = 4242538496                                {product} {ergonomic}
   size_t MaxNewSize                               = 2543845376                                {product} {ergonomic}
   size_t MinHeapDeltaBytes                        = 2097152                                   {product} {ergonomic}
   size_t MinHeapSize                              = 8388608                                   {product} {ergonomic}
    uintx NonNMethodCodeHeapSize                   = 5839372                                {pd product} {ergonomic}
    uintx NonProfiledCodeHeapSize                  = 122909434                              {pd product} {ergonomic}
    uintx ProfiledCodeHeapSize                     = 122909434                              {pd product} {ergonomic}
    uintx ReservedCodeCacheSize                    = 251658240                              {pd product} {ergonomic}
     bool SegmentedCodeCache                       = true                                      {product} {ergonomic}
   size_t SoftMaxHeapSize                          = 4242538496                             {manageable} {ergonomic}
     bool UseCompressedClassPointers               = true                           {product lp64_product} {ergonomic}
     bool UseCompressedOops                        = true                           {product lp64_product} {ergonomic}
     bool UseG1GC                                  = true                                      {product} {ergonomic}
     bool UseLargePagesIndividualAllocation        = false                                  {pd product} {ergonomic}

Logging:
Log output configuration:
 #0: stdout all=warning uptime,level,tags
 #1: stderr all=off uptime,level,tags

Environment Variables:
JAVA_HOME=C:\Program Files\Java\jdk-17
PATH=C:\Program Files\Java\jdk-17\bin;C:\Users\jooyeon\Documents\2024_수업준비\tools\apache-tomcat-9.0.86-windows-x64\bin;C:\oracle\WINDOWS.X64_193000_db_home\bin;C:\Windows\system32;C:\Windows;C:\Windows\System32\Wbem;C:\Windows\System32\WindowsPowerShell\v1.0\;C:\Windows\System32\OpenSSH\;C:\Program Files (x86)\Google\Cloud SDK\google-cloud-sdk\bin;C:\ProgramData\chocolatey\bin;C:\Program Files\nodejs\;C:\Program Files\Docker\Docker\resources\bin;C:\Program Files\Common Files\Oracle\Java\javapath;C:\Program Files\Git\cmd;C:\Users\jooyeon\AppData\Local\Microsoft\WindowsApps;C:\Users\jooyeon\AppData\Local\Programs\Microsoft VS Code\bin;C:\Users\jooyeon\cloudnative2023;C:\Users\jooyeon\AppData\Roaming\npm
USERNAME=jooyeon
OS=Windows_NT
PROCESSOR_IDENTIFIER=Intel64 Family 6 Model 140 Stepping 1, GenuineIntel



---------------  S Y S T E M  ---------------

OS:
 Windows 10 , 64 bit Build 19041 (10.0.19041.4957)
OS uptime: 0 days 19:47 hours
Hyper-V role detected

CPU: total 8 (initial active 8) (4 cores per cpu, 2 threads per core) family 6 model 140 stepping 1 microcode 0x8a, cx8, cmov, fxsr, ht, mmx, 3dnowpref, sse, sse2, sse3, ssse3, sse4.1, sse4.2, popcnt, lzcnt, tsc, tscinvbit, avx, avx2, aes, erms, clmul, bmi1, bmi2, adx, avx512f, avx512dq, avx512cd, avx512bw, avx512vl, sha, fma, vzeroupper, avx512_vpopcntdq, avx512_vpclmulqdq, avx512_vaes, avx512_vnni, clflush, clflushopt, clwb, avx512_vbmi2, avx512_vbmi, hv

Memory: 4k page, system-wide physical 16183M (4794M free)
TotalPageFile size 16183M (AvailPageFile size 5M)
current process WorkingSet (physical memory assigned to process): 125M, peak: 125M
current process commit charge ("private bytes"): 387M, peak: 387M

vm_info: Java HotSpot(TM) 64-Bit Server VM (17.0.10+11-LTS-240) for windows-amd64 JRE (17.0.10+11-LTS-240), built on Dec 19 2023 21:47:25 by "mach5one" with MS VC++ 17.1 (VS2022)

END.
