#
# There is insufficient memory for the Java Runtime Environment to continue.
# Native memory allocation (malloc) failed to allocate 400496 bytes for Chunk::new
# Possible reasons:
#   The system is out of physical RAM or swap space
#   The process is running with CompressedOops enabled, and the Java Heap may be blocking the growth of the native heap
# Possible solutions:
#   Reduce memory load on the system
#   Increase physical memory or swap space
#   Check if swap backing store is full
#   Decrease Java heap size (-Xmx/-Xms)
#   Decrease number of Java threads
#   Decrease Java thread stack sizes (-Xss)
#   Set larger code cache with -XX:ReservedCodeCacheSize=
#   JVM is running with Zero Based Compressed Oops mode in which the Java heap is
#     placed in the first 32GB address space. The Java Heap base address is the
#     maximum limit for the native heap growth. Please use -XX:HeapBaseMinAddress
#     to set the Java Heap base and to place the Java Heap above 32GB virtual address.
# This output file may be truncated or incomplete.
#
#  Out of Memory Error (arena.cpp:189), pid=11400, tid=10504
#
# JRE version: Java(TM) SE Runtime Environment (17.0.10+11) (build 17.0.10+11-LTS-240)
# Java VM: Java HotSpot(TM) 64-Bit Server VM (17.0.10+11-LTS-240, mixed mode, tiered, compressed oops, compressed class ptrs, g1 gc, windows-amd64)
# No core dump will be written. Minidumps are not enabled by default on client versions of Windows
#

---------------  S U M M A R Y ------------

Command Line: -Dnet.bytebuddy.agent.attacher.dump= net.bytebuddy.agent.Attacher com.sun.tools.attach.VirtualMachine 5204 C:\Users\jooyeon\.gradle\caches\modules-2\files-2.1\net.bytebuddy\byte-buddy-agent\1.14.19\154da3a65b4f4a909d3e5bdec55d1b2b4cbb6ce1\byte-buddy-agent-1.14.19.jar false 

Host: 11th Gen Intel(R) Core(TM) i7-1165G7 @ 2.80GHz, 8 cores, 15G,  Windows 10 , 64 bit Build 19041 (10.0.19041.4957)
Time: Mon Nov 11 19:21:00 2024  Windows 10 , 64 bit Build 19041 (10.0.19041.4957) elapsed time: 0.290891 seconds (0d 0h 0m 0s)

---------------  T H R E A D  ---------------

Current thread (0x000001923cbf8e60):  JavaThread "C2 CompilerThread0" daemon [_thread_in_native, id=10504, stack(0x0000004256800000,0x0000004256900000)]


Current CompileTask:
C2:    291  281       4       java.io.StreamTokenizer::nextToken (1266 bytes)

Stack: [0x0000004256800000,0x0000004256900000]
Native frames: (J=compiled Java code, j=interpreted, Vv=VM code, C=native code)
V  [jvm.dll+0x677a5a]
V  [jvm.dll+0x7d8b2d]
V  [jvm.dll+0x7da48e]
V  [jvm.dll+0x7daaf3]
V  [jvm.dll+0x2455ff]
V  [jvm.dll+0xaaafb]
V  [jvm.dll+0xab09c]
V  [jvm.dll+0x361b5f]
V  [jvm.dll+0x32c211]
V  [jvm.dll+0x32b6aa]
V  [jvm.dll+0x21794f]
V  [jvm.dll+0x216d81]
V  [jvm.dll+0x1a3410]
V  [jvm.dll+0x226aeb]
V  [jvm.dll+0x224cab]
V  [jvm.dll+0x78e45c]
V  [jvm.dll+0x78888a]
V  [jvm.dll+0x676935]
C  [ucrtbase.dll+0x21bb2]
C  [KERNEL32.DLL+0x17374]
C  [ntdll.dll+0x4cc91]


---------------  P R O C E S S  ---------------

Threads class SMR info:
_java_thread_list=0x000001923cf0f0b0, length=12, elements={
0x000001923cb7ee50, 0x000001923cb7f810, 0x000001923cc03680, 0x000001923cbd8aa0,
0x000001923cbd9860, 0x000001923cbf8170, 0x000001923cbf8e60, 0x000001923cc01870,
0x000001923cc19330, 0x000001923cc174d0, 0x000001923cc16090, 0x000001923cc18400
}

Java Threads: ( => current thread )
  0x000001923cb7ee50 JavaThread "Reference Handler" daemon [_thread_blocked, id=13060, stack(0x0000004256200000,0x0000004256300000)]
  0x000001923cb7f810 JavaThread "Finalizer" daemon [_thread_blocked, id=3536, stack(0x0000004256300000,0x0000004256400000)]
  0x000001923cc03680 JavaThread "Signal Dispatcher" daemon [_thread_blocked, id=7292, stack(0x0000004256400000,0x0000004256500000)]
  0x000001923cbd8aa0 JavaThread "Attach Listener" daemon [_thread_blocked, id=13564, stack(0x0000004256500000,0x0000004256600000)]
  0x000001923cbd9860 JavaThread "Service Thread" daemon [_thread_blocked, id=3328, stack(0x0000004256600000,0x0000004256700000)]
  0x000001923cbf8170 JavaThread "Monitor Deflation Thread" daemon [_thread_blocked, id=2476, stack(0x0000004256700000,0x0000004256800000)]
=>0x000001923cbf8e60 JavaThread "C2 CompilerThread0" daemon [_thread_in_native, id=10504, stack(0x0000004256800000,0x0000004256900000)]
  0x000001923cc01870 JavaThread "C1 CompilerThread0" daemon [_thread_blocked, id=17164, stack(0x0000004256900000,0x0000004256a00000)]
  0x000001923cc19330 JavaThread "Sweeper thread" daemon [_thread_blocked, id=11564, stack(0x0000004256a00000,0x0000004256b00000)]
  0x000001923cc174d0 JavaThread "Notification Thread" daemon [_thread_blocked, id=7980, stack(0x0000004256b00000,0x0000004256c00000)]
  0x000001923cc16090 JavaThread "Common-Cleaner" daemon [_thread_blocked, id=7720, stack(0x0000004256d00000,0x0000004256e00000)]
  0x000001923cc18400 JavaThread "DestroyJavaVM" [_thread_blocked, id=15712, stack(0x0000004255b00000,0x0000004255c00000)]

Other Threads:
  0x000001923cb41670 VMThread "VM Thread" [stack: 0x0000004256100000,0x0000004256200000] [id=10644]
  0x0000019217f8d1a0 WatcherThread [stack: 0x0000004256c00000,0x0000004256d00000] [id=1424]
  0x0000019217f54930 GCTaskThread "GC Thread#0" [stack: 0x0000004255c00000,0x0000004255d00000] [id=13504]
  0x0000019217f67940 ConcurrentGCThread "G1 Main Marker" [stack: 0x0000004255d00000,0x0000004255e00000] [id=8768]
  0x0000019217f689f0 ConcurrentGCThread "G1 Conc#0" [stack: 0x0000004255e00000,0x0000004255f00000] [id=2508]
  0x0000019217fbd0c0 ConcurrentGCThread "G1 Refine#0" [stack: 0x0000004255f00000,0x0000004256000000] [id=16364]
  0x0000019217fbd9f0 ConcurrentGCThread "G1 Service" [stack: 0x0000004256000000,0x0000004256100000] [id=13708]

Threads with active compile tasks:
C2 CompilerThread0      328  281       4       java.io.StreamTokenizer::nextToken (1266 bytes)

VM state: not at safepoint (normal execution)

VM Mutex/Monitor currently owned by a thread: None

Heap address: 0x0000000703200000, size: 4046 MB, Compressed Oops mode: Zero based, Oop shift amount: 3

CDS archive(s) not mapped
Compressed class space mapped at: 0x0000000800000000-0x0000000840000000, reserved size: 1073741824
Narrow klass base: 0x0000000800000000, Narrow klass shift: 0, Narrow klass range: 0x40000000

GC Precious Log:
 CPUs: 8 total, 8 available
 Memory: 16183M
 Large Page Support: Disabled
 NUMA Support: Disabled
 Compressed Oops: Enabled (Zero based)
 Heap Region Size: 2M
 Heap Min Capacity: 8M
 Heap Initial Capacity: 254M
 Heap Max Capacity: 4046M
 Pre-touch: Disabled
 Parallel Workers: 8
 Concurrent Workers: 2
 Concurrent Refinement Workers: 8
 Periodic GC: Disabled

Heap:
 garbage-first heap   total 260096K, used 2048K [0x0000000703200000, 0x0000000800000000)
  region size 2048K, 2 young (4096K), 0 survivors (0K)
 Metaspace       used 7404K, committed 7552K, reserved 1114112K
  class space    used 649K, committed 704K, reserved 1048576K

Heap Regions: E=young(eden), S=young(survivor), O=old, HS=humongous(starts), HC=humongous(continues), CS=collection set, F=free, OA=open archive, CA=closed archive, TAMS=top-at-mark-start (previous, next)
|   0|0x0000000703200000, 0x0000000703200000, 0x0000000703400000|  0%| F|  |TAMS 0x0000000703200000, 0x0000000703200000| Untracked 
|   1|0x0000000703400000, 0x0000000703400000, 0x0000000703600000|  0%| F|  |TAMS 0x0000000703400000, 0x0000000703400000| Untracked 
|   2|0x0000000703600000, 0x0000000703600000, 0x0000000703800000|  0%| F|  |TAMS 0x0000000703600000, 0x0000000703600000| Untracked 
|   3|0x0000000703800000, 0x0000000703800000, 0x0000000703a00000|  0%| F|  |TAMS 0x0000000703800000, 0x0000000703800000| Untracked 
|   4|0x0000000703a00000, 0x0000000703a00000, 0x0000000703c00000|  0%| F|  |TAMS 0x0000000703a00000, 0x0000000703a00000| Untracked 
|   5|0x0000000703c00000, 0x0000000703c00000, 0x0000000703e00000|  0%| F|  |TAMS 0x0000000703c00000, 0x0000000703c00000| Untracked 
|   6|0x0000000703e00000, 0x0000000703e00000, 0x0000000704000000|  0%| F|  |TAMS 0x0000000703e00000, 0x0000000703e00000| Untracked 
|   7|0x0000000704000000, 0x0000000704000000, 0x0000000704200000|  0%| F|  |TAMS 0x0000000704000000, 0x0000000704000000| Untracked 
|   8|0x0000000704200000, 0x0000000704200000, 0x0000000704400000|  0%| F|  |TAMS 0x0000000704200000, 0x0000000704200000| Untracked 
|   9|0x0000000704400000, 0x0000000704400000, 0x0000000704600000|  0%| F|  |TAMS 0x0000000704400000, 0x0000000704400000| Untracked 
|  10|0x0000000704600000, 0x0000000704600000, 0x0000000704800000|  0%| F|  |TAMS 0x0000000704600000, 0x0000000704600000| Untracked 
|  11|0x0000000704800000, 0x0000000704800000, 0x0000000704a00000|  0%| F|  |TAMS 0x0000000704800000, 0x0000000704800000| Untracked 
|  12|0x0000000704a00000, 0x0000000704a00000, 0x0000000704c00000|  0%| F|  |TAMS 0x0000000704a00000, 0x0000000704a00000| Untracked 
|  13|0x0000000704c00000, 0x0000000704c00000, 0x0000000704e00000|  0%| F|  |TAMS 0x0000000704c00000, 0x0000000704c00000| Untracked 
|  14|0x0000000704e00000, 0x0000000704e00000, 0x0000000705000000|  0%| F|  |TAMS 0x0000000704e00000, 0x0000000704e00000| Untracked 
|  15|0x0000000705000000, 0x0000000705000000, 0x0000000705200000|  0%| F|  |TAMS 0x0000000705000000, 0x0000000705000000| Untracked 
|  16|0x0000000705200000, 0x0000000705200000, 0x0000000705400000|  0%| F|  |TAMS 0x0000000705200000, 0x0000000705200000| Untracked 
|  17|0x0000000705400000, 0x0000000705400000, 0x0000000705600000|  0%| F|  |TAMS 0x0000000705400000, 0x0000000705400000| Untracked 
|  18|0x0000000705600000, 0x0000000705600000, 0x0000000705800000|  0%| F|  |TAMS 0x0000000705600000, 0x0000000705600000| Untracked 
|  19|0x0000000705800000, 0x0000000705800000, 0x0000000705a00000|  0%| F|  |TAMS 0x0000000705800000, 0x0000000705800000| Untracked 
|  20|0x0000000705a00000, 0x0000000705a00000, 0x0000000705c00000|  0%| F|  |TAMS 0x0000000705a00000, 0x0000000705a00000| Untracked 
|  21|0x0000000705c00000, 0x0000000705c00000, 0x0000000705e00000|  0%| F|  |TAMS 0x0000000705c00000, 0x0000000705c00000| Untracked 
|  22|0x0000000705e00000, 0x0000000705e00000, 0x0000000706000000|  0%| F|  |TAMS 0x0000000705e00000, 0x0000000705e00000| Untracked 
|  23|0x0000000706000000, 0x0000000706000000, 0x0000000706200000|  0%| F|  |TAMS 0x0000000706000000, 0x0000000706000000| Untracked 
|  24|0x0000000706200000, 0x0000000706200000, 0x0000000706400000|  0%| F|  |TAMS 0x0000000706200000, 0x0000000706200000| Untracked 
|  25|0x0000000706400000, 0x0000000706400000, 0x0000000706600000|  0%| F|  |TAMS 0x0000000706400000, 0x0000000706400000| Untracked 
|  26|0x0000000706600000, 0x0000000706600000, 0x0000000706800000|  0%| F|  |TAMS 0x0000000706600000, 0x0000000706600000| Untracked 
|  27|0x0000000706800000, 0x0000000706800000, 0x0000000706a00000|  0%| F|  |TAMS 0x0000000706800000, 0x0000000706800000| Untracked 
|  28|0x0000000706a00000, 0x0000000706a00000, 0x0000000706c00000|  0%| F|  |TAMS 0x0000000706a00000, 0x0000000706a00000| Untracked 
|  29|0x0000000706c00000, 0x0000000706c00000, 0x0000000706e00000|  0%| F|  |TAMS 0x0000000706c00000, 0x0000000706c00000| Untracked 
|  30|0x0000000706e00000, 0x0000000706e00000, 0x0000000707000000|  0%| F|  |TAMS 0x0000000706e00000, 0x0000000706e00000| Untracked 
|  31|0x0000000707000000, 0x0000000707000000, 0x0000000707200000|  0%| F|  |TAMS 0x0000000707000000, 0x0000000707000000| Untracked 
|  32|0x0000000707200000, 0x0000000707200000, 0x0000000707400000|  0%| F|  |TAMS 0x0000000707200000, 0x0000000707200000| Untracked 
|  33|0x0000000707400000, 0x0000000707400000, 0x0000000707600000|  0%| F|  |TAMS 0x0000000707400000, 0x0000000707400000| Untracked 
|  34|0x0000000707600000, 0x0000000707600000, 0x0000000707800000|  0%| F|  |TAMS 0x0000000707600000, 0x0000000707600000| Untracked 
|  35|0x0000000707800000, 0x0000000707800000, 0x0000000707a00000|  0%| F|  |TAMS 0x0000000707800000, 0x0000000707800000| Untracked 
|  36|0x0000000707a00000, 0x0000000707a00000, 0x0000000707c00000|  0%| F|  |TAMS 0x0000000707a00000, 0x0000000707a00000| Untracked 
|  37|0x0000000707c00000, 0x0000000707c00000, 0x0000000707e00000|  0%| F|  |TAMS 0x0000000707c00000, 0x0000000707c00000| Untracked 
|  38|0x0000000707e00000, 0x0000000707e00000, 0x0000000708000000|  0%| F|  |TAMS 0x0000000707e00000, 0x0000000707e00000| Untracked 
|  39|0x0000000708000000, 0x0000000708000000, 0x0000000708200000|  0%| F|  |TAMS 0x0000000708000000, 0x0000000708000000| Untracked 
|  40|0x0000000708200000, 0x0000000708200000, 0x0000000708400000|  0%| F|  |TAMS 0x0000000708200000, 0x0000000708200000| Untracked 
|  41|0x0000000708400000, 0x0000000708400000, 0x0000000708600000|  0%| F|  |TAMS 0x0000000708400000, 0x0000000708400000| Untracked 
|  42|0x0000000708600000, 0x0000000708600000, 0x0000000708800000|  0%| F|  |TAMS 0x0000000708600000, 0x0000000708600000| Untracked 
|  43|0x0000000708800000, 0x0000000708800000, 0x0000000708a00000|  0%| F|  |TAMS 0x0000000708800000, 0x0000000708800000| Untracked 
|  44|0x0000000708a00000, 0x0000000708a00000, 0x0000000708c00000|  0%| F|  |TAMS 0x0000000708a00000, 0x0000000708a00000| Untracked 
|  45|0x0000000708c00000, 0x0000000708c00000, 0x0000000708e00000|  0%| F|  |TAMS 0x0000000708c00000, 0x0000000708c00000| Untracked 
|  46|0x0000000708e00000, 0x0000000708e00000, 0x0000000709000000|  0%| F|  |TAMS 0x0000000708e00000, 0x0000000708e00000| Untracked 
|  47|0x0000000709000000, 0x0000000709000000, 0x0000000709200000|  0%| F|  |TAMS 0x0000000709000000, 0x0000000709000000| Untracked 
|  48|0x0000000709200000, 0x0000000709200000, 0x0000000709400000|  0%| F|  |TAMS 0x0000000709200000, 0x0000000709200000| Untracked 
|  49|0x0000000709400000, 0x0000000709400000, 0x0000000709600000|  0%| F|  |TAMS 0x0000000709400000, 0x0000000709400000| Untracked 
|  50|0x0000000709600000, 0x0000000709600000, 0x0000000709800000|  0%| F|  |TAMS 0x0000000709600000, 0x0000000709600000| Untracked 
|  51|0x0000000709800000, 0x0000000709800000, 0x0000000709a00000|  0%| F|  |TAMS 0x0000000709800000, 0x0000000709800000| Untracked 
|  52|0x0000000709a00000, 0x0000000709a00000, 0x0000000709c00000|  0%| F|  |TAMS 0x0000000709a00000, 0x0000000709a00000| Untracked 
|  53|0x0000000709c00000, 0x0000000709c00000, 0x0000000709e00000|  0%| F|  |TAMS 0x0000000709c00000, 0x0000000709c00000| Untracked 
|  54|0x0000000709e00000, 0x0000000709e00000, 0x000000070a000000|  0%| F|  |TAMS 0x0000000709e00000, 0x0000000709e00000| Untracked 
|  55|0x000000070a000000, 0x000000070a000000, 0x000000070a200000|  0%| F|  |TAMS 0x000000070a000000, 0x000000070a000000| Untracked 
|  56|0x000000070a200000, 0x000000070a200000, 0x000000070a400000|  0%| F|  |TAMS 0x000000070a200000, 0x000000070a200000| Untracked 
|  57|0x000000070a400000, 0x000000070a400000, 0x000000070a600000|  0%| F|  |TAMS 0x000000070a400000, 0x000000070a400000| Untracked 
|  58|0x000000070a600000, 0x000000070a600000, 0x000000070a800000|  0%| F|  |TAMS 0x000000070a600000, 0x000000070a600000| Untracked 
|  59|0x000000070a800000, 0x000000070a800000, 0x000000070aa00000|  0%| F|  |TAMS 0x000000070a800000, 0x000000070a800000| Untracked 
|  60|0x000000070aa00000, 0x000000070aa00000, 0x000000070ac00000|  0%| F|  |TAMS 0x000000070aa00000, 0x000000070aa00000| Untracked 
|  61|0x000000070ac00000, 0x000000070ac00000, 0x000000070ae00000|  0%| F|  |TAMS 0x000000070ac00000, 0x000000070ac00000| Untracked 
|  62|0x000000070ae00000, 0x000000070ae00000, 0x000000070b000000|  0%| F|  |TAMS 0x000000070ae00000, 0x000000070ae00000| Untracked 
|  63|0x000000070b000000, 0x000000070b000000, 0x000000070b200000|  0%| F|  |TAMS 0x000000070b000000, 0x000000070b000000| Untracked 
|  64|0x000000070b200000, 0x000000070b200000, 0x000000070b400000|  0%| F|  |TAMS 0x000000070b200000, 0x000000070b200000| Untracked 
|  65|0x000000070b400000, 0x000000070b400000, 0x000000070b600000|  0%| F|  |TAMS 0x000000070b400000, 0x000000070b400000| Untracked 
|  66|0x000000070b600000, 0x000000070b600000, 0x000000070b800000|  0%| F|  |TAMS 0x000000070b600000, 0x000000070b600000| Untracked 
|  67|0x000000070b800000, 0x000000070b800000, 0x000000070ba00000|  0%| F|  |TAMS 0x000000070b800000, 0x000000070b800000| Untracked 
|  68|0x000000070ba00000, 0x000000070ba00000, 0x000000070bc00000|  0%| F|  |TAMS 0x000000070ba00000, 0x000000070ba00000| Untracked 
|  69|0x000000070bc00000, 0x000000070bc00000, 0x000000070be00000|  0%| F|  |TAMS 0x000000070bc00000, 0x000000070bc00000| Untracked 
|  70|0x000000070be00000, 0x000000070be00000, 0x000000070c000000|  0%| F|  |TAMS 0x000000070be00000, 0x000000070be00000| Untracked 
|  71|0x000000070c000000, 0x000000070c000000, 0x000000070c200000|  0%| F|  |TAMS 0x000000070c000000, 0x000000070c000000| Untracked 
|  72|0x000000070c200000, 0x000000070c200000, 0x000000070c400000|  0%| F|  |TAMS 0x000000070c200000, 0x000000070c200000| Untracked 
|  73|0x000000070c400000, 0x000000070c400000, 0x000000070c600000|  0%| F|  |TAMS 0x000000070c400000, 0x000000070c400000| Untracked 
|  74|0x000000070c600000, 0x000000070c600000, 0x000000070c800000|  0%| F|  |TAMS 0x000000070c600000, 0x000000070c600000| Untracked 
|  75|0x000000070c800000, 0x000000070c800000, 0x000000070ca00000|  0%| F|  |TAMS 0x000000070c800000, 0x000000070c800000| Untracked 
|  76|0x000000070ca00000, 0x000000070ca00000, 0x000000070cc00000|  0%| F|  |TAMS 0x000000070ca00000, 0x000000070ca00000| Untracked 
|  77|0x000000070cc00000, 0x000000070cc00000, 0x000000070ce00000|  0%| F|  |TAMS 0x000000070cc00000, 0x000000070cc00000| Untracked 
|  78|0x000000070ce00000, 0x000000070ce00000, 0x000000070d000000|  0%| F|  |TAMS 0x000000070ce00000, 0x000000070ce00000| Untracked 
|  79|0x000000070d000000, 0x000000070d000000, 0x000000070d200000|  0%| F|  |TAMS 0x000000070d000000, 0x000000070d000000| Untracked 
|  80|0x000000070d200000, 0x000000070d200000, 0x000000070d400000|  0%| F|  |TAMS 0x000000070d200000, 0x000000070d200000| Untracked 
|  81|0x000000070d400000, 0x000000070d400000, 0x000000070d600000|  0%| F|  |TAMS 0x000000070d400000, 0x000000070d400000| Untracked 
|  82|0x000000070d600000, 0x000000070d600000, 0x000000070d800000|  0%| F|  |TAMS 0x000000070d600000, 0x000000070d600000| Untracked 
|  83|0x000000070d800000, 0x000000070d800000, 0x000000070da00000|  0%| F|  |TAMS 0x000000070d800000, 0x000000070d800000| Untracked 
|  84|0x000000070da00000, 0x000000070da00000, 0x000000070dc00000|  0%| F|  |TAMS 0x000000070da00000, 0x000000070da00000| Untracked 
|  85|0x000000070dc00000, 0x000000070dc00000, 0x000000070de00000|  0%| F|  |TAMS 0x000000070dc00000, 0x000000070dc00000| Untracked 
|  86|0x000000070de00000, 0x000000070de00000, 0x000000070e000000|  0%| F|  |TAMS 0x000000070de00000, 0x000000070de00000| Untracked 
|  87|0x000000070e000000, 0x000000070e000000, 0x000000070e200000|  0%| F|  |TAMS 0x000000070e000000, 0x000000070e000000| Untracked 
|  88|0x000000070e200000, 0x000000070e200000, 0x000000070e400000|  0%| F|  |TAMS 0x000000070e200000, 0x000000070e200000| Untracked 
|  89|0x000000070e400000, 0x000000070e400000, 0x000000070e600000|  0%| F|  |TAMS 0x000000070e400000, 0x000000070e400000| Untracked 
|  90|0x000000070e600000, 0x000000070e600000, 0x000000070e800000|  0%| F|  |TAMS 0x000000070e600000, 0x000000070e600000| Untracked 
|  91|0x000000070e800000, 0x000000070e800000, 0x000000070ea00000|  0%| F|  |TAMS 0x000000070e800000, 0x000000070e800000| Untracked 
|  92|0x000000070ea00000, 0x000000070ea00000, 0x000000070ec00000|  0%| F|  |TAMS 0x000000070ea00000, 0x000000070ea00000| Untracked 
|  93|0x000000070ec00000, 0x000000070ec00000, 0x000000070ee00000|  0%| F|  |TAMS 0x000000070ec00000, 0x000000070ec00000| Untracked 
|  94|0x000000070ee00000, 0x000000070ee00000, 0x000000070f000000|  0%| F|  |TAMS 0x000000070ee00000, 0x000000070ee00000| Untracked 
|  95|0x000000070f000000, 0x000000070f000000, 0x000000070f200000|  0%| F|  |TAMS 0x000000070f000000, 0x000000070f000000| Untracked 
|  96|0x000000070f200000, 0x000000070f200000, 0x000000070f400000|  0%| F|  |TAMS 0x000000070f200000, 0x000000070f200000| Untracked 
|  97|0x000000070f400000, 0x000000070f400000, 0x000000070f600000|  0%| F|  |TAMS 0x000000070f400000, 0x000000070f400000| Untracked 
|  98|0x000000070f600000, 0x000000070f600000, 0x000000070f800000|  0%| F|  |TAMS 0x000000070f600000, 0x000000070f600000| Untracked 
|  99|0x000000070f800000, 0x000000070f800000, 0x000000070fa00000|  0%| F|  |TAMS 0x000000070f800000, 0x000000070f800000| Untracked 
| 100|0x000000070fa00000, 0x000000070fa00000, 0x000000070fc00000|  0%| F|  |TAMS 0x000000070fa00000, 0x000000070fa00000| Untracked 
| 101|0x000000070fc00000, 0x000000070fc00000, 0x000000070fe00000|  0%| F|  |TAMS 0x000000070fc00000, 0x000000070fc00000| Untracked 
| 102|0x000000070fe00000, 0x000000070fe00000, 0x0000000710000000|  0%| F|  |TAMS 0x000000070fe00000, 0x000000070fe00000| Untracked 
| 103|0x0000000710000000, 0x0000000710000000, 0x0000000710200000|  0%| F|  |TAMS 0x0000000710000000, 0x0000000710000000| Untracked 
| 104|0x0000000710200000, 0x0000000710200000, 0x0000000710400000|  0%| F|  |TAMS 0x0000000710200000, 0x0000000710200000| Untracked 
| 105|0x0000000710400000, 0x0000000710400000, 0x0000000710600000|  0%| F|  |TAMS 0x0000000710400000, 0x0000000710400000| Untracked 
| 106|0x0000000710600000, 0x0000000710600000, 0x0000000710800000|  0%| F|  |TAMS 0x0000000710600000, 0x0000000710600000| Untracked 
| 107|0x0000000710800000, 0x0000000710800000, 0x0000000710a00000|  0%| F|  |TAMS 0x0000000710800000, 0x0000000710800000| Untracked 
| 108|0x0000000710a00000, 0x0000000710a00000, 0x0000000710c00000|  0%| F|  |TAMS 0x0000000710a00000, 0x0000000710a00000| Untracked 
| 109|0x0000000710c00000, 0x0000000710c00000, 0x0000000710e00000|  0%| F|  |TAMS 0x0000000710c00000, 0x0000000710c00000| Untracked 
| 110|0x0000000710e00000, 0x0000000710e00000, 0x0000000711000000|  0%| F|  |TAMS 0x0000000710e00000, 0x0000000710e00000| Untracked 
| 111|0x0000000711000000, 0x0000000711000000, 0x0000000711200000|  0%| F|  |TAMS 0x0000000711000000, 0x0000000711000000| Untracked 
| 112|0x0000000711200000, 0x0000000711200000, 0x0000000711400000|  0%| F|  |TAMS 0x0000000711200000, 0x0000000711200000| Untracked 
| 113|0x0000000711400000, 0x0000000711400000, 0x0000000711600000|  0%| F|  |TAMS 0x0000000711400000, 0x0000000711400000| Untracked 
| 114|0x0000000711600000, 0x0000000711600000, 0x0000000711800000|  0%| F|  |TAMS 0x0000000711600000, 0x0000000711600000| Untracked 
| 115|0x0000000711800000, 0x0000000711800000, 0x0000000711a00000|  0%| F|  |TAMS 0x0000000711800000, 0x0000000711800000| Untracked 
| 116|0x0000000711a00000, 0x0000000711a00000, 0x0000000711c00000|  0%| F|  |TAMS 0x0000000711a00000, 0x0000000711a00000| Untracked 
| 117|0x0000000711c00000, 0x0000000711c00000, 0x0000000711e00000|  0%| F|  |TAMS 0x0000000711c00000, 0x0000000711c00000| Untracked 
| 118|0x0000000711e00000, 0x0000000711e00000, 0x0000000712000000|  0%| F|  |TAMS 0x0000000711e00000, 0x0000000711e00000| Untracked 
| 119|0x0000000712000000, 0x0000000712000000, 0x0000000712200000|  0%| F|  |TAMS 0x0000000712000000, 0x0000000712000000| Untracked 
| 120|0x0000000712200000, 0x0000000712200000, 0x0000000712400000|  0%| F|  |TAMS 0x0000000712200000, 0x0000000712200000| Untracked 
| 121|0x0000000712400000, 0x0000000712400000, 0x0000000712600000|  0%| F|  |TAMS 0x0000000712400000, 0x0000000712400000| Untracked 
| 122|0x0000000712600000, 0x0000000712600000, 0x0000000712800000|  0%| F|  |TAMS 0x0000000712600000, 0x0000000712600000| Untracked 
| 123|0x0000000712800000, 0x0000000712800000, 0x0000000712a00000|  0%| F|  |TAMS 0x0000000712800000, 0x0000000712800000| Untracked 
| 124|0x0000000712a00000, 0x0000000712a00000, 0x0000000712c00000|  0%| F|  |TAMS 0x0000000712a00000, 0x0000000712a00000| Untracked 
| 125|0x0000000712c00000, 0x0000000712d5e228, 0x0000000712e00000| 68%| E|  |TAMS 0x0000000712c00000, 0x0000000712c00000| Complete 
| 126|0x0000000712e00000, 0x0000000713000000, 0x0000000713000000|100%| E|CS|TAMS 0x0000000712e00000, 0x0000000712e00000| Complete 

Card table byte_map: [0x00000192311e0000,0x00000192319d0000] _byte_map_base: 0x000001922d9c7000

Marking Bits (Prev, Next): (CMBitMap*) 0x0000019217f54e50, (CMBitMap*) 0x0000019217f54e90
 Prev Bits: [0x00000192321c0000, 0x00000192360f8000)
 Next Bits: [0x0000019236100000, 0x000001923a038000)

Polling page: 0x0000019217fc0000

Metaspace:

Usage:
  Non-class:      6.60 MB used.
      Class:    649.07 KB used.
       Both:      7.23 MB used.

Virtual space:
  Non-class space:       64.00 MB reserved,       6.69 MB ( 10%) committed,  1 nodes.
      Class space:        1.00 GB reserved,     704.00 KB ( <1%) committed,  1 nodes.
             Both:        1.06 GB reserved,       7.38 MB ( <1%) committed. 

Chunk freelists:
   Non-Class:  8.86 MB
       Class:  15.19 MB
        Both:  24.05 MB

MaxMetaspaceSize: unlimited
CompressedClassSpaceSize: 1.00 GB
Initial GC threshold: 21.00 MB
Current GC threshold: 21.00 MB
CDS: off
MetaspaceReclaimPolicy: balanced
 - commit_granule_bytes: 65536.
 - commit_granule_words: 8192.
 - virtual_space_node_default_size: 8388608.
 - enlarge_chunks_in_place: 1.
 - new_chunks_are_fully_committed: 0.
 - uncommit_free_chunks: 1.
 - use_allocation_guard: 0.
 - handle_deallocations: 1.


Internal statistics:

num_allocs_failed_limit: 0.
num_arena_births: 52.
num_arena_deaths: 0.
num_vsnodes_births: 2.
num_vsnodes_deaths: 0.
num_space_committed: 118.
num_space_uncommitted: 0.
num_chunks_returned_to_freelist: 0.
num_chunks_taken_from_freelist: 89.
num_chunk_merges: 0.
num_chunk_splits: 51.
num_chunks_enlarged: 31.
num_inconsistent_stats: 0.

CodeHeap 'non-profiled nmethods': size=120000Kb used=107Kb max_used=107Kb free=119892Kb
 bounds [0x0000019228a60000, 0x0000019228cd0000, 0x000001922ff90000]
CodeHeap 'profiled nmethods': size=120000Kb used=427Kb max_used=427Kb free=119572Kb
 bounds [0x0000019220f90000, 0x0000019221200000, 0x00000192284c0000]
CodeHeap 'non-nmethods': size=5760Kb used=1139Kb max_used=1139Kb free=4620Kb
 bounds [0x00000192284c0000, 0x0000019228730000, 0x0000019228a60000]
 total_blobs=736 nmethods=325 adapters=324
 compilation: enabled
              stopped_count=0, restarted_count=0
 full_count=0

Compilation events (20 events):
Event: 0.268 Thread 0x000001923cbf8e60 nmethod 280 0x0000019228a76290 code [0x0000019228a76420, 0x0000019228a768e8]
Event: 0.268 Thread 0x000001923cbf8e60  275       4       java.lang.StringLatin1::compareTo (52 bytes)
Event: 0.268 Thread 0x000001923cc01870 nmethod 283 0x0000019220fea190 code [0x0000019220fea480, 0x0000019220feba98]
Event: 0.268 Thread 0x000001923cc01870  284       3       java.lang.invoke.MemberName::testAllFlags (7 bytes)
Event: 0.268 Thread 0x000001923cc01870 nmethod 284 0x0000019220fec090 code [0x0000019220fec220, 0x0000019220fec3f8]
Event: 0.270 Thread 0x000001923cc01870  288       3       java.lang.invoke.LambdaForm$Name::<init> (54 bytes)
Event: 0.270 Thread 0x000001923cc01870 nmethod 288 0x0000019220fec490 code [0x0000019220fec640, 0x0000019220fec918]
Event: 0.271 Thread 0x000001923cc01870  291       3       jdk.internal.org.objectweb.asm.SymbolTable::addConstantUtf8Reference (101 bytes)
Event: 0.271 Thread 0x000001923cc01870 nmethod 291 0x0000019220feca10 code [0x0000019220fecc20, 0x0000019220fed218]
Event: 0.271 Thread 0x000001923cc01870  290       3       jdk.internal.org.objectweb.asm.SymbolTable::addConstantClass (8 bytes)
Event: 0.271 Thread 0x000001923cc01870 nmethod 290 0x0000019220fed510 code [0x0000019220fed6a0, 0x0000019220fed7e8]
Event: 0.271 Thread 0x000001923cc01870  292       3       java.lang.Class::getClassLoader (28 bytes)
Event: 0.271 Thread 0x000001923cbf8e60 nmethod 275 0x0000019228a77910 code [0x0000019228a77a80, 0x0000019228a77c58]
Event: 0.271 Thread 0x000001923cbf8e60  281       4       java.io.StreamTokenizer::nextToken (1266 bytes)
Event: 0.272 Thread 0x000001923cc01870 nmethod 292 0x0000019220fed890 code [0x0000019220fedae0, 0x0000019220fee538]
Event: 0.272 Thread 0x000001923cc01870  293       3       java.lang.AbstractStringBuilder::newCapacity (59 bytes)
Event: 0.272 Thread 0x000001923cc01870 nmethod 293 0x0000019220fee890 code [0x0000019220feea60, 0x0000019220feee58]
Event: 0.287 Thread 0x000001923cc01870  296       3       jdk.internal.org.objectweb.asm.MethodWriter::visitVarInsn (302 bytes)
Event: 0.288 Thread 0x000001923cc01870 nmethod 296 0x0000019220fef010 code [0x0000019220fef260, 0x0000019220fefc08]
Event: 0.288 Thread 0x000001923cc01870  298       3       java.util.Arrays::equals (57 bytes)

GC Heap History (0 events):
No events

Deoptimization events (4 events):
Event: 0.262 Thread 0x0000019217eebc20 Uncommon trap: trap_request=0xffffff45 fr.pc=0x0000019228a75208 relative=0x0000000000000268
Event: 0.262 Thread 0x0000019217eebc20 Uncommon trap: reason=unstable_if action=reinterpret pc=0x0000019228a75208 method=java.io.BufferedReader.read()I @ 19 c2
Event: 0.262 Thread 0x0000019217eebc20 DEOPT PACKING pc=0x0000019228a75208 sp=0x0000004255bfe670
Event: 0.262 Thread 0x0000019217eebc20 DEOPT UNPACKING pc=0x0000019228515ba3 sp=0x0000004255bfe5b8 mode 2

Classes unloaded (0 events):
No events

Classes redefined (0 events):
No events

Internal exceptions (4 events):
Event: 0.266 Thread 0x0000019217eebc20 Exception <a 'java/lang/NoSuchMethodError'{0x0000000712c935f8}: 'java.lang.Object java.lang.invoke.DirectMethodHandle$Holder.invokeStaticInit(java.lang.Object)'> (0x0000000712c935f8) 
thrown [s\open\src\hotspot\share\interpreter\linkResolver.cpp, line 759]
Event: 0.270 Thread 0x0000019217eebc20 Exception <a 'java/lang/NoSuchMethodError'{0x0000000712ca01f8}: 'java.lang.Object java.lang.invoke.DirectMethodHandle$Holder.invokeStaticInit(java.lang.Object, java.lang.Object, long, java.lang.Object)'> (0x0000000712ca01f8) 
thrown [s\open\src\hotspot\share\interpreter\linkResolver.cpp, line 759]
Event: 0.271 Thread 0x0000019217eebc20 Exception <a 'java/lang/NoSuchMethodError'{0x0000000712ca66b8}: 'java.lang.Object java.lang.invoke.DirectMethodHandle$Holder.newInvokeSpecial(java.lang.Object, java.lang.Object, long)'> (0x0000000712ca66b8) 
thrown [s\open\src\hotspot\share\interpreter\linkResolver.cpp, line 759]
Event: 0.271 Thread 0x0000019217eebc20 Exception <a 'java/lang/NoSuchMethodError'{0x0000000712caa228}: 'java.lang.Object java.lang.invoke.Invokers$Holder.linkToTargetMethod(java.lang.Object, long, java.lang.Object)'> (0x0000000712caa228) 
thrown [s\open\src\hotspot\share\interpreter\linkResolver.cpp, line 759]

VM Operations (2 events):
Event: 0.154 Executing VM operation: HandshakeAllThreads
Event: 0.154 Executing VM operation: HandshakeAllThreads done

Events (20 events):
Event: 0.275 loading class java/lang/invoke/VarHandle$1
Event: 0.275 loading class java/lang/invoke/VarHandle$1 done
Event: 0.275 loading class jdk/internal/util/Preconditions$1
Event: 0.275 loading class java/util/function/BiFunction
Event: 0.275 loading class java/util/function/BiFunction done
Event: 0.275 loading class jdk/internal/util/Preconditions$1 done
Event: 0.275 loading class java/lang/invoke/VarHandleGuards
Event: 0.276 loading class java/lang/invoke/VarHandleGuards done
Event: 0.276 loading class java/lang/invoke/VarForm
Event: 0.276 loading class java/lang/invoke/VarForm done
Event: 0.277 loading class java/util/concurrent/locks/ReentrantLock$NonfairSync
Event: 0.277 loading class java/util/concurrent/locks/ReentrantLock$Sync
Event: 0.277 loading class java/util/concurrent/locks/AbstractQueuedSynchronizer
Event: 0.277 loading class java/util/concurrent/locks/AbstractQueuedSynchronizer done
Event: 0.277 loading class java/util/concurrent/locks/ReentrantLock$Sync done
Event: 0.277 loading class java/util/concurrent/locks/ReentrantLock$NonfairSync done
Event: 0.277 loading class java/util/concurrent/locks/AbstractQueuedSynchronizer$ConditionObject
Event: 0.278 loading class java/util/concurrent/locks/Condition
Event: 0.278 loading class java/util/concurrent/locks/Condition done
Event: 0.278 loading class java/util/concurrent/locks/AbstractQueuedSynchronizer$ConditionObject done


Dynamic libraries:
0x00007ff735740000 - 0x00007ff735750000 	C:\Program Files\Java\jdk-17\bin\java.exe
0x00007fffc4d10000 - 0x00007fffc4f08000 	C:\Windows\SYSTEM32\ntdll.dll
0x00007fff7ba70000 - 0x00007fff7ba8a000 	C:\Program Files\Avast Software\Avast\aswhook.dll
0x00007fffc4670000 - 0x00007fffc4732000 	C:\Windows\System32\KERNEL32.DLL
0x00007fffc2980000 - 0x00007fffc2c7e000 	C:\Windows\System32\KERNELBASE.dll
0x00007fffc24e0000 - 0x00007fffc25e0000 	C:\Windows\System32\ucrtbase.dll
0x00007fffbbde0000 - 0x00007fffbbdf9000 	C:\Program Files\Java\jdk-17\bin\jli.dll
0x00007fffabde0000 - 0x00007fffabdfb000 	C:\Program Files\Java\jdk-17\bin\VCRUNTIME140.dll
0x00007fffc4b90000 - 0x00007fffc4c42000 	C:\Windows\System32\ADVAPI32.dll
0x00007fffc4a10000 - 0x00007fffc4aae000 	C:\Windows\System32\msvcrt.dll
0x00007fffc3290000 - 0x00007fffc3330000 	C:\Windows\System32\sechost.dll
0x00007fffc4420000 - 0x00007fffc4543000 	C:\Windows\System32\RPCRT4.dll
0x00007fffc24b0000 - 0x00007fffc24d7000 	C:\Windows\System32\bcrypt.dll
0x00007fffc2f80000 - 0x00007fffc311d000 	C:\Windows\System32\USER32.dll
0x00007fffc2700000 - 0x00007fffc2722000 	C:\Windows\System32\win32u.dll
0x00007fffc4ab0000 - 0x00007fffc4adb000 	C:\Windows\System32\GDI32.dll
0x00007fffc25e0000 - 0x00007fffc26f7000 	C:\Windows\System32\gdi32full.dll
0x00007fffc2890000 - 0x00007fffc292d000 	C:\Windows\System32\msvcp_win.dll
0x00007fffa2b70000 - 0x00007fffa2e0a000 	C:\Windows\WinSxS\amd64_microsoft.windows.common-controls_6595b64144ccf1df_6.0.19041.4355_none_60b8b9eb71f62e16\COMCTL32.dll
0x00007fffb4450000 - 0x00007fffb445a000 	C:\Windows\SYSTEM32\VERSION.dll
0x00007fffc3260000 - 0x00007fffc328f000 	C:\Windows\System32\IMM32.DLL
0x00007fffb76f0000 - 0x00007fffb76fc000 	C:\Program Files\Java\jdk-17\bin\vcruntime140_1.dll
0x00007fff77ef0000 - 0x00007fff77f7e000 	C:\Program Files\Java\jdk-17\bin\msvcp140.dll
0x00007fff6b7e0000 - 0x00007fff6c3bf000 	C:\Program Files\Java\jdk-17\bin\server\jvm.dll
0x00007fffc47a0000 - 0x00007fffc47a8000 	C:\Windows\System32\PSAPI.DLL
0x00007fffadff0000 - 0x00007fffadff9000 	C:\Windows\SYSTEM32\WSOCK32.dll
0x00007fffc4600000 - 0x00007fffc466b000 	C:\Windows\System32\WS2_32.dll
0x00007fffbf720000 - 0x00007fffbf747000 	C:\Windows\SYSTEM32\WINMM.dll
0x00007fffc0b90000 - 0x00007fffc0ba2000 	C:\Windows\SYSTEM32\kernel.appcore.dll
0x00007fffb7340000 - 0x00007fffb734a000 	C:\Program Files\Java\jdk-17\bin\jimage.dll
0x00007fffc0820000 - 0x00007fffc0a04000 	C:\Windows\SYSTEM32\DBGHELP.DLL
0x00007fffbf680000 - 0x00007fffbf6b4000 	C:\Windows\SYSTEM32\dbgcore.DLL
0x00007fffc23b0000 - 0x00007fffc2432000 	C:\Windows\System32\bcryptPrimitives.dll
0x00007fffabdb0000 - 0x00007fffabdd5000 	C:\Program Files\Java\jdk-17\bin\java.dll
0x00007fff76ea0000 - 0x00007fff76f77000 	C:\Program Files\Java\jdk-17\bin\jsvml.dll
0x00007fffc3cb0000 - 0x00007fffc441f000 	C:\Windows\System32\SHELL32.dll
0x00007fffbff50000 - 0x00007fffc06f4000 	C:\Windows\SYSTEM32\windows.storage.dll
0x00007fffc34e0000 - 0x00007fffc3833000 	C:\Windows\System32\combase.dll
0x00007fffc1de0000 - 0x00007fffc1e0e000 	C:\Windows\SYSTEM32\Wldp.dll
0x00007fffc4810000 - 0x00007fffc48dd000 	C:\Windows\System32\OLEAUT32.dll
0x00007fffc4550000 - 0x00007fffc45fd000 	C:\Windows\System32\SHCORE.dll
0x00007fffc48e0000 - 0x00007fffc4935000 	C:\Windows\System32\shlwapi.dll
0x00007fffc22e0000 - 0x00007fffc2304000 	C:\Windows\SYSTEM32\profapi.dll
0x00007fffaba70000 - 0x00007fffaba89000 	C:\Program Files\Java\jdk-17\bin\net.dll
0x00007fffbe290000 - 0x00007fffbe39d000 	C:\Windows\SYSTEM32\WINHTTP.dll
0x00007fffc1b40000 - 0x00007fffc1baa000 	C:\Windows\system32\mswsock.dll
0x00007fffa6130000 - 0x00007fffa6146000 	C:\Program Files\Java\jdk-17\bin\nio.dll
0x00007fffa6110000 - 0x00007fffa6128000 	C:\Program Files\Java\jdk-17\bin\zip.dll
0x00007fff9f950000 - 0x00007fff9f960000 	C:\Program Files\Java\jdk-17\bin\verify.dll
0x00007fffbc060000 - 0x00007fffbc069000 	C:\Program Files\Java\jdk-17\bin\attach.dll

dbghelp: loaded successfully - version: 4.0.5 - missing functions: none
symbol engine: initialized successfully - sym options: 0x614 - pdb path: .;C:\Program Files\Java\jdk-17\bin;C:\Windows\SYSTEM32;C:\Program Files\Avast Software\Avast;C:\Windows\WinSxS\amd64_microsoft.windows.common-controls_6595b64144ccf1df_6.0.19041.4355_none_60b8b9eb71f62e16;C:\Program Files\Java\jdk-17\bin\server

VM Arguments:
jvm_args: -Dnet.bytebuddy.agent.attacher.dump= 
java_command: net.bytebuddy.agent.Attacher com.sun.tools.attach.VirtualMachine 5204 C:\Users\jooyeon\.gradle\caches\modules-2\files-2.1\net.bytebuddy\byte-buddy-agent\1.14.19\154da3a65b4f4a909d3e5bdec55d1b2b4cbb6ce1\byte-buddy-agent-1.14.19.jar false 
java_class_path (initial): C:\Users\jooyeon\.gradle\caches\modules-2\files-2.1\net.bytebuddy\byte-buddy-agent\1.14.19\154da3a65b4f4a909d3e5bdec55d1b2b4cbb6ce1\byte-buddy-agent-1.14.19.jar
Launcher Type: SUN_STANDARD

[Global flags]
     intx CICompilerCount                          = 4                                         {product} {ergonomic}
     uint ConcGCThreads                            = 2                                         {product} {ergonomic}
     uint G1ConcRefinementThreads                  = 8                                         {product} {ergonomic}
   size_t G1HeapRegionSize                         = 2097152                                   {product} {ergonomic}
    uintx GCDrainStackTargetSize                   = 64                                        {product} {ergonomic}
   size_t InitialHeapSize                          = 266338304                                 {product} {ergonomic}
   size_t MarkStackSize                            = 4194304                                   {product} {ergonomic}
   size_t MaxHeapSize                              = 4242538496                                {product} {ergonomic}
   size_t MaxNewSize                               = 2543845376                                {product} {ergonomic}
   size_t MinHeapDeltaBytes                        = 2097152                                   {product} {ergonomic}
   size_t MinHeapSize                              = 8388608                                   {product} {ergonomic}
    uintx NonNMethodCodeHeapSize                   = 5839372                                {pd product} {ergonomic}
    uintx NonProfiledCodeHeapSize                  = 122909434                              {pd product} {ergonomic}
    uintx ProfiledCodeHeapSize                     = 122909434                              {pd product} {ergonomic}
    uintx ReservedCodeCacheSize                    = 251658240                              {pd product} {ergonomic}
     bool SegmentedCodeCache                       = true                                      {product} {ergonomic}
   size_t SoftMaxHeapSize                          = 4242538496                             {manageable} {ergonomic}
     bool UseCompressedClassPointers               = true                           {product lp64_product} {ergonomic}
     bool UseCompressedOops                        = true                           {product lp64_product} {ergonomic}
     bool UseG1GC                                  = true                                      {product} {ergonomic}
     bool UseLargePagesIndividualAllocation        = false                                  {pd product} {ergonomic}

Logging:
Log output configuration:
 #0: stdout all=warning uptime,level,tags
 #1: stderr all=off uptime,level,tags

Environment Variables:
JAVA_HOME=C:\Program Files\Java\jdk-17
PATH=C:\Program Files\Java\jdk-17\bin;C:\Users\jooyeon\Documents\2024_수업준비\tools\apache-tomcat-9.0.86-windows-x64\bin;C:\oracle\WINDOWS.X64_193000_db_home\bin;C:\Windows\system32;C:\Windows;C:\Windows\System32\Wbem;C:\Windows\System32\WindowsPowerShell\v1.0\;C:\Windows\System32\OpenSSH\;C:\Program Files (x86)\Google\Cloud SDK\google-cloud-sdk\bin;C:\ProgramData\chocolatey\bin;C:\Program Files\nodejs\;C:\Program Files\Docker\Docker\resources\bin;C:\Program Files\Common Files\Oracle\Java\javapath;C:\Program Files\Git\cmd;C:\Users\jooyeon\AppData\Local\Microsoft\WindowsApps;C:\Users\jooyeon\AppData\Local\Programs\Microsoft VS Code\bin;C:\Users\jooyeon\cloudnative2023;C:\Users\jooyeon\AppData\Roaming\npm
USERNAME=jooyeon
OS=Windows_NT
PROCESSOR_IDENTIFIER=Intel64 Family 6 Model 140 Stepping 1, GenuineIntel



---------------  S Y S T E M  ---------------

OS:
 Windows 10 , 64 bit Build 19041 (10.0.19041.4957)
OS uptime: 0 days 20:48 hours
Hyper-V role detected

CPU: total 8 (initial active 8) (4 cores per cpu, 2 threads per core) family 6 model 140 stepping 1 microcode 0x8a, cx8, cmov, fxsr, ht, mmx, 3dnowpref, sse, sse2, sse3, ssse3, sse4.1, sse4.2, popcnt, lzcnt, tsc, tscinvbit, avx, avx2, aes, erms, clmul, bmi1, bmi2, adx, avx512f, avx512dq, avx512cd, avx512bw, avx512vl, sha, fma, vzeroupper, avx512_vpopcntdq, avx512_vpclmulqdq, avx512_vaes, avx512_vnni, clflush, clflushopt, clwb, avx512_vbmi2, avx512_vbmi, hv

Memory: 4k page, system-wide physical 16183M (4762M free)
TotalPageFile size 16183M (AvailPageFile size 5M)
current process WorkingSet (physical memory assigned to process): 38M, peak: 38M
current process commit charge ("private bytes"): 340M, peak: 341M

vm_info: Java HotSpot(TM) 64-Bit Server VM (17.0.10+11-LTS-240) for windows-amd64 JRE (17.0.10+11-LTS-240), built on Dec 19 2023 21:47:25 by "mach5one" with MS VC++ 17.1 (VS2022)

END.
